#
# There is insufficient memory for the Java Runtime Environment to continue.
# Native memory allocation (mmap) failed to map 521142272 bytes for Failed to commit area from 0x0000000095200000 to 0x00000000b4300000 of length 521142272.
# Possible reasons:
#   The system is out of physical RAM or swap space
#   The process is running with CompressedOops enabled, and the Java Heap may be blocking the growth of the native heap
# Possible solutions:
#   Reduce memory load on the system
#   Increase physical memory or swap space
#   Check if swap backing store is full
#   Decrease Java heap size (-Xmx/-Xms)
#   Decrease number of Java threads
#   Decrease Java thread stack sizes (-Xss)
#   Set larger code cache with -XX:ReservedCodeCacheSize=
#   JVM is running with Unscaled Compressed Oops mode in which the Java heap is
#     placed in the first 4GB address space. The Java Heap base address is the
#     maximum limit for the native heap growth. Please use -XX:HeapBaseMinAddress
#     to set the Java Heap base and to place the Java Heap above 4GB virtual address.
# This output file may be truncated or incomplete.
#
#  Out of Memory Error (./src/hotspot/os/windows/os_windows.cpp:3301), pid=7156, tid=9612
#
# JRE version: OpenJDK Runtime Environment (11.0.11+9) (build 11.0.11+9-b60-7590822)
# Java VM: OpenJDK 64-Bit Server VM (11.0.11+9-b60-7590822, mixed mode, tiered, compressed oops, g1 gc, windows-amd64)
# No core dump will be written. Minidumps are not enabled by default on client versions of Windows
#

---------------  S U M M A R Y ------------

Command Line: --add-opens=java.base/java.util=ALL-UNNAMED --add-opens=java.base/java.lang=ALL-UNNAMED --add-opens=java.base/java.lang.invoke=ALL-UNNAMED --add-opens=java.base/java.util=ALL-UNNAMED --add-opens=java.prefs/java.util.prefs=ALL-UNNAMED --add-opens=java.prefs/java.util.prefs=ALL-UNNAMED --add-opens=java.base/java.nio.charset=ALL-UNNAMED --add-opens=java.base/java.net=ALL-UNNAMED --add-opens=java.base/java.util.concurrent.atomic=ALL-UNNAMED -Xmx2048m -Dfile.encoding=UTF-8 -Duser.country=ID -Duser.language=en -Duser.variant org.gradle.launcher.daemon.bootstrap.GradleDaemon 7.3.3

Host: AMD Ryzen 3 3200G with Radeon Vega Graphics    , 4 cores, 6G,  Windows 10 , 64 bit Build 19041 (10.0.19041.1202)
Time: Tue Feb 15 14:53:45 2022 SE Asia Standard Time elapsed time: 289.667613 seconds (0d 0h 4m 49s)

---------------  T H R E A D  ---------------

Current thread (0x00000205a37e6800):  VMThread "VM Thread" [stack: 0x0000006a26f00000,0x0000006a27000000] [id=9612]

Stack: [0x0000006a26f00000,0x0000006a27000000]
[error occurred during error reporting (printing stack bounds), id 0xc0000005, EXCEPTION_ACCESS_VIOLATION (0xc0000005) at pc=0x000002058cf90f2d]

Native frames: (J=compiled Java code, j=interpreted, Vv=VM code, C=native code)
V  [jvm.dll+0x5f214a]
V  [jvm.dll+0x726fb5]
V  [jvm.dll+0x7285cd]
V  [jvm.dll+0x728be5]
V  [jvm.dll+0x728b9b]
V  [jvm.dll+0x5f14e8]
V  [jvm.dll+0x5f1c78]
C  [ntdll.dll+0xa20cf]
C  [ntdll.dll+0x51454]
C  [ntdll.dll+0xa0bfe]
C  0x000002058cf90f2d

VM_Operation (0x0000006a2cefdae0): G1CollectForAllocation, mode: safepoint, requested by thread 0x00000205a9a20800


---------------  P R O C E S S  ---------------

Threads class SMR info:
_java_thread_list=0x00000205a517bb70, length=96, elements={
0x000002058946b000, 0x00000205a37ec800, 0x00000205a37ef800, 0x00000205a3808000,
0x00000205a3808800, 0x00000205a380a800, 0x00000205a380b800, 0x00000205a380d000,
0x00000205a3821000, 0x00000205a42de800, 0x00000205a6919800, 0x00000205a4559000,
0x00000205a62ee000, 0x00000205a673a800, 0x00000205a6739000, 0x00000205a6738000,
0x00000205a673c800, 0x00000205a673d000, 0x00000205a9116000, 0x00000205a9114800,
0x00000205a9117000, 0x00000205a9112000, 0x00000205a911a000, 0x00000205a839a800,
0x00000205a8396000, 0x00000205a8390000, 0x00000205a8391800, 0x00000205a838e800,
0x00000205a838f000, 0x00000205a838c000, 0x00000205a8392800, 0x00000205a8391000,
0x00000205a838d000, 0x00000205a8393800, 0x00000205a838d800, 0x00000205a8396800,
0x00000205a8397800, 0x00000205a8398000, 0x00000205a8399000, 0x00000205a8394000,
0x00000205a8395000, 0x00000205a9117800, 0x00000205a9118800, 0x00000205a9112800,
0x00000205a911c800, 0x00000205a911e000, 0x00000205a911b000, 0x00000205a911f000,
0x00000205a911b800, 0x00000205a911d800, 0x00000205a9119800, 0x00000205a6737800,
0x00000205a673a000, 0x00000205a673b800, 0x00000205a673e000, 0x00000205a7015800,
0x00000205a7011800, 0x00000205a7014800, 0x00000205a7016000, 0x00000205a7017000,
0x00000205a7018000, 0x00000205a7013000, 0x00000205a7012000, 0x00000205a7019800,
0x00000205a7018800, 0x00000205a7013800, 0x00000205a701b000, 0x00000205a701c000,
0x00000205a701d800, 0x00000205a701f000, 0x00000205a701c800, 0x00000205a7020000,
0x00000205a701e800, 0x00000205a701a800, 0x00000205a4674000, 0x00000205a4677800,
0x00000205a4675800, 0x00000205a4678000, 0x00000205a4676800, 0x00000205a4672800,
0x00000205a4679000, 0x00000205a4673800, 0x00000205a467a000, 0x00000205a467a800,
0x00000205a4675000, 0x00000205a4680800, 0x00000205a4681000, 0x00000205a467f800,
0x00000205a467e000, 0x00000205a9a1e000, 0x00000205a9a1d000, 0x00000205a9a1f000,
0x00000205a9a1f800, 0x00000205a9a20800, 0x00000205a9a21800, 0x00000205a9a1c800
}

Java Threads: ( => current thread )
  0x000002058946b000 JavaThread "main" [_thread_blocked, id=9180, stack(0x0000006a26900000,0x0000006a26a00000)]
  0x00000205a37ec800 JavaThread "Reference Handler" daemon [_thread_blocked, id=6636, stack(0x0000006a27000000,0x0000006a27100000)]
  0x00000205a37ef800 JavaThread "Finalizer" daemon [_thread_blocked, id=8816, stack(0x0000006a27100000,0x0000006a27200000)]
  0x00000205a3808000 JavaThread "Signal Dispatcher" daemon [_thread_blocked, id=1544, stack(0x0000006a27200000,0x0000006a27300000)]
  0x00000205a3808800 JavaThread "Attach Listener" daemon [_thread_blocked, id=9292, stack(0x0000006a27300000,0x0000006a27400000)]
  0x00000205a380a800 JavaThread "Service Thread" daemon [_thread_blocked, id=5408, stack(0x0000006a27400000,0x0000006a27500000)]
  0x00000205a380b800 JavaThread "C2 CompilerThread0" daemon [_thread_in_native, id=7344, stack(0x0000006a27500000,0x0000006a27600000)]
  0x00000205a380d000 JavaThread "C1 CompilerThread0" daemon [_thread_blocked, id=7252, stack(0x0000006a27600000,0x0000006a27700000)]
  0x00000205a3821000 JavaThread "Sweeper thread" daemon [_thread_blocked, id=3640, stack(0x0000006a27700000,0x0000006a27800000)]
  0x00000205a42de800 JavaThread "Common-Cleaner" daemon [_thread_blocked, id=1100, stack(0x0000006a27800000,0x0000006a27900000)]
  0x00000205a6919800 JavaThread "Daemon health stats" [_thread_blocked, id=4628, stack(0x0000006a27c00000,0x0000006a27d00000)]
  0x00000205a4559000 JavaThread "Incoming local TCP Connector on port 62434" [_thread_in_native, id=10284, stack(0x0000006a27a00000,0x0000006a27b00000)]
  0x00000205a62ee000 JavaThread "Daemon periodic checks" [_thread_blocked, id=1232, stack(0x0000006a27d00000,0x0000006a27e00000)]
  0x00000205a673a800 JavaThread "Cache worker for journal cache (C:\Users\User\.gradle\caches\journal-1)" [_thread_blocked, id=10416, stack(0x0000006a28700000,0x0000006a28800000)]
  0x00000205a6739000 JavaThread "File lock request listener" [_thread_in_native, id=1140, stack(0x0000006a28800000,0x0000006a28900000)]
  0x00000205a6738000 JavaThread "Cache worker for file hash cache (C:\Users\User\.gradle\caches\7.3.3\fileHashes)" [_thread_blocked, id=4008, stack(0x0000006a28900000,0x0000006a28a00000)]
  0x00000205a673c800 JavaThread "File watcher server" daemon [_thread_in_native, id=11096, stack(0x0000006a28c00000,0x0000006a28d00000)]
  0x00000205a673d000 JavaThread "File watcher consumer" daemon [_thread_blocked, id=9192, stack(0x0000006a28d00000,0x0000006a28e00000)]
  0x00000205a9116000 JavaThread "Cache worker for execution history cache (C:\Users\User\.gradle\caches\7.3.3\executionHistory)" [_thread_blocked, id=8904, stack(0x0000006a29100000,0x0000006a29200000)]
  0x00000205a9114800 JavaThread "jar transforms" [_thread_blocked, id=316, stack(0x0000006a29200000,0x0000006a29300000)]
  0x00000205a9117000 JavaThread "jar transforms Thread 2" [_thread_blocked, id=2856, stack(0x0000006a29300000,0x0000006a29400000)]
  0x00000205a9112000 JavaThread "Cache worker for file content cache (C:\Users\User\.gradle\caches\7.3.3\fileContent)" [_thread_blocked, id=4452, stack(0x0000006a29400000,0x0000006a29500000)]
  0x00000205a911a000 JavaThread "jar transforms Thread 3" [_thread_blocked, id=9656, stack(0x0000006a29600000,0x0000006a29700000)]
  0x00000205a839a800 JavaThread "jar transforms Thread 4" [_thread_blocked, id=9460, stack(0x0000006a28a00000,0x0000006a28b00000)]
  0x00000205a8396000 JavaThread "Memory manager" [_thread_blocked, id=5668, stack(0x0000006a2c100000,0x0000006a2c200000)]
  0x00000205a8390000 JavaThread "Daemon Thread 2" [_thread_blocked, id=10532, stack(0x0000006a26600000,0x0000006a26700000)]
  0x00000205a8391800 JavaThread "Handler for socket connection from /127.0.0.1:62434 to /127.0.0.1:62654" [_thread_in_native, id=1484, stack(0x0000006a26700000,0x0000006a26800000)]
  0x00000205a838e800 JavaThread "Cancel handler" [_thread_blocked, id=6352, stack(0x0000006a26800000,0x0000006a26900000)]
  0x00000205a838f000 JavaThread "Daemon worker Thread 2" [_thread_blocked, id=3880, stack(0x0000006a27e00000,0x0000006a27f00000)]
  0x00000205a838c000 JavaThread "Asynchronous log dispatcher for DefaultDaemonConnection: socket connection from /127.0.0.1:62434 to /127.0.0.1:62654" [_thread_blocked, id=3636, stack(0x0000006a27f00000,0x0000006a28000000)]
  0x00000205a8392800 JavaThread "Stdin handler" [_thread_blocked, id=9928, stack(0x0000006a28000000,0x0000006a28100000)]
  0x00000205a8391000 JavaThread "Daemon client event forwarder" [_thread_blocked, id=9272, stack(0x0000006a28100000,0x0000006a28200000)]
  0x00000205a838d000 JavaThread "Cache worker for file hash cache (D:\Binar\Sciroper-CC7\.gradle\7.3.3\fileHashes)" [_thread_blocked, id=3104, stack(0x0000006a28200000,0x0000006a28300000)]
  0x00000205a8393800 JavaThread "Cache worker for checksums cache (D:\Binar\Sciroper-CC7\.gradle\7.3.3\checksums)" [_thread_blocked, id=7000, stack(0x0000006a28300000,0x0000006a28400000)]
  0x00000205a838d800 JavaThread "Cache worker for cache directory md-supplier (C:\Users\User\.gradle\caches\7.3.3\md-supplier)" [_thread_blocked, id=8744, stack(0x0000006a28400000,0x0000006a28500000)]
  0x00000205a8396800 JavaThread "Cache worker for cache directory md-rule (C:\Users\User\.gradle\caches\7.3.3\md-rule)" [_thread_blocked, id=9492, stack(0x0000006a28b00000,0x0000006a28c00000)]
  0x00000205a8397800 JavaThread "Cache worker for dependencies-accessors (D:\Binar\Sciroper-CC7\.gradle\7.3.3\dependencies-accessors)" [_thread_blocked, id=4932, stack(0x0000006a28e00000,0x0000006a28f00000)]
  0x00000205a8398000 JavaThread "Cache worker for Build Output Cleanup Cache (D:\Binar\Sciroper-CC7\.gradle\buildOutputCleanup)" [_thread_blocked, id=4772, stack(0x0000006a28f00000,0x0000006a29000000)]
  0x00000205a8399000 JavaThread "Unconstrained build operations" [_thread_blocked, id=11540, stack(0x0000006a29500000,0x0000006a29600000)]
  0x00000205a8394000 JavaThread "Unconstrained build operations Thread 2" [_thread_blocked, id=6968, stack(0x0000006a29700000,0x0000006a29800000)]
  0x00000205a8395000 JavaThread "Unconstrained build operations Thread 3" [_thread_blocked, id=2124, stack(0x0000006a29800000,0x0000006a29900000)]
  0x00000205a9117800 JavaThread "Unconstrained build operations Thread 4" [_thread_blocked, id=10696, stack(0x0000006a29900000,0x0000006a29a00000)]
  0x00000205a9118800 JavaThread "Unconstrained build operations Thread 5" [_thread_blocked, id=4092, stack(0x0000006a29a00000,0x0000006a29b00000)]
  0x00000205a9112800 JavaThread "Unconstrained build operations Thread 6" [_thread_blocked, id=5260, stack(0x0000006a29b00000,0x0000006a29c00000)]
  0x00000205a911c800 JavaThread "Unconstrained build operations Thread 7" [_thread_blocked, id=740, stack(0x0000006a29c00000,0x0000006a29d00000)]
  0x00000205a911e000 JavaThread "Unconstrained build operations Thread 8" [_thread_blocked, id=4992, stack(0x0000006a29d00000,0x0000006a29e00000)]
  0x00000205a911b000 JavaThread "Unconstrained build operations Thread 9" [_thread_blocked, id=10216, stack(0x0000006a29e00000,0x0000006a29f00000)]
  0x00000205a911f000 JavaThread "Unconstrained build operations Thread 10" [_thread_blocked, id=7760, stack(0x0000006a29f00000,0x0000006a2a000000)]
  0x00000205a911b800 JavaThread "Unconstrained build operations Thread 11" [_thread_blocked, id=232, stack(0x0000006a2a000000,0x0000006a2a100000)]
  0x00000205a911d800 JavaThread "Unconstrained build operations Thread 12" [_thread_blocked, id=2912, stack(0x0000006a2a100000,0x0000006a2a200000)]
  0x00000205a9119800 JavaThread "Unconstrained build operations Thread 13" [_thread_blocked, id=11052, stack(0x0000006a2a200000,0x0000006a2a300000)]
  0x00000205a6737800 JavaThread "Unconstrained build operations Thread 14" [_thread_blocked, id=12040, stack(0x0000006a2a300000,0x0000006a2a400000)]
  0x00000205a673a000 JavaThread "Unconstrained build operations Thread 15" [_thread_blocked, id=8636, stack(0x0000006a2a400000,0x0000006a2a500000)]
  0x00000205a673b800 JavaThread "Unconstrained build operations Thread 16" [_thread_blocked, id=9724, stack(0x0000006a2a500000,0x0000006a2a600000)]
  0x00000205a673e000 JavaThread "Unconstrained build operations Thread 17" [_thread_blocked, id=11840, stack(0x0000006a2a600000,0x0000006a2a700000)]
  0x00000205a7015800 JavaThread "Unconstrained build operations Thread 18" [_thread_blocked, id=10008, stack(0x0000006a2a700000,0x0000006a2a800000)]
  0x00000205a7011800 JavaThread "Unconstrained build operations Thread 19" [_thread_blocked, id=7080, stack(0x0000006a2a800000,0x0000006a2a900000)]
  0x00000205a7014800 JavaThread "Unconstrained build operations Thread 20" [_thread_blocked, id=10616, stack(0x0000006a2a900000,0x0000006a2aa00000)]
  0x00000205a7016000 JavaThread "Unconstrained build operations Thread 21" [_thread_blocked, id=2896, stack(0x0000006a2aa00000,0x0000006a2ab00000)]
  0x00000205a7017000 JavaThread "Unconstrained build operations Thread 22" [_thread_blocked, id=4168, stack(0x0000006a2ab00000,0x0000006a2ac00000)]
  0x00000205a7018000 JavaThread "Unconstrained build operations Thread 23" [_thread_blocked, id=1972, stack(0x0000006a2ac00000,0x0000006a2ad00000)]
  0x00000205a7013000 JavaThread "Unconstrained build operations Thread 24" [_thread_blocked, id=4200, stack(0x0000006a2ad00000,0x0000006a2ae00000)]
  0x00000205a7012000 JavaThread "Unconstrained build operations Thread 25" [_thread_blocked, id=10088, stack(0x0000006a2ae00000,0x0000006a2af00000)]
  0x00000205a7019800 JavaThread "Unconstrained build operations Thread 26" [_thread_blocked, id=12240, stack(0x0000006a2af00000,0x0000006a2b000000)]
  0x00000205a7018800 JavaThread "Unconstrained build operations Thread 27" [_thread_blocked, id=6360, stack(0x0000006a2b000000,0x0000006a2b100000)]
  0x00000205a7013800 JavaThread "Unconstrained build operations Thread 28" [_thread_blocked, id=12064, stack(0x0000006a2b100000,0x0000006a2b200000)]
  0x00000205a701b000 JavaThread "Unconstrained build operations Thread 29" [_thread_blocked, id=10828, stack(0x0000006a2b200000,0x0000006a2b300000)]
  0x00000205a701c000 JavaThread "Unconstrained build operations Thread 30" [_thread_blocked, id=2228, stack(0x0000006a2b300000,0x0000006a2b400000)]
  0x00000205a701d800 JavaThread "Unconstrained build operations Thread 31" [_thread_blocked, id=10344, stack(0x0000006a2b400000,0x0000006a2b500000)]
  0x00000205a701f000 JavaThread "Unconstrained build operations Thread 32" [_thread_blocked, id=9804, stack(0x0000006a2b500000,0x0000006a2b600000)]
  0x00000205a701c800 JavaThread "Unconstrained build operations Thread 33" [_thread_blocked, id=2860, stack(0x0000006a2b600000,0x0000006a2b700000)]
  0x00000205a7020000 JavaThread "Unconstrained build operations Thread 34" [_thread_blocked, id=3460, stack(0x0000006a2b700000,0x0000006a2b800000)]
  0x00000205a701e800 JavaThread "Unconstrained build operations Thread 35" [_thread_blocked, id=5096, stack(0x0000006a2b800000,0x0000006a2b900000)]
  0x00000205a701a800 JavaThread "Unconstrained build operations Thread 36" [_thread_blocked, id=5312, stack(0x0000006a2b900000,0x0000006a2ba00000)]
  0x00000205a4674000 JavaThread "Unconstrained build operations Thread 37" [_thread_blocked, id=10248, stack(0x0000006a2ba00000,0x0000006a2bb00000)]
  0x00000205a4677800 JavaThread "Unconstrained build operations Thread 38" [_thread_blocked, id=588, stack(0x0000006a2bb00000,0x0000006a2bc00000)]
  0x00000205a4675800 JavaThread "Unconstrained build operations Thread 39" [_thread_blocked, id=4576, stack(0x0000006a2bc00000,0x0000006a2bd00000)]
  0x00000205a4678000 JavaThread "Unconstrained build operations Thread 40" [_thread_blocked, id=4100, stack(0x0000006a2bd00000,0x0000006a2be00000)]
  0x00000205a4676800 JavaThread "build event listener" [_thread_blocked, id=5068, stack(0x0000006a2be00000,0x0000006a2bf00000)]
  0x00000205a4672800 JavaThread "build event listener" [_thread_blocked, id=8344, stack(0x0000006a2bf00000,0x0000006a2c000000)]
  0x00000205a4679000 JavaThread "Execution worker for ':'" [_thread_blocked, id=5112, stack(0x0000006a2c000000,0x0000006a2c100000)]
  0x00000205a4673800 JavaThread "Execution worker for ':' Thread 2" [_thread_blocked, id=992, stack(0x0000006a2c200000,0x0000006a2c300000)]
  0x00000205a467a000 JavaThread "Execution worker for ':' Thread 3" [_thread_blocked, id=3768, stack(0x0000006a2c300000,0x0000006a2c400000)]
  0x00000205a467a800 JavaThread "Cache worker for execution history cache (D:\Binar\Sciroper-CC7\.gradle\7.3.3\executionHistory)" [_thread_blocked, id=6140, stack(0x0000006a2c400000,0x0000006a2c500000)]
  0x00000205a4675000 JavaThread "WorkerExecutor Queue" [_thread_blocked, id=11804, stack(0x0000006a2c500000,0x0000006a2c600000)]
  0x00000205a4680800 JavaThread "WorkerExecutor Queue Thread 2" [_thread_blocked, id=2476, stack(0x0000006a2c700000,0x0000006a2c800000)]
  0x00000205a4681000 JavaThread "WorkerExecutor Queue Thread 3" [_thread_blocked, id=1444, stack(0x0000006a2c800000,0x0000006a2c900000)]
  0x00000205a467f800 JavaThread "WorkerExecutor Queue Thread 4" [_thread_blocked, id=9064, stack(0x0000006a2c900000,0x0000006a2ca00000)]
  0x00000205a467e000 JavaThread "pool-4-thread-1" [_thread_blocked, id=6920, stack(0x0000006a2ca00000,0x0000006a2cb00000)]
  0x00000205a9a1e000 JavaThread "WorkerExecutor Queue Thread 5" [_thread_blocked, id=5440, stack(0x0000006a2cb00000,0x0000006a2cc00000)]
  0x00000205a9a1d000 JavaThread "stderr" [_thread_in_native, id=1776, stack(0x0000006a29000000,0x0000006a29100000)]
  0x00000205a9a1f000 JavaThread "stdout" [_thread_in_native, id=6896, stack(0x0000006a2cc00000,0x0000006a2cd00000)]
  0x00000205a9a1f800 JavaThread "ForkJoinPool-1-worker-3" daemon [_thread_blocked, id=7056, stack(0x0000006a2cd00000,0x0000006a2ce00000)]
  0x00000205a9a20800 JavaThread "ForkJoinPool-1-worker-5" daemon [_thread_blocked, id=11140, stack(0x0000006a2ce00000,0x0000006a2cf00000)]
  0x00000205a9a21800 JavaThread "ForkJoinPool-1-worker-7" daemon [_thread_blocked, id=9708, stack(0x0000006a2cf00000,0x0000006a2d000000)]
  0x00000205a9a1c800 JavaThread "ForkJoinPool-1-worker-1" daemon [_thread_blocked, id=3588, stack(0x0000006a2d000000,0x0000006a2d100000)]

Other Threads:
=>0x00000205a37e6800 VMThread "VM Thread" [stack: 0x0000006a26f00000,0x0000006a27000000] [id=9612]
  0x00000205a431e800 WatcherThread [stack: 0x0000006a27900000,0x0000006a27a00000] [id=5036]
  0x0000020589485000 GCTaskThread "GC Thread#0" [stack: 0x0000006a26a00000,0x0000006a26b00000] [id=3776]
  0x00000205a4d37000 GCTaskThread "GC Thread#1" [stack: 0x0000006a27b00000,0x0000006a27c00000] [id=10072]
  0x00000205a6db7000 GCTaskThread "GC Thread#2" [stack: 0x0000006a28500000,0x0000006a28600000] [id=11800]
  0x00000205a59b9000 GCTaskThread "GC Thread#3" [stack: 0x0000006a28600000,0x0000006a28700000] [id=1388]
  0x00000205894b6800 ConcurrentGCThread "G1 Main Marker" [stack: 0x0000006a26b00000,0x0000006a26c00000] [id=8800]
  0x00000205894b7800 ConcurrentGCThread "G1 Conc#0" [stack: 0x0000006a26c00000,0x0000006a26d00000] [id=5088]
  0x0000020589532000 ConcurrentGCThread "G1 Refine#0" [stack: 0x0000006a26d00000,0x0000006a26e00000] [id=5416]
  0x0000020589533800 ConcurrentGCThread "G1 Young RemSet Sampling" [stack: 0x0000006a26e00000,0x0000006a26f00000] [id=804]

Threads with active compile tasks:
C2 CompilerThread0 289688 19348       4       com.android.tools.r8.dex.r::m (2110 bytes)
C1 CompilerThread0 289688 19565       2       com.android.tools.r8.graph.B2::a (11 bytes)

VM state:at safepoint (normal execution)

VM Mutex/Monitor currently owned by a thread:  ([mutex/lock_event])
[0x0000020589466e90] Threads_lock - owner thread: 0x00000205a37e6800
[0x0000020589468120] Heap_lock - owner thread: 0x00000205a9a20800

Heap address: 0x0000000080000000, size: 2048 MB, Compressed Oops mode: 32-bit
Narrow klass base: 0x0000000000000000, Narrow klass shift: 3
Compressed class space size: 1073741824 Address: 0x0000000100000000

Heap:
 garbage-first heap   total 855040K, used 259072K [0x0000000080000000, 0x0000000100000000)
  region size 1024K, 4 young (4096K), 4 survivors (4096K)
 Metaspace       used 117687K, capacity 120316K, committed 120440K, reserved 1155072K
  class space    used 14668K, capacity 15671K, committed 15736K, reserved 1048576K
Heap Regions: E=young(eden), S=young(survivor), O=old, HS=humongous(starts), HC=humongous(continues), CS=collection set, F=free, A=archive, TAMS=top-at-mark-start (previous, next)
|   0|0x0000000080000000, 0x0000000080100000, 0x0000000080100000|100%| O|  |TAMS 0x0000000080100000, 0x0000000080000000| Untracked 
|   1|0x0000000080100000, 0x0000000080200000, 0x0000000080200000|100%| O|  |TAMS 0x0000000080200000, 0x0000000080100000| Untracked 
|   2|0x0000000080200000, 0x0000000080300000, 0x0000000080300000|100%| O|  |TAMS 0x0000000080300000, 0x0000000080200000| Untracked 
|   3|0x0000000080300000, 0x0000000080400000, 0x0000000080400000|100%|HS|  |TAMS 0x0000000080400000, 0x0000000080300000| Complete 
|   4|0x0000000080400000, 0x0000000080500000, 0x0000000080500000|100%|HC|  |TAMS 0x0000000080500000, 0x0000000080400000| Complete 
|   5|0x0000000080500000, 0x0000000080600000, 0x0000000080600000|100%|HC|  |TAMS 0x0000000080600000, 0x0000000080500000| Complete 
|   6|0x0000000080600000, 0x0000000080700000, 0x0000000080700000|100%| O|  |TAMS 0x0000000080700000, 0x0000000080600000| Complete 
|   7|0x0000000080700000, 0x0000000080800000, 0x0000000080800000|100%| O|  |TAMS 0x0000000080800000, 0x0000000080700000| Untracked 
|   8|0x0000000080800000, 0x0000000080900000, 0x0000000080900000|100%| O|  |TAMS 0x0000000080900000, 0x0000000080800000| Untracked 
|   9|0x0000000080900000, 0x0000000080a00000, 0x0000000080a00000|100%| O|  |TAMS 0x0000000080a00000, 0x0000000080900000| Untracked 
|  10|0x0000000080a00000, 0x0000000080b00000, 0x0000000080b00000|100%| O|  |TAMS 0x0000000080b00000, 0x0000000080a00000| Complete 
|  11|0x0000000080b00000, 0x0000000080c00000, 0x0000000080c00000|100%| O|  |TAMS 0x0000000080c00000, 0x0000000080b00000| Untracked 
|  12|0x0000000080c00000, 0x0000000080d00000, 0x0000000080d00000|100%| O|  |TAMS 0x0000000080d00000, 0x0000000080c00000| Untracked 
|  13|0x0000000080d00000, 0x0000000080e00000, 0x0000000080e00000|100%| O|  |TAMS 0x0000000080e00000, 0x0000000080d00000| Untracked 
|  14|0x0000000080e00000, 0x0000000080f00000, 0x0000000080f00000|100%| O|  |TAMS 0x0000000080f00000, 0x0000000080e00000| Untracked 
|  15|0x0000000080f00000, 0x0000000081000000, 0x0000000081000000|100%| O|  |TAMS 0x0000000081000000, 0x0000000080f00000| Complete 
|  16|0x0000000081000000, 0x0000000081100000, 0x0000000081100000|100%| O|  |TAMS 0x0000000081100000, 0x0000000081000000| Untracked 
|  17|0x0000000081100000, 0x0000000081200000, 0x0000000081200000|100%| O|  |TAMS 0x0000000081200000, 0x0000000081100000| Untracked 
|  18|0x0000000081200000, 0x0000000081300000, 0x0000000081300000|100%| O|  |TAMS 0x0000000081300000, 0x0000000081200000| Untracked 
|  19|0x0000000081300000, 0x0000000081400000, 0x0000000081400000|100%| O|  |TAMS 0x0000000081400000, 0x0000000081300000| Untracked 
|  20|0x0000000081400000, 0x0000000081500000, 0x0000000081500000|100%| O|  |TAMS 0x0000000081500000, 0x0000000081400000| Complete 
|  21|0x0000000081500000, 0x0000000081600000, 0x0000000081600000|100%| O|  |TAMS 0x0000000081600000, 0x0000000081500000| Complete 
|  22|0x0000000081600000, 0x0000000081700000, 0x0000000081700000|100%| O|  |TAMS 0x0000000081700000, 0x0000000081600000| Complete 
|  23|0x0000000081700000, 0x0000000081800000, 0x0000000081800000|100%| O|  |TAMS 0x0000000081800000, 0x0000000081700000| Untracked 
|  24|0x0000000081800000, 0x0000000081900000, 0x0000000081900000|100%| O|  |TAMS 0x0000000081900000, 0x0000000081800000| Untracked 
|  25|0x0000000081900000, 0x0000000081a00000, 0x0000000081a00000|100%| O|  |TAMS 0x0000000081a00000, 0x0000000081900000| Untracked 
|  26|0x0000000081a00000, 0x0000000081b00000, 0x0000000081b00000|100%|HS|  |TAMS 0x0000000081a00000, 0x0000000081a00000| Complete 
|  27|0x0000000081b00000, 0x0000000081c00000, 0x0000000081c00000|100%| O|  |TAMS 0x0000000081c00000, 0x0000000081b00000| Complete 
|  28|0x0000000081c00000, 0x0000000081d00000, 0x0000000081d00000|100%| O|  |TAMS 0x0000000081d00000, 0x0000000081c00000| Complete 
|  29|0x0000000081d00000, 0x0000000081e00000, 0x0000000081e00000|100%|HS|  |TAMS 0x0000000081e00000, 0x0000000081d00000| Complete 
|  30|0x0000000081e00000, 0x0000000081f00000, 0x0000000081f00000|100%|HS|  |TAMS 0x0000000081f00000, 0x0000000081e00000| Complete 
|  31|0x0000000081f00000, 0x0000000082000000, 0x0000000082000000|100%|HS|  |TAMS 0x0000000082000000, 0x0000000081f00000| Complete 
|  32|0x0000000082000000, 0x0000000082100000, 0x0000000082100000|100%|HS|  |TAMS 0x0000000082100000, 0x0000000082000000| Complete 
|  33|0x0000000082100000, 0x0000000082200000, 0x0000000082200000|100%|HS|  |TAMS 0x0000000082200000, 0x0000000082100000| Complete 
|  34|0x0000000082200000, 0x0000000082300000, 0x0000000082300000|100%|HC|  |TAMS 0x0000000082300000, 0x0000000082200000| Complete 
|  35|0x0000000082300000, 0x0000000082400000, 0x0000000082400000|100%|HC|  |TAMS 0x0000000082400000, 0x0000000082300000| Complete 
|  36|0x0000000082400000, 0x0000000082500000, 0x0000000082500000|100%|HS|  |TAMS 0x0000000082500000, 0x0000000082400000| Complete 
|  37|0x0000000082500000, 0x0000000082600000, 0x0000000082600000|100%|HC|  |TAMS 0x0000000082600000, 0x0000000082500000| Complete 
|  38|0x0000000082600000, 0x0000000082700000, 0x0000000082700000|100%| O|  |TAMS 0x0000000082700000, 0x0000000082600000| Untracked 
|  39|0x0000000082700000, 0x0000000082800000, 0x0000000082800000|100%| O|  |TAMS 0x0000000082800000, 0x0000000082700000| Complete 
|  40|0x0000000082800000, 0x0000000082900000, 0x0000000082900000|100%| O|  |TAMS 0x0000000082900000, 0x0000000082800000| Complete 
|  41|0x0000000082900000, 0x0000000082a00000, 0x0000000082a00000|100%| O|  |TAMS 0x0000000082a00000, 0x0000000082900000| Untracked 
|  42|0x0000000082a00000, 0x0000000082b00000, 0x0000000082b00000|100%| O|  |TAMS 0x0000000082b00000, 0x0000000082a00000| Untracked 
|  43|0x0000000082b00000, 0x0000000082c00000, 0x0000000082c00000|100%| O|  |TAMS 0x0000000082c00000, 0x0000000082b00000| Untracked 
|  44|0x0000000082c00000, 0x0000000082d00000, 0x0000000082d00000|100%| O|  |TAMS 0x0000000082d00000, 0x0000000082c00000| Complete 
|  45|0x0000000082d00000, 0x0000000082e00000, 0x0000000082e00000|100%| O|  |TAMS 0x0000000082e00000, 0x0000000082d00000| Untracked 
|  46|0x0000000082e00000, 0x0000000082f00000, 0x0000000082f00000|100%| O|  |TAMS 0x0000000082f00000, 0x0000000082e00000| Untracked 
|  47|0x0000000082f00000, 0x0000000083000000, 0x0000000083000000|100%| O|  |TAMS 0x0000000083000000, 0x0000000082f00000| Untracked 
|  48|0x0000000083000000, 0x0000000083100000, 0x0000000083100000|100%| O|  |TAMS 0x0000000083100000, 0x0000000083000000| Untracked 
|  49|0x0000000083100000, 0x0000000083200000, 0x0000000083200000|100%| O|  |TAMS 0x0000000083200000, 0x0000000083100000| Untracked 
|  50|0x0000000083200000, 0x0000000083300000, 0x0000000083300000|100%| O|  |TAMS 0x0000000083300000, 0x0000000083200000| Untracked 
|  51|0x0000000083300000, 0x0000000083400000, 0x0000000083400000|100%| O|  |TAMS 0x0000000083400000, 0x0000000083300000| Untracked 
|  52|0x0000000083400000, 0x0000000083500000, 0x0000000083500000|100%| O|  |TAMS 0x0000000083400000, 0x0000000083400000| Untracked 
|  53|0x0000000083500000, 0x0000000083600000, 0x0000000083600000|100%| O|  |TAMS 0x0000000083600000, 0x0000000083500000| Complete 
|  54|0x0000000083600000, 0x0000000083700000, 0x0000000083700000|100%| O|  |TAMS 0x0000000083700000, 0x0000000083600000| Untracked 
|  55|0x0000000083700000, 0x0000000083800000, 0x0000000083800000|100%| O|  |TAMS 0x0000000083800000, 0x0000000083700000| Untracked 
|  56|0x0000000083800000, 0x0000000083900000, 0x0000000083900000|100%| O|  |TAMS 0x0000000083900000, 0x0000000083800000| Untracked 
|  57|0x0000000083900000, 0x0000000083a00000, 0x0000000083a00000|100%| O|  |TAMS 0x0000000083a00000, 0x0000000083900000| Untracked 
|  58|0x0000000083a00000, 0x0000000083b00000, 0x0000000083b00000|100%| O|  |TAMS 0x0000000083b00000, 0x0000000083a00000| Untracked 
|  59|0x0000000083b00000, 0x0000000083c00000, 0x0000000083c00000|100%| O|  |TAMS 0x0000000083c00000, 0x0000000083b00000| Complete 
|  60|0x0000000083c00000, 0x0000000083d00000, 0x0000000083d00000|100%| O|  |TAMS 0x0000000083d00000, 0x0000000083c00000| Untracked 
|  61|0x0000000083d00000, 0x0000000083e00000, 0x0000000083e00000|100%| O|  |TAMS 0x0000000083e00000, 0x0000000083d00000| Complete 
|  62|0x0000000083e00000, 0x0000000083f00000, 0x0000000083f00000|100%| O|  |TAMS 0x0000000083f00000, 0x0000000083e00000| Complete 
|  63|0x0000000083f00000, 0x0000000084000000, 0x0000000084000000|100%| O|  |TAMS 0x0000000084000000, 0x0000000083f00000| Untracked 
|  64|0x0000000084000000, 0x0000000084100000, 0x0000000084100000|100%| O|  |TAMS 0x0000000084100000, 0x0000000084000000| Untracked 
|  65|0x0000000084100000, 0x0000000084200000, 0x0000000084200000|100%| O|  |TAMS 0x0000000084200000, 0x0000000084100000| Complete 
|  66|0x0000000084200000, 0x0000000084300000, 0x0000000084300000|100%| O|  |TAMS 0x0000000084300000, 0x0000000084200000| Untracked 
|  67|0x0000000084300000, 0x0000000084400000, 0x0000000084400000|100%| O|  |TAMS 0x0000000084400000, 0x0000000084300000| Untracked 
|  68|0x0000000084400000, 0x0000000084500000, 0x0000000084500000|100%| O|  |TAMS 0x0000000084500000, 0x0000000084400000| Untracked 
|  69|0x0000000084500000, 0x0000000084600000, 0x0000000084600000|100%| O|  |TAMS 0x0000000084600000, 0x0000000084500000| Complete 
|  70|0x0000000084600000, 0x0000000084700000, 0x0000000084700000|100%| O|  |TAMS 0x0000000084700000, 0x0000000084600000| Untracked 
|  71|0x0000000084700000, 0x0000000084800000, 0x0000000084800000|100%| O|  |TAMS 0x0000000084800000, 0x0000000084700000| Untracked 
|  72|0x0000000084800000, 0x0000000084900000, 0x0000000084900000|100%| O|  |TAMS 0x0000000084900000, 0x0000000084800000| Untracked 
|  73|0x0000000084900000, 0x0000000084a00000, 0x0000000084a00000|100%| O|  |TAMS 0x0000000084a00000, 0x0000000084900000| Untracked 
|  74|0x0000000084a00000, 0x0000000084b00000, 0x0000000084b00000|100%| O|  |TAMS 0x0000000084b00000, 0x0000000084a00000| Untracked 
|  75|0x0000000084b00000, 0x0000000084c00000, 0x0000000084c00000|100%| O|  |TAMS 0x0000000084c00000, 0x0000000084b00000| Complete 
|  76|0x0000000084c00000, 0x0000000084d00000, 0x0000000084d00000|100%| O|  |TAMS 0x0000000084d00000, 0x0000000084c00000| Untracked 
|  77|0x0000000084d00000, 0x0000000084e00000, 0x0000000084e00000|100%| O|  |TAMS 0x0000000084e00000, 0x0000000084d00000| Complete 
|  78|0x0000000084e00000, 0x0000000084f00000, 0x0000000084f00000|100%| O|  |TAMS 0x0000000084f00000, 0x0000000084e00000| Complete 
|  79|0x0000000084f00000, 0x0000000085000000, 0x0000000085000000|100%| O|  |TAMS 0x0000000085000000, 0x0000000084f00000| Complete 
|  80|0x0000000085000000, 0x0000000085100000, 0x0000000085100000|100%| O|  |TAMS 0x0000000085100000, 0x0000000085000000| Untracked 
|  81|0x0000000085100000, 0x0000000085200000, 0x0000000085200000|100%| O|  |TAMS 0x0000000085200000, 0x0000000085100000| Untracked 
|  82|0x0000000085200000, 0x0000000085300000, 0x0000000085300000|100%| O|  |TAMS 0x0000000085300000, 0x0000000085200000| Complete 
|  83|0x0000000085300000, 0x0000000085400000, 0x0000000085400000|100%| O|  |TAMS 0x0000000085400000, 0x0000000085300000| Untracked 
|  84|0x0000000085400000, 0x0000000085500000, 0x0000000085500000|100%| O|  |TAMS 0x0000000085500000, 0x0000000085400000| Complete 
|  85|0x0000000085500000, 0x0000000085600000, 0x0000000085600000|100%| O|  |TAMS 0x0000000085600000, 0x0000000085500000| Complete 
|  86|0x0000000085600000, 0x0000000085700000, 0x0000000085700000|100%| O|  |TAMS 0x0000000085700000, 0x0000000085600000| Untracked 
|  87|0x0000000085700000, 0x0000000085800000, 0x0000000085800000|100%| O|  |TAMS 0x0000000085800000, 0x0000000085700000| Complete 
|  88|0x0000000085800000, 0x0000000085900000, 0x0000000085900000|100%| O|  |TAMS 0x0000000085900000, 0x0000000085800000| Complete 
|  89|0x0000000085900000, 0x0000000085a00000, 0x0000000085a00000|100%| O|  |TAMS 0x0000000085a00000, 0x0000000085900000| Complete 
|  90|0x0000000085a00000, 0x0000000085b00000, 0x0000000085b00000|100%| O|  |TAMS 0x0000000085b00000, 0x0000000085a00000| Complete 
|  91|0x0000000085b00000, 0x0000000085c00000, 0x0000000085c00000|100%| O|  |TAMS 0x0000000085c00000, 0x0000000085b00000| Untracked 
|  92|0x0000000085c00000, 0x0000000085d00000, 0x0000000085d00000|100%| O|  |TAMS 0x0000000085d00000, 0x0000000085c00000| Complete 
|  93|0x0000000085d00000, 0x0000000085e00000, 0x0000000085e00000|100%| O|  |TAMS 0x0000000085e00000, 0x0000000085d00000| Complete 
|  94|0x0000000085e00000, 0x0000000085f00000, 0x0000000085f00000|100%| O|  |TAMS 0x0000000085f00000, 0x0000000085e00000| Complete 
|  95|0x0000000085f00000, 0x0000000086000000, 0x0000000086000000|100%| O|  |TAMS 0x0000000086000000, 0x0000000085f00000| Complete 
|  96|0x0000000086000000, 0x0000000086100000, 0x0000000086100000|100%| O|  |TAMS 0x0000000086100000, 0x0000000086000000| Complete 
|  97|0x0000000086100000, 0x0000000086200000, 0x0000000086200000|100%| O|  |TAMS 0x0000000086100000, 0x0000000086100000| Untracked 
|  98|0x0000000086200000, 0x0000000086300000, 0x0000000086300000|100%| O|  |TAMS 0x0000000086300000, 0x0000000086200000| Complete 
|  99|0x0000000086300000, 0x0000000086400000, 0x0000000086400000|100%| O|  |TAMS 0x0000000086400000, 0x0000000086300000| Complete 
| 100|0x0000000086400000, 0x0000000086500000, 0x0000000086500000|100%|HS|  |TAMS 0x0000000086400000, 0x0000000086400000| Complete 
| 101|0x0000000086500000, 0x0000000086600000, 0x0000000086600000|100%|HC|  |TAMS 0x0000000086500000, 0x0000000086500000| Complete 
| 102|0x0000000086600000, 0x0000000086700000, 0x0000000086700000|100%| O|  |TAMS 0x0000000086700000, 0x0000000086600000| Complete 
| 103|0x0000000086700000, 0x0000000086800000, 0x0000000086800000|100%| O|  |TAMS 0x0000000086700000, 0x0000000086700000| Untracked 
| 104|0x0000000086800000, 0x0000000086900000, 0x0000000086900000|100%| O|  |TAMS 0x0000000086900000, 0x0000000086800000| Complete 
| 105|0x0000000086900000, 0x0000000086a00000, 0x0000000086a00000|100%| O|  |TAMS 0x0000000086a00000, 0x0000000086900000| Untracked 
| 106|0x0000000086a00000, 0x0000000086b00000, 0x0000000086b00000|100%| O|  |TAMS 0x0000000086b00000, 0x0000000086a00000| Untracked 
| 107|0x0000000086b00000, 0x0000000086c00000, 0x0000000086c00000|100%| O|  |TAMS 0x0000000086b00000, 0x0000000086b00000| Untracked 
| 108|0x0000000086c00000, 0x0000000086d00000, 0x0000000086d00000|100%| O|  |TAMS 0x0000000086c00000, 0x0000000086c00000| Untracked 
| 109|0x0000000086d00000, 0x0000000086e00000, 0x0000000086e00000|100%| O|  |TAMS 0x0000000086e00000, 0x0000000086d00000| Complete 
| 110|0x0000000086e00000, 0x0000000086f00000, 0x0000000086f00000|100%|HS|  |TAMS 0x0000000086f00000, 0x0000000086e00000| Complete 
| 111|0x0000000086f00000, 0x0000000087000000, 0x0000000087000000|100%| O|  |TAMS 0x0000000087000000, 0x0000000086f00000| Complete 
| 112|0x0000000087000000, 0x0000000087100000, 0x0000000087100000|100%| O|  |TAMS 0x0000000087000000, 0x0000000087000000| Untracked 
| 113|0x0000000087100000, 0x0000000087200000, 0x0000000087200000|100%| O|  |TAMS 0x0000000087200000, 0x0000000087100000| Complete 
| 114|0x0000000087200000, 0x0000000087300000, 0x0000000087300000|100%| O|  |TAMS 0x0000000087300000, 0x0000000087200000| Complete 
| 115|0x0000000087300000, 0x0000000087400000, 0x0000000087400000|100%|HS|  |TAMS 0x0000000087400000, 0x0000000087300000| Complete 
| 116|0x0000000087400000, 0x0000000087500000, 0x0000000087500000|100%| O|  |TAMS 0x0000000087500000, 0x0000000087400000| Untracked 
| 117|0x0000000087500000, 0x0000000087600000, 0x0000000087600000|100%| O|  |TAMS 0x0000000087600000, 0x0000000087500000| Complete 
| 118|0x0000000087600000, 0x0000000087700000, 0x0000000087700000|100%| O|  |TAMS 0x0000000087700000, 0x0000000087600000| Untracked 
| 119|0x0000000087700000, 0x0000000087800000, 0x0000000087800000|100%| O|  |TAMS 0x0000000087800000, 0x0000000087700000| Untracked 
| 120|0x0000000087800000, 0x0000000087900000, 0x0000000087900000|100%| O|  |TAMS 0x0000000087900000, 0x0000000087800000| Untracked 
| 121|0x0000000087900000, 0x0000000087a00000, 0x0000000087a00000|100%| O|  |TAMS 0x0000000087a00000, 0x0000000087900000| Untracked 
| 122|0x0000000087a00000, 0x0000000087b00000, 0x0000000087b00000|100%| O|  |TAMS 0x0000000087b00000, 0x0000000087a00000| Untracked 
| 123|0x0000000087b00000, 0x0000000087c00000, 0x0000000087c00000|100%| O|  |TAMS 0x0000000087c00000, 0x0000000087b00000| Untracked 
| 124|0x0000000087c00000, 0x0000000087d00000, 0x0000000087d00000|100%| O|  |TAMS 0x0000000087d00000, 0x0000000087c00000| Untracked 
| 125|0x0000000087d00000, 0x0000000087e00000, 0x0000000087e00000|100%| O|  |TAMS 0x0000000087e00000, 0x0000000087d00000| Untracked 
| 126|0x0000000087e00000, 0x0000000087f00000, 0x0000000087f00000|100%|HS|  |TAMS 0x0000000087f00000, 0x0000000087e00000| Complete 
| 127|0x0000000087f00000, 0x0000000088000000, 0x0000000088000000|100%| O|  |TAMS 0x0000000088000000, 0x0000000087f00000| Complete 
| 128|0x0000000088000000, 0x0000000088100000, 0x0000000088100000|100%| O|  |TAMS 0x0000000088100000, 0x0000000088000000| Untracked 
| 129|0x0000000088100000, 0x0000000088200000, 0x0000000088200000|100%|HS|  |TAMS 0x0000000088200000, 0x0000000088100000| Complete 
| 130|0x0000000088200000, 0x0000000088300000, 0x0000000088300000|100%| O|  |TAMS 0x0000000088200000, 0x0000000088200000| Untracked 
| 131|0x0000000088300000, 0x0000000088400000, 0x0000000088400000|100%|HS|  |TAMS 0x0000000088400000, 0x0000000088300000| Complete 
| 132|0x0000000088400000, 0x0000000088500000, 0x0000000088500000|100%| O|  |TAMS 0x0000000088500000, 0x0000000088400000| Untracked 
| 133|0x0000000088500000, 0x0000000088600000, 0x0000000088600000|100%| O|  |TAMS 0x0000000088600000, 0x0000000088500000| Untracked 
| 134|0x0000000088600000, 0x0000000088700000, 0x0000000088700000|100%| O|  |TAMS 0x0000000088700000, 0x0000000088600000| Untracked 
| 135|0x0000000088700000, 0x0000000088800000, 0x0000000088800000|100%| O|  |TAMS 0x0000000088700000, 0x0000000088700000| Untracked 
| 136|0x0000000088800000, 0x0000000088900000, 0x0000000088900000|100%| O|  |TAMS 0x0000000088900000, 0x0000000088800000| Untracked 
| 137|0x0000000088900000, 0x0000000088a00000, 0x0000000088a00000|100%| O|  |TAMS 0x0000000088a00000, 0x0000000088900000| Complete 
| 138|0x0000000088a00000, 0x0000000088b00000, 0x0000000088b00000|100%| O|  |TAMS 0x0000000088b00000, 0x0000000088a00000| Untracked 
| 139|0x0000000088b00000, 0x0000000088c00000, 0x0000000088c00000|100%| O|  |TAMS 0x0000000088b00000, 0x0000000088b00000| Untracked 
| 140|0x0000000088c00000, 0x0000000088d00000, 0x0000000088d00000|100%| O|  |TAMS 0x0000000088c00000, 0x0000000088c00000| Untracked 
| 141|0x0000000088d00000, 0x0000000088e00000, 0x0000000088e00000|100%| O|  |TAMS 0x0000000088e00000, 0x0000000088d00000| Untracked 
| 142|0x0000000088e00000, 0x0000000088f00000, 0x0000000088f00000|100%| O|  |TAMS 0x0000000088e00000, 0x0000000088e00000| Untracked 
| 143|0x0000000088f00000, 0x0000000089000000, 0x0000000089000000|100%| O|  |TAMS 0x0000000088f00000, 0x0000000088f00000| Untracked 
| 144|0x0000000089000000, 0x0000000089100000, 0x0000000089100000|100%| O|  |TAMS 0x0000000089100000, 0x0000000089000000| Untracked 
| 145|0x0000000089100000, 0x0000000089200000, 0x0000000089200000|100%| O|  |TAMS 0x0000000089200000, 0x0000000089100000| Complete 
| 146|0x0000000089200000, 0x0000000089300000, 0x0000000089300000|100%|HS|  |TAMS 0x0000000089300000, 0x0000000089200000| Complete 
| 147|0x0000000089300000, 0x0000000089400000, 0x0000000089400000|100%|HC|  |TAMS 0x0000000089400000, 0x0000000089300000| Complete 
| 148|0x0000000089400000, 0x0000000089500000, 0x0000000089500000|100%| O|  |TAMS 0x0000000089500000, 0x0000000089400000| Untracked 
| 149|0x0000000089500000, 0x0000000089600000, 0x0000000089600000|100%| O|  |TAMS 0x0000000089600000, 0x0000000089500000| Untracked 
| 150|0x0000000089600000, 0x0000000089700000, 0x0000000089700000|100%|HS|  |TAMS 0x0000000089700000, 0x0000000089600000| Complete 
| 151|0x0000000089700000, 0x0000000089800000, 0x0000000089800000|100%| O|  |TAMS 0x0000000089800000, 0x0000000089700000| Untracked 
| 152|0x0000000089800000, 0x0000000089900000, 0x0000000089900000|100%|HS|  |TAMS 0x0000000089900000, 0x0000000089800000| Complete 
| 153|0x0000000089900000, 0x0000000089a00000, 0x0000000089a00000|100%|HC|  |TAMS 0x0000000089a00000, 0x0000000089900000| Complete 
| 154|0x0000000089a00000, 0x0000000089b00000, 0x0000000089b00000|100%| O|  |TAMS 0x0000000089a00000, 0x0000000089a00000| Untracked 
| 155|0x0000000089b00000, 0x0000000089c00000, 0x0000000089c00000|100%|HS|  |TAMS 0x0000000089c00000, 0x0000000089b00000| Complete 
| 156|0x0000000089c00000, 0x0000000089d00000, 0x0000000089d00000|100%| O|  |TAMS 0x0000000089c00000, 0x0000000089c00000| Untracked 
| 157|0x0000000089d00000, 0x0000000089e00000, 0x0000000089e00000|100%| O|  |TAMS 0x0000000089d00000, 0x0000000089d00000| Untracked 
| 158|0x0000000089e00000, 0x0000000089e00000, 0x0000000089f00000|  0%| F|  |TAMS 0x0000000089e00000, 0x0000000089e00000| Untracked 
| 159|0x0000000089f00000, 0x000000008a000000, 0x000000008a000000|100%| O|  |TAMS 0x000000008a000000, 0x0000000089f00000| Complete 
| 160|0x000000008a000000, 0x000000008a100000, 0x000000008a100000|100%| O|  |TAMS 0x000000008a100000, 0x000000008a000000| Untracked 
| 161|0x000000008a100000, 0x000000008a200000, 0x000000008a200000|100%| O|  |TAMS 0x000000008a200000, 0x000000008a100000| Untracked 
| 162|0x000000008a200000, 0x000000008a300000, 0x000000008a300000|100%| O|  |TAMS 0x000000008a300000, 0x000000008a200000| Untracked 
| 163|0x000000008a300000, 0x000000008a400000, 0x000000008a400000|100%| O|  |TAMS 0x000000008a400000, 0x000000008a300000| Untracked 
| 164|0x000000008a400000, 0x000000008a500000, 0x000000008a500000|100%| O|  |TAMS 0x000000008a500000, 0x000000008a400000| Untracked 
| 165|0x000000008a500000, 0x000000008a600000, 0x000000008a600000|100%| O|  |TAMS 0x000000008a600000, 0x000000008a500000| Complete 
| 166|0x000000008a600000, 0x000000008a700000, 0x000000008a700000|100%| O|  |TAMS 0x000000008a700000, 0x000000008a600000| Untracked 
| 167|0x000000008a700000, 0x000000008a800000, 0x000000008a800000|100%| O|  |TAMS 0x000000008a800000, 0x000000008a700000| Complete 
| 168|0x000000008a800000, 0x000000008a900000, 0x000000008a900000|100%| O|  |TAMS 0x000000008a900000, 0x000000008a800000| Complete 
| 169|0x000000008a900000, 0x000000008aa00000, 0x000000008aa00000|100%|HS|  |TAMS 0x000000008aa00000, 0x000000008a900000| Complete 
| 170|0x000000008aa00000, 0x000000008ab00000, 0x000000008ab00000|100%|HC|  |TAMS 0x000000008ab00000, 0x000000008aa00000| Complete 
| 171|0x000000008ab00000, 0x000000008ac00000, 0x000000008ac00000|100%|HS|  |TAMS 0x000000008ac00000, 0x000000008ab00000| Complete 
| 172|0x000000008ac00000, 0x000000008ad00000, 0x000000008ad00000|100%|HC|  |TAMS 0x000000008ad00000, 0x000000008ac00000| Complete 
| 173|0x000000008ad00000, 0x000000008ae00000, 0x000000008ae00000|100%|HS|  |TAMS 0x000000008ae00000, 0x000000008ad00000| Complete 
| 174|0x000000008ae00000, 0x000000008af00000, 0x000000008af00000|100%|HC|  |TAMS 0x000000008af00000, 0x000000008ae00000| Complete 
| 175|0x000000008af00000, 0x000000008b000000, 0x000000008b000000|100%|HC|  |TAMS 0x000000008b000000, 0x000000008af00000| Complete 
| 176|0x000000008b000000, 0x000000008b100000, 0x000000008b100000|100%|HS|  |TAMS 0x000000008b100000, 0x000000008b000000| Complete 
| 177|0x000000008b100000, 0x000000008b200000, 0x000000008b200000|100%|HC|  |TAMS 0x000000008b200000, 0x000000008b100000| Complete 
| 178|0x000000008b200000, 0x000000008b300000, 0x000000008b300000|100%|HC|  |TAMS 0x000000008b300000, 0x000000008b200000| Complete 
| 179|0x000000008b300000, 0x000000008b400000, 0x000000008b400000|100%|HS|  |TAMS 0x000000008b400000, 0x000000008b300000| Complete 
| 180|0x000000008b400000, 0x000000008b500000, 0x000000008b500000|100%|HS|  |TAMS 0x000000008b500000, 0x000000008b400000| Complete 
| 181|0x000000008b500000, 0x000000008b600000, 0x000000008b600000|100%|HS|  |TAMS 0x000000008b600000, 0x000000008b500000| Complete 
| 182|0x000000008b600000, 0x000000008b700000, 0x000000008b700000|100%|HC|  |TAMS 0x000000008b700000, 0x000000008b600000| Complete 
| 183|0x000000008b700000, 0x000000008b800000, 0x000000008b800000|100%|HC|  |TAMS 0x000000008b800000, 0x000000008b700000| Complete 
| 184|0x000000008b800000, 0x000000008b900000, 0x000000008b900000|100%|HS|  |TAMS 0x000000008b900000, 0x000000008b800000| Complete 
| 185|0x000000008b900000, 0x000000008ba00000, 0x000000008ba00000|100%| O|  |TAMS 0x000000008ba00000, 0x000000008b900000| Untracked 
| 186|0x000000008ba00000, 0x000000008bb00000, 0x000000008bb00000|100%| O|  |TAMS 0x000000008bb00000, 0x000000008ba00000| Untracked 
| 187|0x000000008bb00000, 0x000000008bc00000, 0x000000008bc00000|100%| O|  |TAMS 0x000000008bc00000, 0x000000008bb00000| Untracked 
| 188|0x000000008bc00000, 0x000000008bd00000, 0x000000008bd00000|100%| O|  |TAMS 0x000000008bd00000, 0x000000008bc00000| Complete 
| 189|0x000000008bd00000, 0x000000008be00000, 0x000000008be00000|100%| O|  |TAMS 0x000000008be00000, 0x000000008bd00000| Untracked 
| 190|0x000000008be00000, 0x000000008bf00000, 0x000000008bf00000|100%| O|  |TAMS 0x000000008bf00000, 0x000000008be00000| Untracked 
| 191|0x000000008bf00000, 0x000000008c000000, 0x000000008c000000|100%| O|  |TAMS 0x000000008c000000, 0x000000008bf00000| Untracked 
| 192|0x000000008c000000, 0x000000008c100000, 0x000000008c100000|100%| O|  |TAMS 0x000000008c100000, 0x000000008c000000| Complete 
| 193|0x000000008c100000, 0x000000008c200000, 0x000000008c200000|100%|HS|  |TAMS 0x000000008c200000, 0x000000008c100000| Complete 
| 194|0x000000008c200000, 0x000000008c300000, 0x000000008c300000|100%| O|  |TAMS 0x000000008c300000, 0x000000008c200000| Untracked 
| 195|0x000000008c300000, 0x000000008c400000, 0x000000008c400000|100%|HS|  |TAMS 0x000000008c400000, 0x000000008c300000| Complete 
| 196|0x000000008c400000, 0x000000008c500000, 0x000000008c500000|100%|HC|  |TAMS 0x000000008c500000, 0x000000008c400000| Complete 
| 197|0x000000008c500000, 0x000000008c600000, 0x000000008c600000|100%|HS|  |TAMS 0x000000008c600000, 0x000000008c500000| Complete 
| 198|0x000000008c600000, 0x000000008c700000, 0x000000008c700000|100%| O|  |TAMS 0x000000008c700000, 0x000000008c600000| Complete 
| 199|0x000000008c700000, 0x000000008c800000, 0x000000008c800000|100%|HS|  |TAMS 0x000000008c800000, 0x000000008c700000| Complete 
| 200|0x000000008c800000, 0x000000008c900000, 0x000000008c900000|100%|HC|  |TAMS 0x000000008c900000, 0x000000008c800000| Complete 
| 201|0x000000008c900000, 0x000000008ca00000, 0x000000008ca00000|100%|HS|  |TAMS 0x000000008ca00000, 0x000000008c900000| Complete 
| 202|0x000000008ca00000, 0x000000008cb00000, 0x000000008cb00000|100%|HS|  |TAMS 0x000000008cb00000, 0x000000008ca00000| Complete 
| 203|0x000000008cb00000, 0x000000008cc00000, 0x000000008cc00000|100%| O|  |TAMS 0x000000008cc00000, 0x000000008cb00000| Complete 
| 204|0x000000008cc00000, 0x000000008cd00000, 0x000000008cd00000|100%|HS|  |TAMS 0x000000008cd00000, 0x000000008cc00000| Complete 
| 205|0x000000008cd00000, 0x000000008ce00000, 0x000000008ce00000|100%| O|  |TAMS 0x000000008ce00000, 0x000000008cd00000| Complete 
| 206|0x000000008ce00000, 0x000000008cf00000, 0x000000008cf00000|100%| O|  |TAMS 0x000000008cf00000, 0x000000008ce00000| Complete 
| 207|0x000000008cf00000, 0x000000008d000000, 0x000000008d000000|100%| O|  |TAMS 0x000000008d000000, 0x000000008cf00000| Complete 
| 208|0x000000008d000000, 0x000000008d100000, 0x000000008d100000|100%| O|  |TAMS 0x000000008d100000, 0x000000008d000000| Untracked 
| 209|0x000000008d100000, 0x000000008d200000, 0x000000008d200000|100%| O|  |TAMS 0x000000008d200000, 0x000000008d100000| Untracked 
| 210|0x000000008d200000, 0x000000008d300000, 0x000000008d300000|100%| O|  |TAMS 0x000000008d300000, 0x000000008d200000| Untracked 
| 211|0x000000008d300000, 0x000000008d400000, 0x000000008d400000|100%| O|  |TAMS 0x000000008d400000, 0x000000008d300000| Untracked 
| 212|0x000000008d400000, 0x000000008d500000, 0x000000008d500000|100%| O|  |TAMS 0x000000008d500000, 0x000000008d400000| Untracked 
| 213|0x000000008d500000, 0x000000008d600000, 0x000000008d600000|100%| O|  |TAMS 0x000000008d600000, 0x000000008d500000| Complete 
| 214|0x000000008d600000, 0x000000008d700000, 0x000000008d700000|100%| O|  |TAMS 0x000000008d700000, 0x000000008d600000| Untracked 
| 215|0x000000008d700000, 0x000000008d800000, 0x000000008d800000|100%|HS|  |TAMS 0x000000008d800000, 0x000000008d700000| Complete 
| 216|0x000000008d800000, 0x000000008d900000, 0x000000008d900000|100%|HC|  |TAMS 0x000000008d900000, 0x000000008d800000| Complete 
| 217|0x000000008d900000, 0x000000008da00000, 0x000000008da00000|100%|HS|  |TAMS 0x000000008da00000, 0x000000008d900000| Complete 
| 218|0x000000008da00000, 0x000000008db00000, 0x000000008db00000|100%| O|  |TAMS 0x000000008db00000, 0x000000008da00000| Untracked 
| 219|0x000000008db00000, 0x000000008dc00000, 0x000000008dc00000|100%|HS|  |TAMS 0x000000008dc00000, 0x000000008db00000| Complete 
| 220|0x000000008dc00000, 0x000000008dd00000, 0x000000008dd00000|100%| O|  |TAMS 0x000000008dd00000, 0x000000008dc00000| Complete 
| 221|0x000000008dd00000, 0x000000008de00000, 0x000000008de00000|100%| O|  |TAMS 0x000000008de00000, 0x000000008dd00000| Complete 
| 222|0x000000008de00000, 0x000000008df00000, 0x000000008df00000|100%| O|  |TAMS 0x000000008df00000, 0x000000008de00000| Complete 
| 223|0x000000008df00000, 0x000000008e000000, 0x000000008e000000|100%| O|  |TAMS 0x000000008e000000, 0x000000008df00000| Complete 
| 224|0x000000008e000000, 0x000000008e100000, 0x000000008e100000|100%|HS|  |TAMS 0x000000008e100000, 0x000000008e000000| Complete 
| 225|0x000000008e100000, 0x000000008e200000, 0x000000008e200000|100%|HC|  |TAMS 0x000000008e200000, 0x000000008e100000| Complete 
| 226|0x000000008e200000, 0x000000008e300000, 0x000000008e300000|100%|HC|  |TAMS 0x000000008e300000, 0x000000008e200000| Complete 
| 227|0x000000008e300000, 0x000000008e400000, 0x000000008e400000|100%| O|  |TAMS 0x000000008e400000, 0x000000008e300000| Complete 
| 228|0x000000008e400000, 0x000000008e500000, 0x000000008e500000|100%| O|  |TAMS 0x000000008e500000, 0x000000008e400000| Untracked 
| 229|0x000000008e500000, 0x000000008e600000, 0x000000008e600000|100%| O|  |TAMS 0x000000008e600000, 0x000000008e500000| Untracked 
| 230|0x000000008e600000, 0x000000008e700000, 0x000000008e700000|100%|HS|  |TAMS 0x000000008e700000, 0x000000008e600000| Complete 
| 231|0x000000008e700000, 0x000000008e800000, 0x000000008e800000|100%|HC|  |TAMS 0x000000008e800000, 0x000000008e700000| Complete 
| 232|0x000000008e800000, 0x000000008e900000, 0x000000008e900000|100%|HC|  |TAMS 0x000000008e900000, 0x000000008e800000| Complete 
| 233|0x000000008e900000, 0x000000008ea00000, 0x000000008ea00000|100%| O|  |TAMS 0x000000008ea00000, 0x000000008e900000| Complete 
| 234|0x000000008ea00000, 0x000000008eb00000, 0x000000008eb00000|100%|HS|  |TAMS 0x000000008eb00000, 0x000000008ea00000| Complete 
| 235|0x000000008eb00000, 0x000000008ec00000, 0x000000008ec00000|100%| O|  |TAMS 0x000000008eb30600, 0x000000008eb00000| Complete 
| 236|0x000000008ec00000, 0x000000008ec00000, 0x000000008ed00000|  0%| F|  |TAMS 0x000000008ec00000, 0x000000008ec00000| Untracked 
| 237|0x000000008ed00000, 0x000000008ed00000, 0x000000008ee00000|  0%| F|  |TAMS 0x000000008ed00000, 0x000000008ed00000| Untracked 
| 238|0x000000008ee00000, 0x000000008ef00000, 0x000000008ef00000|100%|HS|  |TAMS 0x000000008ef00000, 0x000000008ee00000| Complete 
| 239|0x000000008ef00000, 0x000000008f000000, 0x000000008f000000|100%|HC|  |TAMS 0x000000008f000000, 0x000000008ef00000| Complete 
| 240|0x000000008f000000, 0x000000008f100000, 0x000000008f100000|100%|HC|  |TAMS 0x000000008f100000, 0x000000008f000000| Complete 
| 241|0x000000008f100000, 0x000000008f100000, 0x000000008f200000|  0%| F|  |TAMS 0x000000008f100000, 0x000000008f100000| Untracked 
| 242|0x000000008f200000, 0x000000008f300000, 0x000000008f300000|100%|HS|  |TAMS 0x000000008f300000, 0x000000008f200000| Complete 
| 243|0x000000008f300000, 0x000000008f400000, 0x000000008f400000|100%| O|  |TAMS 0x000000008f400000, 0x000000008f300000| Untracked 
| 244|0x000000008f400000, 0x000000008f500000, 0x000000008f500000|100%| O|  |TAMS 0x000000008f500000, 0x000000008f400000| Complete 
| 245|0x000000008f500000, 0x000000008f600000, 0x000000008f600000|100%| O|  |TAMS 0x000000008f600000, 0x000000008f500000| Untracked 
| 246|0x000000008f600000, 0x000000008f700000, 0x000000008f700000|100%| O|  |TAMS 0x000000008f700000, 0x000000008f600000| Untracked 
| 247|0x000000008f700000, 0x000000008f800000, 0x000000008f800000|100%| O|  |TAMS 0x000000008f800000, 0x000000008f700000| Untracked 
| 248|0x000000008f800000, 0x000000008f900000, 0x000000008f900000|100%| O|  |TAMS 0x000000008f900000, 0x000000008f800000| Complete 
| 249|0x000000008f900000, 0x000000008fa00000, 0x000000008fa00000|100%| O|  |TAMS 0x000000008fa00000, 0x000000008f900000| Untracked 
| 250|0x000000008fa00000, 0x000000008fb00000, 0x000000008fb00000|100%| O|  |TAMS 0x000000008fb00000, 0x000000008fa00000| Complete 
| 251|0x000000008fb00000, 0x000000008fc00000, 0x000000008fc00000|100%| O|  |TAMS 0x000000008fc00000, 0x000000008fb00000| Complete 
| 252|0x000000008fc00000, 0x000000008fd00000, 0x000000008fd00000|100%| O|  |TAMS 0x000000008fd00000, 0x000000008fc00000| Complete 
| 253|0x000000008fd00000, 0x000000008fd00000, 0x000000008fe00000|  0%| F|  |TAMS 0x000000008fd00000, 0x000000008fd00000| Untracked 
| 254|0x000000008fe00000, 0x000000008fe00000, 0x000000008ff00000|  0%| F|  |TAMS 0x000000008fe00000, 0x000000008fe00000| Untracked 
| 255|0x000000008ff00000, 0x000000008ff00000, 0x0000000090000000|  0%| F|  |TAMS 0x000000008ff00000, 0x000000008ff00000| Untracked 
| 256|0x0000000090000000, 0x0000000090000000, 0x0000000090100000|  0%| F|  |TAMS 0x0000000090000000, 0x0000000090000000| Untracked 
| 257|0x0000000090100000, 0x0000000090100000, 0x0000000090200000|  0%| F|  |TAMS 0x0000000090100000, 0x0000000090100000| Untracked 
| 258|0x0000000090200000, 0x0000000090200000, 0x0000000090300000|  0%| F|  |TAMS 0x0000000090200000, 0x0000000090200000| Untracked 
| 259|0x0000000090300000, 0x0000000090300000, 0x0000000090400000|  0%| F|  |TAMS 0x0000000090300000, 0x0000000090300000| Untracked 
| 260|0x0000000090400000, 0x0000000090400000, 0x0000000090500000|  0%| F|  |TAMS 0x0000000090400000, 0x0000000090400000| Untracked 
| 261|0x0000000090500000, 0x0000000090500000, 0x0000000090600000|  0%| F|  |TAMS 0x0000000090500000, 0x0000000090500000| Untracked 
| 262|0x0000000090600000, 0x0000000090600000, 0x0000000090700000|  0%| F|  |TAMS 0x0000000090600000, 0x0000000090600000| Untracked 
| 263|0x0000000090700000, 0x0000000090700000, 0x0000000090800000|  0%| F|  |TAMS 0x0000000090700000, 0x0000000090700000| Untracked 
| 264|0x0000000090800000, 0x0000000090800000, 0x0000000090900000|  0%| F|  |TAMS 0x0000000090800000, 0x0000000090800000| Untracked 
| 265|0x0000000090900000, 0x0000000090900000, 0x0000000090a00000|  0%| F|  |TAMS 0x0000000090900000, 0x0000000090900000| Untracked 
| 266|0x0000000090a00000, 0x0000000090a00000, 0x0000000090b00000|  0%| F|  |TAMS 0x0000000090a00000, 0x0000000090a00000| Untracked 
| 267|0x0000000090b00000, 0x0000000090b00000, 0x0000000090c00000|  0%| F|  |TAMS 0x0000000090b00000, 0x0000000090b00000| Untracked 
| 268|0x0000000090c00000, 0x0000000090c00000, 0x0000000090d00000|  0%| F|  |TAMS 0x0000000090c00000, 0x0000000090c00000| Untracked 
| 269|0x0000000090d00000, 0x0000000090d00000, 0x0000000090e00000|  0%| F|  |TAMS 0x0000000090d00000, 0x0000000090d00000| Untracked 
| 270|0x0000000090e00000, 0x0000000090e00000, 0x0000000090f00000|  0%| F|  |TAMS 0x0000000090e00000, 0x0000000090e00000| Untracked 
| 271|0x0000000090f00000, 0x0000000090f00000, 0x0000000091000000|  0%| F|  |TAMS 0x0000000090f00000, 0x0000000090f00000| Untracked 
| 272|0x0000000091000000, 0x0000000091000000, 0x0000000091100000|  0%| F|  |TAMS 0x0000000091000000, 0x0000000091000000| Untracked 
| 273|0x0000000091100000, 0x0000000091100000, 0x0000000091200000|  0%| F|  |TAMS 0x0000000091100000, 0x0000000091100000| Untracked 
| 274|0x0000000091200000, 0x0000000091200000, 0x0000000091300000|  0%| F|  |TAMS 0x0000000091200000, 0x0000000091200000| Untracked 
| 275|0x0000000091300000, 0x0000000091300000, 0x0000000091400000|  0%| F|  |TAMS 0x0000000091300000, 0x0000000091300000| Untracked 
| 276|0x0000000091400000, 0x0000000091400000, 0x0000000091500000|  0%| F|  |TAMS 0x0000000091400000, 0x0000000091400000| Untracked 
| 277|0x0000000091500000, 0x0000000091500000, 0x0000000091600000|  0%| F|  |TAMS 0x0000000091500000, 0x0000000091500000| Untracked 
| 278|0x0000000091600000, 0x0000000091600000, 0x0000000091700000|  0%| F|  |TAMS 0x0000000091600000, 0x0000000091600000| Untracked 
| 279|0x0000000091700000, 0x0000000091700000, 0x0000000091800000|  0%| F|  |TAMS 0x0000000091700000, 0x0000000091700000| Untracked 
| 280|0x0000000091800000, 0x0000000091800000, 0x0000000091900000|  0%| F|  |TAMS 0x0000000091800000, 0x0000000091800000| Untracked 
| 281|0x0000000091900000, 0x0000000091900000, 0x0000000091a00000|  0%| F|  |TAMS 0x0000000091900000, 0x0000000091900000| Untracked 
| 282|0x0000000091a00000, 0x0000000091a00000, 0x0000000091b00000|  0%| F|  |TAMS 0x0000000091a00000, 0x0000000091a00000| Untracked 
| 283|0x0000000091b00000, 0x0000000091b00000, 0x0000000091c00000|  0%| F|  |TAMS 0x0000000091b00000, 0x0000000091b00000| Untracked 
| 284|0x0000000091c00000, 0x0000000091c00000, 0x0000000091d00000|  0%| F|  |TAMS 0x0000000091c00000, 0x0000000091c00000| Untracked 
| 285|0x0000000091d00000, 0x0000000091d00000, 0x0000000091e00000|  0%| F|  |TAMS 0x0000000091d00000, 0x0000000091d00000| Untracked 
| 286|0x0000000091e00000, 0x0000000091e00000, 0x0000000091f00000|  0%| F|  |TAMS 0x0000000091e00000, 0x0000000091e00000| Untracked 
| 287|0x0000000091f00000, 0x0000000091f00000, 0x0000000092000000|  0%| F|  |TAMS 0x0000000091f00000, 0x0000000091f00000| Untracked 
| 288|0x0000000092000000, 0x0000000092000000, 0x0000000092100000|  0%| F|  |TAMS 0x0000000092000000, 0x0000000092000000| Untracked 
| 289|0x0000000092100000, 0x0000000092100000, 0x0000000092200000|  0%| F|  |TAMS 0x0000000092100000, 0x0000000092100000| Untracked 
| 290|0x0000000092200000, 0x0000000092200000, 0x0000000092300000|  0%| F|  |TAMS 0x0000000092200000, 0x0000000092200000| Untracked 
| 291|0x0000000092300000, 0x0000000092300000, 0x0000000092400000|  0%| F|  |TAMS 0x0000000092300000, 0x0000000092300000| Untracked 
| 292|0x0000000092400000, 0x0000000092400000, 0x0000000092500000|  0%| F|  |TAMS 0x0000000092400000, 0x0000000092400000| Untracked 
| 293|0x0000000092500000, 0x0000000092500000, 0x0000000092600000|  0%| F|  |TAMS 0x0000000092500000, 0x0000000092500000| Untracked 
| 294|0x0000000092600000, 0x0000000092600000, 0x0000000092700000|  0%| F|  |TAMS 0x0000000092600000, 0x0000000092600000| Untracked 
| 295|0x0000000092700000, 0x0000000092700000, 0x0000000092800000|  0%| F|  |TAMS 0x0000000092700000, 0x0000000092700000| Untracked 
| 296|0x0000000092800000, 0x0000000092800000, 0x0000000092900000|  0%| F|  |TAMS 0x0000000092800000, 0x0000000092800000| Untracked 
| 297|0x0000000092900000, 0x0000000092900000, 0x0000000092a00000|  0%| F|  |TAMS 0x0000000092900000, 0x0000000092900000| Untracked 
| 298|0x0000000092a00000, 0x0000000092a00000, 0x0000000092b00000|  0%| F|  |TAMS 0x0000000092a00000, 0x0000000092a00000| Untracked 
| 299|0x0000000092b00000, 0x0000000092b00000, 0x0000000092c00000|  0%| F|  |TAMS 0x0000000092b00000, 0x0000000092b00000| Untracked 
| 300|0x0000000092c00000, 0x0000000092c00000, 0x0000000092d00000|  0%| F|  |TAMS 0x0000000092c00000, 0x0000000092c00000| Untracked 
| 301|0x0000000092d00000, 0x0000000092d00000, 0x0000000092e00000|  0%| F|  |TAMS 0x0000000092d00000, 0x0000000092d00000| Untracked 
| 302|0x0000000092e00000, 0x0000000092e00000, 0x0000000092f00000|  0%| F|  |TAMS 0x0000000092e00000, 0x0000000092e00000| Untracked 
| 303|0x0000000092f00000, 0x0000000092f00000, 0x0000000093000000|  0%| F|  |TAMS 0x0000000092f00000, 0x0000000092f00000| Untracked 
| 304|0x0000000093000000, 0x0000000093000000, 0x0000000093100000|  0%| F|  |TAMS 0x0000000093000000, 0x0000000093000000| Untracked 
| 305|0x0000000093100000, 0x0000000093100000, 0x0000000093200000|  0%| F|  |TAMS 0x0000000093100000, 0x0000000093100000| Untracked 
| 306|0x0000000093200000, 0x0000000093200000, 0x0000000093300000|  0%| F|  |TAMS 0x0000000093200000, 0x0000000093200000| Untracked 
| 307|0x0000000093300000, 0x0000000093300000, 0x0000000093400000|  0%| F|  |TAMS 0x0000000093300000, 0x0000000093300000| Untracked 
| 308|0x0000000093400000, 0x0000000093400000, 0x0000000093500000|  0%| F|  |TAMS 0x0000000093400000, 0x0000000093400000| Untracked 
| 309|0x0000000093500000, 0x0000000093500000, 0x0000000093600000|  0%| F|  |TAMS 0x0000000093500000, 0x0000000093500000| Untracked 
| 310|0x0000000093600000, 0x0000000093600000, 0x0000000093700000|  0%| F|  |TAMS 0x0000000093600000, 0x0000000093600000| Untracked 
| 311|0x0000000093700000, 0x0000000093700000, 0x0000000093800000|  0%| F|  |TAMS 0x0000000093700000, 0x0000000093700000| Untracked 
| 312|0x0000000093800000, 0x0000000093900000, 0x0000000093900000|100%| S|CS|TAMS 0x0000000093800000, 0x0000000093800000| Complete 
| 313|0x0000000093900000, 0x0000000093a00000, 0x0000000093a00000|100%| S|CS|TAMS 0x0000000093900000, 0x0000000093900000| Complete 
| 314|0x0000000093a00000, 0x0000000093b00000, 0x0000000093b00000|100%| S|CS|TAMS 0x0000000093a00000, 0x0000000093a00000| Complete 
| 315|0x0000000093b00000, 0x0000000093c00000, 0x0000000093c00000|100%| S|CS|TAMS 0x0000000093b00000, 0x0000000093b00000| Complete 
| 316|0x0000000093c00000, 0x0000000093c00000, 0x0000000093d00000|  0%| F|  |TAMS 0x0000000093c00000, 0x0000000093c00000| Untracked 
| 317|0x0000000093d00000, 0x0000000093d00000, 0x0000000093e00000|  0%| F|  |TAMS 0x0000000093d00000, 0x0000000093d00000| Untracked 
| 318|0x0000000093e00000, 0x0000000093e00000, 0x0000000093f00000|  0%| F|  |TAMS 0x0000000093e00000, 0x0000000093e00000| Untracked 
| 319|0x0000000093f00000, 0x0000000093f00000, 0x0000000094000000|  0%| F|  |TAMS 0x0000000093f00000, 0x0000000093f00000| Untracked 
| 320|0x0000000094000000, 0x0000000094000000, 0x0000000094100000|  0%| F|  |TAMS 0x0000000094000000, 0x0000000094000000| Untracked 
| 321|0x0000000094100000, 0x0000000094100000, 0x0000000094200000|  0%| F|  |TAMS 0x0000000094100000, 0x0000000094100000| Untracked 
| 322|0x0000000094200000, 0x0000000094200000, 0x0000000094300000|  0%| F|  |TAMS 0x0000000094200000, 0x0000000094200000| Untracked 
| 323|0x0000000094300000, 0x0000000094300000, 0x0000000094400000|  0%| F|  |TAMS 0x0000000094300000, 0x0000000094300000| Untracked 
| 324|0x0000000094400000, 0x0000000094400000, 0x0000000094500000|  0%| F|  |TAMS 0x0000000094400000, 0x0000000094400000| Untracked 
| 325|0x0000000094500000, 0x0000000094500000, 0x0000000094600000|  0%| F|  |TAMS 0x0000000094500000, 0x0000000094500000| Untracked 
| 326|0x0000000094600000, 0x0000000094600000, 0x0000000094700000|  0%| F|  |TAMS 0x0000000094600000, 0x0000000094600000| Untracked 
| 327|0x0000000094700000, 0x0000000094700000, 0x0000000094800000|  0%| F|  |TAMS 0x0000000094700000, 0x0000000094700000| Untracked 
| 328|0x0000000094800000, 0x0000000094800000, 0x0000000094900000|  0%| F|  |TAMS 0x0000000094800000, 0x0000000094800000| Untracked 
| 329|0x0000000094900000, 0x0000000094900000, 0x0000000094a00000|  0%| F|  |TAMS 0x0000000094900000, 0x0000000094900000| Untracked 
| 330|0x0000000094a00000, 0x0000000094a00000, 0x0000000094b00000|  0%| F|  |TAMS 0x0000000094a00000, 0x0000000094a00000| Untracked 
| 331|0x0000000094b00000, 0x0000000094b00000, 0x0000000094c00000|  0%| F|  |TAMS 0x0000000094b00000, 0x0000000094b00000| Untracked 
| 332|0x0000000094c00000, 0x0000000094c00000, 0x0000000094d00000|  0%| F|  |TAMS 0x0000000094c00000, 0x0000000094c00000| Untracked 
| 333|0x0000000094d00000, 0x0000000094d00000, 0x0000000094e00000|  0%| F|  |TAMS 0x0000000094d00000, 0x0000000094d00000| Untracked 
| 334|0x0000000094e00000, 0x0000000094e00000, 0x0000000094f00000|  0%| F|  |TAMS 0x0000000094e00000, 0x0000000094e00000| Untracked 
| 335|0x0000000094f00000, 0x0000000094f00000, 0x0000000095000000|  0%| F|  |TAMS 0x0000000094f00000, 0x0000000094f00000| Untracked 
| 336|0x0000000095000000, 0x0000000095000000, 0x0000000095100000|  0%| F|  |TAMS 0x0000000095000000, 0x0000000095000000| Untracked 
| 337|0x0000000095100000, 0x0000000095100000, 0x0000000095200000|  0%| F|  |TAMS 0x0000000095100000, 0x0000000095100000| Untracked 

Card table byte_map: [0x000002059c9c0000,0x000002059cdc0000] _byte_map_base: 0x000002059c5c0000

Marking Bits (Prev, Next): (CMBitMap*) 0x00000205894ad788, (CMBitMap*) 0x00000205894ad7c0
 Prev Bits: [0x000002059d1c0000, 0x000002059f1c0000)
 Next Bits: [0x000002059f1c0000, 0x00000205a11c0000)

Polling page: 0x000002058cf70000

Metaspace:

Usage:
  Non-class:    102.19 MB capacity,   100.60 MB ( 98%) used,     1.27 MB (  1%) free+waste,   329.44 KB ( <1%) overhead. 
      Class:     15.30 MB capacity,    14.32 MB ( 94%) used,   859.19 KB (  5%) free+waste,   143.56 KB ( <1%) overhead. 
       Both:    117.50 MB capacity,   114.93 MB ( 98%) used,     2.11 MB (  2%) free+waste,   473.00 KB ( <1%) overhead. 

Virtual space:
  Non-class space:      104.00 MB reserved,     102.25 MB ( 98%) committed 
      Class space:        1.00 GB reserved,      15.37 MB (  2%) committed 
             Both:        1.10 GB reserved,     117.62 MB ( 10%) committed 

Chunk freelists:
   Non-Class:  59.00 KB
       Class:  9.00 KB
        Both:  68.00 KB

MaxMetaspaceSize: 17179869184.00 GB
CompressedClassSpaceSize: 1.00 GB

CodeHeap 'non-profiled nmethods': size=120064Kb used=13554Kb max_used=13733Kb free=106509Kb
 bounds [0x0000020594a50000, 0x00000205957c0000, 0x000002059bf90000]
CodeHeap 'profiled nmethods': size=120000Kb used=39851Kb max_used=40006Kb free=80148Kb
 bounds [0x000002058d520000, 0x000002058fc80000, 0x0000020594a50000]
CodeHeap 'non-nmethods': size=5696Kb used=2353Kb max_used=2387Kb free=3342Kb
 bounds [0x000002058cf90000, 0x000002058d200000, 0x000002058d520000]
 total_blobs=18963 nmethods=17998 adapters=875
 compilation: enabled
              stopped_count=0, restarted_count=0
 full_count=0

Compilation events (20 events):
Event: 289.627 Thread 0x00000205a380d000 nmethod 19563 0x000002058e04b190 code [0x000002058e04b340, 0x000002058e04b4f8]
Event: 289.627 Thread 0x00000205a380d000 19564       2       com.android.tools.r8.graph.H::a (41 bytes)
Event: 289.627 Thread 0x00000205a380d000 nmethod 19564 0x000002058e065290 code [0x000002058e065440, 0x000002058e0655f8]
Event: 289.627 Thread 0x00000205a380d000 19566       2       com.android.tools.r8.graph.B2::<init> (72 bytes)
Event: 289.628 Thread 0x00000205a380d000 nmethod 19566 0x000002058e06b910 code [0x000002058e06bb40, 0x000002058e06c128]
Event: 289.628 Thread 0x00000205a380d000 19575       2       com.android.tools.r8.internal.mM0::<init> (7 bytes)
Event: 289.628 Thread 0x00000205a380d000 nmethod 19575 0x000002058e04ad90 code [0x000002058e04af40, 0x000002058e04b0d8]
Event: 289.628 Thread 0x00000205a380d000 19567       2       com.android.tools.r8.graph.C2::<init> (5 bytes)
Event: 289.628 Thread 0x00000205a380d000 nmethod 19567 0x000002058e055b90 code [0x000002058e055d40, 0x000002058e055e38]
Event: 289.628 Thread 0x00000205a380d000 19571       2       com.android.tools.r8.graph.S0::<init> (114 bytes)
Event: 289.628 Thread 0x00000205a380d000 nmethod 19571 0x000002058e07fa90 code [0x000002058e07fc60, 0x000002058e080028]
Event: 289.628 Thread 0x00000205a380d000 19573       2       com.android.tools.r8.graph.A2::a (26 bytes)
Event: 289.628 Thread 0x00000205a380d000 nmethod 19573 0x000002058e064d90 code [0x000002058e064f40, 0x000002058e0650f8]
Event: 289.628 Thread 0x00000205a380d000 19572       2       com.android.tools.r8.graph.A2::<init> (19 bytes)
Event: 289.628 Thread 0x00000205a380d000 nmethod 19572 0x000002058e0d9210 code [0x000002058e0d93c0, 0x000002058e0d9598]
Event: 289.628 Thread 0x00000205a380d000 19574       2       com.android.tools.r8.graph.x::h (20 bytes)
Event: 289.629 Thread 0x00000205a380d000 nmethod 19574 0x000002058e0d8e10 code [0x000002058e0d8fc0, 0x000002058e0d90d8]
Event: 289.629 Thread 0x00000205a380d000 19576       2       com.android.tools.r8.code.J0::hashCode (21 bytes)
Event: 289.629 Thread 0x00000205a380d000 nmethod 19576 0x000002058e062510 code [0x000002058e0626c0, 0x000002058e062808]
Event: 289.629 Thread 0x00000205a380d000 19565       2       com.android.tools.r8.graph.B2::a (11 bytes)

GC Heap History (20 events):
Event: 288.591 GC heap after
{Heap after GC invocations=84 (full 0):
 garbage-first heap   total 287744K, used 214780K [0x0000000080000000, 0x0000000100000000)
  region size 1024K, 2 young (2048K), 2 survivors (2048K)
 Metaspace       used 115324K, capacity 117840K, committed 118136K, reserved 1153024K
  class space    used 14171K, capacity 15121K, committed 15224K, reserved 1048576K
}
Event: 288.646 GC heap before
{Heap before GC invocations=84 (full 0):
 garbage-first heap   total 287744K, used 269052K [0x0000000080000000, 0x0000000100000000)
  region size 1024K, 21 young (21504K), 2 survivors (2048K)
 Metaspace       used 115499K, capacity 118015K, committed 118136K, reserved 1153024K
  class space    used 14194K, capacity 15158K, committed 15224K, reserved 1048576K
}
Event: 288.648 GC heap after
{Heap after GC invocations=85 (full 0):
 garbage-first heap   total 287744K, used 242801K [0x0000000080000000, 0x0000000100000000)
  region size 1024K, 3 young (3072K), 3 survivors (3072K)
 Metaspace       used 115499K, capacity 118015K, committed 118136K, reserved 1153024K
  class space    used 14194K, capacity 15158K, committed 15224K, reserved 1048576K
}
Event: 288.722 GC heap before
{Heap before GC invocations=85 (full 0):
 garbage-first heap   total 287744K, used 253041K [0x0000000080000000, 0x0000000100000000)
  region size 1024K, 14 young (14336K), 3 survivors (3072K)
 Metaspace       used 115627K, capacity 118153K, committed 118392K, reserved 1153024K
  class space    used 14203K, capacity 15161K, committed 15224K, reserved 1048576K
}
Event: 288.728 GC heap after
{Heap after GC invocations=86 (full 0):
 garbage-first heap   total 287744K, used 247216K [0x0000000080000000, 0x0000000100000000)
  region size 1024K, 2 young (2048K), 2 survivors (2048K)
 Metaspace       used 115627K, capacity 118153K, committed 118392K, reserved 1153024K
  class space    used 14203K, capacity 15161K, committed 15224K, reserved 1048576K
}
Event: 288.770 GC heap before
{Heap before GC invocations=86 (full 0):
 garbage-first heap   total 287744K, used 258480K [0x0000000080000000, 0x0000000100000000)
  region size 1024K, 14 young (14336K), 2 survivors (2048K)
 Metaspace       used 115627K, capacity 118153K, committed 118392K, reserved 1153024K
  class space    used 14203K, capacity 15161K, committed 15224K, reserved 1048576K
}
Event: 288.780 GC heap after
{Heap after GC invocations=87 (full 0):
 garbage-first heap   total 287744K, used 253192K [0x0000000080000000, 0x0000000100000000)
  region size 1024K, 2 young (2048K), 2 survivors (2048K)
 Metaspace       used 115627K, capacity 118153K, committed 118392K, reserved 1153024K
  class space    used 14203K, capacity 15161K, committed 15224K, reserved 1048576K
}
Event: 288.836 GC heap before
{Heap before GC invocations=87 (full 0):
 garbage-first heap   total 287744K, used 243976K [0x0000000080000000, 0x0000000100000000)
  region size 1024K, 14 young (14336K), 2 survivors (2048K)
 Metaspace       used 115628K, capacity 118153K, committed 118392K, reserved 1153024K
  class space    used 14203K, capacity 15161K, committed 15224K, reserved 1048576K
}
Event: 288.847 GC heap after
{Heap after GC invocations=88 (full 0):
 garbage-first heap   total 287744K, used 237869K [0x0000000080000000, 0x0000000100000000)
  region size 1024K, 2 young (2048K), 2 survivors (2048K)
 Metaspace       used 115628K, capacity 118153K, committed 118392K, reserved 1153024K
  class space    used 14203K, capacity 15161K, committed 15224K, reserved 1048576K
}
Event: 288.895 GC heap before
{Heap before GC invocations=88 (full 0):
 garbage-first heap   total 287744K, used 250157K [0x0000000080000000, 0x0000000100000000)
  region size 1024K, 14 young (14336K), 2 survivors (2048K)
 Metaspace       used 115628K, capacity 118153K, committed 118392K, reserved 1153024K
  class space    used 14203K, capacity 15161K, committed 15224K, reserved 1048576K
}
Event: 288.908 GC heap after
{Heap after GC invocations=89 (full 0):
 garbage-first heap   total 287744K, used 244126K [0x0000000080000000, 0x0000000100000000)
  region size 1024K, 2 young (2048K), 2 survivors (2048K)
 Metaspace       used 115628K, capacity 118153K, committed 118392K, reserved 1153024K
  class space    used 14203K, capacity 15161K, committed 15224K, reserved 1048576K
}
Event: 288.956 GC heap before
{Heap before GC invocations=90 (full 0):
 garbage-first heap   total 287744K, used 256414K [0x0000000080000000, 0x0000000100000000)
  region size 1024K, 14 young (14336K), 2 survivors (2048K)
 Metaspace       used 115628K, capacity 118153K, committed 118392K, reserved 1153024K
  class space    used 14203K, capacity 15161K, committed 15224K, reserved 1048576K
}
Event: 288.969 GC heap after
{Heap after GC invocations=91 (full 0):
 garbage-first heap   total 346112K, used 248521K [0x0000000080000000, 0x0000000100000000)
  region size 1024K, 2 young (2048K), 2 survivors (2048K)
 Metaspace       used 115628K, capacity 118153K, committed 118392K, reserved 1153024K
  class space    used 14203K, capacity 15161K, committed 15224K, reserved 1048576K
}
Event: 289.059 GC heap before
{Heap before GC invocations=91 (full 0):
 garbage-first heap   total 346112K, used 263881K [0x0000000080000000, 0x0000000100000000)
  region size 1024K, 16 young (16384K), 2 survivors (2048K)
 Metaspace       used 115628K, capacity 118153K, committed 118392K, reserved 1153024K
  class space    used 14203K, capacity 15161K, committed 15224K, reserved 1048576K
}
Event: 289.077 GC heap after
{Heap after GC invocations=92 (full 0):
 garbage-first heap   total 346112K, used 238785K [0x0000000080000000, 0x0000000100000000)
  region size 1024K, 2 young (2048K), 2 survivors (2048K)
 Metaspace       used 115628K, capacity 118153K, committed 118392K, reserved 1153024K
  class space    used 14203K, capacity 15161K, committed 15224K, reserved 1048576K
}
Event: 289.086 GC heap before
{Heap before GC invocations=92 (full 0):
 garbage-first heap   total 346112K, used 240833K [0x0000000080000000, 0x0000000100000000)
  region size 1024K, 5 young (5120K), 2 survivors (2048K)
 Metaspace       used 115628K, capacity 118153K, committed 118392K, reserved 1153024K
  class space    used 14203K, capacity 15161K, committed 15224K, reserved 1048576K
}
Event: 289.095 GC heap after
{Heap after GC invocations=93 (full 0):
 garbage-first heap   total 346112K, used 240340K [0x0000000080000000, 0x0000000100000000)
  region size 1024K, 4 young (4096K), 4 survivors (4096K)
 Metaspace       used 115628K, capacity 118153K, committed 118392K, reserved 1153024K
  class space    used 14203K, capacity 15161K, committed 15224K, reserved 1048576K
}
Event: 289.290 GC heap before
{Heap before GC invocations=93 (full 0):
 garbage-first heap   total 346112K, used 266964K [0x0000000080000000, 0x0000000100000000)
  region size 1024K, 28 young (28672K), 4 survivors (4096K)
 Metaspace       used 115628K, capacity 118153K, committed 118392K, reserved 1153024K
  class space    used 14203K, capacity 15161K, committed 15224K, reserved 1048576K
}
Event: 289.344 GC heap after
{Heap after GC invocations=94 (full 0):
 garbage-first heap   total 346112K, used 252641K [0x0000000080000000, 0x0000000100000000)
  region size 1024K, 4 young (4096K), 4 survivors (4096K)
 Metaspace       used 115628K, capacity 118153K, committed 118392K, reserved 1153024K
  class space    used 14203K, capacity 15161K, committed 15224K, reserved 1048576K
}
Event: 289.631 GC heap before
{Heap before GC invocations=95 (full 0):
 garbage-first heap   total 346112K, used 273121K [0x0000000080000000, 0x0000000100000000)
  region size 1024K, 26 young (26624K), 4 survivors (4096K)
 Metaspace       used 117687K, capacity 120316K, committed 120440K, reserved 1155072K
  class space    used 14668K, capacity 15671K, committed 15736K, reserved 1048576K
}

Deoptimization events (20 events):
Event: 288.664 Thread 0x00000205a4680800 Uncommon trap: trap_request=0xffffff4d fr.pc=0x0000020594d6bbd0 relative=0x0000000000000230
Event: 288.664 Thread 0x00000205a4680800 Uncommon trap: reason=unstable_if action=reinterpret pc=0x0000020594d6bbd0 method=com.android.tools.r8.graph.W0.a([C)I @ 44 c2
Event: 288.664 Thread 0x00000205a4680800 DEOPT PACKING pc=0x0000020594d6bbd0 sp=0x0000006a2c7fd750
Event: 288.664 Thread 0x00000205a4680800 DEOPT UNPACKING pc=0x000002058cfb662f sp=0x0000006a2c7fd6d8 mode 2
Event: 289.353 Thread 0x00000205a4680800 DEOPT PACKING pc=0x000002058fc5027e sp=0x0000006a2c7fd610
Event: 289.353 Thread 0x00000205a4680800 DEOPT UNPACKING pc=0x000002058cfb6dde sp=0x0000006a2c7fccd0 mode 0
Event: 289.373 Thread 0x00000205a4680800 DEOPT PACKING pc=0x000002058fc5027e sp=0x0000006a2c7fd610
Event: 289.373 Thread 0x00000205a4680800 DEOPT UNPACKING pc=0x000002058cfb6dde sp=0x0000006a2c7fccd0 mode 0
Event: 289.381 Thread 0x00000205a4680800 DEOPT PACKING pc=0x000002058fc5027e sp=0x0000006a2c7fd610
Event: 289.381 Thread 0x00000205a4680800 DEOPT UNPACKING pc=0x000002058cfb6dde sp=0x0000006a2c7fccd0 mode 0
Event: 289.381 Thread 0x00000205a4680800 DEOPT PACKING pc=0x000002058fc5027e sp=0x0000006a2c7fd610
Event: 289.381 Thread 0x00000205a4680800 DEOPT UNPACKING pc=0x000002058cfb6dde sp=0x0000006a2c7fccd0 mode 0
Event: 289.435 Thread 0x00000205a9a1c800 Uncommon trap: trap_request=0xffffff4d fr.pc=0x0000020594d99b84 relative=0x0000000000000144
Event: 289.435 Thread 0x00000205a9a1c800 Uncommon trap: reason=unstable_if action=reinterpret pc=0x0000020594d99b84 method=com.android.tools.r8.internal.SV0.get(I)Ljava/lang/Object; @ 1 c2
Event: 289.435 Thread 0x00000205a9a1c800 DEOPT PACKING pc=0x0000020594d99b84 sp=0x0000006a2d0fe7b0
Event: 289.435 Thread 0x00000205a9a1c800 DEOPT UNPACKING pc=0x000002058cfb662f sp=0x0000006a2d0fe748 mode 2
Event: 289.526 Thread 0x00000205a9a20800 Uncommon trap: trap_request=0xffffff4d fr.pc=0x0000020594d9a138 relative=0x0000000000000198
Event: 289.526 Thread 0x00000205a9a20800 Uncommon trap: reason=unstable_if action=reinterpret pc=0x0000020594d9a138 method=jdk.internal.util.ArraysSupport.mismatch([B[BI)I @ 14 c2
Event: 289.526 Thread 0x00000205a9a20800 DEOPT PACKING pc=0x0000020594d9a138 sp=0x0000006a2cefe720
Event: 289.526 Thread 0x00000205a9a20800 DEOPT UNPACKING pc=0x000002058cfb662f sp=0x0000006a2cefe6c8 mode 2

Classes redefined (0 events):
No events

Internal exceptions (20 events):
Event: 287.781 Thread 0x00000205a467a000 Exception <a 'java/lang/NoSuchMethodError'{0x00000000907cb500}: <clinit>> (0x00000000907cb500) thrown at [./src/hotspot/share/prims/jni.cpp, line 1362]
Event: 288.010 Thread 0x00000205a838f000 Exception <a 'sun/nio/fs/WindowsException'{0x000000008f65a838}> (0x000000008f65a838) thrown at [./src/hotspot/share/prims/jni.cpp, line 615]
Event: 288.011 Thread 0x00000205a838f000 Exception <a 'sun/nio/fs/WindowsException'{0x000000008f65be98}> (0x000000008f65be98) thrown at [./src/hotspot/share/prims/jni.cpp, line 615]
Event: 288.011 Thread 0x00000205a838f000 Exception <a 'sun/nio/fs/WindowsException'{0x000000008f65c108}> (0x000000008f65c108) thrown at [./src/hotspot/share/prims/jni.cpp, line 615]
Event: 288.037 Thread 0x00000205a838f000 Exception <a 'sun/nio/fs/WindowsException'{0x000000008f5a1c78}> (0x000000008f5a1c78) thrown at [./src/hotspot/share/prims/jni.cpp, line 615]
Event: 288.037 Thread 0x00000205a838f000 Exception <a 'sun/nio/fs/WindowsException'{0x000000008f42c5f0}> (0x000000008f42c5f0) thrown at [./src/hotspot/share/prims/jni.cpp, line 615]
Event: 288.403 Thread 0x00000205a4680800 Exception <a 'sun/nio/fs/WindowsException'{0x000000008e7b8560}> (0x000000008e7b8560) thrown at [./src/hotspot/share/prims/jni.cpp, line 615]
Event: 288.404 Thread 0x00000205a4681000 Exception <a 'java/lang/NoSuchMethodError'{0x000000008f84f988}: 'void java.lang.invoke.DirectMethodHandle$Holder.invokeStatic(java.lang.Object, long)'> (0x000000008f84f988) thrown at [./src/hotspot/share/interpreter/linkResolver.cpp, line 773]
Event: 288.405 Thread 0x00000205a4681000 Exception <a 'java/lang/NoSuchMethodError'{0x000000008e7e69c0}: 'java.lang.Object java.lang.invoke.DirectMethodHandle$Holder.invokeStatic(java.lang.Object, long)'> (0x000000008e7e69c0) thrown at [./src/hotspot/share/interpreter/linkResolver.cpp, line 773]
Event: 288.405 Thread 0x00000205a4681000 Exception <a 'java/lang/NoSuchMethodError'{0x000000008e7ecd40}: 'java.lang.Object java.lang.invoke.Invokers$Holder.linkToTargetMethod(long, java.lang.Object)'> (0x000000008e7ecd40) thrown at [./src/hotspot/share/interpreter/linkResolver.cpp, line 773]
Event: 288.406 Thread 0x00000205a4681000 Exception <a 'java/lang/NoSuchMethodError'{0x000000008e7f5328}: 'java.lang.Object java.lang.invoke.DirectMethodHandle$Holder.invokeStaticInit(java.lang.Object, java.lang.Object, long, java.lang.Object)'> (0x000000008e7f5328) thrown at [./src/hotspot/share/interpreter/linkResolver.cpp, line 773]
Event: 288.407 Thread 0x00000205a4681000 Exception <a 'java/lang/NoSuchMethodError'{0x000000008e6060f0}: 'java.lang.Object java.lang.invoke.DirectMethodHandle$Holder.invokeStatic(java.lang.Object, java.lang.Object, long)'> (0x000000008e6060f0) thrown at [./src/hotspot/share/interpreter/linkResolver.cpp, line 773]
Event: 288.407 Thread 0x00000205a4681000 Exception <a 'java/lang/NoSuchMethodError'{0x000000008e60c668}: 'java.lang.Object java.lang.invoke.Invokers$Holder.linkToTargetMethod(java.lang.Object, long, java.lang.Object)'> (0x000000008e60c668) thrown at [./src/hotspot/share/interpreter/linkResolver.cpp, line 773]
Event: 288.576 Thread 0x00000205a4680800 Exception <a 'java/lang/NoSuchMethodError'{0x00000000916a3810}: 'java.lang.Object java.lang.invoke.DirectMethodHandle$Holder.invokeStaticInit(java.lang.Object, java.lang.Object, java.lang.Object, java.lang.Object, java.lang.Object, java.lang.Object, java.lang.Object, java.lang.Object, java.lang.Object, java.lang.Object, java.lang.Object, java.lang.Object, java.lang.Object, java.lang.Object, java.lang.Object, java.lang.Object, java.lang.Object, java.lang.Object, int, java.lang.Object, java.lang.Object)'> (0
Event: 288.658 Thread 0x00000205a4681000 Exception <a 'java/lang/NoSuchMethodError'{0x00000000918f85a8}: 'int java.lang.invoke.DirectMethodHandle$Holder.invokeSpecialIFC(java.lang.Object, java.lang.Object, java.lang.Object)'> (0x00000000918f85a8) thrown at [./src/hotspot/share/interpreter/linkResolver.cpp, line 773]
Event: 289.389 Thread 0x00000205a9a1c800 Exception <a 'java/lang/IncompatibleClassChangeError'{0x0000000094463d88}: Found class java.lang.Object, but interface was expected> (0x0000000094463d88) thrown at [./src/hotspot/share/interpreter/linkResolver.cpp, line 839]
Event: 289.437 Thread 0x00000205a9a21800 Exception <a 'java/lang/NoSuchMethodError'{0x0000000094376d58}: 'java.lang.Object java.lang.invoke.DirectMethodHandle$Holder.newInvokeSpecial(java.lang.Object, int)'> (0x0000000094376d58) thrown at [./src/hotspot/share/interpreter/linkResolver.cpp, line 773]
Event: 289.503 Thread 0x00000205a9a1f800 Exception <a 'java/lang/IncompatibleClassChangeError'{0x00000000940a6a50}: Found class java.lang.Object, but interface was expected> (0x00000000940a6a50) thrown at [./src/hotspot/share/interpreter/linkResolver.cpp, line 839]
Event: 289.504 Thread 0x00000205a9a21800 Exception <a 'java/lang/IncompatibleClassChangeError'{0x0000000094385448}: Found class java.lang.Object, but interface was expected> (0x0000000094385448) thrown at [./src/hotspot/share/interpreter/linkResolver.cpp, line 839]
Event: 289.503 Thread 0x00000205a9a1c800 Exception <a 'java/lang/IncompatibleClassChangeError'{0x00000000943fdd10}: Found class java.lang.Object, but interface was expected> (0x00000000943fdd10) thrown at [./src/hotspot/share/interpreter/linkResolver.cpp, line 839]

Events (20 events):
Event: 289.600 loading class com/android/tools/r8/internal/Vb1 done
Event: 289.600 loading class com/android/tools/r8/internal/Sc1
Event: 289.600 loading class com/android/tools/r8/internal/Sc1 done
Event: 289.601 loading class com/android/tools/r8/internal/ac1
Event: 289.601 loading class com/android/tools/r8/internal/ac1 done
Event: 289.601 loading class com/android/tools/r8/graph/P0
Event: 289.601 loading class com/android/tools/r8/graph/P0 done
Event: 289.602 loading class com/android/tools/r8/graph/D2
Event: 289.602 loading class com/android/tools/r8/graph/D2 done
Event: 289.602 loading class com/android/tools/r8/graph/D2
Event: 289.602 loading class com/android/tools/r8/graph/D2 done
Event: 289.602 loading class com/android/tools/r8/graph/D2
Event: 289.602 loading class com/android/tools/r8/graph/D2 done
Event: 289.602 loading class com/android/tools/r8/internal/Yb1
Event: 289.602 loading class com/android/tools/r8/internal/Yb1 done
Event: 289.602 loading class com/android/tools/r8/internal/dc1
Event: 289.602 loading class com/android/tools/r8/internal/dc1 done
Event: 289.604 loading class com/android/tools/r8/internal/b61
Event: 289.604 loading class com/android/tools/r8/internal/b61 done
Event: 289.629 Executing VM operation: G1CollectForAllocation


Dynamic libraries:
0x00007ff6d6070000 - 0x00007ff6d607a000 	C:\Program Files\Android\Android Studio\jre\bin\java.exe
0x00007ffa09e90000 - 0x00007ffa0a085000 	C:\WINDOWS\SYSTEM32\ntdll.dll
0x00007ffa08920000 - 0x00007ffa089de000 	C:\WINDOWS\System32\KERNEL32.DLL
0x00007ffa07780000 - 0x00007ffa07a49000 	C:\WINDOWS\System32\KERNELBASE.dll
0x00007ffa07de0000 - 0x00007ffa07ee0000 	C:\WINDOWS\System32\ucrtbase.dll
0x00007ff9f5f30000 - 0x00007ff9f5f49000 	C:\Program Files\Android\Android Studio\jre\bin\jli.dll
0x00007ff9f4bc0000 - 0x00007ff9f4bd7000 	C:\Program Files\Android\Android Studio\jre\bin\VCRUNTIME140.dll
0x00007ffa07fc0000 - 0x00007ffa08161000 	C:\WINDOWS\System32\USER32.dll
0x00007ff9f4c30000 - 0x00007ff9f4eca000 	C:\WINDOWS\WinSxS\amd64_microsoft.windows.common-controls_6595b64144ccf1df_6.0.19041.1110_none_60b5254171f9507e\COMCTL32.dll
0x00007ffa075b0000 - 0x00007ffa075d2000 	C:\WINDOWS\System32\win32u.dll
0x00007ffa09610000 - 0x00007ffa096ae000 	C:\WINDOWS\System32\msvcrt.dll
0x00007ffa07f90000 - 0x00007ffa07fbb000 	C:\WINDOWS\System32\GDI32.dll
0x00007ffa07a50000 - 0x00007ffa07b5b000 	C:\WINDOWS\System32\gdi32full.dll
0x00007ffa07be0000 - 0x00007ffa07c7d000 	C:\WINDOWS\System32\msvcp_win.dll
0x00007ffa09c40000 - 0x00007ffa09c70000 	C:\WINDOWS\System32\IMM32.DLL
0x00007ff9b6ef0000 - 0x00007ff9b6f8d000 	C:\Program Files\Android\Android Studio\jre\bin\msvcp140.dll
0x00007ff9b0900000 - 0x00007ff9b13d5000 	C:\Program Files\Android\Android Studio\jre\bin\server\jvm.dll
0x00007ffa08870000 - 0x00007ffa0891c000 	C:\WINDOWS\System32\ADVAPI32.dll
0x00007ffa08b90000 - 0x00007ffa08c2b000 	C:\WINDOWS\System32\sechost.dll
0x00007ffa09b10000 - 0x00007ffa09c3a000 	C:\WINDOWS\System32\RPCRT4.dll
0x00007ffa09b00000 - 0x00007ffa09b08000 	C:\WINDOWS\System32\PSAPI.DLL
0x00007ffa04da0000 - 0x00007ffa04da9000 	C:\WINDOWS\SYSTEM32\WSOCK32.dll
0x00007ff9fef80000 - 0x00007ff9fefa7000 	C:\WINDOWS\SYSTEM32\WINMM.dll
0x00007ffa095a0000 - 0x00007ffa0960b000 	C:\WINDOWS\System32\WS2_32.dll
0x00007ff9ff0b0000 - 0x00007ff9ff0ba000 	C:\WINDOWS\SYSTEM32\VERSION.dll
0x00007ffa054d0000 - 0x00007ffa054e2000 	C:\WINDOWS\SYSTEM32\kernel.appcore.dll
0x00007ffa04d30000 - 0x00007ffa04d41000 	C:\Program Files\Android\Android Studio\jre\bin\verify.dll
0x00007ffa00650000 - 0x00007ffa00834000 	C:\WINDOWS\SYSTEM32\DBGHELP.DLL
0x00007ff9fad40000 - 0x00007ff9fad6c000 	C:\WINDOWS\SYSTEM32\dbgcore.DLL
0x00007ffa07690000 - 0x00007ffa07713000 	C:\WINDOWS\System32\bcryptPrimitives.dll
0x00007ffa02570000 - 0x00007ffa02599000 	C:\Program Files\Android\Android Studio\jre\bin\java.dll
0x00007ffa04d90000 - 0x00007ffa04d9b000 	C:\Program Files\Android\Android Studio\jre\bin\jimage.dll
0x00007ffa016d0000 - 0x00007ffa016e8000 	C:\Program Files\Android\Android Studio\jre\bin\zip.dll
0x00007ffa08e50000 - 0x00007ffa0958f000 	C:\WINDOWS\System32\SHELL32.dll
0x00007ffa056d0000 - 0x00007ffa05e60000 	C:\WINDOWS\SYSTEM32\windows.storage.dll
0x00007ffa096c0000 - 0x00007ffa09a15000 	C:\WINDOWS\System32\combase.dll
0x00007ffa06f30000 - 0x00007ffa06f5c000 	C:\WINDOWS\SYSTEM32\Wldp.dll
0x00007ffa09da0000 - 0x00007ffa09e4d000 	C:\WINDOWS\System32\SHCORE.dll
0x00007ffa085f0000 - 0x00007ffa08645000 	C:\WINDOWS\System32\shlwapi.dll
0x00007ffa074f0000 - 0x00007ffa0750f000 	C:\WINDOWS\SYSTEM32\profapi.dll
0x00007ffa00430000 - 0x00007ffa0044a000 	C:\Program Files\Android\Android Studio\jre\bin\net.dll
0x00007ff9f9ae0000 - 0x00007ff9f9be8000 	C:\WINDOWS\SYSTEM32\WINHTTP.dll
0x00007ffa06c90000 - 0x00007ffa06cfa000 	C:\WINDOWS\system32\mswsock.dll
0x00007ffa00410000 - 0x00007ffa00424000 	C:\Program Files\Android\Android Studio\jre\bin\nio.dll
0x00007ff9f5e70000 - 0x00007ff9f5e97000 	C:\Users\User\.gradle\native\e1d6ef7f7dcc3fd88c89a11ec53ec762bb8ba0a96d01ffa2cd45eb1d1d8dd5c5\windows-amd64\native-platform.dll
0x00007ff9b87a0000 - 0x00007ff9b88e4000 	C:\Users\User\.gradle\native\5664cfc778a61ccfe75a443a1ab52a65af34e5dc3c78e0209fed803814484fcb\windows-amd64\native-platform-file-events.dll
0x00007ffa04d20000 - 0x00007ffa04d2a000 	C:\Program Files\Android\Android Studio\jre\bin\management.dll
0x00007ffa01ef0000 - 0x00007ffa01efd000 	C:\Program Files\Android\Android Studio\jre\bin\management_ext.dll
0x00007ffa06e80000 - 0x00007ffa06e98000 	C:\WINDOWS\SYSTEM32\CRYPTSP.dll
0x00007ffa06610000 - 0x00007ffa06644000 	C:\WINDOWS\system32\rsaenh.dll
0x00007ffa07b60000 - 0x00007ffa07b87000 	C:\WINDOWS\System32\bcrypt.dll
0x00007ffa074b0000 - 0x00007ffa074de000 	C:\WINDOWS\SYSTEM32\USERENV.dll
0x00007ffa06ea0000 - 0x00007ffa06eac000 	C:\WINDOWS\SYSTEM32\CRYPTBASE.dll
0x00007ffa06980000 - 0x00007ffa069bb000 	C:\WINDOWS\SYSTEM32\IPHLPAPI.DLL
0x00007ffa096b0000 - 0x00007ffa096b8000 	C:\WINDOWS\System32\NSI.dll
0x00007ff9ff9d0000 - 0x00007ff9ff9e7000 	C:\WINDOWS\SYSTEM32\dhcpcsvc6.DLL
0x00007ff9ffac0000 - 0x00007ff9ffadd000 	C:\WINDOWS\SYSTEM32\dhcpcsvc.DLL
0x00007ffa069c0000 - 0x00007ffa06a8c000 	C:\WINDOWS\SYSTEM32\DNSAPI.dll
0x00007ffa062a0000 - 0x00007ffa062d3000 	C:\WINDOWS\SYSTEM32\ntmarta.dll

dbghelp: loaded successfully - version: 4.0.5 - missing functions: none
symbol engine: initialized successfully - sym options: 0x614 - pdb path: .;C:\Program Files\Android\Android Studio\jre\bin;C:\WINDOWS\SYSTEM32;C:\WINDOWS\WinSxS\amd64_microsoft.windows.common-controls_6595b64144ccf1df_6.0.19041.1110_none_60b5254171f9507e;C:\Program Files\Android\Android Studio\jre\bin\server;C:\Users\User\.gradle\native\e1d6ef7f7dcc3fd88c89a11ec53ec762bb8ba0a96d01ffa2cd45eb1d1d8dd5c5\windows-amd64;C:\Users\User\.gradle\native\5664cfc778a61ccfe75a443a1ab52a65af34e5dc3c78e0209fed803814484fcb\windows-amd64

VM Arguments:
jvm_args: --add-opens=java.base/java.util=ALL-UNNAMED --add-opens=java.base/java.lang=ALL-UNNAMED --add-opens=java.base/java.lang.invoke=ALL-UNNAMED --add-opens=java.base/java.util=ALL-UNNAMED --add-opens=java.prefs/java.util.prefs=ALL-UNNAMED --add-opens=java.prefs/java.util.prefs=ALL-UNNAMED --add-opens=java.base/java.nio.charset=ALL-UNNAMED --add-opens=java.base/java.net=ALL-UNNAMED --add-opens=java.base/java.util.concurrent.atomic=ALL-UNNAMED -Xmx2048m -Dfile.encoding=UTF-8 -Duser.country=ID -Duser.language=en -Duser.variant 
java_command: org.gradle.launcher.daemon.bootstrap.GradleDaemon 7.3.3
java_class_path (initial): C:\Users\User\.gradle\wrapper\dists\gradle-7.3.3-bin\6a41zxkdtcxs8rphpq6y0069z\gradle-7.3.3\lib\gradle-launcher-7.3.3.jar
Launcher Type: SUN_STANDARD

[Global flags]
     intx CICompilerCount                          = 3                                         {product} {ergonomic}
     uint ConcGCThreads                            = 1                                         {product} {ergonomic}
     uint G1ConcRefinementThreads                  = 4                                         {product} {ergonomic}
   size_t G1HeapRegionSize                         = 1048576                                   {product} {ergonomic}
    uintx GCDrainStackTargetSize                   = 64                                        {product} {ergonomic}
   size_t InitialHeapSize                          = 117440512                                 {product} {ergonomic}
   size_t MarkStackSize                            = 4194304                                   {product} {ergonomic}
   size_t MaxHeapSize                              = 2147483648                                {product} {command line}
   size_t MaxNewSize                               = 1287651328                                {product} {ergonomic}
   size_t MinHeapDeltaBytes                        = 1048576                                   {product} {ergonomic}
    uintx NonNMethodCodeHeapSize                   = 5830732                                {pd product} {ergonomic}
    uintx NonProfiledCodeHeapSize                  = 122913754                              {pd product} {ergonomic}
    uintx ProfiledCodeHeapSize                     = 122913754                              {pd product} {ergonomic}
    uintx ReservedCodeCacheSize                    = 251658240                              {pd product} {ergonomic}
     bool SegmentedCodeCache                       = true                                      {product} {ergonomic}
     bool UseCompressedClassPointers               = true                                 {lp64_product} {ergonomic}
     bool UseCompressedOops                        = true                                 {lp64_product} {ergonomic}
     bool UseG1GC                                  = true                                      {product} {ergonomic}
     bool UseLargePagesIndividualAllocation        = false                                  {pd product} {ergonomic}

Logging:
Log output configuration:
 #0: stdout all=warning uptime,level,tags
 #1: stderr all=off uptime,level,tags

Environment Variables:
JAVA_HOME=C:\Users\User\.jdks\azul-13.0.8
CLASSPATH=.;
PATH=C:\Program Files\gradle-7.3.3-bin\gradle-7.3.3\bin;C:\Program Files (x86)\Common Files\Oracle\Java\javapath;C:\Python27\;C:\Python27\Scripts;C:\ProgramData\Oracle\Java\javapath;C:\WINDOWS\system32;C:\WINDOWS;C:\WINDOWS\System32\Wbem;C:\WINDOWS\System32\WindowsPowerShell\v1.0\;C:\WINDOWS\System32\OpenSSH\;C:\ProgramData\chocolatey\bin;C:\Program Files\nodejs\;C:\Users\User\AppData\Local\Android\Sdk\platform-tools;C:\Program Files\Java\jdk-15.0.2\bin;C:\Program Files\Java\jdk1.8.0_271\bin;C:\Users\User\.jdks\azul-13.0.8\bin;C:\Program Files\Git\cmd;C:\flutter\bin;C:\Users\User\AppData\Local\Microsoft\WindowsApps;C:\Users\User\AppData\Local\Programs\Microsoft VS Code\bin;C:\Users\User\AppData\Roaming\npm;C:\Users\User\AppData\Local\Android\Sdk\platform-tools;
USERNAME=User
OS=Windows_NT
PROCESSOR_IDENTIFIER=AMD64 Family 23 Model 24 Stepping 1, AuthenticAMD



---------------  S Y S T E M  ---------------

OS: Windows 10 , 64 bit Build 19041 (10.0.19041.1202)
OS uptime: 2 days 3:29 hours

CPU:total 4 (initial active 4) (4 cores per cpu, 1 threads per core) family 23 model 24 stepping 1 microcode 0x0, cmov, cx8, fxsr, mmx, sse, sse2, sse3, ssse3, sse4.1, sse4.2, popcnt, avx, avx2, aes, clmul, mmxext, 3dnowpref, lzcnt, sse4a, tsc, tscinvbit, tscinv, bmi1, bmi2, adx, sha, 

Memory: 4k page, system-wide physical 7096M (325M free)
TotalPageFile size 15288M (AvailPageFile size 99M)
current process WorkingSet (physical memory assigned to process): 511M, peak: 557M
current process commit charge ("private bytes"): 702M, peak: 1199M

vm_info: OpenJDK 64-Bit Server VM (11.0.11+9-b60-7590822) for windows-amd64 JRE (11.0.11+9-b60-7590822), built on Jul 29 2021 21:43:44 by "builder" with MS VC++ 14.0 (VS2015)

END.
