#
# There is insufficient memory for the Java Runtime Environment to continue.
# Native memory allocation (mmap) failed to map 245366784 bytes for Failed to commit area from 0x0000000094000000 to 0x00000000a2a00000 of length 245366784.
# Possible reasons:
#   The system is out of physical RAM or swap space
#   The process is running with CompressedOops enabled, and the Java Heap may be blocking the growth of the native heap
# Possible solutions:
#   Reduce memory load on the system
#   Increase physical memory or swap space
#   Check if swap backing store is full
#   Decrease Java heap size (-Xmx/-Xms)
#   Decrease number of Java threads
#   Decrease Java thread stack sizes (-Xss)
#   Set larger code cache with -XX:ReservedCodeCacheSize=
#   JVM is running with Unscaled Compressed Oops mode in which the Java heap is
#     placed in the first 4GB address space. The Java Heap base address is the
#     maximum limit for the native heap growth. Please use -XX:HeapBaseMinAddress
#     to set the Java Heap base and to place the Java Heap above 4GB virtual address.
# This output file may be truncated or incomplete.
#
#  Out of Memory Error (./src/hotspot/os/windows/os_windows.cpp:3301), pid=1860, tid=8588
#
# JRE version: OpenJDK Runtime Environment (11.0.11+9) (build 11.0.11+9-b60-7590822)
# Java VM: OpenJDK 64-Bit Server VM (11.0.11+9-b60-7590822, mixed mode, tiered, compressed oops, g1 gc, windows-amd64)
# No core dump will be written. Minidumps are not enabled by default on client versions of Windows
#

---------------  S U M M A R Y ------------

Command Line: --add-opens=java.base/java.util=ALL-UNNAMED --add-opens=java.base/java.lang=ALL-UNNAMED --add-opens=java.base/java.lang.invoke=ALL-UNNAMED --add-opens=java.base/java.util=ALL-UNNAMED --add-opens=java.prefs/java.util.prefs=ALL-UNNAMED --add-opens=java.prefs/java.util.prefs=ALL-UNNAMED --add-opens=java.base/java.nio.charset=ALL-UNNAMED --add-opens=java.base/java.net=ALL-UNNAMED --add-opens=java.base/java.util.concurrent.atomic=ALL-UNNAMED -Xmx2048m -Dfile.encoding=UTF-8 -Duser.country=ID -Duser.language=en -Duser.variant org.gradle.launcher.daemon.bootstrap.GradleDaemon 7.3.3

Host: AMD Ryzen 3 3200G with Radeon Vega Graphics    , 4 cores, 6G,  Windows 10 , 64 bit Build 19041 (10.0.19041.1202)
Time: Tue Feb 15 14:55:45 2022 SE Asia Standard Time elapsed time: 17.967934 seconds (0d 0h 0m 17s)

---------------  T H R E A D  ---------------

Current thread (0x000001d422b4d800):  VMThread "VM Thread" [stack: 0x0000009890100000,0x0000009890200000] [id=8588]

Stack: [0x0000009890100000,0x0000009890200000]
[error occurred during error reporting (printing stack bounds), id 0xc0000005, EXCEPTION_ACCESS_VIOLATION (0xc0000005) at pc=0x000001d40c350f2d]

Native frames: (J=compiled Java code, j=interpreted, Vv=VM code, C=native code)
V  [jvm.dll+0x5f214a]
V  [jvm.dll+0x726fb5]
V  [jvm.dll+0x7285cd]
V  [jvm.dll+0x728be5]
V  [jvm.dll+0x728b9b]
V  [jvm.dll+0x5f14e8]
V  [jvm.dll+0x5f1c78]
C  [ntdll.dll+0xa20cf]
C  [ntdll.dll+0x51454]
C  [ntdll.dll+0xa0bfe]
C  0x000001d40c350f2d

VM_Operation (0x00000098962fd950): G1CollectForAllocation, mode: safepoint, requested by thread 0x000001d428da5000


---------------  P R O C E S S  ---------------

Threads class SMR info:
_java_thread_list=0x000001d426d69890, length=96, elements={
0x000001d40707e000, 0x000001d422b51000, 0x000001d422b5a800, 0x000001d422b6a800,
0x000001d422b6b800, 0x000001d422b6d000, 0x000001d422b70800, 0x000001d422b7d800,
0x000001d422b86800, 0x000001d423624000, 0x000001d424871800, 0x000001d426674800,
0x000001d425e94800, 0x000001d424d09800, 0x000001d42571c000, 0x000001d4249f5800,
0x000001d42559a000, 0x000001d425deb800, 0x000001d4267f3800, 0x000001d4260fd000,
0x000001d4260ff000, 0x000001d426103800, 0x000001d426101800, 0x000001d426102000,
0x000001d4260fe000, 0x000001d4260ff800, 0x000001d426103000, 0x000001d426100800,
0x000001d425a27000, 0x000001d425a26000, 0x000001d425a24800, 0x000001d425a23000,
0x000001d425a23800, 0x000001d425a25800, 0x000001d425a2b000, 0x000001d425a2d800,
0x000001d425a2c000, 0x000001d425a2a000, 0x000001d425a2e000, 0x000001d425a28800,
0x000001d425a2f000, 0x000001d425a30000, 0x000001d42390f800, 0x000001d423909800,
0x000001d423910000, 0x000001d42390c000, 0x000001d42390a800, 0x000001d42390d000,
0x000001d423911000, 0x000001d42390b800, 0x000001d423913800, 0x000001d42390e000,
0x000001d423912000, 0x000001d423912800, 0x000001d423914800, 0x000001d42390e800,
0x000001d423917000, 0x000001d423915000, 0x000001d423917800, 0x000001d423916000,
0x000001d423918800, 0x000001d428f12800, 0x000001d428f18800, 0x000001d428f19000,
0x000001d428f15000, 0x000001d428f16800, 0x000001d428f16000, 0x000001d428f17800,
0x000001d428f13800, 0x000001d428f1a000, 0x000001d428f14800, 0x000001d428f1b000,
0x000001d428f21800, 0x000001d428f1e000, 0x000001d428f20800, 0x000001d428f1d800,
0x000001d428f1b800, 0x000001d428f1c800, 0x000001d428f1f000, 0x000001d428f1f800,
0x000001d428d99800, 0x000001d428d9a000, 0x000001d428d97000, 0x000001d428d9b000,
0x000001d428d9c000, 0x000001d428d9d800, 0x000001d428d97800, 0x000001d428d9e000,
0x000001d428d98800, 0x000001d428da1800, 0x000001d428da0800, 0x000001d428da0000,
0x000001d428da2800, 0x000001d428da5000, 0x000001d428d9f000, 0x000001d428da3000
}

Java Threads: ( => current thread )
  0x000001d40707e000 JavaThread "main" [_thread_blocked, id=1852, stack(0x000000988fb00000,0x000000988fc00000)]
  0x000001d422b51000 JavaThread "Reference Handler" daemon [_thread_blocked, id=2052, stack(0x0000009890200000,0x0000009890300000)]
  0x000001d422b5a800 JavaThread "Finalizer" daemon [_thread_blocked, id=8544, stack(0x0000009890300000,0x0000009890400000)]
  0x000001d422b6a800 JavaThread "Signal Dispatcher" daemon [_thread_blocked, id=10496, stack(0x0000009890400000,0x0000009890500000)]
  0x000001d422b6b800 JavaThread "Attach Listener" daemon [_thread_blocked, id=2932, stack(0x0000009890500000,0x0000009890600000)]
  0x000001d422b6d000 JavaThread "Service Thread" daemon [_thread_blocked, id=5900, stack(0x0000009890600000,0x0000009890700000)]
  0x000001d422b70800 JavaThread "C2 CompilerThread0" daemon [_thread_in_native, id=12220, stack(0x0000009890700000,0x0000009890800000)]
  0x000001d422b7d800 JavaThread "C1 CompilerThread0" daemon [_thread_blocked, id=11256, stack(0x0000009890800000,0x0000009890900000)]
  0x000001d422b86800 JavaThread "Sweeper thread" daemon [_thread_blocked, id=9944, stack(0x0000009890900000,0x0000009890a00000)]
  0x000001d423624000 JavaThread "Common-Cleaner" daemon [_thread_blocked, id=10144, stack(0x0000009890a00000,0x0000009890b00000)]
  0x000001d424871800 JavaThread "Daemon health stats" [_thread_blocked, id=8936, stack(0x0000009890e00000,0x0000009890f00000)]
  0x000001d426674800 JavaThread "Incoming local TCP Connector on port 62695" [_thread_in_native, id=10036, stack(0x0000009890c00000,0x0000009890d00000)]
  0x000001d425e94800 JavaThread "Daemon periodic checks" [_thread_blocked, id=12172, stack(0x0000009890f00000,0x0000009891000000)]
  0x000001d424d09800 JavaThread "Daemon" [_thread_blocked, id=6756, stack(0x0000009891000000,0x0000009891100000)]
  0x000001d42571c000 JavaThread "Handler for socket connection from /127.0.0.1:62695 to /127.0.0.1:62696" [_thread_in_native, id=7892, stack(0x0000009891100000,0x0000009891200000)]
  0x000001d4249f5800 JavaThread "Cancel handler" [_thread_blocked, id=1832, stack(0x0000009891200000,0x0000009891300000)]
  0x000001d42559a000 JavaThread "Daemon worker" [_thread_blocked, id=1476, stack(0x0000009891300000,0x0000009891400000)]
  0x000001d425deb800 JavaThread "Asynchronous log dispatcher for DefaultDaemonConnection: socket connection from /127.0.0.1:62695 to /127.0.0.1:62696" [_thread_blocked, id=9404, stack(0x0000009891400000,0x0000009891500000)]
  0x000001d4267f3800 JavaThread "Stdin handler" [_thread_blocked, id=2116, stack(0x0000009891500000,0x0000009891600000)]
  0x000001d4260fd000 JavaThread "Daemon client event forwarder" [_thread_blocked, id=10384, stack(0x0000009891600000,0x0000009891700000)]
  0x000001d4260ff000 JavaThread "C2 CompilerThread1" daemon [_thread_in_native, id=4052, stack(0x0000009891700000,0x0000009891800000)]
  0x000001d426103800 JavaThread "Cache worker for journal cache (C:\Users\User\.gradle\caches\journal-1)" [_thread_blocked, id=12156, stack(0x0000009891a00000,0x0000009891b00000)]
  0x000001d426101800 JavaThread "File lock request listener" [_thread_in_native, id=9096, stack(0x0000009891b00000,0x0000009891c00000)]
  0x000001d426102000 JavaThread "Cache worker for file hash cache (C:\Users\User\.gradle\caches\7.3.3\fileHashes)" [_thread_blocked, id=4104, stack(0x0000009891c00000,0x0000009891d00000)]
  0x000001d4260fe000 JavaThread "Cache worker for file hash cache (D:\Binar\Sciroper-CC7\.gradle\7.3.3\fileHashes)" [_thread_blocked, id=6580, stack(0x0000009891d00000,0x0000009891e00000)]
  0x000001d4260ff800 JavaThread "File watcher server" daemon [_thread_blocked, id=4044, stack(0x0000009891e00000,0x0000009891f00000)]
  0x000001d426103000 JavaThread "File watcher consumer" daemon [_thread_blocked, id=372, stack(0x0000009891f00000,0x0000009892000000)]
  0x000001d426100800 JavaThread "Cache worker for checksums cache (D:\Binar\Sciroper-CC7\.gradle\7.3.3\checksums)" [_thread_blocked, id=9100, stack(0x0000009892000000,0x0000009892100000)]
  0x000001d425a27000 JavaThread "Cache worker for cache directory md-supplier (C:\Users\User\.gradle\caches\7.3.3\md-supplier)" [_thread_blocked, id=8088, stack(0x0000009892100000,0x0000009892200000)]
  0x000001d425a26000 JavaThread "Cache worker for cache directory md-rule (C:\Users\User\.gradle\caches\7.3.3\md-rule)" [_thread_blocked, id=8348, stack(0x0000009892200000,0x0000009892300000)]
  0x000001d425a24800 JavaThread "Cache worker for execution history cache (C:\Users\User\.gradle\caches\7.3.3\executionHistory)" [_thread_blocked, id=1404, stack(0x0000009892300000,0x0000009892400000)]
  0x000001d425a23000 JavaThread "jar transforms" [_thread_blocked, id=4280, stack(0x0000009892400000,0x0000009892500000)]
  0x000001d425a23800 JavaThread "jar transforms Thread 2" [_thread_blocked, id=5560, stack(0x0000009892500000,0x0000009892600000)]
  0x000001d425a25800 JavaThread "Cache worker for file content cache (C:\Users\User\.gradle\caches\7.3.3\fileContent)" [_thread_blocked, id=2176, stack(0x0000009892600000,0x0000009892700000)]
  0x000001d425a2b000 JavaThread "Cache worker for dependencies-accessors (D:\Binar\Sciroper-CC7\.gradle\7.3.3\dependencies-accessors)" [_thread_blocked, id=6364, stack(0x0000009892700000,0x0000009892800000)]
  0x000001d425a2d800 JavaThread "jar transforms Thread 3" [_thread_blocked, id=9260, stack(0x0000009892800000,0x0000009892900000)]
  0x000001d425a2c000 JavaThread "Cache worker for Build Output Cleanup Cache (D:\Binar\Sciroper-CC7\.gradle\buildOutputCleanup)" [_thread_blocked, id=5600, stack(0x0000009892900000,0x0000009892a00000)]
  0x000001d425a2a000 JavaThread "Unconstrained build operations" [_thread_blocked, id=11656, stack(0x0000009892a00000,0x0000009892b00000)]
  0x000001d425a2e000 JavaThread "Unconstrained build operations Thread 2" [_thread_blocked, id=11280, stack(0x0000009892b00000,0x0000009892c00000)]
  0x000001d425a28800 JavaThread "Unconstrained build operations Thread 3" [_thread_blocked, id=7040, stack(0x0000009892c00000,0x0000009892d00000)]
  0x000001d425a2f000 JavaThread "Unconstrained build operations Thread 4" [_thread_blocked, id=6356, stack(0x0000009892d00000,0x0000009892e00000)]
  0x000001d425a30000 JavaThread "Unconstrained build operations Thread 5" [_thread_blocked, id=3080, stack(0x0000009892e00000,0x0000009892f00000)]
  0x000001d42390f800 JavaThread "Unconstrained build operations Thread 6" [_thread_blocked, id=9720, stack(0x0000009892f00000,0x0000009893000000)]
  0x000001d423909800 JavaThread "Unconstrained build operations Thread 7" [_thread_blocked, id=7348, stack(0x0000009893000000,0x0000009893100000)]
  0x000001d423910000 JavaThread "Unconstrained build operations Thread 8" [_thread_blocked, id=11644, stack(0x0000009893100000,0x0000009893200000)]
  0x000001d42390c000 JavaThread "Unconstrained build operations Thread 9" [_thread_blocked, id=3224, stack(0x0000009893200000,0x0000009893300000)]
  0x000001d42390a800 JavaThread "Unconstrained build operations Thread 10" [_thread_blocked, id=11544, stack(0x0000009893300000,0x0000009893400000)]
  0x000001d42390d000 JavaThread "Unconstrained build operations Thread 11" [_thread_blocked, id=6884, stack(0x0000009893400000,0x0000009893500000)]
  0x000001d423911000 JavaThread "Unconstrained build operations Thread 12" [_thread_blocked, id=8476, stack(0x0000009893500000,0x0000009893600000)]
  0x000001d42390b800 JavaThread "Unconstrained build operations Thread 13" [_thread_blocked, id=6232, stack(0x0000009893600000,0x0000009893700000)]
  0x000001d423913800 JavaThread "Unconstrained build operations Thread 14" [_thread_blocked, id=11220, stack(0x0000009893700000,0x0000009893800000)]
  0x000001d42390e000 JavaThread "Unconstrained build operations Thread 15" [_thread_blocked, id=4720, stack(0x0000009893800000,0x0000009893900000)]
  0x000001d423912000 JavaThread "Unconstrained build operations Thread 16" [_thread_blocked, id=9028, stack(0x0000009893900000,0x0000009893a00000)]
  0x000001d423912800 JavaThread "Unconstrained build operations Thread 17" [_thread_blocked, id=11852, stack(0x0000009893a00000,0x0000009893b00000)]
  0x000001d423914800 JavaThread "Unconstrained build operations Thread 18" [_thread_blocked, id=9592, stack(0x0000009893b00000,0x0000009893c00000)]
  0x000001d42390e800 JavaThread "Unconstrained build operations Thread 19" [_thread_blocked, id=9304, stack(0x0000009893c00000,0x0000009893d00000)]
  0x000001d423917000 JavaThread "Unconstrained build operations Thread 20" [_thread_blocked, id=2892, stack(0x0000009893d00000,0x0000009893e00000)]
  0x000001d423915000 JavaThread "Unconstrained build operations Thread 21" [_thread_blocked, id=10280, stack(0x0000009893e00000,0x0000009893f00000)]
  0x000001d423917800 JavaThread "Unconstrained build operations Thread 22" [_thread_blocked, id=8584, stack(0x0000009893f00000,0x0000009894000000)]
  0x000001d423916000 JavaThread "Unconstrained build operations Thread 23" [_thread_blocked, id=3076, stack(0x0000009894000000,0x0000009894100000)]
  0x000001d423918800 JavaThread "Unconstrained build operations Thread 24" [_thread_blocked, id=10920, stack(0x0000009894100000,0x0000009894200000)]
  0x000001d428f12800 JavaThread "Unconstrained build operations Thread 25" [_thread_blocked, id=2020, stack(0x0000009894200000,0x0000009894300000)]
  0x000001d428f18800 JavaThread "Unconstrained build operations Thread 26" [_thread_blocked, id=8224, stack(0x0000009894300000,0x0000009894400000)]
  0x000001d428f19000 JavaThread "Unconstrained build operations Thread 27" [_thread_blocked, id=4936, stack(0x0000009894400000,0x0000009894500000)]
  0x000001d428f15000 JavaThread "Unconstrained build operations Thread 28" [_thread_blocked, id=10916, stack(0x0000009894500000,0x0000009894600000)]
  0x000001d428f16800 JavaThread "Unconstrained build operations Thread 29" [_thread_blocked, id=3088, stack(0x0000009894600000,0x0000009894700000)]
  0x000001d428f16000 JavaThread "Unconstrained build operations Thread 30" [_thread_blocked, id=4652, stack(0x0000009894700000,0x0000009894800000)]
  0x000001d428f17800 JavaThread "Unconstrained build operations Thread 31" [_thread_blocked, id=3908, stack(0x0000009894800000,0x0000009894900000)]
  0x000001d428f13800 JavaThread "Unconstrained build operations Thread 32" [_thread_blocked, id=2096, stack(0x0000009894900000,0x0000009894a00000)]
  0x000001d428f1a000 JavaThread "Unconstrained build operations Thread 33" [_thread_blocked, id=12068, stack(0x0000009894a00000,0x0000009894b00000)]
  0x000001d428f14800 JavaThread "Unconstrained build operations Thread 34" [_thread_blocked, id=8952, stack(0x0000009894b00000,0x0000009894c00000)]
  0x000001d428f1b000 JavaThread "Unconstrained build operations Thread 35" [_thread_blocked, id=12232, stack(0x0000009894c00000,0x0000009894d00000)]
  0x000001d428f21800 JavaThread "Unconstrained build operations Thread 36" [_thread_blocked, id=12152, stack(0x0000009894d00000,0x0000009894e00000)]
  0x000001d428f1e000 JavaThread "Unconstrained build operations Thread 37" [_thread_blocked, id=12248, stack(0x0000009894e00000,0x0000009894f00000)]
  0x000001d428f20800 JavaThread "Unconstrained build operations Thread 38" [_thread_blocked, id=8096, stack(0x0000009894f00000,0x0000009895000000)]
  0x000001d428f1d800 JavaThread "Unconstrained build operations Thread 39" [_thread_blocked, id=11116, stack(0x0000009895000000,0x0000009895100000)]
  0x000001d428f1b800 JavaThread "Unconstrained build operations Thread 40" [_thread_blocked, id=9392, stack(0x0000009895100000,0x0000009895200000)]
  0x000001d428f1c800 JavaThread "jar transforms Thread 4" [_thread_blocked, id=11144, stack(0x0000009895200000,0x0000009895300000)]
  0x000001d428f1f000 JavaThread "Memory manager" [_thread_blocked, id=1208, stack(0x0000009895300000,0x0000009895400000)]
  0x000001d428f1f800 JavaThread "build event listener" [_thread_blocked, id=2920, stack(0x0000009895400000,0x0000009895500000)]
  0x000001d428d99800 JavaThread "build event listener" [_thread_blocked, id=11584, stack(0x0000009895500000,0x0000009895600000)]
  0x000001d428d9a000 JavaThread "Execution worker for ':'" [_thread_blocked, id=852, stack(0x0000009895600000,0x0000009895700000)]
  0x000001d428d97000 JavaThread "Execution worker for ':' Thread 2" [_thread_blocked, id=9516, stack(0x0000009895700000,0x0000009895800000)]
  0x000001d428d9b000 JavaThread "Execution worker for ':' Thread 3" [_thread_blocked, id=3264, stack(0x0000009895800000,0x0000009895900000)]
  0x000001d428d9c000 JavaThread "Cache worker for execution history cache (D:\Binar\Sciroper-CC7\.gradle\7.3.3\executionHistory)" [_thread_blocked, id=10028, stack(0x0000009895900000,0x0000009895a00000)]
  0x000001d428d9d800 JavaThread "WorkerExecutor Queue" [_thread_blocked, id=8292, stack(0x0000009895a00000,0x0000009895b00000)]
  0x000001d428d97800 JavaThread "pool-3-thread-1" [_thread_blocked, id=11216, stack(0x0000009895b00000,0x0000009895c00000)]
  0x000001d428d9e000 JavaThread "stderr" [_thread_in_native, id=3124, stack(0x0000009895c00000,0x0000009895d00000)]
  0x000001d428d98800 JavaThread "stdout" [_thread_in_native, id=7500, stack(0x0000009895d00000,0x0000009895e00000)]
  0x000001d428da1800 JavaThread "WorkerExecutor Queue Thread 2" [_thread_blocked, id=1004, stack(0x0000009895e00000,0x0000009895f00000)]
  0x000001d428da0800 JavaThread "WorkerExecutor Queue Thread 3" [_thread_blocked, id=8616, stack(0x0000009895f00000,0x0000009896000000)]
  0x000001d428da0000 JavaThread "WorkerExecutor Queue Thread 4" [_thread_blocked, id=1132, stack(0x0000009896000000,0x0000009896100000)]
  0x000001d428da2800 JavaThread "ForkJoinPool-1-worker-3" daemon [_thread_blocked, id=8264, stack(0x0000009896100000,0x0000009896200000)]
  0x000001d428da5000 JavaThread "ForkJoinPool-1-worker-5" daemon [_thread_blocked, id=9920, stack(0x0000009896200000,0x0000009896300000)]
  0x000001d428d9f000 JavaThread "ForkJoinPool-1-worker-7" daemon [_thread_blocked, id=8624, stack(0x0000009896300000,0x0000009896400000)]
  0x000001d428da3000 JavaThread "ForkJoinPool-1-worker-1" daemon [_thread_blocked, id=4176, stack(0x0000009896400000,0x0000009896500000)]

Other Threads:
=>0x000001d422b4d800 VMThread "VM Thread" [stack: 0x0000009890100000,0x0000009890200000] [id=8588]
  0x000001d42364b000 WatcherThread [stack: 0x0000009890b00000,0x0000009890c00000] [id=8248]
  0x000001d407097800 GCTaskThread "GC Thread#0" [stack: 0x000000988fc00000,0x000000988fd00000] [id=8116]
  0x000001d4238f1800 GCTaskThread "GC Thread#1" [stack: 0x0000009890d00000,0x0000009890e00000] [id=11884]
  0x000001d425d2a000 GCTaskThread "GC Thread#2" [stack: 0x0000009891800000,0x0000009891900000] [id=10984]
  0x000001d424703000 GCTaskThread "GC Thread#3" [stack: 0x0000009891900000,0x0000009891a00000] [id=9352]
  0x000001d4070c7800 ConcurrentGCThread "G1 Main Marker" [stack: 0x000000988fd00000,0x000000988fe00000] [id=6752]
  0x000001d4070c9000 ConcurrentGCThread "G1 Conc#0" [stack: 0x000000988fe00000,0x000000988ff00000] [id=11228]
  0x000001d407145000 ConcurrentGCThread "G1 Refine#0" [stack: 0x000000988ff00000,0x0000009890000000] [id=10972]
  0x000001d42cc52000 ConcurrentGCThread "G1 Refine#1" [stack: 0x0000009896500000,0x0000009896600000] [id=1104]
  0x000001d407146000 ConcurrentGCThread "G1 Young RemSet Sampling" [stack: 0x0000009890000000,0x0000009890100000] [id=9084]

Threads with active compile tasks:
C2 CompilerThread0  17977 12791       4       com.android.tools.r8.code.x1::a (4130 bytes)
C2 CompilerThread1  17977 12821       4       com.android.tools.r8.dex.r::a (1038 bytes)

VM state:at safepoint (normal execution)

VM Mutex/Monitor currently owned by a thread:  ([mutex/lock_event])
[0x000001d40707b4c0] Threads_lock - owner thread: 0x000001d422b4d800
[0x000001d40707a8f0] Heap_lock - owner thread: 0x000001d428da5000

Heap address: 0x0000000080000000, size: 2048 MB, Compressed Oops mode: 32-bit
Narrow klass base: 0x0000000000000000, Narrow klass shift: 3
Compressed class space size: 1073741824 Address: 0x0000000100000000

Heap:
 garbage-first heap   total 567296K, used 261120K [0x0000000080000000, 0x0000000100000000)
  region size 1024K, 2 young (2048K), 2 survivors (2048K)
 Metaspace       used 98114K, capacity 100477K, committed 100812K, reserved 1136640K
  class space    used 12813K, capacity 13712K, committed 13824K, reserved 1048576K
Heap Regions: E=young(eden), S=young(survivor), O=old, HS=humongous(starts), HC=humongous(continues), CS=collection set, F=free, A=archive, TAMS=top-at-mark-start (previous, next)
|   0|0x0000000080000000, 0x0000000080100000, 0x0000000080100000|100%| O|  |TAMS 0x0000000080100000, 0x0000000080000000| Untracked 
|   1|0x0000000080100000, 0x0000000080200000, 0x0000000080200000|100%| O|  |TAMS 0x0000000080200000, 0x0000000080100000| Untracked 
|   2|0x0000000080200000, 0x0000000080300000, 0x0000000080300000|100%| O|  |TAMS 0x0000000080300000, 0x0000000080200000| Untracked 
|   3|0x0000000080300000, 0x0000000080400000, 0x0000000080400000|100%|HS|  |TAMS 0x0000000080400000, 0x0000000080300000| Complete 
|   4|0x0000000080400000, 0x0000000080500000, 0x0000000080500000|100%|HC|  |TAMS 0x0000000080500000, 0x0000000080400000| Complete 
|   5|0x0000000080500000, 0x0000000080600000, 0x0000000080600000|100%|HC|  |TAMS 0x0000000080600000, 0x0000000080500000| Complete 
|   6|0x0000000080600000, 0x0000000080700000, 0x0000000080700000|100%| O|  |TAMS 0x0000000080700000, 0x0000000080600000| Untracked 
|   7|0x0000000080700000, 0x0000000080800000, 0x0000000080800000|100%| O|  |TAMS 0x0000000080800000, 0x0000000080700000| Untracked 
|   8|0x0000000080800000, 0x0000000080900000, 0x0000000080900000|100%| O|  |TAMS 0x0000000080900000, 0x0000000080800000| Complete 
|   9|0x0000000080900000, 0x0000000080a00000, 0x0000000080a00000|100%| O|  |TAMS 0x0000000080a00000, 0x0000000080900000| Complete 
|  10|0x0000000080a00000, 0x0000000080b00000, 0x0000000080b00000|100%| O|  |TAMS 0x0000000080b00000, 0x0000000080a00000| Untracked 
|  11|0x0000000080b00000, 0x0000000080c00000, 0x0000000080c00000|100%| O|  |TAMS 0x0000000080c00000, 0x0000000080b00000| Untracked 
|  12|0x0000000080c00000, 0x0000000080d00000, 0x0000000080d00000|100%| O|  |TAMS 0x0000000080d00000, 0x0000000080c00000| Untracked 
|  13|0x0000000080d00000, 0x0000000080e00000, 0x0000000080e00000|100%| O|  |TAMS 0x0000000080e00000, 0x0000000080d00000| Complete 
|  14|0x0000000080e00000, 0x0000000080f00000, 0x0000000080f00000|100%| O|  |TAMS 0x0000000080f00000, 0x0000000080e00000| Complete 
|  15|0x0000000080f00000, 0x0000000081000000, 0x0000000081000000|100%| O|  |TAMS 0x0000000081000000, 0x0000000080f00000| Untracked 
|  16|0x0000000081000000, 0x0000000081100000, 0x0000000081100000|100%| O|  |TAMS 0x0000000081100000, 0x0000000081000000| Untracked 
|  17|0x0000000081100000, 0x0000000081200000, 0x0000000081200000|100%| O|  |TAMS 0x0000000081200000, 0x0000000081100000| Untracked 
|  18|0x0000000081200000, 0x0000000081300000, 0x0000000081300000|100%|HS|  |TAMS 0x0000000081300000, 0x0000000081200000| Complete 
|  19|0x0000000081300000, 0x0000000081400000, 0x0000000081400000|100%| O|  |TAMS 0x0000000081400000, 0x0000000081300000| Untracked 
|  20|0x0000000081400000, 0x0000000081500000, 0x0000000081500000|100%| O|  |TAMS 0x0000000081500000, 0x0000000081400000| Untracked 
|  21|0x0000000081500000, 0x0000000081600000, 0x0000000081600000|100%| O|  |TAMS 0x0000000081600000, 0x0000000081500000| Complete 
|  22|0x0000000081600000, 0x0000000081700000, 0x0000000081700000|100%| O|  |TAMS 0x0000000081700000, 0x0000000081600000| Untracked 
|  23|0x0000000081700000, 0x0000000081800000, 0x0000000081800000|100%| O|  |TAMS 0x0000000081800000, 0x0000000081700000| Untracked 
|  24|0x0000000081800000, 0x0000000081900000, 0x0000000081900000|100%|HS|  |TAMS 0x0000000081900000, 0x0000000081800000| Complete 
|  25|0x0000000081900000, 0x0000000081a00000, 0x0000000081a00000|100%|HS|  |TAMS 0x0000000081a00000, 0x0000000081900000| Complete 
|  26|0x0000000081a00000, 0x0000000081b00000, 0x0000000081b00000|100%|HS|  |TAMS 0x0000000081b00000, 0x0000000081a00000| Complete 
|  27|0x0000000081b00000, 0x0000000081c00000, 0x0000000081c00000|100%| O|  |TAMS 0x0000000081c00000, 0x0000000081b00000| Untracked 
|  28|0x0000000081c00000, 0x0000000081d00000, 0x0000000081d00000|100%| O|  |TAMS 0x0000000081d00000, 0x0000000081c00000| Untracked 
|  29|0x0000000081d00000, 0x0000000081e00000, 0x0000000081e00000|100%| O|  |TAMS 0x0000000081e00000, 0x0000000081d00000| Untracked 
|  30|0x0000000081e00000, 0x0000000081f00000, 0x0000000081f00000|100%| O|  |TAMS 0x0000000081f00000, 0x0000000081e00000| Complete 
|  31|0x0000000081f00000, 0x0000000082000000, 0x0000000082000000|100%|HS|  |TAMS 0x0000000082000000, 0x0000000081f00000| Complete 
|  32|0x0000000082000000, 0x0000000082100000, 0x0000000082100000|100%|HC|  |TAMS 0x0000000082100000, 0x0000000082000000| Complete 
|  33|0x0000000082100000, 0x0000000082200000, 0x0000000082200000|100%|HC|  |TAMS 0x0000000082200000, 0x0000000082100000| Complete 
|  34|0x0000000082200000, 0x0000000082300000, 0x0000000082300000|100%|HS|  |TAMS 0x0000000082300000, 0x0000000082200000| Complete 
|  35|0x0000000082300000, 0x0000000082400000, 0x0000000082400000|100%|HC|  |TAMS 0x0000000082400000, 0x0000000082300000| Complete 
|  36|0x0000000082400000, 0x0000000082500000, 0x0000000082500000|100%| O|  |TAMS 0x0000000082500000, 0x0000000082400000| Untracked 
|  37|0x0000000082500000, 0x0000000082600000, 0x0000000082600000|100%| O|  |TAMS 0x0000000082600000, 0x0000000082500000| Untracked 
|  38|0x0000000082600000, 0x0000000082700000, 0x0000000082700000|100%| O|  |TAMS 0x0000000082700000, 0x0000000082600000| Untracked 
|  39|0x0000000082700000, 0x0000000082800000, 0x0000000082800000|100%| O|  |TAMS 0x0000000082800000, 0x0000000082700000| Untracked 
|  40|0x0000000082800000, 0x0000000082900000, 0x0000000082900000|100%| O|  |TAMS 0x0000000082900000, 0x0000000082800000| Untracked 
|  41|0x0000000082900000, 0x0000000082a00000, 0x0000000082a00000|100%| O|  |TAMS 0x0000000082a00000, 0x0000000082900000| Untracked 
|  42|0x0000000082a00000, 0x0000000082b00000, 0x0000000082b00000|100%| O|  |TAMS 0x0000000082b00000, 0x0000000082a00000| Complete 
|  43|0x0000000082b00000, 0x0000000082b00000, 0x0000000082c00000|  0%| F|  |TAMS 0x0000000082b00000, 0x0000000082b00000| Untracked 
|  44|0x0000000082c00000, 0x0000000082d00000, 0x0000000082d00000|100%| O|  |TAMS 0x0000000082d00000, 0x0000000082c00000| Complete 
|  45|0x0000000082d00000, 0x0000000082e00000, 0x0000000082e00000|100%| O|  |TAMS 0x0000000082e00000, 0x0000000082d00000| Complete 
|  46|0x0000000082e00000, 0x0000000082f00000, 0x0000000082f00000|100%| O|  |TAMS 0x0000000082f00000, 0x0000000082e00000| Untracked 
|  47|0x0000000082f00000, 0x0000000083000000, 0x0000000083000000|100%| O|  |TAMS 0x0000000083000000, 0x0000000082f00000| Untracked 
|  48|0x0000000083000000, 0x0000000083100000, 0x0000000083100000|100%| O|  |TAMS 0x0000000083100000, 0x0000000083000000| Untracked 
|  49|0x0000000083100000, 0x0000000083200000, 0x0000000083200000|100%| O|  |TAMS 0x0000000083200000, 0x0000000083100000| Untracked 
|  50|0x0000000083200000, 0x0000000083300000, 0x0000000083300000|100%| O|  |TAMS 0x0000000083300000, 0x0000000083200000| Untracked 
|  51|0x0000000083300000, 0x0000000083400000, 0x0000000083400000|100%| O|  |TAMS 0x0000000083400000, 0x0000000083300000| Untracked 
|  52|0x0000000083400000, 0x0000000083500000, 0x0000000083500000|100%| O|  |TAMS 0x0000000083500000, 0x0000000083400000| Complete 
|  53|0x0000000083500000, 0x0000000083600000, 0x0000000083600000|100%| O|  |TAMS 0x0000000083600000, 0x0000000083500000| Untracked 
|  54|0x0000000083600000, 0x0000000083700000, 0x0000000083700000|100%| O|  |TAMS 0x0000000083700000, 0x0000000083600000| Complete 
|  55|0x0000000083700000, 0x0000000083800000, 0x0000000083800000|100%| O|  |TAMS 0x0000000083800000, 0x0000000083700000| Untracked 
|  56|0x0000000083800000, 0x0000000083900000, 0x0000000083900000|100%| O|  |TAMS 0x0000000083900000, 0x0000000083800000| Untracked 
|  57|0x0000000083900000, 0x0000000083a00000, 0x0000000083a00000|100%| O|  |TAMS 0x0000000083a00000, 0x0000000083900000| Untracked 
|  58|0x0000000083a00000, 0x0000000083b00000, 0x0000000083b00000|100%| O|  |TAMS 0x0000000083b00000, 0x0000000083a00000| Complete 
|  59|0x0000000083b00000, 0x0000000083c00000, 0x0000000083c00000|100%| O|  |TAMS 0x0000000083c00000, 0x0000000083b00000| Complete 
|  60|0x0000000083c00000, 0x0000000083d00000, 0x0000000083d00000|100%| O|  |TAMS 0x0000000083d00000, 0x0000000083c00000| Untracked 
|  61|0x0000000083d00000, 0x0000000083e00000, 0x0000000083e00000|100%| O|  |TAMS 0x0000000083e00000, 0x0000000083d00000| Untracked 
|  62|0x0000000083e00000, 0x0000000083f00000, 0x0000000083f00000|100%| O|  |TAMS 0x0000000083f00000, 0x0000000083e00000| Untracked 
|  63|0x0000000083f00000, 0x0000000084000000, 0x0000000084000000|100%| O|  |TAMS 0x0000000084000000, 0x0000000083f00000| Complete 
|  64|0x0000000084000000, 0x0000000084100000, 0x0000000084100000|100%| O|  |TAMS 0x0000000084100000, 0x0000000084000000| Untracked 
|  65|0x0000000084100000, 0x0000000084200000, 0x0000000084200000|100%| O|  |TAMS 0x0000000084200000, 0x0000000084100000| Untracked 
|  66|0x0000000084200000, 0x0000000084300000, 0x0000000084300000|100%| O|  |TAMS 0x0000000084300000, 0x0000000084200000| Untracked 
|  67|0x0000000084300000, 0x0000000084400000, 0x0000000084400000|100%| O|  |TAMS 0x0000000084400000, 0x0000000084300000| Untracked 
|  68|0x0000000084400000, 0x0000000084500000, 0x0000000084500000|100%| O|  |TAMS 0x0000000084500000, 0x0000000084400000| Complete 
|  69|0x0000000084500000, 0x0000000084600000, 0x0000000084600000|100%| O|  |TAMS 0x0000000084600000, 0x0000000084500000| Untracked 
|  70|0x0000000084600000, 0x0000000084700000, 0x0000000084700000|100%| O|  |TAMS 0x0000000084700000, 0x0000000084600000| Untracked 
|  71|0x0000000084700000, 0x0000000084800000, 0x0000000084800000|100%| O|  |TAMS 0x0000000084800000, 0x0000000084700000| Untracked 
|  72|0x0000000084800000, 0x0000000084900000, 0x0000000084900000|100%| O|  |TAMS 0x0000000084900000, 0x0000000084800000| Untracked 
|  73|0x0000000084900000, 0x0000000084a00000, 0x0000000084a00000|100%| O|  |TAMS 0x0000000084a00000, 0x0000000084900000| Untracked 
|  74|0x0000000084a00000, 0x0000000084b00000, 0x0000000084b00000|100%| O|  |TAMS 0x0000000084b00000, 0x0000000084a00000| Untracked 
|  75|0x0000000084b00000, 0x0000000084c00000, 0x0000000084c00000|100%| O|  |TAMS 0x0000000084c00000, 0x0000000084b00000| Complete 
|  76|0x0000000084c00000, 0x0000000084d00000, 0x0000000084d00000|100%| O|  |TAMS 0x0000000084d00000, 0x0000000084c00000| Untracked 
|  77|0x0000000084d00000, 0x0000000084e00000, 0x0000000084e00000|100%| O|  |TAMS 0x0000000084e00000, 0x0000000084d00000| Untracked 
|  78|0x0000000084e00000, 0x0000000084f00000, 0x0000000084f00000|100%| O|  |TAMS 0x0000000084f00000, 0x0000000084e00000| Complete 
|  79|0x0000000084f00000, 0x0000000085000000, 0x0000000085000000|100%| O|  |TAMS 0x0000000085000000, 0x0000000084f00000| Complete 
|  80|0x0000000085000000, 0x0000000085100000, 0x0000000085100000|100%| O|  |TAMS 0x0000000085100000, 0x0000000085000000| Untracked 
|  81|0x0000000085100000, 0x0000000085200000, 0x0000000085200000|100%| O|  |TAMS 0x0000000085200000, 0x0000000085100000| Untracked 
|  82|0x0000000085200000, 0x0000000085300000, 0x0000000085300000|100%| O|  |TAMS 0x0000000085300000, 0x0000000085200000| Untracked 
|  83|0x0000000085300000, 0x0000000085400000, 0x0000000085400000|100%| O|  |TAMS 0x0000000085400000, 0x0000000085300000| Complete 
|  84|0x0000000085400000, 0x0000000085500000, 0x0000000085500000|100%| O|  |TAMS 0x0000000085500000, 0x0000000085400000| Untracked 
|  85|0x0000000085500000, 0x0000000085600000, 0x0000000085600000|100%| O|  |TAMS 0x0000000085600000, 0x0000000085500000| Complete 
|  86|0x0000000085600000, 0x0000000085700000, 0x0000000085700000|100%| O|  |TAMS 0x0000000085700000, 0x0000000085600000| Untracked 
|  87|0x0000000085700000, 0x0000000085800000, 0x0000000085800000|100%| O|  |TAMS 0x0000000085800000, 0x0000000085700000| Complete 
|  88|0x0000000085800000, 0x0000000085900000, 0x0000000085900000|100%| O|  |TAMS 0x0000000085900000, 0x0000000085800000| Complete 
|  89|0x0000000085900000, 0x0000000085a00000, 0x0000000085a00000|100%| O|  |TAMS 0x0000000085a00000, 0x0000000085900000| Untracked 
|  90|0x0000000085a00000, 0x0000000085b00000, 0x0000000085b00000|100%| O|  |TAMS 0x0000000085b00000, 0x0000000085a00000| Complete 
|  91|0x0000000085b00000, 0x0000000085c00000, 0x0000000085c00000|100%| O|  |TAMS 0x0000000085c00000, 0x0000000085b00000| Untracked 
|  92|0x0000000085c00000, 0x0000000085d00000, 0x0000000085d00000|100%| O|  |TAMS 0x0000000085d00000, 0x0000000085c00000| Untracked 
|  93|0x0000000085d00000, 0x0000000085e00000, 0x0000000085e00000|100%| O|  |TAMS 0x0000000085e00000, 0x0000000085d00000| Untracked 
|  94|0x0000000085e00000, 0x0000000085f00000, 0x0000000085f00000|100%| O|  |TAMS 0x0000000085f00000, 0x0000000085e00000| Complete 
|  95|0x0000000085f00000, 0x0000000086000000, 0x0000000086000000|100%| O|  |TAMS 0x0000000086000000, 0x0000000085f00000| Complete 
|  96|0x0000000086000000, 0x0000000086100000, 0x0000000086100000|100%| O|  |TAMS 0x0000000086100000, 0x0000000086000000| Untracked 
|  97|0x0000000086100000, 0x0000000086200000, 0x0000000086200000|100%| O|  |TAMS 0x0000000086200000, 0x0000000086100000| Complete 
|  98|0x0000000086200000, 0x0000000086300000, 0x0000000086300000|100%| O|  |TAMS 0x0000000086300000, 0x0000000086200000| Complete 
|  99|0x0000000086300000, 0x0000000086400000, 0x0000000086400000|100%| O|  |TAMS 0x0000000086400000, 0x0000000086300000| Complete 
| 100|0x0000000086400000, 0x0000000086500000, 0x0000000086500000|100%| O|  |TAMS 0x0000000086500000, 0x0000000086400000| Complete 
| 101|0x0000000086500000, 0x0000000086600000, 0x0000000086600000|100%| O|  |TAMS 0x0000000086600000, 0x0000000086500000| Untracked 
| 102|0x0000000086600000, 0x0000000086700000, 0x0000000086700000|100%| O|  |TAMS 0x0000000086700000, 0x0000000086600000| Untracked 
| 103|0x0000000086700000, 0x0000000086800000, 0x0000000086800000|100%| O|  |TAMS 0x0000000086800000, 0x0000000086700000| Untracked 
| 104|0x0000000086800000, 0x0000000086900000, 0x0000000086900000|100%| O|  |TAMS 0x0000000086900000, 0x0000000086800000| Untracked 
| 105|0x0000000086900000, 0x0000000086a00000, 0x0000000086a00000|100%| O|  |TAMS 0x0000000086a00000, 0x0000000086900000| Untracked 
| 106|0x0000000086a00000, 0x0000000086b00000, 0x0000000086b00000|100%| O|  |TAMS 0x0000000086b00000, 0x0000000086a00000| Complete 
| 107|0x0000000086b00000, 0x0000000086c00000, 0x0000000086c00000|100%|HS|  |TAMS 0x0000000086c00000, 0x0000000086b00000| Complete 
| 108|0x0000000086c00000, 0x0000000086d00000, 0x0000000086d00000|100%|HC|  |TAMS 0x0000000086d00000, 0x0000000086c00000| Complete 
| 109|0x0000000086d00000, 0x0000000086e00000, 0x0000000086e00000|100%|HS|  |TAMS 0x0000000086e00000, 0x0000000086d00000| Complete 
| 110|0x0000000086e00000, 0x0000000086f00000, 0x0000000086f00000|100%|HC|  |TAMS 0x0000000086f00000, 0x0000000086e00000| Complete 
| 111|0x0000000086f00000, 0x0000000087000000, 0x0000000087000000|100%|HS|  |TAMS 0x0000000087000000, 0x0000000086f00000| Complete 
| 112|0x0000000087000000, 0x0000000087100000, 0x0000000087100000|100%|HS|  |TAMS 0x0000000087100000, 0x0000000087000000| Complete 
| 113|0x0000000087100000, 0x0000000087200000, 0x0000000087200000|100%|HS|  |TAMS 0x0000000087200000, 0x0000000087100000| Complete 
| 114|0x0000000087200000, 0x0000000087300000, 0x0000000087300000|100%|HS|  |TAMS 0x0000000087300000, 0x0000000087200000| Complete 
| 115|0x0000000087300000, 0x0000000087400000, 0x0000000087400000|100%|HS|  |TAMS 0x0000000087400000, 0x0000000087300000| Complete 
| 116|0x0000000087400000, 0x0000000087500000, 0x0000000087500000|100%|HC|  |TAMS 0x0000000087500000, 0x0000000087400000| Complete 
| 117|0x0000000087500000, 0x0000000087600000, 0x0000000087600000|100%|HS|  |TAMS 0x0000000087600000, 0x0000000087500000| Complete 
| 118|0x0000000087600000, 0x0000000087700000, 0x0000000087700000|100%|HS|  |TAMS 0x0000000087700000, 0x0000000087600000| Complete 
| 119|0x0000000087700000, 0x0000000087800000, 0x0000000087800000|100%|HS|  |TAMS 0x0000000087800000, 0x0000000087700000| Complete 
| 120|0x0000000087800000, 0x0000000087900000, 0x0000000087900000|100%|HC|  |TAMS 0x0000000087900000, 0x0000000087800000| Complete 
| 121|0x0000000087900000, 0x0000000087a00000, 0x0000000087a00000|100%|HC|  |TAMS 0x0000000087a00000, 0x0000000087900000| Complete 
| 122|0x0000000087a00000, 0x0000000087b00000, 0x0000000087b00000|100%|HS|  |TAMS 0x0000000087b00000, 0x0000000087a00000| Complete 
| 123|0x0000000087b00000, 0x0000000087c00000, 0x0000000087c00000|100%|HC|  |TAMS 0x0000000087c00000, 0x0000000087b00000| Complete 
| 124|0x0000000087c00000, 0x0000000087d00000, 0x0000000087d00000|100%|HC|  |TAMS 0x0000000087d00000, 0x0000000087c00000| Complete 
| 125|0x0000000087d00000, 0x0000000087e00000, 0x0000000087e00000|100%|HS|  |TAMS 0x0000000087e00000, 0x0000000087d00000| Complete 
| 126|0x0000000087e00000, 0x0000000087f00000, 0x0000000087f00000|100%|HS|  |TAMS 0x0000000087f00000, 0x0000000087e00000| Complete 
| 127|0x0000000087f00000, 0x0000000088000000, 0x0000000088000000|100%|HS|  |TAMS 0x0000000088000000, 0x0000000087f00000| Complete 
| 128|0x0000000088000000, 0x0000000088100000, 0x0000000088100000|100%|HC|  |TAMS 0x0000000088100000, 0x0000000088000000| Complete 
| 129|0x0000000088100000, 0x0000000088200000, 0x0000000088200000|100%|HC|  |TAMS 0x0000000088200000, 0x0000000088100000| Complete 
| 130|0x0000000088200000, 0x0000000088300000, 0x0000000088300000|100%|HS|  |TAMS 0x0000000088300000, 0x0000000088200000| Complete 
| 131|0x0000000088300000, 0x0000000088400000, 0x0000000088400000|100%| O|  |TAMS 0x0000000088400000, 0x0000000088300000| Untracked 
| 132|0x0000000088400000, 0x0000000088500000, 0x0000000088500000|100%| O|  |TAMS 0x0000000088500000, 0x0000000088400000| Untracked 
| 133|0x0000000088500000, 0x0000000088600000, 0x0000000088600000|100%| O|  |TAMS 0x0000000088600000, 0x0000000088500000| Untracked 
| 134|0x0000000088600000, 0x0000000088700000, 0x0000000088700000|100%| O|  |TAMS 0x0000000088700000, 0x0000000088600000| Untracked 
| 135|0x0000000088700000, 0x0000000088800000, 0x0000000088800000|100%| O|  |TAMS 0x0000000088800000, 0x0000000088700000| Untracked 
| 136|0x0000000088800000, 0x0000000088900000, 0x0000000088900000|100%| O|  |TAMS 0x0000000088900000, 0x0000000088800000| Untracked 
| 137|0x0000000088900000, 0x0000000088a00000, 0x0000000088a00000|100%| O|  |TAMS 0x0000000088a00000, 0x0000000088900000| Untracked 
| 138|0x0000000088a00000, 0x0000000088b00000, 0x0000000088b00000|100%| O|  |TAMS 0x0000000088b00000, 0x0000000088a00000| Untracked 
| 139|0x0000000088b00000, 0x0000000088c00000, 0x0000000088c00000|100%| O|  |TAMS 0x0000000088c00000, 0x0000000088b00000| Untracked 
| 140|0x0000000088c00000, 0x0000000088d00000, 0x0000000088d00000|100%| O|  |TAMS 0x0000000088d00000, 0x0000000088c00000| Complete 
| 141|0x0000000088d00000, 0x0000000088e00000, 0x0000000088e00000|100%| O|  |TAMS 0x0000000088e00000, 0x0000000088d00000| Complete 
| 142|0x0000000088e00000, 0x0000000088f00000, 0x0000000088f00000|100%|HS|  |TAMS 0x0000000088f00000, 0x0000000088e00000| Complete 
| 143|0x0000000088f00000, 0x0000000089000000, 0x0000000089000000|100%|HC|  |TAMS 0x0000000089000000, 0x0000000088f00000| Complete 
| 144|0x0000000089000000, 0x0000000089100000, 0x0000000089100000|100%| O|  |TAMS 0x0000000089100000, 0x0000000089000000| Untracked 
| 145|0x0000000089100000, 0x0000000089200000, 0x0000000089200000|100%| O|  |TAMS 0x0000000089200000, 0x0000000089100000| Untracked 
| 146|0x0000000089200000, 0x0000000089300000, 0x0000000089300000|100%|HS|  |TAMS 0x0000000089300000, 0x0000000089200000| Complete 
| 147|0x0000000089300000, 0x0000000089400000, 0x0000000089400000|100%|HC|  |TAMS 0x0000000089400000, 0x0000000089300000| Complete 
| 148|0x0000000089400000, 0x0000000089500000, 0x0000000089500000|100%| O|  |TAMS 0x0000000089500000, 0x0000000089400000| Untracked 
| 149|0x0000000089500000, 0x0000000089600000, 0x0000000089600000|100%|HS|  |TAMS 0x0000000089600000, 0x0000000089500000| Complete 
| 150|0x0000000089600000, 0x0000000089700000, 0x0000000089700000|100%| O|  |TAMS 0x0000000089700000, 0x0000000089600000| Untracked 
| 151|0x0000000089700000, 0x0000000089800000, 0x0000000089800000|100%|HS|  |TAMS 0x0000000089800000, 0x0000000089700000| Complete 
| 152|0x0000000089800000, 0x0000000089900000, 0x0000000089900000|100%| O|  |TAMS 0x0000000089900000, 0x0000000089800000| Complete 
| 153|0x0000000089900000, 0x0000000089a00000, 0x0000000089a00000|100%|HS|  |TAMS 0x0000000089a00000, 0x0000000089900000| Complete 
| 154|0x0000000089a00000, 0x0000000089b00000, 0x0000000089b00000|100%| O|  |TAMS 0x0000000089b00000, 0x0000000089a00000| Complete 
| 155|0x0000000089b00000, 0x0000000089c00000, 0x0000000089c00000|100%|HS|  |TAMS 0x0000000089c00000, 0x0000000089b00000| Complete 
| 156|0x0000000089c00000, 0x0000000089d00000, 0x0000000089d00000|100%| O|  |TAMS 0x0000000089c00000, 0x0000000089c00000| Untracked 
| 157|0x0000000089d00000, 0x0000000089e00000, 0x0000000089e00000|100%| O|  |TAMS 0x0000000089d00000, 0x0000000089d00000| Untracked 
| 158|0x0000000089e00000, 0x0000000089f00000, 0x0000000089f00000|100%|HS|  |TAMS 0x0000000089f00000, 0x0000000089e00000| Complete 
| 159|0x0000000089f00000, 0x000000008a000000, 0x000000008a000000|100%|HC|  |TAMS 0x000000008a000000, 0x0000000089f00000| Complete 
| 160|0x000000008a000000, 0x000000008a100000, 0x000000008a100000|100%| O|  |TAMS 0x000000008a100000, 0x000000008a000000| Complete 
| 161|0x000000008a100000, 0x000000008a200000, 0x000000008a200000|100%|HS|  |TAMS 0x000000008a200000, 0x000000008a100000| Complete 
| 162|0x000000008a200000, 0x000000008a300000, 0x000000008a300000|100%| O|  |TAMS 0x000000008a300000, 0x000000008a200000| Complete 
| 163|0x000000008a300000, 0x000000008a400000, 0x000000008a400000|100%|HS|  |TAMS 0x000000008a400000, 0x000000008a300000| Complete 
| 164|0x000000008a400000, 0x000000008a500000, 0x000000008a500000|100%| O|  |TAMS 0x000000008a500000, 0x000000008a400000| Untracked 
| 165|0x000000008a500000, 0x000000008a600000, 0x000000008a600000|100%| O|  |TAMS 0x000000008a600000, 0x000000008a500000| Untracked 
| 166|0x000000008a600000, 0x000000008a700000, 0x000000008a700000|100%| O|  |TAMS 0x000000008a700000, 0x000000008a600000| Untracked 
| 167|0x000000008a700000, 0x000000008a800000, 0x000000008a800000|100%| O|  |TAMS 0x000000008a800000, 0x000000008a700000| Untracked 
| 168|0x000000008a800000, 0x000000008a900000, 0x000000008a900000|100%| O|  |TAMS 0x000000008a900000, 0x000000008a800000| Complete 
| 169|0x000000008a900000, 0x000000008aa00000, 0x000000008aa00000|100%| O|  |TAMS 0x000000008aa00000, 0x000000008a900000| Complete 
| 170|0x000000008aa00000, 0x000000008ab00000, 0x000000008ab00000|100%| O|  |TAMS 0x000000008ab00000, 0x000000008aa00000| Complete 
| 171|0x000000008ab00000, 0x000000008ac00000, 0x000000008ac00000|100%| O|  |TAMS 0x000000008ac00000, 0x000000008ab00000| Untracked 
| 172|0x000000008ac00000, 0x000000008ad00000, 0x000000008ad00000|100%| O|  |TAMS 0x000000008ad00000, 0x000000008ac00000| Untracked 
| 173|0x000000008ad00000, 0x000000008ae00000, 0x000000008ae00000|100%| O|  |TAMS 0x000000008ae00000, 0x000000008ad00000| Untracked 
| 174|0x000000008ae00000, 0x000000008af00000, 0x000000008af00000|100%| O|  |TAMS 0x000000008af00000, 0x000000008ae00000| Untracked 
| 175|0x000000008af00000, 0x000000008b000000, 0x000000008b000000|100%|HS|  |TAMS 0x000000008b000000, 0x000000008af00000| Complete 
| 176|0x000000008b000000, 0x000000008b100000, 0x000000008b100000|100%|HC|  |TAMS 0x000000008b100000, 0x000000008b000000| Complete 
| 177|0x000000008b100000, 0x000000008b200000, 0x000000008b200000|100%|HC|  |TAMS 0x000000008b200000, 0x000000008b100000| Complete 
| 178|0x000000008b200000, 0x000000008b300000, 0x000000008b300000|100%| O|  |TAMS 0x000000008b300000, 0x000000008b200000| Complete 
| 179|0x000000008b300000, 0x000000008b400000, 0x000000008b400000|100%|HS|  |TAMS 0x000000008b400000, 0x000000008b300000| Complete 
| 180|0x000000008b400000, 0x000000008b500000, 0x000000008b500000|100%|HC|  |TAMS 0x000000008b500000, 0x000000008b400000| Complete 
| 181|0x000000008b500000, 0x000000008b600000, 0x000000008b600000|100%|HS|  |TAMS 0x000000008b600000, 0x000000008b500000| Complete 
| 182|0x000000008b600000, 0x000000008b700000, 0x000000008b700000|100%|HC|  |TAMS 0x000000008b700000, 0x000000008b600000| Complete 
| 183|0x000000008b700000, 0x000000008b800000, 0x000000008b800000|100%|HC|  |TAMS 0x000000008b800000, 0x000000008b700000| Complete 
| 184|0x000000008b800000, 0x000000008b900000, 0x000000008b900000|100%| O|  |TAMS 0x000000008b900000, 0x000000008b800000| Untracked 
| 185|0x000000008b900000, 0x000000008ba00000, 0x000000008ba00000|100%|HS|  |TAMS 0x000000008ba00000, 0x000000008b900000| Complete 
| 186|0x000000008ba00000, 0x000000008bb00000, 0x000000008bb00000|100%| O|  |TAMS 0x000000008bb00000, 0x000000008ba00000| Untracked 
| 187|0x000000008bb00000, 0x000000008bc00000, 0x000000008bc00000|100%|HS|  |TAMS 0x000000008bc00000, 0x000000008bb00000| Complete 
| 188|0x000000008bc00000, 0x000000008bd00000, 0x000000008bd00000|100%| O|  |TAMS 0x000000008bd00000, 0x000000008bc00000| Untracked 
| 189|0x000000008bd00000, 0x000000008be00000, 0x000000008be00000|100%| O|  |TAMS 0x000000008be00000, 0x000000008bd00000| Untracked 
| 190|0x000000008be00000, 0x000000008bf00000, 0x000000008bf00000|100%| O|  |TAMS 0x000000008bf00000, 0x000000008be00000| Untracked 
| 191|0x000000008bf00000, 0x000000008c000000, 0x000000008c000000|100%|HS|  |TAMS 0x000000008c000000, 0x000000008bf00000| Complete 
| 192|0x000000008c000000, 0x000000008c100000, 0x000000008c100000|100%|HC|  |TAMS 0x000000008c100000, 0x000000008c000000| Complete 
| 193|0x000000008c100000, 0x000000008c200000, 0x000000008c200000|100%|HC|  |TAMS 0x000000008c200000, 0x000000008c100000| Complete 
| 194|0x000000008c200000, 0x000000008c300000, 0x000000008c300000|100%| O|  |TAMS 0x000000008c300000, 0x000000008c200000| Complete 
| 195|0x000000008c300000, 0x000000008c400000, 0x000000008c400000|100%|HS|  |TAMS 0x000000008c400000, 0x000000008c300000| Complete 
| 196|0x000000008c400000, 0x000000008c500000, 0x000000008c500000|100%| O|  |TAMS 0x000000008c500000, 0x000000008c400000| Complete 
| 197|0x000000008c500000, 0x000000008c600000, 0x000000008c600000|100%|HS|  |TAMS 0x000000008c600000, 0x000000008c500000| Complete 
| 198|0x000000008c600000, 0x000000008c700000, 0x000000008c700000|100%|HC|  |TAMS 0x000000008c700000, 0x000000008c600000| Complete 
| 199|0x000000008c700000, 0x000000008c800000, 0x000000008c800000|100%| O|  |TAMS 0x000000008c800000, 0x000000008c700000| Untracked 
| 200|0x000000008c800000, 0x000000008c900000, 0x000000008c900000|100%| O|  |TAMS 0x000000008c900000, 0x000000008c800000| Untracked 
| 201|0x000000008c900000, 0x000000008ca00000, 0x000000008ca00000|100%| O|  |TAMS 0x000000008ca00000, 0x000000008c900000| Untracked 
| 202|0x000000008ca00000, 0x000000008cb00000, 0x000000008cb00000|100%| O|  |TAMS 0x000000008cb00000, 0x000000008ca00000| Untracked 
| 203|0x000000008cb00000, 0x000000008cc00000, 0x000000008cc00000|100%| O|  |TAMS 0x000000008cc00000, 0x000000008cb00000| Untracked 
| 204|0x000000008cc00000, 0x000000008cd00000, 0x000000008cd00000|100%| O|  |TAMS 0x000000008cd00000, 0x000000008cc00000| Complete 
| 205|0x000000008cd00000, 0x000000008ce00000, 0x000000008ce00000|100%| O|  |TAMS 0x000000008cd47000, 0x000000008cd00000| Complete 
| 206|0x000000008ce00000, 0x000000008cf00000, 0x000000008cf00000|100%|HS|  |TAMS 0x000000008ce00000, 0x000000008ce00000| Complete 
| 207|0x000000008cf00000, 0x000000008d000000, 0x000000008d000000|100%| O|  |TAMS 0x000000008cf00000, 0x000000008cf00000| Untracked 
| 208|0x000000008d000000, 0x000000008d100000, 0x000000008d100000|100%| O|  |TAMS 0x000000008d000000, 0x000000008d000000| Untracked 
| 209|0x000000008d100000, 0x000000008d200000, 0x000000008d200000|100%| O|  |TAMS 0x000000008d100000, 0x000000008d100000| Untracked 
| 210|0x000000008d200000, 0x000000008d300000, 0x000000008d300000|100%| O|  |TAMS 0x000000008d200000, 0x000000008d200000| Untracked 
| 211|0x000000008d300000, 0x000000008d400000, 0x000000008d400000|100%| O|  |TAMS 0x000000008d300000, 0x000000008d300000| Untracked 
| 212|0x000000008d400000, 0x000000008d500000, 0x000000008d500000|100%| O|  |TAMS 0x000000008d400000, 0x000000008d400000| Untracked 
| 213|0x000000008d500000, 0x000000008d600000, 0x000000008d600000|100%| O|  |TAMS 0x000000008d500000, 0x000000008d500000| Untracked 
| 214|0x000000008d600000, 0x000000008d700000, 0x000000008d700000|100%| O|  |TAMS 0x000000008d600000, 0x000000008d600000| Untracked 
| 215|0x000000008d700000, 0x000000008d800000, 0x000000008d800000|100%| O|  |TAMS 0x000000008d700000, 0x000000008d700000| Untracked 
| 216|0x000000008d800000, 0x000000008d900000, 0x000000008d900000|100%| O|  |TAMS 0x000000008d800000, 0x000000008d800000| Untracked 
| 217|0x000000008d900000, 0x000000008da00000, 0x000000008da00000|100%| O|  |TAMS 0x000000008d900000, 0x000000008d900000| Untracked 
| 218|0x000000008da00000, 0x000000008db00000, 0x000000008db00000|100%| O|  |TAMS 0x000000008da00000, 0x000000008da00000| Untracked 
| 219|0x000000008db00000, 0x000000008dc00000, 0x000000008dc00000|100%| O|  |TAMS 0x000000008db00000, 0x000000008db00000| Untracked 
| 220|0x000000008dc00000, 0x000000008dd00000, 0x000000008dd00000|100%| O|  |TAMS 0x000000008dc00000, 0x000000008dc00000| Untracked 
| 221|0x000000008dd00000, 0x000000008de00000, 0x000000008de00000|100%| O|  |TAMS 0x000000008dd00000, 0x000000008dd00000| Untracked 
| 222|0x000000008de00000, 0x000000008df00000, 0x000000008df00000|100%| O|  |TAMS 0x000000008de00000, 0x000000008de00000| Untracked 
| 223|0x000000008df00000, 0x000000008e000000, 0x000000008e000000|100%| O|  |TAMS 0x000000008df00000, 0x000000008df00000| Untracked 
| 224|0x000000008e000000, 0x000000008e100000, 0x000000008e100000|100%| O|  |TAMS 0x000000008e000000, 0x000000008e000000| Untracked 
| 225|0x000000008e100000, 0x000000008e200000, 0x000000008e200000|100%| O|  |TAMS 0x000000008e100000, 0x000000008e100000| Untracked 
| 226|0x000000008e200000, 0x000000008e300000, 0x000000008e300000|100%| O|  |TAMS 0x000000008e200000, 0x000000008e200000| Untracked 
| 227|0x000000008e300000, 0x000000008e400000, 0x000000008e400000|100%| O|  |TAMS 0x000000008e300000, 0x000000008e300000| Untracked 
| 228|0x000000008e400000, 0x000000008e500000, 0x000000008e500000|100%| O|  |TAMS 0x000000008e400000, 0x000000008e400000| Untracked 
| 229|0x000000008e500000, 0x000000008e600000, 0x000000008e600000|100%| O|  |TAMS 0x000000008e500000, 0x000000008e500000| Untracked 
| 230|0x000000008e600000, 0x000000008e700000, 0x000000008e700000|100%| O|  |TAMS 0x000000008e600000, 0x000000008e600000| Untracked 
| 231|0x000000008e700000, 0x000000008e800000, 0x000000008e800000|100%| O|  |TAMS 0x000000008e700000, 0x000000008e700000| Untracked 
| 232|0x000000008e800000, 0x000000008e900000, 0x000000008e900000|100%| O|  |TAMS 0x000000008e800000, 0x000000008e800000| Untracked 
| 233|0x000000008e900000, 0x000000008ea00000, 0x000000008ea00000|100%| O|  |TAMS 0x000000008e900000, 0x000000008e900000| Untracked 
| 234|0x000000008ea00000, 0x000000008eb00000, 0x000000008eb00000|100%| O|  |TAMS 0x000000008ea00000, 0x000000008ea00000| Untracked 
| 235|0x000000008eb00000, 0x000000008ec00000, 0x000000008ec00000|100%| O|  |TAMS 0x000000008ec00000, 0x000000008eb00000| Untracked 
| 236|0x000000008ec00000, 0x000000008ed00000, 0x000000008ed00000|100%| O|  |TAMS 0x000000008ed00000, 0x000000008ec00000| Untracked 
| 237|0x000000008ed00000, 0x000000008ee00000, 0x000000008ee00000|100%| O|  |TAMS 0x000000008ee00000, 0x000000008ed00000| Untracked 
| 238|0x000000008ee00000, 0x000000008ef00000, 0x000000008ef00000|100%| O|  |TAMS 0x000000008ef00000, 0x000000008ee00000| Complete 
| 239|0x000000008ef00000, 0x000000008f000000, 0x000000008f000000|100%| O|  |TAMS 0x000000008f000000, 0x000000008ef00000| Complete 
| 240|0x000000008f000000, 0x000000008f100000, 0x000000008f100000|100%| O|  |TAMS 0x000000008f100000, 0x000000008f000000| Untracked 
| 241|0x000000008f100000, 0x000000008f200000, 0x000000008f200000|100%| O|  |TAMS 0x000000008f200000, 0x000000008f100000| Untracked 
| 242|0x000000008f200000, 0x000000008f300000, 0x000000008f300000|100%| O|  |TAMS 0x000000008f300000, 0x000000008f200000| Untracked 
| 243|0x000000008f300000, 0x000000008f300000, 0x000000008f400000|  0%| F|  |TAMS 0x000000008f300000, 0x000000008f300000| Untracked 
| 244|0x000000008f400000, 0x000000008f400000, 0x000000008f500000|  0%| F|  |TAMS 0x000000008f400000, 0x000000008f400000| Untracked 
| 245|0x000000008f500000, 0x000000008f500000, 0x000000008f600000|  0%| F|  |TAMS 0x000000008f500000, 0x000000008f500000| Untracked 
| 246|0x000000008f600000, 0x000000008f600000, 0x000000008f700000|  0%| F|  |TAMS 0x000000008f600000, 0x000000008f600000| Untracked 
| 247|0x000000008f700000, 0x000000008f700000, 0x000000008f800000|  0%| F|  |TAMS 0x000000008f700000, 0x000000008f700000| Untracked 
| 248|0x000000008f800000, 0x000000008f900000, 0x000000008f900000|100%| O|  |TAMS 0x000000008f900000, 0x000000008f800000| Untracked 
| 249|0x000000008f900000, 0x000000008fa00000, 0x000000008fa00000|100%| O|  |TAMS 0x000000008fa00000, 0x000000008f900000| Complete 
| 250|0x000000008fa00000, 0x000000008fb00000, 0x000000008fb00000|100%| O|  |TAMS 0x000000008fb00000, 0x000000008fa00000| Complete 
| 251|0x000000008fb00000, 0x000000008fc00000, 0x000000008fc00000|100%| O|  |TAMS 0x000000008fc00000, 0x000000008fb00000| Complete 
| 252|0x000000008fc00000, 0x000000008fd00000, 0x000000008fd00000|100%| O|  |TAMS 0x000000008fd00000, 0x000000008fc00000| Untracked 
| 253|0x000000008fd00000, 0x000000008fe00000, 0x000000008fe00000|100%| O|  |TAMS 0x000000008fe00000, 0x000000008fd00000| Complete 
| 254|0x000000008fe00000, 0x000000008ff00000, 0x000000008ff00000|100%| O|  |TAMS 0x000000008ff00000, 0x000000008fe00000| Complete 
| 255|0x000000008ff00000, 0x0000000090000000, 0x0000000090000000|100%| O|  |TAMS 0x0000000090000000, 0x000000008ff00000| Untracked 
| 256|0x0000000090000000, 0x0000000090100000, 0x0000000090100000|100%| O|  |TAMS 0x0000000090100000, 0x0000000090000000| Complete 
| 257|0x0000000090100000, 0x0000000090200000, 0x0000000090200000|100%| O|  |TAMS 0x0000000090200000, 0x0000000090100000| Untracked 
| 258|0x0000000090200000, 0x0000000090300000, 0x0000000090300000|100%| O|  |TAMS 0x0000000090300000, 0x0000000090200000| Untracked 
| 259|0x0000000090300000, 0x0000000090300000, 0x0000000090400000|  0%| F|  |TAMS 0x0000000090300000, 0x0000000090300000| Untracked 
| 260|0x0000000090400000, 0x0000000090400000, 0x0000000090500000|  0%| F|  |TAMS 0x0000000090400000, 0x0000000090400000| Untracked 
| 261|0x0000000090500000, 0x0000000090500000, 0x0000000090600000|  0%| F|  |TAMS 0x0000000090500000, 0x0000000090500000| Untracked 
| 262|0x0000000090600000, 0x0000000090600000, 0x0000000090700000|  0%| F|  |TAMS 0x0000000090600000, 0x0000000090600000| Untracked 
| 263|0x0000000090700000, 0x0000000090700000, 0x0000000090800000|  0%| F|  |TAMS 0x0000000090700000, 0x0000000090700000| Untracked 
| 264|0x0000000090800000, 0x0000000090800000, 0x0000000090900000|  0%| F|  |TAMS 0x0000000090800000, 0x0000000090800000| Untracked 
| 265|0x0000000090900000, 0x0000000090900000, 0x0000000090a00000|  0%| F|  |TAMS 0x0000000090900000, 0x0000000090900000| Untracked 
| 266|0x0000000090a00000, 0x0000000090a00000, 0x0000000090b00000|  0%| F|  |TAMS 0x0000000090a00000, 0x0000000090a00000| Untracked 
| 267|0x0000000090b00000, 0x0000000090b00000, 0x0000000090c00000|  0%| F|  |TAMS 0x0000000090b00000, 0x0000000090b00000| Untracked 
| 268|0x0000000090c00000, 0x0000000090c00000, 0x0000000090d00000|  0%| F|  |TAMS 0x0000000090c00000, 0x0000000090c00000| Untracked 
| 269|0x0000000090d00000, 0x0000000090d00000, 0x0000000090e00000|  0%| F|  |TAMS 0x0000000090d00000, 0x0000000090d00000| Untracked 
| 270|0x0000000090e00000, 0x0000000090e00000, 0x0000000090f00000|  0%| F|  |TAMS 0x0000000090e00000, 0x0000000090e00000| Untracked 
| 271|0x0000000090f00000, 0x0000000090f00000, 0x0000000091000000|  0%| F|  |TAMS 0x0000000090f00000, 0x0000000090f00000| Untracked 
| 272|0x0000000091000000, 0x0000000091000000, 0x0000000091100000|  0%| F|  |TAMS 0x0000000091000000, 0x0000000091000000| Untracked 
| 273|0x0000000091100000, 0x0000000091100000, 0x0000000091200000|  0%| F|  |TAMS 0x0000000091100000, 0x0000000091100000| Untracked 
| 274|0x0000000091200000, 0x0000000091200000, 0x0000000091300000|  0%| F|  |TAMS 0x0000000091200000, 0x0000000091200000| Untracked 
| 275|0x0000000091300000, 0x0000000091300000, 0x0000000091400000|  0%| F|  |TAMS 0x0000000091300000, 0x0000000091300000| Untracked 
| 276|0x0000000091400000, 0x0000000091400000, 0x0000000091500000|  0%| F|  |TAMS 0x0000000091400000, 0x0000000091400000| Untracked 
| 277|0x0000000091500000, 0x0000000091500000, 0x0000000091600000|  0%| F|  |TAMS 0x0000000091500000, 0x0000000091500000| Untracked 
| 278|0x0000000091600000, 0x0000000091600000, 0x0000000091700000|  0%| F|  |TAMS 0x0000000091600000, 0x0000000091600000| Untracked 
| 279|0x0000000091700000, 0x0000000091700000, 0x0000000091800000|  0%| F|  |TAMS 0x0000000091700000, 0x0000000091700000| Untracked 
| 280|0x0000000091800000, 0x0000000091800000, 0x0000000091900000|  0%| F|  |TAMS 0x0000000091800000, 0x0000000091800000| Untracked 
| 281|0x0000000091900000, 0x0000000091900000, 0x0000000091a00000|  0%| F|  |TAMS 0x0000000091900000, 0x0000000091900000| Untracked 
| 282|0x0000000091a00000, 0x0000000091a00000, 0x0000000091b00000|  0%| F|  |TAMS 0x0000000091a00000, 0x0000000091a00000| Untracked 
| 283|0x0000000091b00000, 0x0000000091b00000, 0x0000000091c00000|  0%| F|  |TAMS 0x0000000091b00000, 0x0000000091b00000| Untracked 
| 284|0x0000000091c00000, 0x0000000091c00000, 0x0000000091d00000|  0%| F|  |TAMS 0x0000000091c00000, 0x0000000091c00000| Untracked 
| 285|0x0000000091d00000, 0x0000000091d00000, 0x0000000091e00000|  0%| F|  |TAMS 0x0000000091d00000, 0x0000000091d00000| Untracked 
| 286|0x0000000091e00000, 0x0000000091e00000, 0x0000000091f00000|  0%| F|  |TAMS 0x0000000091e00000, 0x0000000091e00000| Untracked 
| 287|0x0000000091f00000, 0x0000000091f00000, 0x0000000092000000|  0%| F|  |TAMS 0x0000000091f00000, 0x0000000091f00000| Untracked 
| 288|0x0000000092000000, 0x0000000092000000, 0x0000000092100000|  0%| F|  |TAMS 0x0000000092000000, 0x0000000092000000| Untracked 
| 289|0x0000000092100000, 0x0000000092100000, 0x0000000092200000|  0%| F|  |TAMS 0x0000000092100000, 0x0000000092100000| Untracked 
| 290|0x0000000092200000, 0x0000000092200000, 0x0000000092300000|  0%| F|  |TAMS 0x0000000092200000, 0x0000000092200000| Untracked 
| 291|0x0000000092300000, 0x0000000092300000, 0x0000000092400000|  0%| F|  |TAMS 0x0000000092300000, 0x0000000092300000| Untracked 
| 292|0x0000000092400000, 0x0000000092400000, 0x0000000092500000|  0%| F|  |TAMS 0x0000000092400000, 0x0000000092400000| Untracked 
| 293|0x0000000092500000, 0x0000000092500000, 0x0000000092600000|  0%| F|  |TAMS 0x0000000092500000, 0x0000000092500000| Untracked 
| 294|0x0000000092600000, 0x0000000092600000, 0x0000000092700000|  0%| F|  |TAMS 0x0000000092600000, 0x0000000092600000| Untracked 
| 295|0x0000000092700000, 0x0000000092700000, 0x0000000092800000|  0%| F|  |TAMS 0x0000000092700000, 0x0000000092700000| Untracked 
| 296|0x0000000092800000, 0x0000000092800000, 0x0000000092900000|  0%| F|  |TAMS 0x0000000092800000, 0x0000000092800000| Untracked 
| 297|0x0000000092900000, 0x0000000092900000, 0x0000000092a00000|  0%| F|  |TAMS 0x0000000092900000, 0x0000000092900000| Untracked 
| 298|0x0000000092a00000, 0x0000000092a00000, 0x0000000092b00000|  0%| F|  |TAMS 0x0000000092a00000, 0x0000000092a00000| Untracked 
| 299|0x0000000092b00000, 0x0000000092b00000, 0x0000000092c00000|  0%| F|  |TAMS 0x0000000092b00000, 0x0000000092b00000| Untracked 
| 300|0x0000000092c00000, 0x0000000092c00000, 0x0000000092d00000|  0%| F|  |TAMS 0x0000000092c00000, 0x0000000092c00000| Untracked 
| 301|0x0000000092d00000, 0x0000000092d00000, 0x0000000092e00000|  0%| F|  |TAMS 0x0000000092d00000, 0x0000000092d00000| Untracked 
| 302|0x0000000092e00000, 0x0000000092e00000, 0x0000000092f00000|  0%| F|  |TAMS 0x0000000092e00000, 0x0000000092e00000| Untracked 
| 303|0x0000000092f00000, 0x0000000092f00000, 0x0000000093000000|  0%| F|  |TAMS 0x0000000092f00000, 0x0000000092f00000| Untracked 
| 304|0x0000000093000000, 0x0000000093000000, 0x0000000093100000|  0%| F|  |TAMS 0x0000000093000000, 0x0000000093000000| Untracked 
| 305|0x0000000093100000, 0x0000000093100000, 0x0000000093200000|  0%| F|  |TAMS 0x0000000093100000, 0x0000000093100000| Untracked 
| 306|0x0000000093200000, 0x0000000093300000, 0x0000000093300000|100%| S|CS|TAMS 0x0000000093200000, 0x0000000093200000| Complete 
| 307|0x0000000093300000, 0x0000000093400000, 0x0000000093400000|100%| S|CS|TAMS 0x0000000093300000, 0x0000000093300000| Complete 
| 308|0x0000000093400000, 0x0000000093400000, 0x0000000093500000|  0%| F|  |TAMS 0x0000000093400000, 0x0000000093400000| Untracked 
| 309|0x0000000093500000, 0x0000000093500000, 0x0000000093600000|  0%| F|  |TAMS 0x0000000093500000, 0x0000000093500000| Untracked 
| 310|0x0000000093600000, 0x0000000093600000, 0x0000000093700000|  0%| F|  |TAMS 0x0000000093600000, 0x0000000093600000| Untracked 
| 311|0x0000000093700000, 0x0000000093700000, 0x0000000093800000|  0%| F|  |TAMS 0x0000000093700000, 0x0000000093700000| Untracked 
| 312|0x0000000093800000, 0x0000000093800000, 0x0000000093900000|  0%| F|  |TAMS 0x0000000093800000, 0x0000000093800000| Untracked 
| 313|0x0000000093900000, 0x0000000093900000, 0x0000000093a00000|  0%| F|  |TAMS 0x0000000093900000, 0x0000000093900000| Untracked 
| 314|0x0000000093a00000, 0x0000000093a00000, 0x0000000093b00000|  0%| F|  |TAMS 0x0000000093a00000, 0x0000000093a00000| Untracked 
| 315|0x0000000093b00000, 0x0000000093b00000, 0x0000000093c00000|  0%| F|  |TAMS 0x0000000093b00000, 0x0000000093b00000| Untracked 
| 316|0x0000000093c00000, 0x0000000093c00000, 0x0000000093d00000|  0%| F|  |TAMS 0x0000000093c00000, 0x0000000093c00000| Untracked 
| 317|0x0000000093d00000, 0x0000000093d00000, 0x0000000093e00000|  0%| F|  |TAMS 0x0000000093d00000, 0x0000000093d00000| Untracked 
| 318|0x0000000093e00000, 0x0000000093e00000, 0x0000000093f00000|  0%| F|  |TAMS 0x0000000093e00000, 0x0000000093e00000| Untracked 
| 319|0x0000000093f00000, 0x0000000093f00000, 0x0000000094000000|  0%| F|  |TAMS 0x0000000093f00000, 0x0000000093f00000| Untracked 

Card table byte_map: [0x000001d41bd70000,0x000001d41c170000] _byte_map_base: 0x000001d41b970000

Marking Bits (Prev, Next): (CMBitMap*) 0x000001d4070be950, (CMBitMap*) 0x000001d4070be918
 Prev Bits: [0x000001d41e570000, 0x000001d420570000)
 Next Bits: [0x000001d41c570000, 0x000001d41e570000)

Polling page: 0x000001d406ed0000

Metaspace:

Usage:
  Non-class:     84.73 MB capacity,    83.30 MB ( 98%) used,     1.15 MB (  1%) free+waste,   281.19 KB ( <1%) overhead. 
      Class:     13.39 MB capacity,    12.51 MB ( 93%) used,   773.15 KB (  6%) free+waste,   125.75 KB ( <1%) overhead. 
       Both:     98.12 MB capacity,    95.81 MB ( 98%) used,     1.91 MB (  2%) free+waste,   406.94 KB ( <1%) overhead. 

Virtual space:
  Non-class space:       86.00 MB reserved,      84.95 MB ( 99%) committed 
      Class space:        1.00 GB reserved,      13.50 MB (  1%) committed 
             Both:        1.08 GB reserved,      98.45 MB (  9%) committed 

Chunk freelists:
   Non-Class:  31.00 KB
       Class:  16.00 KB
        Both:  47.00 KB

MaxMetaspaceSize: 17179869184.00 GB
CompressedClassSpaceSize: 1.00 GB

CodeHeap 'non-profiled nmethods': size=120064Kb used=8772Kb max_used=8772Kb free=111291Kb
 bounds [0x000001d413e10000, 0x000001d4146b0000, 0x000001d41b350000]
CodeHeap 'profiled nmethods': size=120000Kb used=27732Kb max_used=27732Kb free=92267Kb
 bounds [0x000001d40c8e0000, 0x000001d40e400000, 0x000001d413e10000]
CodeHeap 'non-nmethods': size=5696Kb used=2315Kb max_used=2358Kb free=3380Kb
 bounds [0x000001d40c350000, 0x000001d40c5c0000, 0x000001d40c8e0000]
 total_blobs=13722 nmethods=12803 adapters=830
 compilation: enabled
              stopped_count=0, restarted_count=0
 full_count=0

Compilation events (20 events):
Event: 17.882 Thread 0x000001d422b7d800 12904       2       com.android.tools.r8.internal.mF0$$Lambda$1140/0x0000000100bfbc40::applyAsInt (8 bytes)
Event: 17.882 Thread 0x000001d422b7d800 nmethod 12904 0x000001d40e3f1d10 code [0x000001d40e3f1ec0, 0x000001d40e3f1ff8]
Event: 17.882 Thread 0x000001d422b7d800 12905       2       com.android.tools.r8.internal.mF0::b (8 bytes)
Event: 17.882 Thread 0x000001d422b7d800 nmethod 12905 0x000001d40e3f2110 code [0x000001d40e3f22c0, 0x000001d40e3f23b8]
Event: 17.883 Thread 0x000001d422b7d800 12906       2       com.android.tools.r8.code.h1::<init> (7 bytes)
Event: 17.883 Thread 0x000001d422b7d800 nmethod 12906 0x000001d40e3f2490 code [0x000001d40e3f2660, 0x000001d40e3f2828]
Event: 17.883 Thread 0x000001d422b7d800 12907       2       com.android.tools.r8.dex.r::a (64 bytes)
Event: 17.884 Thread 0x000001d422b7d800 nmethod 12907 0x000001d40e3f2990 code [0x000001d40e3f2c40, 0x000001d40e3f3568]
Event: 17.885 Thread 0x000001d422b7d800 12909       2       com.android.tools.r8.code.T2::hashCode (30 bytes)
Event: 17.886 Thread 0x000001d422b7d800 nmethod 12909 0x000001d40e3f3b90 code [0x000001d40e3f3d40, 0x000001d40e3f3e88]
Event: 17.886 Thread 0x000001d422b7d800 12910       2       com.android.tools.r8.graph.g1::Z (2 bytes)
Event: 17.886 Thread 0x000001d422b7d800 nmethod 12910 0x000001d40e3f3f10 code [0x000001d40e3f40c0, 0x000001d40e3f41b8]
Event: 17.918 Thread 0x000001d422b7d800 12913       2       com.android.tools.r8.internal.rR0::b (42 bytes)
Event: 17.918 Thread 0x000001d422b7d800 nmethod 12913 0x000001d40e3f4290 code [0x000001d40e3f4480, 0x000001d40e3f46f8]
Event: 17.918 Thread 0x000001d422b7d800 12914       2       com.android.tools.r8.graph.M$b$a::hashCode (16 bytes)
Event: 17.918 Thread 0x000001d422b7d800 nmethod 12914 0x000001d40e3f4890 code [0x000001d40e3f4a40, 0x000001d40e3f4b68]
Event: 17.922 Thread 0x000001d422b7d800 12916       1       com.android.tools.r8.internal.cc1::size (5 bytes)
Event: 17.923 Thread 0x000001d422b7d800 nmethod 12916 0x000001d4146a0d90 code [0x000001d4146a0f40, 0x000001d4146a0ff8]
Event: 17.927 Thread 0x000001d422b7d800 12918       2       com.android.tools.r8.code.k0::<init> (7 bytes)
Event: 17.927 Thread 0x000001d422b7d800 nmethod 12918 0x000001d40e3f4c90 code [0x000001d40e3f4e40, 0x000001d40e3f4f98]

GC Heap History (20 events):
Event: 16.240 GC heap after
{Heap after GC invocations=30 (full 0):
 garbage-first heap   total 199680K, used 115769K [0x0000000080000000, 0x0000000100000000)
  region size 1024K, 7 young (7168K), 7 survivors (7168K)
 Metaspace       used 93086K, capacity 95326K, committed 95564K, reserved 1132544K
  class space    used 11945K, capacity 12783K, committed 12928K, reserved 1048576K
}
Event: 16.647 GC heap before
{Heap before GC invocations=31 (full 0):
 garbage-first heap   total 199680K, used 158777K [0x0000000080000000, 0x0000000100000000)
  region size 1024K, 27 young (27648K), 7 survivors (7168K)
 Metaspace       used 95653K, capacity 97955K, committed 98252K, reserved 1134592K
  class space    used 12321K, capacity 13193K, committed 13312K, reserved 1048576K
}
Event: 16.657 GC heap after
{Heap after GC invocations=32 (full 0):
 garbage-first heap   total 239616K, used 151086K [0x0000000080000000, 0x0000000100000000)
  region size 1024K, 8 young (8192K), 8 survivors (8192K)
 Metaspace       used 95653K, capacity 97955K, committed 98252K, reserved 1134592K
  class space    used 12321K, capacity 13193K, committed 13312K, reserved 1048576K
}
Event: 16.924 GC heap before
{Heap before GC invocations=32 (full 0):
 garbage-first heap   total 239616K, used 238126K [0x0000000080000000, 0x0000000100000000)
  region size 1024K, 46 young (47104K), 8 survivors (8192K)
 Metaspace       used 95900K, capacity 98190K, committed 98508K, reserved 1134592K
  class space    used 12345K, capacity 13228K, committed 13312K, reserved 1048576K
}
Event: 16.943 GC heap after
{Heap after GC invocations=33 (full 0):
 garbage-first heap   total 266240K, used 194560K [0x0000000080000000, 0x0000000100000000)
  region size 1024K, 6 young (6144K), 6 survivors (6144K)
 Metaspace       used 95900K, capacity 98190K, committed 98508K, reserved 1134592K
  class space    used 12345K, capacity 13228K, committed 13312K, reserved 1048576K
}
Event: 16.984 GC heap before
{Heap before GC invocations=34 (full 0):
 garbage-first heap   total 266240K, used 205824K [0x0000000080000000, 0x0000000100000000)
  region size 1024K, 19 young (19456K), 6 survivors (6144K)
 Metaspace       used 95900K, capacity 98190K, committed 98508K, reserved 1134592K
  class space    used 12345K, capacity 13228K, committed 13312K, reserved 1048576K
}
Event: 16.996 GC heap after
{Heap after GC invocations=35 (full 0):
 garbage-first heap   total 266240K, used 200386K [0x0000000080000000, 0x0000000100000000)
  region size 1024K, 4 young (4096K), 4 survivors (4096K)
 Metaspace       used 95900K, capacity 98190K, committed 98508K, reserved 1134592K
  class space    used 12345K, capacity 13228K, committed 13312K, reserved 1048576K
}
Event: 17.094 GC heap before
{Heap before GC invocations=35 (full 0):
 garbage-first heap   total 266240K, used 220866K [0x0000000080000000, 0x0000000100000000)
  region size 1024K, 22 young (22528K), 4 survivors (4096K)
 Metaspace       used 95900K, capacity 98190K, committed 98508K, reserved 1134592K
  class space    used 12345K, capacity 13228K, committed 13312K, reserved 1048576K
}
Event: 17.109 GC heap after
{Heap after GC invocations=36 (full 0):
 garbage-first heap   total 266240K, used 210468K [0x0000000080000000, 0x0000000100000000)
  region size 1024K, 3 young (3072K), 3 survivors (3072K)
 Metaspace       used 95900K, capacity 98190K, committed 98508K, reserved 1134592K
  class space    used 12345K, capacity 13228K, committed 13312K, reserved 1048576K
}
Event: 17.223 GC heap before
{Heap before GC invocations=36 (full 0):
 garbage-first heap   total 266240K, used 224804K [0x0000000080000000, 0x0000000100000000)
  region size 1024K, 17 young (17408K), 3 survivors (3072K)
 Metaspace       used 95900K, capacity 98190K, committed 98508K, reserved 1134592K
  class space    used 12345K, capacity 13228K, committed 13312K, reserved 1048576K
}
Event: 17.242 GC heap after
{Heap after GC invocations=37 (full 0):
 garbage-first heap   total 266240K, used 216019K [0x0000000080000000, 0x0000000100000000)
  region size 1024K, 3 young (3072K), 3 survivors (3072K)
 Metaspace       used 95900K, capacity 98190K, committed 98508K, reserved 1134592K
  class space    used 12345K, capacity 13228K, committed 13312K, reserved 1048576K
}
Event: 17.278 GC heap before
{Heap before GC invocations=37 (full 0):
 garbage-first heap   total 266240K, used 229331K [0x0000000080000000, 0x0000000100000000)
  region size 1024K, 15 young (15360K), 3 survivors (3072K)
 Metaspace       used 95900K, capacity 98190K, committed 98508K, reserved 1134592K
  class space    used 12345K, capacity 13228K, committed 13312K, reserved 1048576K
}
Event: 17.294 GC heap after
{Heap after GC invocations=38 (full 0):
 garbage-first heap   total 327680K, used 223748K [0x0000000080000000, 0x0000000100000000)
  region size 1024K, 2 young (2048K), 2 survivors (2048K)
 Metaspace       used 95900K, capacity 98190K, committed 98508K, reserved 1134592K
  class space    used 12345K, capacity 13228K, committed 13312K, reserved 1048576K
}
Event: 17.370 GC heap before
{Heap before GC invocations=39 (full 0):
 garbage-first heap   total 327680K, used 246276K [0x0000000080000000, 0x0000000100000000)
  region size 1024K, 23 young (23552K), 2 survivors (2048K)
 Metaspace       used 95900K, capacity 98190K, committed 98508K, reserved 1134592K
  class space    used 12345K, capacity 13228K, committed 13312K, reserved 1048576K
}
Event: 17.390 GC heap after
{Heap after GC invocations=40 (full 0):
 garbage-first heap   total 327680K, used 234780K [0x0000000080000000, 0x0000000100000000)
  region size 1024K, 4 young (4096K), 4 survivors (4096K)
 Metaspace       used 95900K, capacity 98190K, committed 98508K, reserved 1134592K
  class space    used 12345K, capacity 13228K, committed 13312K, reserved 1048576K
}
Event: 17.691 GC heap before
{Heap before GC invocations=40 (full 0):
 garbage-first heap   total 327680K, used 258332K [0x0000000080000000, 0x0000000100000000)
  region size 1024K, 29 young (29696K), 4 survivors (4096K)
 Metaspace       used 97983K, capacity 100341K, committed 100556K, reserved 1136640K
  class space    used 12811K, capacity 13712K, committed 13824K, reserved 1048576K
}
Event: 17.717 GC heap after
{Heap after GC invocations=41 (full 0):
 garbage-first heap   total 327680K, used 243110K [0x0000000080000000, 0x0000000100000000)
  region size 1024K, 4 young (4096K), 4 survivors (4096K)
 Metaspace       used 97983K, capacity 100341K, committed 100556K, reserved 1136640K
  class space    used 12811K, capacity 13712K, committed 13824K, reserved 1048576K
}
Event: 17.893 GC heap before
{Heap before GC invocations=42 (full 0):
 garbage-first heap   total 327680K, used 266662K [0x0000000080000000, 0x0000000100000000)
  region size 1024K, 27 young (27648K), 4 survivors (4096K)
 Metaspace       used 98111K, capacity 100477K, committed 100812K, reserved 1136640K
  class space    used 12813K, capacity 13712K, committed 13824K, reserved 1048576K
}
Event: 17.914 GC heap after
{Heap after GC invocations=43 (full 0):
 garbage-first heap   total 327680K, used 254976K [0x0000000080000000, 0x0000000100000000)
  region size 1024K, 4 young (4096K), 4 survivors (4096K)
 Metaspace       used 98111K, capacity 100477K, committed 100812K, reserved 1136640K
  class space    used 12813K, capacity 13712K, committed 13824K, reserved 1048576K
}
Event: 17.951 GC heap before
{Heap before GC invocations=43 (full 0):
 garbage-first heap   total 327680K, used 267264K [0x0000000080000000, 0x0000000100000000)
  region size 1024K, 16 young (16384K), 4 survivors (4096K)
 Metaspace       used 98114K, capacity 100477K, committed 100812K, reserved 1136640K
  class space    used 12813K, capacity 13712K, committed 13824K, reserved 1048576K
}

Deoptimization events (20 events):
Event: 17.802 Thread 0x000001d428da3000 Uncommon trap: trap_request=0xffffff4d fr.pc=0x000001d41469a820 relative=0x0000000000001c40
Event: 17.802 Thread 0x000001d428da3000 Uncommon trap: reason=unstable_if action=reinterpret pc=0x000001d41469a820 method=com.android.tools.r8.dex.r.i()Lcom/android/tools/r8/graph/c1; @ 60 c2
Event: 17.802 Thread 0x000001d428da3000 DEOPT PACKING pc=0x000001d41469a820 sp=0x00000098964fded0
Event: 17.802 Thread 0x000001d428da3000 DEOPT UNPACKING pc=0x000001d40c37662f sp=0x00000098964fded0 mode 2
Event: 17.805 Thread 0x000001d428da3000 DEOPT PACKING pc=0x000001d40e3719e7 sp=0x00000098964fe4f0
Event: 17.805 Thread 0x000001d428da3000 DEOPT UNPACKING pc=0x000001d40c376dde sp=0x00000098964fda48 mode 0
Event: 17.833 Thread 0x000001d428d9f000 Uncommon trap: trap_request=0xffffff4d fr.pc=0x000001d414694c10 relative=0x0000000000000350
Event: 17.833 Thread 0x000001d428d9f000 Uncommon trap: reason=unstable_if action=reinterpret pc=0x000001d414694c10 method=java.util.concurrent.ConcurrentLinkedQueue.offer(Ljava/lang/Object;)Z @ 42 c2
Event: 17.833 Thread 0x000001d428d9f000 DEOPT PACKING pc=0x000001d414694c10 sp=0x00000098963feef0
Event: 17.833 Thread 0x000001d428d9f000 DEOPT UNPACKING pc=0x000001d40c37662f sp=0x00000098963fee28 mode 2
Event: 17.862 Thread 0x000001d428da2800 DEOPT PACKING pc=0x000001d40e3719e7 sp=0x00000098961fe910
Event: 17.862 Thread 0x000001d428da2800 DEOPT UNPACKING pc=0x000001d40c376dde sp=0x00000098961fde68 mode 0
Event: 17.878 Thread 0x000001d428d9f000 DEOPT PACKING pc=0x000001d40e3719e7 sp=0x00000098963fe790
Event: 17.878 Thread 0x000001d428d9f000 DEOPT UNPACKING pc=0x000001d40c376dde sp=0x00000098963fdce8 mode 0
Event: 17.927 Thread 0x000001d428da5000 DEOPT PACKING pc=0x000001d40e3719e7 sp=0x00000098962fe700
Event: 17.927 Thread 0x000001d428da5000 DEOPT UNPACKING pc=0x000001d40c376dde sp=0x00000098962fdc58 mode 0
Event: 17.928 Thread 0x000001d428da3000 DEOPT PACKING pc=0x000001d40e3719e7 sp=0x00000098964fe500
Event: 17.928 Thread 0x000001d428da3000 DEOPT UNPACKING pc=0x000001d40c376dde sp=0x00000098964fda58 mode 0
Event: 17.946 Thread 0x000001d428da5000 DEOPT PACKING pc=0x000001d40e3719e7 sp=0x00000098962fe6b0
Event: 17.946 Thread 0x000001d428da5000 DEOPT UNPACKING pc=0x000001d40c376dde sp=0x00000098962fdc08 mode 0

Classes redefined (0 events):
No events

Internal exceptions (20 events):
Event: 14.001 Thread 0x000001d428d9b000 Exception <a 'sun/nio/fs/WindowsException'{0x0000000088c5b328}> (0x0000000088c5b328) thrown at [./src/hotspot/share/prims/jni.cpp, line 615]
Event: 14.001 Thread 0x000001d428d9b000 Exception <a 'sun/nio/fs/WindowsException'{0x0000000088c5c1b0}> (0x0000000088c5c1b0) thrown at [./src/hotspot/share/prims/jni.cpp, line 615]
Event: 14.014 Thread 0x000001d428d9b000 Exception <a 'java/lang/NoSuchMethodError'{0x0000000088a02350}: <clinit>> (0x0000000088a02350) thrown at [./src/hotspot/share/prims/jni.cpp, line 1362]
Event: 14.016 Thread 0x000001d428d9b000 Exception <a 'java/lang/NoSuchMethodError'{0x0000000088a35d18}: <clinit>> (0x0000000088a35d18) thrown at [./src/hotspot/share/prims/jni.cpp, line 1362]
Event: 14.019 Thread 0x000001d428d9b000 Exception <a 'java/lang/NoSuchMethodError'{0x0000000088a7b1f0}: <clinit>> (0x0000000088a7b1f0) thrown at [./src/hotspot/share/prims/jni.cpp, line 1362]
Event: 14.020 Thread 0x000001d428d9b000 Exception <a 'java/lang/NoSuchMethodError'{0x0000000088a8e058}: <clinit>> (0x0000000088a8e058) thrown at [./src/hotspot/share/prims/jni.cpp, line 1362]
Event: 15.412 Thread 0x000001d428d9d800 Exception <a 'java/lang/NoSuchMethodError'{0x000000008aaa3290}: 'void java.lang.invoke.DirectMethodHandle$Holder.invokeStatic(java.lang.Object, long)'> (0x000000008aaa3290) thrown at [./src/hotspot/share/interpreter/linkResolver.cpp, line 773]
Event: 15.413 Thread 0x000001d428d9d800 Exception <a 'java/lang/NoSuchMethodError'{0x000000008aaa84a8}: 'java.lang.Object java.lang.invoke.DirectMethodHandle$Holder.invokeStatic(java.lang.Object, long)'> (0x000000008aaa84a8) thrown at [./src/hotspot/share/interpreter/linkResolver.cpp, line 773]
Event: 15.416 Thread 0x000001d428d9d800 Exception <a 'java/lang/NoSuchMethodError'{0x000000008aab6810}: 'java.lang.Object java.lang.invoke.DirectMethodHandle$Holder.invokeStaticInit(java.lang.Object, java.lang.Object, long, java.lang.Object)'> (0x000000008aab6810) thrown at [./src/hotspot/share/interpreter/linkResolver.cpp, line 773]
Event: 15.416 Thread 0x000001d428d9d800 Exception <a 'java/lang/NoSuchMethodError'{0x000000008aabc9a8}: 'java.lang.Object java.lang.invoke.DirectMethodHandle$Holder.invokeStatic(java.lang.Object, java.lang.Object, long)'> (0x000000008aabc9a8) thrown at [./src/hotspot/share/interpreter/linkResolver.cpp, line 773]
Event: 15.417 Thread 0x000001d428d9d800 Exception <a 'java/lang/NoSuchMethodError'{0x000000008aac2f20}: 'java.lang.Object java.lang.invoke.Invokers$Holder.linkToTargetMethod(java.lang.Object, long, java.lang.Object)'> (0x000000008aac2f20) thrown at [./src/hotspot/share/interpreter/linkResolver.cpp, line 773]
Event: 15.459 Thread 0x000001d423918800 Implicit null exception at 0x000001d4145c0413 to 0x000001d4145c24c0
Event: 15.481 Thread 0x000001d423912000 Implicit null exception at 0x000001d4145c4b07 to 0x000001d4145c5dc4
Event: 15.709 Thread 0x000001d428d9d800 Exception <a 'java/lang/NoSuchMethodError'{0x000000008be8ca18}: 'int java.lang.invoke.DirectMethodHandle$Holder.invokeSpecialIFC(java.lang.Object, java.lang.Object, java.lang.Object)'> (0x000000008be8ca18) thrown at [./src/hotspot/share/interpreter/linkResolver.cpp, line 773]
Event: 16.398 Thread 0x000001d428da0800 Exception <a 'sun/nio/fs/WindowsException'{0x000000008b734148}> (0x000000008b734148) thrown at [./src/hotspot/share/prims/jni.cpp, line 615]
Event: 16.640 Thread 0x000001d428da0800 Exception <a 'java/lang/NoSuchMethodError'{0x000000008b07e038}: 'java.lang.Object java.lang.invoke.DirectMethodHandle$Holder.invokeStaticInit(java.lang.Object, java.lang.Object, java.lang.Object, java.lang.Object, java.lang.Object, java.lang.Object, java.lang.Object, java.lang.Object, java.lang.Object, java.lang.Object, java.lang.Object, java.lang.Object, java.lang.Object, java.lang.Object, java.lang.Object, java.lang.Object, java.lang.Object, java.lang.Object, int, java.lang.Object, java.lang.Object)'> (0
Event: 17.437 Thread 0x000001d428da3000 Exception <a 'java/lang/IncompatibleClassChangeError'{0x0000000093057b98}: Found class java.lang.Object, but interface was expected> (0x0000000093057b98) thrown at [./src/hotspot/share/interpreter/linkResolver.cpp, line 839]
Event: 17.454 Thread 0x000001d428da2800 Exception <a 'java/lang/NoSuchMethodError'{0x0000000092f4bd10}: 'java.lang.Object java.lang.invoke.DirectMethodHandle$Holder.newInvokeSpecial(java.lang.Object, int)'> (0x0000000092f4bd10) thrown at [./src/hotspot/share/interpreter/linkResolver.cpp, line 773]
Event: 17.564 Thread 0x000001d428da3000 Exception <a 'java/lang/IncompatibleClassChangeError'{0x0000000092cd05f8}: Found class java.lang.Object, but interface was expected> (0x0000000092cd05f8) thrown at [./src/hotspot/share/interpreter/linkResolver.cpp, line 839]
Event: 17.564 Thread 0x000001d428da3000 Exception <a 'java/lang/IncompatibleClassChangeError'{0x0000000092cd7df8}: Found class java.lang.Object, but interface was expected> (0x0000000092cd7df8) thrown at [./src/hotspot/share/interpreter/linkResolver.cpp, line 839]

Events (20 events):
Event: 17.633 loading class com/android/tools/r8/internal/Yb1 done
Event: 17.633 loading class com/android/tools/r8/internal/dc1
Event: 17.633 loading class com/android/tools/r8/internal/dc1 done
Event: 17.656 Executing VM operation: CGC_Operation
Event: 17.667 Executing VM operation: CGC_Operation done
Event: 17.679 loading class com/android/tools/r8/internal/b61
Event: 17.679 loading class com/android/tools/r8/internal/b61 done
Event: 17.690 Executing VM operation: G1CollectForAllocation
Event: 17.717 Executing VM operation: G1CollectForAllocation done
Event: 17.748 loading class com/android/tools/r8/internal/LM0
Event: 17.748 loading class com/android/tools/r8/internal/LM0 done
Event: 17.765 loading class com/android/tools/r8/internal/GP0
Event: 17.765 loading class com/android/tools/r8/internal/GP0 done
Event: 17.801 loading class com/android/tools/r8/graph/Z0
Event: 17.801 loading class com/android/tools/r8/graph/Z0 done
Event: 17.819 Executing VM operation: CGC_Operation
Event: 17.819 Executing VM operation: CGC_Operation done
Event: 17.892 Executing VM operation: G1CollectForAllocation
Event: 17.914 Executing VM operation: G1CollectForAllocation done
Event: 17.950 Executing VM operation: G1CollectForAllocation


Dynamic libraries:
0x00007ff6d6070000 - 0x00007ff6d607a000 	C:\Program Files\Android\Android Studio\jre\bin\java.exe
0x00007ffa09e90000 - 0x00007ffa0a085000 	C:\WINDOWS\SYSTEM32\ntdll.dll
0x00007ffa08920000 - 0x00007ffa089de000 	C:\WINDOWS\System32\KERNEL32.DLL
0x00007ffa07780000 - 0x00007ffa07a49000 	C:\WINDOWS\System32\KERNELBASE.dll
0x00007ffa07de0000 - 0x00007ffa07ee0000 	C:\WINDOWS\System32\ucrtbase.dll
0x00007ff9f5f30000 - 0x00007ff9f5f49000 	C:\Program Files\Android\Android Studio\jre\bin\jli.dll
0x00007ff9f4bc0000 - 0x00007ff9f4bd7000 	C:\Program Files\Android\Android Studio\jre\bin\VCRUNTIME140.dll
0x00007ffa07fc0000 - 0x00007ffa08161000 	C:\WINDOWS\System32\USER32.dll
0x00007ffa075b0000 - 0x00007ffa075d2000 	C:\WINDOWS\System32\win32u.dll
0x00007ffa07f90000 - 0x00007ffa07fbb000 	C:\WINDOWS\System32\GDI32.dll
0x00007ffa07a50000 - 0x00007ffa07b5b000 	C:\WINDOWS\System32\gdi32full.dll
0x00007ffa07be0000 - 0x00007ffa07c7d000 	C:\WINDOWS\System32\msvcp_win.dll
0x00007ff9f4c30000 - 0x00007ff9f4eca000 	C:\WINDOWS\WinSxS\amd64_microsoft.windows.common-controls_6595b64144ccf1df_6.0.19041.1110_none_60b5254171f9507e\COMCTL32.dll
0x00007ffa09610000 - 0x00007ffa096ae000 	C:\WINDOWS\System32\msvcrt.dll
0x00007ffa09c40000 - 0x00007ffa09c70000 	C:\WINDOWS\System32\IMM32.DLL
0x00007ff9b6ef0000 - 0x00007ff9b6f8d000 	C:\Program Files\Android\Android Studio\jre\bin\msvcp140.dll
0x00007ff9b0900000 - 0x00007ff9b13d5000 	C:\Program Files\Android\Android Studio\jre\bin\server\jvm.dll
0x00007ffa08870000 - 0x00007ffa0891c000 	C:\WINDOWS\System32\ADVAPI32.dll
0x00007ffa08b90000 - 0x00007ffa08c2b000 	C:\WINDOWS\System32\sechost.dll
0x00007ffa09b10000 - 0x00007ffa09c3a000 	C:\WINDOWS\System32\RPCRT4.dll
0x00007ffa09b00000 - 0x00007ffa09b08000 	C:\WINDOWS\System32\PSAPI.DLL
0x00007ffa04da0000 - 0x00007ffa04da9000 	C:\WINDOWS\SYSTEM32\WSOCK32.dll
0x00007ffa095a0000 - 0x00007ffa0960b000 	C:\WINDOWS\System32\WS2_32.dll
0x00007ff9ff0b0000 - 0x00007ff9ff0ba000 	C:\WINDOWS\SYSTEM32\VERSION.dll
0x00007ff9fef80000 - 0x00007ff9fefa7000 	C:\WINDOWS\SYSTEM32\WINMM.dll
0x00007ffa054d0000 - 0x00007ffa054e2000 	C:\WINDOWS\SYSTEM32\kernel.appcore.dll
0x00007ffa04d30000 - 0x00007ffa04d41000 	C:\Program Files\Android\Android Studio\jre\bin\verify.dll
0x00007ffa00650000 - 0x00007ffa00834000 	C:\WINDOWS\SYSTEM32\DBGHELP.DLL
0x00007ff9fad40000 - 0x00007ff9fad6c000 	C:\WINDOWS\SYSTEM32\dbgcore.DLL
0x00007ffa07690000 - 0x00007ffa07713000 	C:\WINDOWS\System32\bcryptPrimitives.dll
0x00007ffa02570000 - 0x00007ffa02599000 	C:\Program Files\Android\Android Studio\jre\bin\java.dll
0x00007ffa04d90000 - 0x00007ffa04d9b000 	C:\Program Files\Android\Android Studio\jre\bin\jimage.dll
0x00007ffa016d0000 - 0x00007ffa016e8000 	C:\Program Files\Android\Android Studio\jre\bin\zip.dll
0x00007ffa08e50000 - 0x00007ffa0958f000 	C:\WINDOWS\System32\SHELL32.dll
0x00007ffa056d0000 - 0x00007ffa05e60000 	C:\WINDOWS\SYSTEM32\windows.storage.dll
0x00007ffa096c0000 - 0x00007ffa09a15000 	C:\WINDOWS\System32\combase.dll
0x00007ffa06f30000 - 0x00007ffa06f5c000 	C:\WINDOWS\SYSTEM32\Wldp.dll
0x00007ffa09da0000 - 0x00007ffa09e4d000 	C:\WINDOWS\System32\SHCORE.dll
0x00007ffa085f0000 - 0x00007ffa08645000 	C:\WINDOWS\System32\shlwapi.dll
0x00007ffa074f0000 - 0x00007ffa0750f000 	C:\WINDOWS\SYSTEM32\profapi.dll
0x00007ffa00430000 - 0x00007ffa0044a000 	C:\Program Files\Android\Android Studio\jre\bin\net.dll
0x00007ff9f9ae0000 - 0x00007ff9f9be8000 	C:\WINDOWS\SYSTEM32\WINHTTP.dll
0x00007ffa06c90000 - 0x00007ffa06cfa000 	C:\WINDOWS\system32\mswsock.dll
0x00007ffa00410000 - 0x00007ffa00424000 	C:\Program Files\Android\Android Studio\jre\bin\nio.dll
0x00007ff9f5e70000 - 0x00007ff9f5e97000 	C:\Users\User\.gradle\native\e1d6ef7f7dcc3fd88c89a11ec53ec762bb8ba0a96d01ffa2cd45eb1d1d8dd5c5\windows-amd64\native-platform.dll
0x00007ff9c8b40000 - 0x00007ff9c8c84000 	C:\Users\User\.gradle\native\5664cfc778a61ccfe75a443a1ab52a65af34e5dc3c78e0209fed803814484fcb\windows-amd64\native-platform-file-events.dll
0x00007ffa04d20000 - 0x00007ffa04d2a000 	C:\Program Files\Android\Android Studio\jre\bin\management.dll
0x00007ffa01ef0000 - 0x00007ffa01efd000 	C:\Program Files\Android\Android Studio\jre\bin\management_ext.dll
0x00007ffa06e80000 - 0x00007ffa06e98000 	C:\WINDOWS\SYSTEM32\CRYPTSP.dll
0x00007ffa06610000 - 0x00007ffa06644000 	C:\WINDOWS\system32\rsaenh.dll
0x00007ffa07b60000 - 0x00007ffa07b87000 	C:\WINDOWS\System32\bcrypt.dll
0x00007ffa074b0000 - 0x00007ffa074de000 	C:\WINDOWS\SYSTEM32\USERENV.dll
0x00007ffa06ea0000 - 0x00007ffa06eac000 	C:\WINDOWS\SYSTEM32\CRYPTBASE.dll
0x00007ffa06980000 - 0x00007ffa069bb000 	C:\WINDOWS\SYSTEM32\IPHLPAPI.DLL
0x00007ffa096b0000 - 0x00007ffa096b8000 	C:\WINDOWS\System32\NSI.dll
0x00007ff9ff9d0000 - 0x00007ff9ff9e7000 	C:\WINDOWS\SYSTEM32\dhcpcsvc6.DLL
0x00007ff9ffac0000 - 0x00007ff9ffadd000 	C:\WINDOWS\SYSTEM32\dhcpcsvc.DLL
0x00007ffa069c0000 - 0x00007ffa06a8c000 	C:\WINDOWS\SYSTEM32\DNSAPI.dll

dbghelp: loaded successfully - version: 4.0.5 - missing functions: none
symbol engine: initialized successfully - sym options: 0x614 - pdb path: .;C:\Program Files\Android\Android Studio\jre\bin;C:\WINDOWS\SYSTEM32;C:\WINDOWS\WinSxS\amd64_microsoft.windows.common-controls_6595b64144ccf1df_6.0.19041.1110_none_60b5254171f9507e;C:\Program Files\Android\Android Studio\jre\bin\server;C:\Users\User\.gradle\native\e1d6ef7f7dcc3fd88c89a11ec53ec762bb8ba0a96d01ffa2cd45eb1d1d8dd5c5\windows-amd64;C:\Users\User\.gradle\native\5664cfc778a61ccfe75a443a1ab52a65af34e5dc3c78e0209fed803814484fcb\windows-amd64

VM Arguments:
jvm_args: --add-opens=java.base/java.util=ALL-UNNAMED --add-opens=java.base/java.lang=ALL-UNNAMED --add-opens=java.base/java.lang.invoke=ALL-UNNAMED --add-opens=java.base/java.util=ALL-UNNAMED --add-opens=java.prefs/java.util.prefs=ALL-UNNAMED --add-opens=java.prefs/java.util.prefs=ALL-UNNAMED --add-opens=java.base/java.nio.charset=ALL-UNNAMED --add-opens=java.base/java.net=ALL-UNNAMED --add-opens=java.base/java.util.concurrent.atomic=ALL-UNNAMED -Xmx2048m -Dfile.encoding=UTF-8 -Duser.country=ID -Duser.language=en -Duser.variant 
java_command: org.gradle.launcher.daemon.bootstrap.GradleDaemon 7.3.3
java_class_path (initial): C:\Users\User\.gradle\wrapper\dists\gradle-7.3.3-bin\6a41zxkdtcxs8rphpq6y0069z\gradle-7.3.3\lib\gradle-launcher-7.3.3.jar
Launcher Type: SUN_STANDARD

[Global flags]
     intx CICompilerCount                          = 3                                         {product} {ergonomic}
     uint ConcGCThreads                            = 1                                         {product} {ergonomic}
     uint G1ConcRefinementThreads                  = 4                                         {product} {ergonomic}
   size_t G1HeapRegionSize                         = 1048576                                   {product} {ergonomic}
    uintx GCDrainStackTargetSize                   = 64                                        {product} {ergonomic}
   size_t InitialHeapSize                          = 117440512                                 {product} {ergonomic}
   size_t MarkStackSize                            = 4194304                                   {product} {ergonomic}
   size_t MaxHeapSize                              = 2147483648                                {product} {command line}
   size_t MaxNewSize                               = 1287651328                                {product} {ergonomic}
   size_t MinHeapDeltaBytes                        = 1048576                                   {product} {ergonomic}
    uintx NonNMethodCodeHeapSize                   = 5830732                                {pd product} {ergonomic}
    uintx NonProfiledCodeHeapSize                  = 122913754                              {pd product} {ergonomic}
    uintx ProfiledCodeHeapSize                     = 122913754                              {pd product} {ergonomic}
    uintx ReservedCodeCacheSize                    = 251658240                              {pd product} {ergonomic}
     bool SegmentedCodeCache                       = true                                      {product} {ergonomic}
     bool UseCompressedClassPointers               = true                                 {lp64_product} {ergonomic}
     bool UseCompressedOops                        = true                                 {lp64_product} {ergonomic}
     bool UseG1GC                                  = true                                      {product} {ergonomic}
     bool UseLargePagesIndividualAllocation        = false                                  {pd product} {ergonomic}

Logging:
Log output configuration:
 #0: stdout all=warning uptime,level,tags
 #1: stderr all=off uptime,level,tags

Environment Variables:
JAVA_HOME=C:\Users\User\.jdks\azul-13.0.8
CLASSPATH=.;
PATH=C:\Program Files\gradle-7.3.3-bin\gradle-7.3.3\bin;C:\Program Files (x86)\Common Files\Oracle\Java\javapath;C:\Python27\;C:\Python27\Scripts;C:\ProgramData\Oracle\Java\javapath;C:\WINDOWS\system32;C:\WINDOWS;C:\WINDOWS\System32\Wbem;C:\WINDOWS\System32\WindowsPowerShell\v1.0\;C:\WINDOWS\System32\OpenSSH\;C:\ProgramData\chocolatey\bin;C:\Program Files\nodejs\;C:\Users\User\AppData\Local\Android\Sdk\platform-tools;C:\Program Files\Java\jdk-15.0.2\bin;C:\Program Files\Java\jdk1.8.0_271\bin;C:\Users\User\.jdks\azul-13.0.8\bin;C:\Program Files\Git\cmd;C:\flutter\bin;C:\Users\User\AppData\Local\Microsoft\WindowsApps;C:\Users\User\AppData\Local\Programs\Microsoft VS Code\bin;C:\Users\User\AppData\Roaming\npm;C:\Users\User\AppData\Local\Android\Sdk\platform-tools;
USERNAME=User
OS=Windows_NT
PROCESSOR_IDENTIFIER=AMD64 Family 23 Model 24 Stepping 1, AuthenticAMD



---------------  S Y S T E M  ---------------

OS: Windows 10 , 64 bit Build 19041 (10.0.19041.1202)
OS uptime: 2 days 3:31 hours

CPU:total 4 (initial active 4) (4 cores per cpu, 1 threads per core) family 23 model 24 stepping 1 microcode 0x0, cmov, cx8, fxsr, mmx, sse, sse2, sse3, ssse3, sse4.1, sse4.2, popcnt, avx, avx2, aes, clmul, mmxext, 3dnowpref, lzcnt, sse4a, tsc, tscinvbit, tscinv, bmi1, bmi2, adx, sha, 

Memory: 4k page, system-wide physical 7096M (398M free)
TotalPageFile size 15288M (AvailPageFile size 106M)
current process WorkingSet (physical memory assigned to process): 590M, peak: 590M
current process commit charge ("private bytes"): 648M, peak: 881M

vm_info: OpenJDK 64-Bit Server VM (11.0.11+9-b60-7590822) for windows-amd64 JRE (11.0.11+9-b60-7590822), built on Jul 29 2021 21:43:44 by "builder" with MS VC++ 14.0 (VS2015)

END.
