#
# There is insufficient memory for the Java Runtime Environment to continue.
# Native memory allocation (mmap) failed to map 342884352 bytes for Failed to commit area from 0x0000000095500000 to 0x00000000a9c00000 of length 342884352.
# Possible reasons:
#   The system is out of physical RAM or swap space
#   The process is running with CompressedOops enabled, and the Java Heap may be blocking the growth of the native heap
# Possible solutions:
#   Reduce memory load on the system
#   Increase physical memory or swap space
#   Check if swap backing store is full
#   Decrease Java heap size (-Xmx/-Xms)
#   Decrease number of Java threads
#   Decrease Java thread stack sizes (-Xss)
#   Set larger code cache with -XX:ReservedCodeCacheSize=
#   JVM is running with Unscaled Compressed Oops mode in which the Java heap is
#     placed in the first 4GB address space. The Java Heap base address is the
#     maximum limit for the native heap growth. Please use -XX:HeapBaseMinAddress
#     to set the Java Heap base and to place the Java Heap above 4GB virtual address.
# This output file may be truncated or incomplete.
#
#  Out of Memory Error (./src/hotspot/os/windows/os_windows.cpp:3301), pid=6636, tid=7640
#
# JRE version: OpenJDK Runtime Environment (11.0.10) (build 11.0.10+0-b96-7249189)
# Java VM: OpenJDK 64-Bit Server VM (11.0.10+0-b96-7249189, mixed mode, tiered, compressed oops, g1 gc, windows-amd64)
# No core dump will be written. Minidumps are not enabled by default on client versions of Windows
#

---------------  S U M M A R Y ------------

Command Line: --add-opens=java.base/java.util=ALL-UNNAMED --add-opens=java.base/java.lang=ALL-UNNAMED --add-opens=java.base/java.lang.invoke=ALL-UNNAMED --add-opens=java.base/java.util=ALL-UNNAMED --add-opens=java.prefs/java.util.prefs=ALL-UNNAMED --add-opens=java.prefs/java.util.prefs=ALL-UNNAMED --add-opens=java.base/java.nio.charset=ALL-UNNAMED --add-opens=java.base/java.net=ALL-UNNAMED --add-opens=java.base/java.util.concurrent.atomic=ALL-UNNAMED -Xmx2048m -Dfile.encoding=UTF-8 -Duser.country=ID -Duser.language=en -Duser.variant org.gradle.launcher.daemon.bootstrap.GradleDaemon 7.3.3

Host: AMD Ryzen 3 3200G with Radeon Vega Graphics    , 4 cores, 6G,  Windows 10 , 64 bit Build 19041 (10.0.19041.1202)
Time: Mon Feb  7 13:53:24 2022 SE Asia Standard Time elapsed time: 56.703370 seconds (0d 0h 0m 56s)

---------------  T H R E A D  ---------------

Current thread (0x000001757db56800):  VMThread "VM Thread" [stack: 0x0000002c67f00000,0x0000002c68000000] [id=7640]

Stack: [0x0000002c67f00000,0x0000002c68000000]
[error occurred during error reporting (printing stack bounds), id 0xc0000005, EXCEPTION_ACCESS_VIOLATION (0xc0000005) at pc=0x0000017500000f2d]

Native frames: (J=compiled Java code, j=interpreted, Vv=VM code, C=native code)
V  [jvm.dll+0x5ecfaa]
V  [jvm.dll+0x722bd5]
V  [jvm.dll+0x72412d]
V  [jvm.dll+0x724745]
V  [jvm.dll+0x7246fb]
V  [jvm.dll+0x5ec348]
V  [jvm.dll+0x5ecad8]
C  [ntdll.dll+0xa20cf]
C  [ntdll.dll+0x51454]
C  [ntdll.dll+0xa0bfe]
C  0x0000017500000f2d

VM_Operation (0x0000002c6e3fded0): G1CollectForAllocation, mode: safepoint, requested by thread 0x000001750f198800


---------------  P R O C E S S  ---------------

Threads class SMR info:
_java_thread_list=0x000001750f9c9430, length=96, elements={
0x000001757284c000, 0x000001757db5b000, 0x000001757db5c000, 0x000001757db74000,
0x000001757db74800, 0x000001757db77800, 0x000001757db7b000, 0x000001757db80000,
0x000001757db83800, 0x000001757e622800, 0x000001750fa17000, 0x000001757e850000,
0x00000175105fe800, 0x000001751072b800, 0x000001751072c800, 0x0000017510a1a800,
0x0000017510a1b800, 0x0000017510576000, 0x00000175106c0000, 0x0000017510aae800,
0x0000017510aaf000, 0x0000017510ab0000, 0x0000017510ab0800, 0x0000017510aab000,
0x0000017510aac000, 0x0000017510ab1800, 0x0000017510aad800, 0x0000017510aac800,
0x0000017510bee800, 0x0000017510beb000, 0x0000017510bea800, 0x0000017510bef000,
0x0000017510bf1800, 0x0000017510bf1000, 0x0000017510bf2800, 0x0000017510bec800,
0x0000017510bf3000, 0x0000017510bed800, 0x0000017510bf4000, 0x0000017510bf5800,
0x0000017510bf6800, 0x0000017510bf7800, 0x0000017510bf8000, 0x0000017510bf9000,
0x0000017510bf5000, 0x0000017510ffc800, 0x0000017510ffa000, 0x0000017510ffb000,
0x0000017510ff8800, 0x0000017510ffd800, 0x0000017510ffc000, 0x0000017510ffe000,
0x0000017510fff000, 0x0000017510ff9800, 0x0000017511003000, 0x0000017511002800,
0x0000017511005000, 0x0000017511005800, 0x0000017511000000, 0x0000017511006800,
0x0000017511000800, 0x0000017511007000, 0x0000017511001800, 0x0000017511004000,
0x0000017512eb0000, 0x0000017512eb2000, 0x0000017512eb2800, 0x0000017512eb3800,
0x0000017512ead800, 0x0000017512eae800, 0x0000017512eaf800, 0x0000017512eb4000,
0x0000017512eb5000, 0x0000017512eb6000, 0x0000017512eb1000, 0x0000017512eb6800,
0x0000017512eb7800, 0x0000017512ebb000, 0x0000017512eb9000, 0x0000017512ebc800,
0x0000017512ebb800, 0x0000017512eba000, 0x000001750f191800, 0x000001750f18f000,
0x000001750f192000, 0x000001750f196000, 0x000001750f194000, 0x000001750f19a800,
0x000001750f194800, 0x000001750f19c000, 0x000001750f19d000, 0x000001750f190800,
0x000001750f197000, 0x000001750f198800, 0x0000017517b8b000, 0x0000017517b89800
}

Java Threads: ( => current thread )
  0x000001757284c000 JavaThread "main" [_thread_blocked, id=6116, stack(0x0000002c67900000,0x0000002c67a00000)]
  0x000001757db5b000 JavaThread "Reference Handler" daemon [_thread_blocked, id=8832, stack(0x0000002c68000000,0x0000002c68100000)]
  0x000001757db5c000 JavaThread "Finalizer" daemon [_thread_blocked, id=10544, stack(0x0000002c68100000,0x0000002c68200000)]
  0x000001757db74000 JavaThread "Signal Dispatcher" daemon [_thread_blocked, id=6340, stack(0x0000002c68200000,0x0000002c68300000)]
  0x000001757db74800 JavaThread "Attach Listener" daemon [_thread_blocked, id=11492, stack(0x0000002c68300000,0x0000002c68400000)]
  0x000001757db77800 JavaThread "Service Thread" daemon [_thread_blocked, id=11528, stack(0x0000002c68400000,0x0000002c68500000)]
  0x000001757db7b000 JavaThread "C2 CompilerThread0" daemon [_thread_blocked, id=7192, stack(0x0000002c68500000,0x0000002c68600000)]
  0x000001757db80000 JavaThread "C1 CompilerThread0" daemon [_thread_blocked, id=3768, stack(0x0000002c68600000,0x0000002c68700000)]
  0x000001757db83800 JavaThread "Sweeper thread" daemon [_thread_blocked, id=11852, stack(0x0000002c68700000,0x0000002c68800000)]
  0x000001757e622800 JavaThread "Common-Cleaner" daemon [_thread_blocked, id=8008, stack(0x0000002c68800000,0x0000002c68900000)]
  0x000001750fa17000 JavaThread "Daemon health stats" [_thread_blocked, id=11280, stack(0x0000002c68c00000,0x0000002c68d00000)]
  0x000001757e850000 JavaThread "Incoming local TCP Connector on port 53365" [_thread_in_native, id=1112, stack(0x0000002c68a00000,0x0000002c68b00000)]
  0x00000175105fe800 JavaThread "Daemon periodic checks" [_thread_blocked, id=11592, stack(0x0000002c68d00000,0x0000002c68e00000)]
  0x000001751072b800 JavaThread "Daemon" [_thread_blocked, id=9204, stack(0x0000002c68e00000,0x0000002c68f00000)]
  0x000001751072c800 JavaThread "Handler for socket connection from /127.0.0.1:53365 to /127.0.0.1:53366" [_thread_in_native, id=7040, stack(0x0000002c68f00000,0x0000002c69000000)]
  0x0000017510a1a800 JavaThread "Cancel handler" [_thread_blocked, id=4692, stack(0x0000002c69000000,0x0000002c69100000)]
  0x0000017510a1b800 JavaThread "Daemon worker" [_thread_blocked, id=6180, stack(0x0000002c69100000,0x0000002c69200000)]
  0x0000017510576000 JavaThread "Asynchronous log dispatcher for DefaultDaemonConnection: socket connection from /127.0.0.1:53365 to /127.0.0.1:53366" [_thread_blocked, id=1904, stack(0x0000002c69200000,0x0000002c69300000)]
  0x00000175106c0000 JavaThread "Stdin handler" [_thread_blocked, id=4980, stack(0x0000002c69300000,0x0000002c69400000)]
  0x0000017510aae800 JavaThread "Daemon client event forwarder" [_thread_blocked, id=10820, stack(0x0000002c69400000,0x0000002c69500000)]
  0x0000017510aaf000 JavaThread "Cache worker for journal cache (C:\Users\User\.gradle\caches\journal-1)" [_thread_blocked, id=1260, stack(0x0000002c69700000,0x0000002c69800000)]
  0x0000017510ab0000 JavaThread "File lock request listener" [_thread_in_native, id=2488, stack(0x0000002c69800000,0x0000002c69900000)]
  0x0000017510ab0800 JavaThread "Cache worker for file hash cache (C:\Users\User\.gradle\caches\7.3.3\fileHashes)" [_thread_blocked, id=10604, stack(0x0000002c69900000,0x0000002c69a00000)]
  0x0000017510aab000 JavaThread "Cache worker for file hash cache (D:\Binar\Sciroper-CC7\.gradle\7.3.3\fileHashes)" [_thread_blocked, id=10488, stack(0x0000002c69a00000,0x0000002c69b00000)]
  0x0000017510aac000 JavaThread "File watcher server" daemon [_thread_blocked, id=11208, stack(0x0000002c69b00000,0x0000002c69c00000)]
  0x0000017510ab1800 JavaThread "File watcher consumer" daemon [_thread_blocked, id=6976, stack(0x0000002c69c00000,0x0000002c69d00000)]
  0x0000017510aad800 JavaThread "Cache worker for checksums cache (D:\Binar\Sciroper-CC7\.gradle\7.3.3\checksums)" [_thread_blocked, id=10720, stack(0x0000002c69d00000,0x0000002c69e00000)]
  0x0000017510aac800 JavaThread "Cache worker for cache directory md-supplier (C:\Users\User\.gradle\caches\7.3.3\md-supplier)" [_thread_blocked, id=9684, stack(0x0000002c69e00000,0x0000002c69f00000)]
  0x0000017510bee800 JavaThread "Cache worker for cache directory md-rule (C:\Users\User\.gradle\caches\7.3.3\md-rule)" [_thread_blocked, id=1328, stack(0x0000002c69f00000,0x0000002c6a000000)]
  0x0000017510beb000 JavaThread "Cache worker for execution history cache (C:\Users\User\.gradle\caches\7.3.3\executionHistory)" [_thread_blocked, id=1620, stack(0x0000002c6a000000,0x0000002c6a100000)]
  0x0000017510bea800 JavaThread "jar transforms" [_thread_blocked, id=11848, stack(0x0000002c6a100000,0x0000002c6a200000)]
  0x0000017510bef000 JavaThread "jar transforms Thread 2" [_thread_blocked, id=10892, stack(0x0000002c6a200000,0x0000002c6a300000)]
  0x0000017510bf1800 JavaThread "Cache worker for file content cache (C:\Users\User\.gradle\caches\7.3.3\fileContent)" [_thread_blocked, id=11152, stack(0x0000002c6a300000,0x0000002c6a400000)]
  0x0000017510bf1000 JavaThread "Cache worker for dependencies-accessors (D:\Binar\Sciroper-CC7\.gradle\7.3.3\dependencies-accessors)" [_thread_blocked, id=12084, stack(0x0000002c6a400000,0x0000002c6a500000)]
  0x0000017510bf2800 JavaThread "jar transforms Thread 3" [_thread_blocked, id=10348, stack(0x0000002c6a500000,0x0000002c6a600000)]
  0x0000017510bec800 JavaThread "Cache worker for Build Output Cleanup Cache (D:\Binar\Sciroper-CC7\.gradle\buildOutputCleanup)" [_thread_blocked, id=11476, stack(0x0000002c6a700000,0x0000002c6a800000)]
  0x0000017510bf3000 JavaThread "Unconstrained build operations" [_thread_blocked, id=200, stack(0x0000002c6a800000,0x0000002c6a900000)]
  0x0000017510bed800 JavaThread "Unconstrained build operations Thread 2" [_thread_blocked, id=10116, stack(0x0000002c6a900000,0x0000002c6aa00000)]
  0x0000017510bf4000 JavaThread "Unconstrained build operations Thread 3" [_thread_blocked, id=10416, stack(0x0000002c6aa00000,0x0000002c6ab00000)]
  0x0000017510bf5800 JavaThread "Unconstrained build operations Thread 4" [_thread_blocked, id=11416, stack(0x0000002c6ab00000,0x0000002c6ac00000)]
  0x0000017510bf6800 JavaThread "Unconstrained build operations Thread 5" [_thread_blocked, id=12252, stack(0x0000002c6ac00000,0x0000002c6ad00000)]
  0x0000017510bf7800 JavaThread "Unconstrained build operations Thread 6" [_thread_blocked, id=8580, stack(0x0000002c6ad00000,0x0000002c6ae00000)]
  0x0000017510bf8000 JavaThread "Unconstrained build operations Thread 7" [_thread_blocked, id=5056, stack(0x0000002c6ae00000,0x0000002c6af00000)]
  0x0000017510bf9000 JavaThread "Unconstrained build operations Thread 8" [_thread_blocked, id=7436, stack(0x0000002c6af00000,0x0000002c6b000000)]
  0x0000017510bf5000 JavaThread "Unconstrained build operations Thread 9" [_thread_blocked, id=1488, stack(0x0000002c6b000000,0x0000002c6b100000)]
  0x0000017510ffc800 JavaThread "Unconstrained build operations Thread 10" [_thread_blocked, id=7856, stack(0x0000002c6b100000,0x0000002c6b200000)]
  0x0000017510ffa000 JavaThread "Unconstrained build operations Thread 11" [_thread_blocked, id=8404, stack(0x0000002c6b200000,0x0000002c6b300000)]
  0x0000017510ffb000 JavaThread "Unconstrained build operations Thread 12" [_thread_blocked, id=8996, stack(0x0000002c6b300000,0x0000002c6b400000)]
  0x0000017510ff8800 JavaThread "Unconstrained build operations Thread 13" [_thread_blocked, id=11932, stack(0x0000002c6b400000,0x0000002c6b500000)]
  0x0000017510ffd800 JavaThread "Unconstrained build operations Thread 14" [_thread_blocked, id=11140, stack(0x0000002c6b500000,0x0000002c6b600000)]
  0x0000017510ffc000 JavaThread "Unconstrained build operations Thread 15" [_thread_blocked, id=5964, stack(0x0000002c6b600000,0x0000002c6b700000)]
  0x0000017510ffe000 JavaThread "Unconstrained build operations Thread 16" [_thread_blocked, id=10152, stack(0x0000002c6b700000,0x0000002c6b800000)]
  0x0000017510fff000 JavaThread "Unconstrained build operations Thread 17" [_thread_blocked, id=2320, stack(0x0000002c6b800000,0x0000002c6b900000)]
  0x0000017510ff9800 JavaThread "Unconstrained build operations Thread 18" [_thread_blocked, id=3188, stack(0x0000002c6b900000,0x0000002c6ba00000)]
  0x0000017511003000 JavaThread "Unconstrained build operations Thread 19" [_thread_blocked, id=7836, stack(0x0000002c6ba00000,0x0000002c6bb00000)]
  0x0000017511002800 JavaThread "Unconstrained build operations Thread 20" [_thread_blocked, id=10548, stack(0x0000002c6bb00000,0x0000002c6bc00000)]
  0x0000017511005000 JavaThread "Unconstrained build operations Thread 21" [_thread_blocked, id=10516, stack(0x0000002c6bc00000,0x0000002c6bd00000)]
  0x0000017511005800 JavaThread "Unconstrained build operations Thread 22" [_thread_blocked, id=5768, stack(0x0000002c6bd00000,0x0000002c6be00000)]
  0x0000017511000000 JavaThread "Unconstrained build operations Thread 23" [_thread_blocked, id=972, stack(0x0000002c6be00000,0x0000002c6bf00000)]
  0x0000017511006800 JavaThread "Unconstrained build operations Thread 24" [_thread_blocked, id=5452, stack(0x0000002c6bf00000,0x0000002c6c000000)]
  0x0000017511000800 JavaThread "Unconstrained build operations Thread 25" [_thread_blocked, id=2444, stack(0x0000002c6c000000,0x0000002c6c100000)]
  0x0000017511007000 JavaThread "Unconstrained build operations Thread 26" [_thread_blocked, id=3172, stack(0x0000002c6c100000,0x0000002c6c200000)]
  0x0000017511001800 JavaThread "Unconstrained build operations Thread 27" [_thread_blocked, id=3116, stack(0x0000002c6c200000,0x0000002c6c300000)]
  0x0000017511004000 JavaThread "Unconstrained build operations Thread 28" [_thread_blocked, id=10716, stack(0x0000002c6c300000,0x0000002c6c400000)]
  0x0000017512eb0000 JavaThread "Unconstrained build operations Thread 29" [_thread_blocked, id=9620, stack(0x0000002c6c400000,0x0000002c6c500000)]
  0x0000017512eb2000 JavaThread "Unconstrained build operations Thread 30" [_thread_blocked, id=5204, stack(0x0000002c6c500000,0x0000002c6c600000)]
  0x0000017512eb2800 JavaThread "Unconstrained build operations Thread 31" [_thread_blocked, id=5880, stack(0x0000002c6c600000,0x0000002c6c700000)]
  0x0000017512eb3800 JavaThread "Unconstrained build operations Thread 32" [_thread_blocked, id=5896, stack(0x0000002c6c700000,0x0000002c6c800000)]
  0x0000017512ead800 JavaThread "Unconstrained build operations Thread 33" [_thread_blocked, id=6288, stack(0x0000002c6c800000,0x0000002c6c900000)]
  0x0000017512eae800 JavaThread "Unconstrained build operations Thread 34" [_thread_blocked, id=10712, stack(0x0000002c6c900000,0x0000002c6ca00000)]
  0x0000017512eaf800 JavaThread "Unconstrained build operations Thread 35" [_thread_blocked, id=10120, stack(0x0000002c6ca00000,0x0000002c6cb00000)]
  0x0000017512eb4000 JavaThread "Unconstrained build operations Thread 36" [_thread_blocked, id=10496, stack(0x0000002c6cb00000,0x0000002c6cc00000)]
  0x0000017512eb5000 JavaThread "Unconstrained build operations Thread 37" [_thread_blocked, id=4528, stack(0x0000002c6cc00000,0x0000002c6cd00000)]
  0x0000017512eb6000 JavaThread "Unconstrained build operations Thread 38" [_thread_blocked, id=6424, stack(0x0000002c6cd00000,0x0000002c6ce00000)]
  0x0000017512eb1000 JavaThread "Unconstrained build operations Thread 39" [_thread_blocked, id=6120, stack(0x0000002c6ce00000,0x0000002c6cf00000)]
  0x0000017512eb6800 JavaThread "Unconstrained build operations Thread 40" [_thread_blocked, id=9116, stack(0x0000002c6cf00000,0x0000002c6d000000)]
  0x0000017512eb7800 JavaThread "jar transforms Thread 4" [_thread_blocked, id=2948, stack(0x0000002c6d000000,0x0000002c6d100000)]
  0x0000017512ebb000 JavaThread "Memory manager" [_thread_blocked, id=1564, stack(0x0000002c6d100000,0x0000002c6d200000)]
  0x0000017512eb9000 JavaThread "build event listener" [_thread_blocked, id=812, stack(0x0000002c6d200000,0x0000002c6d300000)]
  0x0000017512ebc800 JavaThread "build event listener" [_thread_blocked, id=6156, stack(0x0000002c6d300000,0x0000002c6d400000)]
  0x0000017512ebb800 JavaThread "Execution worker for ':'" [_thread_blocked, id=5152, stack(0x0000002c6d400000,0x0000002c6d500000)]
  0x0000017512eba000 JavaThread "Execution worker for ':' Thread 2" [_thread_blocked, id=10196, stack(0x0000002c6d500000,0x0000002c6d600000)]
  0x000001750f191800 JavaThread "Execution worker for ':' Thread 3" [_thread_blocked, id=504, stack(0x0000002c6d600000,0x0000002c6d700000)]
  0x000001750f18f000 JavaThread "Cache worker for execution history cache (D:\Binar\Sciroper-CC7\.gradle\7.3.3\executionHistory)" [_thread_blocked, id=4656, stack(0x0000002c6d700000,0x0000002c6d800000)]
  0x000001750f192000 JavaThread "WorkerExecutor Queue" [_thread_blocked, id=2460, stack(0x0000002c6a600000,0x0000002c6a700000)]
  0x000001750f196000 JavaThread "WorkerExecutor Queue Thread 2" [_thread_blocked, id=3016, stack(0x0000002c6db00000,0x0000002c6dc00000)]
  0x000001750f194000 JavaThread "pool-3-thread-1" [_thread_blocked, id=1044, stack(0x0000002c6df00000,0x0000002c6e000000)]
  0x000001750f19a800 JavaThread "stderr" [_thread_in_native, id=7656, stack(0x0000002c6e000000,0x0000002c6e100000)]
  0x000001750f194800 JavaThread "stdout" [_thread_in_native, id=9632, stack(0x0000002c6e100000,0x0000002c6e200000)]
  0x000001750f19c000 JavaThread "WorkerExecutor Queue Thread 5" [_thread_blocked, id=240, stack(0x0000002c6dd00000,0x0000002c6de00000)]
  0x000001750f19d000 JavaThread "WorkerExecutor Queue Thread 7" [_thread_blocked, id=5468, stack(0x0000002c6e200000,0x0000002c6e300000)]
  0x000001750f190800 JavaThread "C2 CompilerThread1" daemon [_thread_blocked, id=7288, stack(0x0000002c6dc00000,0x0000002c6dd00000)]
  0x000001750f197000 JavaThread "ForkJoinPool-1-worker-3" daemon [_thread_blocked, id=9996, stack(0x0000002c6de00000,0x0000002c6df00000)]
  0x000001750f198800 JavaThread "ForkJoinPool-1-worker-5" daemon [_thread_blocked, id=7496, stack(0x0000002c6e300000,0x0000002c6e400000)]
  0x0000017517b8b000 JavaThread "ForkJoinPool-1-worker-7" daemon [_thread_blocked, id=1500, stack(0x0000002c6e400000,0x0000002c6e500000)]
  0x0000017517b89800 JavaThread "ForkJoinPool-1-worker-1" daemon [_thread_blocked, id=11884, stack(0x0000002c6e500000,0x0000002c6e600000)]

Other Threads:
=>0x000001757db56800 VMThread "VM Thread" [stack: 0x0000002c67f00000,0x0000002c68000000] [id=7640]
  0x000001757e650000 WatcherThread [stack: 0x0000002c68900000,0x0000002c68a00000] [id=12064]
  0x0000017572866000 GCTaskThread "GC Thread#0" [stack: 0x0000002c67a00000,0x0000002c67b00000] [id=9756]
  0x000001757f062000 GCTaskThread "GC Thread#1" [stack: 0x0000002c68b00000,0x0000002c68c00000] [id=9436]
  0x00000175105a5800 GCTaskThread "GC Thread#2" [stack: 0x0000002c69500000,0x0000002c69600000] [id=6332]
  0x0000017510e92800 GCTaskThread "GC Thread#3" [stack: 0x0000002c69600000,0x0000002c69700000] [id=9716]
  0x0000017572895000 ConcurrentGCThread "G1 Main Marker" [stack: 0x0000002c67b00000,0x0000002c67c00000] [id=7724]
  0x0000017572897000 ConcurrentGCThread "G1 Conc#0" [stack: 0x0000002c67c00000,0x0000002c67d00000] [id=12276]
  0x0000017572912000 ConcurrentGCThread "G1 Refine#0" [stack: 0x0000002c67d00000,0x0000002c67e00000] [id=10420]
  0x0000017572913800 ConcurrentGCThread "G1 Young RemSet Sampling" [stack: 0x0000002c67e00000,0x0000002c67f00000] [id=2976]

Threads with active compile tasks:
C2 CompilerThread0  56804 23407       4       com.android.tools.r8.dex.j::e (654 bytes)
C2 CompilerThread1  56804 23486 %     4       com.android.tools.r8.dex.j::a @ 315 (1038 bytes)

VM state:at safepoint (normal execution)

VM Mutex/Monitor currently owned by a thread:  ([mutex/lock_event])
[0x00000175728482d0] Threads_lock - owner thread: 0x000001757db56800
[0x0000017572849200] Heap_lock - owner thread: 0x000001750f198800

Heap address: 0x0000000080000000, size: 2048 MB, Compressed Oops mode: 32-bit
Narrow klass base: 0x0000000000000000, Narrow klass shift: 3
Compressed class space size: 1073741824 Address: 0x0000000100000000

Heap:
 garbage-first heap   total 684032K, used 284672K [0x0000000080000000, 0x0000000100000000)
  region size 1024K, 3 young (3072K), 3 survivors (3072K)
 Metaspace       used 133276K, capacity 136547K, committed 136696K, reserved 1167360K
  class space    used 16670K, capacity 17906K, committed 17996K, reserved 1048576K
Heap Regions: E=young(eden), S=young(survivor), O=old, HS=humongous(starts), HC=humongous(continues), CS=collection set, F=free, A=archive, TAMS=top-at-mark-start (previous, next)
|   0|0x0000000080000000, 0x0000000080100000, 0x0000000080100000|100%| O|  |TAMS 0x0000000080100000, 0x0000000080100000| Untracked 
|   1|0x0000000080100000, 0x0000000080200000, 0x0000000080200000|100%| O|  |TAMS 0x0000000080200000, 0x0000000080200000| Untracked 
|   2|0x0000000080200000, 0x0000000080300000, 0x0000000080300000|100%| O|  |TAMS 0x0000000080300000, 0x0000000080300000| Untracked 
|   3|0x0000000080300000, 0x0000000080400000, 0x0000000080400000|100%|HS|  |TAMS 0x0000000080400000, 0x0000000080400000| Complete 
|   4|0x0000000080400000, 0x0000000080500000, 0x0000000080500000|100%|HC|  |TAMS 0x0000000080500000, 0x0000000080500000| Complete 
|   5|0x0000000080500000, 0x0000000080600000, 0x0000000080600000|100%|HC|  |TAMS 0x0000000080600000, 0x0000000080600000| Complete 
|   6|0x0000000080600000, 0x0000000080700000, 0x0000000080700000|100%| O|  |TAMS 0x0000000080700000, 0x0000000080700000| Untracked 
|   7|0x0000000080700000, 0x0000000080800000, 0x0000000080800000|100%| O|  |TAMS 0x0000000080800000, 0x0000000080800000| Untracked 
|   8|0x0000000080800000, 0x0000000080900000, 0x0000000080900000|100%| O|  |TAMS 0x0000000080900000, 0x0000000080900000| Untracked 
|   9|0x0000000080900000, 0x0000000080a00000, 0x0000000080a00000|100%| O|  |TAMS 0x0000000080a00000, 0x0000000080a00000| Untracked 
|  10|0x0000000080a00000, 0x0000000080b00000, 0x0000000080b00000|100%| O|  |TAMS 0x0000000080b00000, 0x0000000080b00000| Untracked 
|  11|0x0000000080b00000, 0x0000000080c00000, 0x0000000080c00000|100%| O|  |TAMS 0x0000000080c00000, 0x0000000080c00000| Untracked 
|  12|0x0000000080c00000, 0x0000000080d00000, 0x0000000080d00000|100%| O|  |TAMS 0x0000000080d00000, 0x0000000080d00000| Untracked 
|  13|0x0000000080d00000, 0x0000000080e00000, 0x0000000080e00000|100%| O|  |TAMS 0x0000000080e00000, 0x0000000080e00000| Untracked 
|  14|0x0000000080e00000, 0x0000000080f00000, 0x0000000080f00000|100%| O|  |TAMS 0x0000000080f00000, 0x0000000080f00000| Untracked 
|  15|0x0000000080f00000, 0x0000000081000000, 0x0000000081000000|100%| O|  |TAMS 0x0000000081000000, 0x0000000081000000| Untracked 
|  16|0x0000000081000000, 0x0000000081100000, 0x0000000081100000|100%| O|  |TAMS 0x0000000081100000, 0x0000000081100000| Untracked 
|  17|0x0000000081100000, 0x0000000081200000, 0x0000000081200000|100%|HS|  |TAMS 0x0000000081200000, 0x0000000081200000| Complete 
|  18|0x0000000081200000, 0x0000000081300000, 0x0000000081300000|100%| O|  |TAMS 0x0000000081300000, 0x0000000081300000| Untracked 
|  19|0x0000000081300000, 0x0000000081400000, 0x0000000081400000|100%| O|  |TAMS 0x0000000081400000, 0x0000000081400000| Untracked 
|  20|0x0000000081400000, 0x0000000081500000, 0x0000000081500000|100%| O|  |TAMS 0x0000000081500000, 0x0000000081500000| Untracked 
|  21|0x0000000081500000, 0x0000000081600000, 0x0000000081600000|100%| O|  |TAMS 0x0000000081600000, 0x0000000081600000| Untracked 
|  22|0x0000000081600000, 0x0000000081700000, 0x0000000081700000|100%| O|  |TAMS 0x0000000081700000, 0x0000000081700000| Untracked 
|  23|0x0000000081700000, 0x0000000081800000, 0x0000000081800000|100%|HS|  |TAMS 0x0000000081800000, 0x0000000081800000| Complete 
|  24|0x0000000081800000, 0x0000000081900000, 0x0000000081900000|100%|HS|  |TAMS 0x0000000081900000, 0x0000000081900000| Complete 
|  25|0x0000000081900000, 0x0000000081a00000, 0x0000000081a00000|100%|HS|  |TAMS 0x0000000081a00000, 0x0000000081a00000| Complete 
|  26|0x0000000081a00000, 0x0000000081b00000, 0x0000000081b00000|100%|HC|  |TAMS 0x0000000081b00000, 0x0000000081b00000| Complete 
|  27|0x0000000081b00000, 0x0000000081c00000, 0x0000000081c00000|100%|HC|  |TAMS 0x0000000081c00000, 0x0000000081c00000| Complete 
|  28|0x0000000081c00000, 0x0000000081d00000, 0x0000000081d00000|100%|HS|  |TAMS 0x0000000081d00000, 0x0000000081d00000| Complete 
|  29|0x0000000081d00000, 0x0000000081e00000, 0x0000000081e00000|100%|HC|  |TAMS 0x0000000081e00000, 0x0000000081e00000| Complete 
|  30|0x0000000081e00000, 0x0000000081f00000, 0x0000000081f00000|100%| O|  |TAMS 0x0000000081f00000, 0x0000000081f00000| Untracked 
|  31|0x0000000081f00000, 0x0000000082000000, 0x0000000082000000|100%| O|  |TAMS 0x0000000082000000, 0x0000000082000000| Untracked 
|  32|0x0000000082000000, 0x0000000082100000, 0x0000000082100000|100%| O|  |TAMS 0x0000000082100000, 0x0000000082100000| Untracked 
|  33|0x0000000082100000, 0x0000000082200000, 0x0000000082200000|100%| O|  |TAMS 0x0000000082200000, 0x0000000082200000| Untracked 
|  34|0x0000000082200000, 0x0000000082300000, 0x0000000082300000|100%| O|  |TAMS 0x0000000082300000, 0x0000000082300000| Untracked 
|  35|0x0000000082300000, 0x0000000082400000, 0x0000000082400000|100%| O|  |TAMS 0x0000000082400000, 0x0000000082400000| Untracked 
|  36|0x0000000082400000, 0x0000000082500000, 0x0000000082500000|100%| O|  |TAMS 0x0000000082500000, 0x0000000082500000| Untracked 
|  37|0x0000000082500000, 0x0000000082600000, 0x0000000082600000|100%| O|  |TAMS 0x0000000082600000, 0x0000000082600000| Untracked 
|  38|0x0000000082600000, 0x0000000082700000, 0x0000000082700000|100%| O|  |TAMS 0x0000000082700000, 0x0000000082700000| Untracked 
|  39|0x0000000082700000, 0x0000000082800000, 0x0000000082800000|100%| O|  |TAMS 0x0000000082800000, 0x0000000082800000| Untracked 
|  40|0x0000000082800000, 0x0000000082900000, 0x0000000082900000|100%| O|  |TAMS 0x0000000082900000, 0x0000000082900000| Untracked 
|  41|0x0000000082900000, 0x0000000082a00000, 0x0000000082a00000|100%| O|  |TAMS 0x0000000082a00000, 0x0000000082a00000| Untracked 
|  42|0x0000000082a00000, 0x0000000082b00000, 0x0000000082b00000|100%| O|  |TAMS 0x0000000082b00000, 0x0000000082b00000| Untracked 
|  43|0x0000000082b00000, 0x0000000082c00000, 0x0000000082c00000|100%| O|  |TAMS 0x0000000082c00000, 0x0000000082c00000| Untracked 
|  44|0x0000000082c00000, 0x0000000082d00000, 0x0000000082d00000|100%| O|  |TAMS 0x0000000082d00000, 0x0000000082d00000| Untracked 
|  45|0x0000000082d00000, 0x0000000082e00000, 0x0000000082e00000|100%| O|  |TAMS 0x0000000082e00000, 0x0000000082e00000| Untracked 
|  46|0x0000000082e00000, 0x0000000082f00000, 0x0000000082f00000|100%| O|  |TAMS 0x0000000082f00000, 0x0000000082f00000| Untracked 
|  47|0x0000000082f00000, 0x0000000083000000, 0x0000000083000000|100%| O|  |TAMS 0x0000000083000000, 0x0000000083000000| Untracked 
|  48|0x0000000083000000, 0x0000000083100000, 0x0000000083100000|100%| O|  |TAMS 0x0000000083100000, 0x0000000083100000| Untracked 
|  49|0x0000000083100000, 0x0000000083200000, 0x0000000083200000|100%| O|  |TAMS 0x0000000083200000, 0x0000000083200000| Untracked 
|  50|0x0000000083200000, 0x0000000083300000, 0x0000000083300000|100%| O|  |TAMS 0x0000000083300000, 0x0000000083300000| Untracked 
|  51|0x0000000083300000, 0x0000000083400000, 0x0000000083400000|100%| O|  |TAMS 0x0000000083400000, 0x0000000083400000| Untracked 
|  52|0x0000000083400000, 0x0000000083500000, 0x0000000083500000|100%| O|  |TAMS 0x0000000083500000, 0x0000000083500000| Untracked 
|  53|0x0000000083500000, 0x0000000083600000, 0x0000000083600000|100%| O|  |TAMS 0x0000000083600000, 0x0000000083600000| Untracked 
|  54|0x0000000083600000, 0x0000000083700000, 0x0000000083700000|100%| O|  |TAMS 0x0000000083700000, 0x0000000083700000| Untracked 
|  55|0x0000000083700000, 0x0000000083800000, 0x0000000083800000|100%| O|  |TAMS 0x0000000083800000, 0x0000000083800000| Untracked 
|  56|0x0000000083800000, 0x0000000083900000, 0x0000000083900000|100%| O|  |TAMS 0x0000000083900000, 0x0000000083900000| Untracked 
|  57|0x0000000083900000, 0x0000000083a00000, 0x0000000083a00000|100%| O|  |TAMS 0x0000000083a00000, 0x0000000083a00000| Untracked 
|  58|0x0000000083a00000, 0x0000000083b00000, 0x0000000083b00000|100%| O|  |TAMS 0x0000000083b00000, 0x0000000083b00000| Untracked 
|  59|0x0000000083b00000, 0x0000000083c00000, 0x0000000083c00000|100%| O|  |TAMS 0x0000000083c00000, 0x0000000083c00000| Untracked 
|  60|0x0000000083c00000, 0x0000000083d00000, 0x0000000083d00000|100%| O|  |TAMS 0x0000000083d00000, 0x0000000083d00000| Untracked 
|  61|0x0000000083d00000, 0x0000000083e00000, 0x0000000083e00000|100%| O|  |TAMS 0x0000000083e00000, 0x0000000083e00000| Untracked 
|  62|0x0000000083e00000, 0x0000000083f00000, 0x0000000083f00000|100%| O|  |TAMS 0x0000000083f00000, 0x0000000083f00000| Untracked 
|  63|0x0000000083f00000, 0x0000000084000000, 0x0000000084000000|100%| O|  |TAMS 0x0000000084000000, 0x0000000084000000| Untracked 
|  64|0x0000000084000000, 0x0000000084100000, 0x0000000084100000|100%| O|  |TAMS 0x0000000084100000, 0x0000000084100000| Untracked 
|  65|0x0000000084100000, 0x0000000084200000, 0x0000000084200000|100%| O|  |TAMS 0x0000000084200000, 0x0000000084200000| Untracked 
|  66|0x0000000084200000, 0x0000000084300000, 0x0000000084300000|100%| O|  |TAMS 0x0000000084300000, 0x0000000084300000| Untracked 
|  67|0x0000000084300000, 0x0000000084400000, 0x0000000084400000|100%| O|  |TAMS 0x0000000084400000, 0x0000000084400000| Untracked 
|  68|0x0000000084400000, 0x0000000084500000, 0x0000000084500000|100%| O|  |TAMS 0x0000000084500000, 0x0000000084500000| Untracked 
|  69|0x0000000084500000, 0x0000000084600000, 0x0000000084600000|100%| O|  |TAMS 0x0000000084600000, 0x0000000084600000| Untracked 
|  70|0x0000000084600000, 0x0000000084700000, 0x0000000084700000|100%| O|  |TAMS 0x0000000084700000, 0x0000000084700000| Untracked 
|  71|0x0000000084700000, 0x0000000084800000, 0x0000000084800000|100%| O|  |TAMS 0x0000000084800000, 0x0000000084800000| Untracked 
|  72|0x0000000084800000, 0x0000000084900000, 0x0000000084900000|100%| O|  |TAMS 0x0000000084900000, 0x0000000084900000| Untracked 
|  73|0x0000000084900000, 0x0000000084a00000, 0x0000000084a00000|100%| O|  |TAMS 0x0000000084a00000, 0x0000000084a00000| Untracked 
|  74|0x0000000084a00000, 0x0000000084b00000, 0x0000000084b00000|100%| O|  |TAMS 0x0000000084b00000, 0x0000000084b00000| Untracked 
|  75|0x0000000084b00000, 0x0000000084c00000, 0x0000000084c00000|100%| O|  |TAMS 0x0000000084c00000, 0x0000000084c00000| Untracked 
|  76|0x0000000084c00000, 0x0000000084d00000, 0x0000000084d00000|100%| O|  |TAMS 0x0000000084d00000, 0x0000000084d00000| Untracked 
|  77|0x0000000084d00000, 0x0000000084e00000, 0x0000000084e00000|100%| O|  |TAMS 0x0000000084e00000, 0x0000000084e00000| Untracked 
|  78|0x0000000084e00000, 0x0000000084f00000, 0x0000000084f00000|100%| O|  |TAMS 0x0000000084f00000, 0x0000000084f00000| Untracked 
|  79|0x0000000084f00000, 0x0000000085000000, 0x0000000085000000|100%| O|  |TAMS 0x0000000085000000, 0x0000000085000000| Untracked 
|  80|0x0000000085000000, 0x0000000085100000, 0x0000000085100000|100%| O|  |TAMS 0x0000000085100000, 0x0000000085100000| Untracked 
|  81|0x0000000085100000, 0x0000000085200000, 0x0000000085200000|100%| O|  |TAMS 0x0000000085200000, 0x0000000085200000| Untracked 
|  82|0x0000000085200000, 0x0000000085300000, 0x0000000085300000|100%| O|  |TAMS 0x0000000085300000, 0x0000000085300000| Untracked 
|  83|0x0000000085300000, 0x0000000085400000, 0x0000000085400000|100%| O|  |TAMS 0x0000000085400000, 0x0000000085400000| Untracked 
|  84|0x0000000085400000, 0x0000000085500000, 0x0000000085500000|100%| O|  |TAMS 0x0000000085500000, 0x0000000085500000| Untracked 
|  85|0x0000000085500000, 0x0000000085600000, 0x0000000085600000|100%| O|  |TAMS 0x0000000085600000, 0x0000000085600000| Untracked 
|  86|0x0000000085600000, 0x0000000085700000, 0x0000000085700000|100%| O|  |TAMS 0x0000000085700000, 0x0000000085700000| Untracked 
|  87|0x0000000085700000, 0x0000000085800000, 0x0000000085800000|100%| O|  |TAMS 0x0000000085800000, 0x0000000085800000| Untracked 
|  88|0x0000000085800000, 0x0000000085900000, 0x0000000085900000|100%| O|  |TAMS 0x0000000085900000, 0x0000000085900000| Untracked 
|  89|0x0000000085900000, 0x0000000085a00000, 0x0000000085a00000|100%| O|  |TAMS 0x0000000085a00000, 0x0000000085a00000| Untracked 
|  90|0x0000000085a00000, 0x0000000085b00000, 0x0000000085b00000|100%| O|  |TAMS 0x0000000085b00000, 0x0000000085b00000| Untracked 
|  91|0x0000000085b00000, 0x0000000085c00000, 0x0000000085c00000|100%| O|  |TAMS 0x0000000085c00000, 0x0000000085c00000| Untracked 
|  92|0x0000000085c00000, 0x0000000085d00000, 0x0000000085d00000|100%| O|  |TAMS 0x0000000085d00000, 0x0000000085d00000| Untracked 
|  93|0x0000000085d00000, 0x0000000085e00000, 0x0000000085e00000|100%| O|  |TAMS 0x0000000085d00000, 0x0000000085e00000| Untracked 
|  94|0x0000000085e00000, 0x0000000085f00000, 0x0000000085f00000|100%| O|  |TAMS 0x0000000085f00000, 0x0000000085f00000| Untracked 
|  95|0x0000000085f00000, 0x0000000086000000, 0x0000000086000000|100%| O|  |TAMS 0x0000000086000000, 0x0000000086000000| Untracked 
|  96|0x0000000086000000, 0x0000000086100000, 0x0000000086100000|100%| O|  |TAMS 0x0000000086100000, 0x0000000086100000| Untracked 
|  97|0x0000000086100000, 0x0000000086200000, 0x0000000086200000|100%| O|  |TAMS 0x0000000086200000, 0x0000000086200000| Untracked 
|  98|0x0000000086200000, 0x0000000086300000, 0x0000000086300000|100%| O|  |TAMS 0x0000000086300000, 0x0000000086300000| Untracked 
|  99|0x0000000086300000, 0x0000000086400000, 0x0000000086400000|100%| O|  |TAMS 0x0000000086400000, 0x0000000086400000| Untracked 
| 100|0x0000000086400000, 0x0000000086500000, 0x0000000086500000|100%| O|  |TAMS 0x0000000086500000, 0x0000000086500000| Untracked 
| 101|0x0000000086500000, 0x0000000086600000, 0x0000000086600000|100%| O|  |TAMS 0x0000000086600000, 0x0000000086600000| Untracked 
| 102|0x0000000086600000, 0x0000000086700000, 0x0000000086700000|100%| O|  |TAMS 0x0000000086700000, 0x0000000086700000| Untracked 
| 103|0x0000000086700000, 0x0000000086800000, 0x0000000086800000|100%| O|  |TAMS 0x0000000086800000, 0x0000000086800000| Untracked 
| 104|0x0000000086800000, 0x0000000086900000, 0x0000000086900000|100%| O|  |TAMS 0x0000000086900000, 0x0000000086900000| Untracked 
| 105|0x0000000086900000, 0x0000000086a00000, 0x0000000086a00000|100%| O|  |TAMS 0x0000000086a00000, 0x0000000086a00000| Untracked 
| 106|0x0000000086a00000, 0x0000000086b00000, 0x0000000086b00000|100%| O|  |TAMS 0x0000000086b00000, 0x0000000086b00000| Untracked 
| 107|0x0000000086b00000, 0x0000000086c00000, 0x0000000086c00000|100%| O|  |TAMS 0x0000000086c00000, 0x0000000086c00000| Untracked 
| 108|0x0000000086c00000, 0x0000000086d00000, 0x0000000086d00000|100%| O|  |TAMS 0x0000000086d00000, 0x0000000086d00000| Untracked 
| 109|0x0000000086d00000, 0x0000000086e00000, 0x0000000086e00000|100%| O|  |TAMS 0x0000000086e00000, 0x0000000086e00000| Untracked 
| 110|0x0000000086e00000, 0x0000000086f00000, 0x0000000086f00000|100%| O|  |TAMS 0x0000000086f00000, 0x0000000086f00000| Untracked 
| 111|0x0000000086f00000, 0x0000000087000000, 0x0000000087000000|100%| O|  |TAMS 0x0000000087000000, 0x0000000087000000| Untracked 
| 112|0x0000000087000000, 0x0000000087100000, 0x0000000087100000|100%| O|  |TAMS 0x0000000087100000, 0x0000000087100000| Untracked 
| 113|0x0000000087100000, 0x0000000087200000, 0x0000000087200000|100%| O|  |TAMS 0x0000000087200000, 0x0000000087200000| Untracked 
| 114|0x0000000087200000, 0x0000000087300000, 0x0000000087300000|100%| O|  |TAMS 0x0000000087300000, 0x0000000087300000| Untracked 
| 115|0x0000000087300000, 0x0000000087400000, 0x0000000087400000|100%| O|  |TAMS 0x0000000087400000, 0x0000000087400000| Untracked 
| 116|0x0000000087400000, 0x0000000087500000, 0x0000000087500000|100%|HS|  |TAMS 0x0000000087400000, 0x0000000087500000| Complete 
| 117|0x0000000087500000, 0x0000000087600000, 0x0000000087600000|100%|HC|  |TAMS 0x0000000087500000, 0x0000000087600000| Complete 
| 118|0x0000000087600000, 0x0000000087700000, 0x0000000087700000|100%| O|  |TAMS 0x0000000087600000, 0x0000000087700000| Untracked 
| 119|0x0000000087700000, 0x0000000087800000, 0x0000000087800000|100%| O|  |TAMS 0x0000000087800000, 0x0000000087800000| Untracked 
| 120|0x0000000087800000, 0x0000000087900000, 0x0000000087900000|100%|HS|  |TAMS 0x0000000087800000, 0x0000000087900000| Complete 
| 121|0x0000000087900000, 0x0000000087a00000, 0x0000000087a00000|100%|HS|  |TAMS 0x0000000087a00000, 0x0000000087a00000| Complete 
| 122|0x0000000087a00000, 0x0000000087b00000, 0x0000000087b00000|100%|HC|  |TAMS 0x0000000087b00000, 0x0000000087b00000| Complete 
| 123|0x0000000087b00000, 0x0000000087c00000, 0x0000000087c00000|100%|HS|  |TAMS 0x0000000087c00000, 0x0000000087c00000| Complete 
| 124|0x0000000087c00000, 0x0000000087d00000, 0x0000000087d00000|100%|HC|  |TAMS 0x0000000087d00000, 0x0000000087d00000| Complete 
| 125|0x0000000087d00000, 0x0000000087e00000, 0x0000000087e00000|100%|HS|  |TAMS 0x0000000087e00000, 0x0000000087e00000| Complete 
| 126|0x0000000087e00000, 0x0000000087f00000, 0x0000000087f00000|100%|HS|  |TAMS 0x0000000087f00000, 0x0000000087f00000| Complete 
| 127|0x0000000087f00000, 0x0000000088000000, 0x0000000088000000|100%|HS|  |TAMS 0x0000000088000000, 0x0000000088000000| Complete 
| 128|0x0000000088000000, 0x0000000088100000, 0x0000000088100000|100%|HS|  |TAMS 0x0000000088100000, 0x0000000088100000| Complete 
| 129|0x0000000088100000, 0x0000000088200000, 0x0000000088200000|100%|HS|  |TAMS 0x0000000088200000, 0x0000000088200000| Complete 
| 130|0x0000000088200000, 0x0000000088300000, 0x0000000088300000|100%|HC|  |TAMS 0x0000000088300000, 0x0000000088300000| Complete 
| 131|0x0000000088300000, 0x0000000088400000, 0x0000000088400000|100%|HS|  |TAMS 0x0000000088400000, 0x0000000088400000| Complete 
| 132|0x0000000088400000, 0x0000000088500000, 0x0000000088500000|100%|HS|  |TAMS 0x0000000088500000, 0x0000000088500000| Complete 
| 133|0x0000000088500000, 0x0000000088600000, 0x0000000088600000|100%|HC|  |TAMS 0x0000000088600000, 0x0000000088600000| Complete 
| 134|0x0000000088600000, 0x0000000088700000, 0x0000000088700000|100%|HC|  |TAMS 0x0000000088700000, 0x0000000088700000| Complete 
| 135|0x0000000088700000, 0x0000000088800000, 0x0000000088800000|100%| O|  |TAMS 0x0000000088800000, 0x0000000088800000| Untracked 
| 136|0x0000000088800000, 0x0000000088900000, 0x0000000088900000|100%| O|  |TAMS 0x0000000088800000, 0x0000000088900000| Untracked 
| 137|0x0000000088900000, 0x0000000088a00000, 0x0000000088a00000|100%| O|  |TAMS 0x0000000088a00000, 0x0000000088a00000| Untracked 
| 138|0x0000000088a00000, 0x0000000088b00000, 0x0000000088b00000|100%| O|  |TAMS 0x0000000088b00000, 0x0000000088b00000| Untracked 
| 139|0x0000000088b00000, 0x0000000088c00000, 0x0000000088c00000|100%| O|  |TAMS 0x0000000088c00000, 0x0000000088c00000| Untracked 
| 140|0x0000000088c00000, 0x0000000088d00000, 0x0000000088d00000|100%| O|  |TAMS 0x0000000088c3a200, 0x0000000088d00000| Untracked 
| 141|0x0000000088d00000, 0x0000000088e00000, 0x0000000088e00000|100%| O|  |TAMS 0x0000000088d00000, 0x0000000088e00000| Untracked 
| 142|0x0000000088e00000, 0x0000000088f00000, 0x0000000088f00000|100%| O|  |TAMS 0x0000000088f00000, 0x0000000088f00000| Untracked 
| 143|0x0000000088f00000, 0x0000000089000000, 0x0000000089000000|100%|HS|  |TAMS 0x0000000088f00000, 0x0000000089000000| Complete 
| 144|0x0000000089000000, 0x0000000089100000, 0x0000000089100000|100%|HS|  |TAMS 0x0000000089000000, 0x0000000089100000| Complete 
| 145|0x0000000089100000, 0x0000000089200000, 0x0000000089200000|100%|HC|  |TAMS 0x0000000089100000, 0x0000000089200000| Complete 
| 146|0x0000000089200000, 0x0000000089300000, 0x0000000089300000|100%|HC|  |TAMS 0x0000000089200000, 0x0000000089300000| Complete 
| 147|0x0000000089300000, 0x0000000089400000, 0x0000000089400000|100%|HS|  |TAMS 0x0000000089300000, 0x0000000089400000| Complete 
| 148|0x0000000089400000, 0x0000000089500000, 0x0000000089500000|100%| O|  |TAMS 0x0000000089400000, 0x0000000089500000| Untracked 
| 149|0x0000000089500000, 0x0000000089600000, 0x0000000089600000|100%|HS|  |TAMS 0x0000000089500000, 0x0000000089600000| Complete 
| 150|0x0000000089600000, 0x0000000089700000, 0x0000000089700000|100%|HS|  |TAMS 0x0000000089600000, 0x0000000089700000| Complete 
| 151|0x0000000089700000, 0x0000000089800000, 0x0000000089800000|100%|HC|  |TAMS 0x0000000089700000, 0x0000000089800000| Complete 
| 152|0x0000000089800000, 0x0000000089900000, 0x0000000089900000|100%| O|  |TAMS 0x0000000089800000, 0x0000000089900000| Untracked 
| 153|0x0000000089900000, 0x0000000089a00000, 0x0000000089a00000|100%|HS|  |TAMS 0x0000000089900000, 0x0000000089a00000| Complete 
| 154|0x0000000089a00000, 0x0000000089b00000, 0x0000000089b00000|100%|HS|  |TAMS 0x0000000089a00000, 0x0000000089b00000| Complete 
| 155|0x0000000089b00000, 0x0000000089c00000, 0x0000000089c00000|100%|HC|  |TAMS 0x0000000089b00000, 0x0000000089c00000| Complete 
| 156|0x0000000089c00000, 0x0000000089d00000, 0x0000000089d00000|100%| O|  |TAMS 0x0000000089c00000, 0x0000000089d00000| Untracked 
| 157|0x0000000089d00000, 0x0000000089e00000, 0x0000000089e00000|100%|HS|  |TAMS 0x0000000089d00000, 0x0000000089e00000| Complete 
| 158|0x0000000089e00000, 0x0000000089f00000, 0x0000000089f00000|100%|HS|  |TAMS 0x0000000089e00000, 0x0000000089f00000| Complete 
| 159|0x0000000089f00000, 0x000000008a000000, 0x000000008a000000|100%|HS|  |TAMS 0x0000000089f00000, 0x000000008a000000| Complete 
| 160|0x000000008a000000, 0x000000008a100000, 0x000000008a100000|100%| O|  |TAMS 0x000000008a000000, 0x000000008a100000| Untracked 
| 161|0x000000008a100000, 0x000000008a200000, 0x000000008a200000|100%|HS|  |TAMS 0x000000008a100000, 0x000000008a200000| Complete 
| 162|0x000000008a200000, 0x000000008a300000, 0x000000008a300000|100%| O|  |TAMS 0x000000008a200000, 0x000000008a300000| Untracked 
| 163|0x000000008a300000, 0x000000008a400000, 0x000000008a400000|100%|HS|  |TAMS 0x000000008a300000, 0x000000008a400000| Complete 
| 164|0x000000008a400000, 0x000000008a500000, 0x000000008a500000|100%| O|  |TAMS 0x000000008a400000, 0x000000008a500000| Untracked 
| 165|0x000000008a500000, 0x000000008a600000, 0x000000008a600000|100%| O|  |TAMS 0x000000008a500000, 0x000000008a600000| Untracked 
| 166|0x000000008a600000, 0x000000008a700000, 0x000000008a700000|100%|HS|  |TAMS 0x000000008a600000, 0x000000008a700000| Complete 
| 167|0x000000008a700000, 0x000000008a800000, 0x000000008a800000|100%|HC|  |TAMS 0x000000008a700000, 0x000000008a800000| Complete 
| 168|0x000000008a800000, 0x000000008a900000, 0x000000008a900000|100%| O|  |TAMS 0x000000008a800000, 0x000000008a900000| Untracked 
| 169|0x000000008a900000, 0x000000008aa00000, 0x000000008aa00000|100%|HS|  |TAMS 0x000000008a900000, 0x000000008aa00000| Complete 
| 170|0x000000008aa00000, 0x000000008ab00000, 0x000000008ab00000|100%| O|  |TAMS 0x000000008aa00000, 0x000000008ab00000| Untracked 
| 171|0x000000008ab00000, 0x000000008ac00000, 0x000000008ac00000|100%| O|  |TAMS 0x000000008ab00000, 0x000000008ac00000| Untracked 
| 172|0x000000008ac00000, 0x000000008ad00000, 0x000000008ad00000|100%| O|  |TAMS 0x000000008ac00000, 0x000000008ad00000| Untracked 
| 173|0x000000008ad00000, 0x000000008ae00000, 0x000000008ae00000|100%|HS|  |TAMS 0x000000008ad00000, 0x000000008ae00000| Complete 
| 174|0x000000008ae00000, 0x000000008af00000, 0x000000008af00000|100%|HC|  |TAMS 0x000000008ae00000, 0x000000008af00000| Complete 
| 175|0x000000008af00000, 0x000000008b000000, 0x000000008b000000|100%|HC|  |TAMS 0x000000008af00000, 0x000000008b000000| Complete 
| 176|0x000000008b000000, 0x000000008b100000, 0x000000008b100000|100%| O|  |TAMS 0x000000008b000000, 0x000000008b100000| Untracked 
| 177|0x000000008b100000, 0x000000008b200000, 0x000000008b200000|100%| O|  |TAMS 0x000000008b100000, 0x000000008b200000| Untracked 
| 178|0x000000008b200000, 0x000000008b300000, 0x000000008b300000|100%| O|  |TAMS 0x000000008b200000, 0x000000008b300000| Untracked 
| 179|0x000000008b300000, 0x000000008b400000, 0x000000008b400000|100%|HS|  |TAMS 0x000000008b300000, 0x000000008b400000| Complete 
| 180|0x000000008b400000, 0x000000008b500000, 0x000000008b500000|100%|HC|  |TAMS 0x000000008b400000, 0x000000008b500000| Complete 
| 181|0x000000008b500000, 0x000000008b600000, 0x000000008b600000|100%|HC|  |TAMS 0x000000008b500000, 0x000000008b600000| Complete 
| 182|0x000000008b600000, 0x000000008b700000, 0x000000008b700000|100%| O|  |TAMS 0x000000008b600000, 0x000000008b700000| Untracked 
| 183|0x000000008b700000, 0x000000008b800000, 0x000000008b800000|100%| O|  |TAMS 0x000000008b700000, 0x000000008b800000| Untracked 
| 184|0x000000008b800000, 0x000000008b900000, 0x000000008b900000|100%| O|  |TAMS 0x000000008b800000, 0x000000008b900000| Untracked 
| 185|0x000000008b900000, 0x000000008ba00000, 0x000000008ba00000|100%| O|  |TAMS 0x000000008b900000, 0x000000008ba00000| Untracked 
| 186|0x000000008ba00000, 0x000000008bb00000, 0x000000008bb00000|100%| O|  |TAMS 0x000000008ba00000, 0x000000008bb00000| Untracked 
| 187|0x000000008bb00000, 0x000000008bc00000, 0x000000008bc00000|100%| O|  |TAMS 0x000000008bb00000, 0x000000008bc00000| Untracked 
| 188|0x000000008bc00000, 0x000000008bd00000, 0x000000008bd00000|100%| O|  |TAMS 0x000000008bc00000, 0x000000008bd00000| Untracked 
| 189|0x000000008bd00000, 0x000000008be00000, 0x000000008be00000|100%|HS|  |TAMS 0x000000008bd00000, 0x000000008be00000| Complete 
| 190|0x000000008be00000, 0x000000008bf00000, 0x000000008bf00000|100%| O|  |TAMS 0x000000008be00000, 0x000000008bf00000| Untracked 
| 191|0x000000008bf00000, 0x000000008c000000, 0x000000008c000000|100%| O|  |TAMS 0x000000008bf00000, 0x000000008c000000| Untracked 
| 192|0x000000008c000000, 0x000000008c100000, 0x000000008c100000|100%| O|  |TAMS 0x000000008c000000, 0x000000008c100000| Untracked 
| 193|0x000000008c100000, 0x000000008c200000, 0x000000008c200000|100%| O|  |TAMS 0x000000008c100000, 0x000000008c200000| Untracked 
| 194|0x000000008c200000, 0x000000008c300000, 0x000000008c300000|100%| O|  |TAMS 0x000000008c200000, 0x000000008c300000| Untracked 
| 195|0x000000008c300000, 0x000000008c400000, 0x000000008c400000|100%| O|  |TAMS 0x000000008c300000, 0x000000008c400000| Untracked 
| 196|0x000000008c400000, 0x000000008c500000, 0x000000008c500000|100%| O|  |TAMS 0x000000008c400000, 0x000000008c500000| Untracked 
| 197|0x000000008c500000, 0x000000008c600000, 0x000000008c600000|100%|HS|  |TAMS 0x000000008c500000, 0x000000008c600000| Complete 
| 198|0x000000008c600000, 0x000000008c700000, 0x000000008c700000|100%| O|  |TAMS 0x000000008c600000, 0x000000008c700000| Untracked 
| 199|0x000000008c700000, 0x000000008c800000, 0x000000008c800000|100%| O|  |TAMS 0x000000008c700000, 0x000000008c800000| Untracked 
| 200|0x000000008c800000, 0x000000008c900000, 0x000000008c900000|100%| O|  |TAMS 0x000000008c800000, 0x000000008c900000| Untracked 
| 201|0x000000008c900000, 0x000000008ca00000, 0x000000008ca00000|100%| O|  |TAMS 0x000000008c900000, 0x000000008ca00000| Untracked 
| 202|0x000000008ca00000, 0x000000008cb00000, 0x000000008cb00000|100%| O|  |TAMS 0x000000008ca00000, 0x000000008cb00000| Untracked 
| 203|0x000000008cb00000, 0x000000008cc00000, 0x000000008cc00000|100%| O|  |TAMS 0x000000008cb00000, 0x000000008cc00000| Untracked 
| 204|0x000000008cc00000, 0x000000008cd00000, 0x000000008cd00000|100%| O|  |TAMS 0x000000008cc00000, 0x000000008cd00000| Untracked 
| 205|0x000000008cd00000, 0x000000008ce00000, 0x000000008ce00000|100%|HS|  |TAMS 0x000000008cd00000, 0x000000008ce00000| Complete 
| 206|0x000000008ce00000, 0x000000008cf00000, 0x000000008cf00000|100%|HC|  |TAMS 0x000000008ce00000, 0x000000008cf00000| Complete 
| 207|0x000000008cf00000, 0x000000008d000000, 0x000000008d000000|100%| O|  |TAMS 0x000000008cf00000, 0x000000008d000000| Untracked 
| 208|0x000000008d000000, 0x000000008d100000, 0x000000008d100000|100%| O|  |TAMS 0x000000008d000000, 0x000000008d100000| Untracked 
| 209|0x000000008d100000, 0x000000008d200000, 0x000000008d200000|100%| O|  |TAMS 0x000000008d100000, 0x000000008d200000| Untracked 
| 210|0x000000008d200000, 0x000000008d300000, 0x000000008d300000|100%| O|  |TAMS 0x000000008d200000, 0x000000008d300000| Untracked 
| 211|0x000000008d300000, 0x000000008d400000, 0x000000008d400000|100%| O|  |TAMS 0x000000008d300000, 0x000000008d400000| Untracked 
| 212|0x000000008d400000, 0x000000008d500000, 0x000000008d500000|100%| O|  |TAMS 0x000000008d400000, 0x000000008d500000| Untracked 
| 213|0x000000008d500000, 0x000000008d600000, 0x000000008d600000|100%| O|  |TAMS 0x000000008d500000, 0x000000008d600000| Untracked 
| 214|0x000000008d600000, 0x000000008d700000, 0x000000008d700000|100%| O|  |TAMS 0x000000008d600000, 0x000000008d700000| Untracked 
| 215|0x000000008d700000, 0x000000008d800000, 0x000000008d800000|100%| O|  |TAMS 0x000000008d700000, 0x000000008d800000| Untracked 
| 216|0x000000008d800000, 0x000000008d900000, 0x000000008d900000|100%| O|  |TAMS 0x000000008d800000, 0x000000008d900000| Untracked 
| 217|0x000000008d900000, 0x000000008da00000, 0x000000008da00000|100%| O|  |TAMS 0x000000008d900000, 0x000000008da00000| Untracked 
| 218|0x000000008da00000, 0x000000008db00000, 0x000000008db00000|100%| O|  |TAMS 0x000000008da00000, 0x000000008db00000| Untracked 
| 219|0x000000008db00000, 0x000000008dc00000, 0x000000008dc00000|100%| O|  |TAMS 0x000000008db00000, 0x000000008dc00000| Untracked 
| 220|0x000000008dc00000, 0x000000008dd00000, 0x000000008dd00000|100%| O|  |TAMS 0x000000008dc00000, 0x000000008dd00000| Untracked 
| 221|0x000000008dd00000, 0x000000008de00000, 0x000000008de00000|100%| O|  |TAMS 0x000000008dd00000, 0x000000008de00000| Untracked 
| 222|0x000000008de00000, 0x000000008df00000, 0x000000008df00000|100%| O|  |TAMS 0x000000008de00000, 0x000000008df00000| Untracked 
| 223|0x000000008df00000, 0x000000008e000000, 0x000000008e000000|100%| O|  |TAMS 0x000000008df00000, 0x000000008e000000| Untracked 
| 224|0x000000008e000000, 0x000000008e100000, 0x000000008e100000|100%| O|  |TAMS 0x000000008e000000, 0x000000008e100000| Untracked 
| 225|0x000000008e100000, 0x000000008e200000, 0x000000008e200000|100%| O|  |TAMS 0x000000008e100000, 0x000000008e200000| Untracked 
| 226|0x000000008e200000, 0x000000008e300000, 0x000000008e300000|100%| O|  |TAMS 0x000000008e200000, 0x000000008e300000| Untracked 
| 227|0x000000008e300000, 0x000000008e400000, 0x000000008e400000|100%| O|  |TAMS 0x000000008e300000, 0x000000008e400000| Untracked 
| 228|0x000000008e400000, 0x000000008e500000, 0x000000008e500000|100%| O|  |TAMS 0x000000008e400000, 0x000000008e500000| Untracked 
| 229|0x000000008e500000, 0x000000008e600000, 0x000000008e600000|100%| O|  |TAMS 0x000000008e500000, 0x000000008e600000| Untracked 
| 230|0x000000008e600000, 0x000000008e700000, 0x000000008e700000|100%| O|  |TAMS 0x000000008e600000, 0x000000008e700000| Untracked 
| 231|0x000000008e700000, 0x000000008e800000, 0x000000008e800000|100%| O|  |TAMS 0x000000008e700000, 0x000000008e800000| Untracked 
| 232|0x000000008e800000, 0x000000008e900000, 0x000000008e900000|100%| O|  |TAMS 0x000000008e800000, 0x000000008e900000| Untracked 
| 233|0x000000008e900000, 0x000000008ea00000, 0x000000008ea00000|100%| O|  |TAMS 0x000000008e900000, 0x000000008ea00000| Untracked 
| 234|0x000000008ea00000, 0x000000008eb00000, 0x000000008eb00000|100%| O|  |TAMS 0x000000008ea00000, 0x000000008eb00000| Untracked 
| 235|0x000000008eb00000, 0x000000008ec00000, 0x000000008ec00000|100%| O|  |TAMS 0x000000008eb00000, 0x000000008ec00000| Untracked 
| 236|0x000000008ec00000, 0x000000008ed00000, 0x000000008ed00000|100%| O|  |TAMS 0x000000008ec00000, 0x000000008ed00000| Untracked 
| 237|0x000000008ed00000, 0x000000008ee00000, 0x000000008ee00000|100%| O|  |TAMS 0x000000008ed00000, 0x000000008ee00000| Untracked 
| 238|0x000000008ee00000, 0x000000008ef00000, 0x000000008ef00000|100%| O|  |TAMS 0x000000008ee00000, 0x000000008ef00000| Untracked 
| 239|0x000000008ef00000, 0x000000008f000000, 0x000000008f000000|100%| O|  |TAMS 0x000000008ef00000, 0x000000008f000000| Untracked 
| 240|0x000000008f000000, 0x000000008f100000, 0x000000008f100000|100%| O|  |TAMS 0x000000008f000000, 0x000000008f100000| Untracked 
| 241|0x000000008f100000, 0x000000008f200000, 0x000000008f200000|100%| O|  |TAMS 0x000000008f100000, 0x000000008f200000| Untracked 
| 242|0x000000008f200000, 0x000000008f300000, 0x000000008f300000|100%| O|  |TAMS 0x000000008f200000, 0x000000008f300000| Untracked 
| 243|0x000000008f300000, 0x000000008f400000, 0x000000008f400000|100%| O|  |TAMS 0x000000008f300000, 0x000000008f400000| Untracked 
| 244|0x000000008f400000, 0x000000008f500000, 0x000000008f500000|100%| O|  |TAMS 0x000000008f400000, 0x000000008f500000| Untracked 
| 245|0x000000008f500000, 0x000000008f600000, 0x000000008f600000|100%| O|  |TAMS 0x000000008f500000, 0x000000008f600000| Untracked 
| 246|0x000000008f600000, 0x000000008f700000, 0x000000008f700000|100%| O|  |TAMS 0x000000008f600000, 0x000000008f700000| Untracked 
| 247|0x000000008f700000, 0x000000008f800000, 0x000000008f800000|100%| O|  |TAMS 0x000000008f700000, 0x000000008f800000| Untracked 
| 248|0x000000008f800000, 0x000000008f900000, 0x000000008f900000|100%| O|  |TAMS 0x000000008f800000, 0x000000008f900000| Untracked 
| 249|0x000000008f900000, 0x000000008fa00000, 0x000000008fa00000|100%| O|  |TAMS 0x000000008f900000, 0x000000008fa00000| Untracked 
| 250|0x000000008fa00000, 0x000000008fb00000, 0x000000008fb00000|100%| O|  |TAMS 0x000000008fa00000, 0x000000008fb00000| Untracked 
| 251|0x000000008fb00000, 0x000000008fc00000, 0x000000008fc00000|100%| O|  |TAMS 0x000000008fb00000, 0x000000008fc00000| Untracked 
| 252|0x000000008fc00000, 0x000000008fd00000, 0x000000008fd00000|100%| O|  |TAMS 0x000000008fc00000, 0x000000008fd00000| Untracked 
| 253|0x000000008fd00000, 0x000000008fe00000, 0x000000008fe00000|100%| O|  |TAMS 0x000000008fd00000, 0x000000008fe00000| Untracked 
| 254|0x000000008fe00000, 0x000000008ff00000, 0x000000008ff00000|100%| O|  |TAMS 0x000000008fe00000, 0x000000008ff00000| Untracked 
| 255|0x000000008ff00000, 0x0000000090000000, 0x0000000090000000|100%| O|  |TAMS 0x000000008ff00000, 0x0000000090000000| Untracked 
| 256|0x0000000090000000, 0x0000000090100000, 0x0000000090100000|100%| O|  |TAMS 0x0000000090000000, 0x0000000090100000| Untracked 
| 257|0x0000000090100000, 0x0000000090200000, 0x0000000090200000|100%| O|  |TAMS 0x0000000090100000, 0x0000000090200000| Untracked 
| 258|0x0000000090200000, 0x0000000090300000, 0x0000000090300000|100%| O|  |TAMS 0x0000000090200000, 0x0000000090300000| Untracked 
| 259|0x0000000090300000, 0x0000000090400000, 0x0000000090400000|100%| O|  |TAMS 0x0000000090300000, 0x0000000090400000| Untracked 
| 260|0x0000000090400000, 0x0000000090500000, 0x0000000090500000|100%| O|  |TAMS 0x0000000090400000, 0x0000000090500000| Untracked 
| 261|0x0000000090500000, 0x0000000090600000, 0x0000000090600000|100%| O|  |TAMS 0x0000000090500000, 0x0000000090600000| Untracked 
| 262|0x0000000090600000, 0x0000000090700000, 0x0000000090700000|100%| O|  |TAMS 0x0000000090600000, 0x0000000090700000| Untracked 
| 263|0x0000000090700000, 0x0000000090800000, 0x0000000090800000|100%| O|  |TAMS 0x0000000090700000, 0x0000000090800000| Untracked 
| 264|0x0000000090800000, 0x0000000090900000, 0x0000000090900000|100%| O|  |TAMS 0x0000000090800000, 0x0000000090900000| Untracked 
| 265|0x0000000090900000, 0x0000000090a00000, 0x0000000090a00000|100%| O|  |TAMS 0x0000000090900000, 0x0000000090a00000| Untracked 
| 266|0x0000000090a00000, 0x0000000090b00000, 0x0000000090b00000|100%| O|  |TAMS 0x0000000090a00000, 0x0000000090b00000| Untracked 
| 267|0x0000000090b00000, 0x0000000090c00000, 0x0000000090c00000|100%| O|  |TAMS 0x0000000090b00000, 0x0000000090c00000| Untracked 
| 268|0x0000000090c00000, 0x0000000090d00000, 0x0000000090d00000|100%| O|  |TAMS 0x0000000090c00000, 0x0000000090d00000| Untracked 
| 269|0x0000000090d00000, 0x0000000090e00000, 0x0000000090e00000|100%| O|  |TAMS 0x0000000090d00000, 0x0000000090e00000| Untracked 
| 270|0x0000000090e00000, 0x0000000090f00000, 0x0000000090f00000|100%| O|  |TAMS 0x0000000090e00000, 0x0000000090f00000| Untracked 
| 271|0x0000000090f00000, 0x0000000091000000, 0x0000000091000000|100%| O|  |TAMS 0x0000000090f00000, 0x0000000091000000| Untracked 
| 272|0x0000000091000000, 0x0000000091100000, 0x0000000091100000|100%| O|  |TAMS 0x0000000091000000, 0x0000000091100000| Untracked 
| 273|0x0000000091100000, 0x0000000091200000, 0x0000000091200000|100%| O|  |TAMS 0x0000000091100000, 0x0000000091200000| Untracked 
| 274|0x0000000091200000, 0x0000000091300000, 0x0000000091300000|100%| O|  |TAMS 0x0000000091200000, 0x0000000091300000| Untracked 
| 275|0x0000000091300000, 0x0000000091300000, 0x0000000091400000|  0%| F|  |TAMS 0x0000000091300000, 0x0000000091300000| Untracked 
| 276|0x0000000091400000, 0x0000000091400000, 0x0000000091500000|  0%| F|  |TAMS 0x0000000091400000, 0x0000000091400000| Untracked 
| 277|0x0000000091500000, 0x0000000091500000, 0x0000000091600000|  0%| F|  |TAMS 0x0000000091500000, 0x0000000091500000| Untracked 
| 278|0x0000000091600000, 0x0000000091600000, 0x0000000091700000|  0%| F|  |TAMS 0x0000000091600000, 0x0000000091600000| Untracked 
| 279|0x0000000091700000, 0x0000000091700000, 0x0000000091800000|  0%| F|  |TAMS 0x0000000091700000, 0x0000000091700000| Untracked 
| 280|0x0000000091800000, 0x0000000091800000, 0x0000000091900000|  0%| F|  |TAMS 0x0000000091800000, 0x0000000091800000| Untracked 
| 281|0x0000000091900000, 0x0000000091900000, 0x0000000091a00000|  0%| F|  |TAMS 0x0000000091900000, 0x0000000091900000| Untracked 
| 282|0x0000000091a00000, 0x0000000091a00000, 0x0000000091b00000|  0%| F|  |TAMS 0x0000000091a00000, 0x0000000091a00000| Untracked 
| 283|0x0000000091b00000, 0x0000000091b00000, 0x0000000091c00000|  0%| F|  |TAMS 0x0000000091b00000, 0x0000000091b00000| Untracked 
| 284|0x0000000091c00000, 0x0000000091c00000, 0x0000000091d00000|  0%| F|  |TAMS 0x0000000091c00000, 0x0000000091c00000| Untracked 
| 285|0x0000000091d00000, 0x0000000091d00000, 0x0000000091e00000|  0%| F|  |TAMS 0x0000000091d00000, 0x0000000091d00000| Untracked 
| 286|0x0000000091e00000, 0x0000000091e00000, 0x0000000091f00000|  0%| F|  |TAMS 0x0000000091e00000, 0x0000000091e00000| Untracked 
| 287|0x0000000091f00000, 0x0000000091f00000, 0x0000000092000000|  0%| F|  |TAMS 0x0000000091f00000, 0x0000000091f00000| Untracked 
| 288|0x0000000092000000, 0x0000000092000000, 0x0000000092100000|  0%| F|  |TAMS 0x0000000092000000, 0x0000000092000000| Untracked 
| 289|0x0000000092100000, 0x0000000092100000, 0x0000000092200000|  0%| F|  |TAMS 0x0000000092100000, 0x0000000092100000| Untracked 
| 290|0x0000000092200000, 0x0000000092200000, 0x0000000092300000|  0%| F|  |TAMS 0x0000000092200000, 0x0000000092200000| Untracked 
| 291|0x0000000092300000, 0x0000000092300000, 0x0000000092400000|  0%| F|  |TAMS 0x0000000092300000, 0x0000000092300000| Untracked 
| 292|0x0000000092400000, 0x0000000092400000, 0x0000000092500000|  0%| F|  |TAMS 0x0000000092400000, 0x0000000092400000| Untracked 
| 293|0x0000000092500000, 0x0000000092500000, 0x0000000092600000|  0%| F|  |TAMS 0x0000000092500000, 0x0000000092500000| Untracked 
| 294|0x0000000092600000, 0x0000000092600000, 0x0000000092700000|  0%| F|  |TAMS 0x0000000092600000, 0x0000000092600000| Untracked 
| 295|0x0000000092700000, 0x0000000092700000, 0x0000000092800000|  0%| F|  |TAMS 0x0000000092700000, 0x0000000092700000| Untracked 
| 296|0x0000000092800000, 0x0000000092800000, 0x0000000092900000|  0%| F|  |TAMS 0x0000000092800000, 0x0000000092800000| Untracked 
| 297|0x0000000092900000, 0x0000000092900000, 0x0000000092a00000|  0%| F|  |TAMS 0x0000000092900000, 0x0000000092900000| Untracked 
| 298|0x0000000092a00000, 0x0000000092a00000, 0x0000000092b00000|  0%| F|  |TAMS 0x0000000092a00000, 0x0000000092a00000| Untracked 
| 299|0x0000000092b00000, 0x0000000092b00000, 0x0000000092c00000|  0%| F|  |TAMS 0x0000000092b00000, 0x0000000092b00000| Untracked 
| 300|0x0000000092c00000, 0x0000000092c00000, 0x0000000092d00000|  0%| F|  |TAMS 0x0000000092c00000, 0x0000000092c00000| Untracked 
| 301|0x0000000092d00000, 0x0000000092d00000, 0x0000000092e00000|  0%| F|  |TAMS 0x0000000092d00000, 0x0000000092d00000| Untracked 
| 302|0x0000000092e00000, 0x0000000092e00000, 0x0000000092f00000|  0%| F|  |TAMS 0x0000000092e00000, 0x0000000092e00000| Untracked 
| 303|0x0000000092f00000, 0x0000000092f00000, 0x0000000093000000|  0%| F|  |TAMS 0x0000000092f00000, 0x0000000092f00000| Untracked 
| 304|0x0000000093000000, 0x0000000093000000, 0x0000000093100000|  0%| F|  |TAMS 0x0000000093000000, 0x0000000093000000| Untracked 
| 305|0x0000000093100000, 0x0000000093100000, 0x0000000093200000|  0%| F|  |TAMS 0x0000000093100000, 0x0000000093100000| Untracked 
| 306|0x0000000093200000, 0x0000000093200000, 0x0000000093300000|  0%| F|  |TAMS 0x0000000093200000, 0x0000000093200000| Untracked 
| 307|0x0000000093300000, 0x0000000093300000, 0x0000000093400000|  0%| F|  |TAMS 0x0000000093300000, 0x0000000093300000| Untracked 
| 308|0x0000000093400000, 0x0000000093400000, 0x0000000093500000|  0%| F|  |TAMS 0x0000000093400000, 0x0000000093400000| Untracked 
| 309|0x0000000093500000, 0x0000000093500000, 0x0000000093600000|  0%| F|  |TAMS 0x0000000093500000, 0x0000000093500000| Untracked 
| 310|0x0000000093600000, 0x0000000093600000, 0x0000000093700000|  0%| F|  |TAMS 0x0000000093600000, 0x0000000093600000| Untracked 
| 311|0x0000000093700000, 0x0000000093700000, 0x0000000093800000|  0%| F|  |TAMS 0x0000000093700000, 0x0000000093700000| Untracked 
| 312|0x0000000093800000, 0x0000000093800000, 0x0000000093900000|  0%| F|  |TAMS 0x0000000093800000, 0x0000000093800000| Untracked 
| 313|0x0000000093900000, 0x0000000093900000, 0x0000000093a00000|  0%| F|  |TAMS 0x0000000093900000, 0x0000000093900000| Untracked 
| 314|0x0000000093a00000, 0x0000000093a00000, 0x0000000093b00000|  0%| F|  |TAMS 0x0000000093a00000, 0x0000000093a00000| Untracked 
| 315|0x0000000093b00000, 0x0000000093b00000, 0x0000000093c00000|  0%| F|  |TAMS 0x0000000093b00000, 0x0000000093b00000| Untracked 
| 316|0x0000000093c00000, 0x0000000093c00000, 0x0000000093d00000|  0%| F|  |TAMS 0x0000000093c00000, 0x0000000093c00000| Untracked 
| 317|0x0000000093d00000, 0x0000000093d00000, 0x0000000093e00000|  0%| F|  |TAMS 0x0000000093d00000, 0x0000000093d00000| Untracked 
| 318|0x0000000093e00000, 0x0000000093e00000, 0x0000000093f00000|  0%| F|  |TAMS 0x0000000093e00000, 0x0000000093e00000| Untracked 
| 319|0x0000000093f00000, 0x0000000093f00000, 0x0000000094000000|  0%| F|  |TAMS 0x0000000093f00000, 0x0000000093f00000| Untracked 
| 320|0x0000000094000000, 0x0000000094100000, 0x0000000094100000|100%| S|CS|TAMS 0x0000000094000000, 0x0000000094000000| Complete 
| 321|0x0000000094100000, 0x0000000094200000, 0x0000000094200000|100%| S|CS|TAMS 0x0000000094100000, 0x0000000094100000| Complete 
| 322|0x0000000094200000, 0x0000000094300000, 0x0000000094300000|100%| S|CS|TAMS 0x0000000094200000, 0x0000000094200000| Complete 
| 323|0x0000000094300000, 0x0000000094300000, 0x0000000094400000|  0%| F|  |TAMS 0x0000000094300000, 0x0000000094300000| Untracked 
| 324|0x0000000094400000, 0x0000000094400000, 0x0000000094500000|  0%| F|  |TAMS 0x0000000094400000, 0x0000000094400000| Untracked 
| 325|0x0000000094500000, 0x0000000094500000, 0x0000000094600000|  0%| F|  |TAMS 0x0000000094500000, 0x0000000094500000| Untracked 
| 326|0x0000000094600000, 0x0000000094600000, 0x0000000094700000|  0%| F|  |TAMS 0x0000000094600000, 0x0000000094600000| Untracked 
| 327|0x0000000094700000, 0x0000000094700000, 0x0000000094800000|  0%| F|  |TAMS 0x0000000094700000, 0x0000000094700000| Untracked 
| 328|0x0000000094800000, 0x0000000094800000, 0x0000000094900000|  0%| F|  |TAMS 0x0000000094800000, 0x0000000094800000| Untracked 
| 329|0x0000000094900000, 0x0000000094900000, 0x0000000094a00000|  0%| F|  |TAMS 0x0000000094900000, 0x0000000094900000| Untracked 
| 330|0x0000000094a00000, 0x0000000094a00000, 0x0000000094b00000|  0%| F|  |TAMS 0x0000000094a00000, 0x0000000094a00000| Untracked 
| 331|0x0000000094b00000, 0x0000000094b00000, 0x0000000094c00000|  0%| F|  |TAMS 0x0000000094b00000, 0x0000000094b00000| Untracked 
| 332|0x0000000094c00000, 0x0000000094c00000, 0x0000000094d00000|  0%| F|  |TAMS 0x0000000094c00000, 0x0000000094c00000| Untracked 
| 333|0x0000000094d00000, 0x0000000094d00000, 0x0000000094e00000|  0%| F|  |TAMS 0x0000000094d00000, 0x0000000094d00000| Untracked 
| 334|0x0000000094e00000, 0x0000000094e00000, 0x0000000094f00000|  0%| F|  |TAMS 0x0000000094e00000, 0x0000000094e00000| Untracked 
| 335|0x0000000094f00000, 0x0000000094f00000, 0x0000000095000000|  0%| F|  |TAMS 0x0000000094f00000, 0x0000000094f00000| Untracked 
| 336|0x0000000095000000, 0x0000000095000000, 0x0000000095100000|  0%| F|  |TAMS 0x0000000095000000, 0x0000000095000000| Untracked 
| 337|0x0000000095100000, 0x0000000095100000, 0x0000000095200000|  0%| F|  |TAMS 0x0000000095100000, 0x0000000095100000| Untracked 
| 338|0x0000000095200000, 0x0000000095200000, 0x0000000095300000|  0%| F|  |TAMS 0x0000000095200000, 0x0000000095200000| Untracked 
| 339|0x0000000095300000, 0x0000000095300000, 0x0000000095400000|  0%| F|  |TAMS 0x0000000095300000, 0x0000000095300000| Untracked 
| 340|0x0000000095400000, 0x0000000095400000, 0x0000000095500000|  0%| F|  |TAMS 0x0000000095400000, 0x0000000095400000| Untracked 

Card table byte_map: [0x0000017576d60000,0x0000017577160000] _byte_map_base: 0x0000017576960000

Marking Bits (Prev, Next): (CMBitMap*) 0x000001757288c680, (CMBitMap*) 0x000001757288c648
 Prev Bits: [0x0000017579560000, 0x000001757b560000)
 Next Bits: [0x0000017577560000, 0x0000017579560000)

Polling page: 0x0000017570fb0000

Metaspace:

Usage:
  Non-class:    115.86 MB capacity,   113.87 MB ( 98%) used,     1.58 MB (  1%) free+waste,   412.38 KB ( <1%) overhead. 
      Class:     17.49 MB capacity,    16.28 MB ( 93%) used,     1.03 MB (  6%) free+waste,   178.63 KB ( <1%) overhead. 
       Both:    133.35 MB capacity,   130.15 MB ( 98%) used,     2.62 MB (  2%) free+waste,   591.00 KB ( <1%) overhead. 

Virtual space:
  Non-class space:      116.00 MB reserved,     115.92 MB (>99%) committed 
      Class space:        1.00 GB reserved,      17.57 MB (  2%) committed 
             Both:        1.11 GB reserved,     133.49 MB ( 12%) committed 

Chunk freelists:
   Non-Class:  59.00 KB
       Class:  78.00 KB
        Both:  137.00 KB

MaxMetaspaceSize: 17179869184.00 GB
CompressedClassSpaceSize: 1.00 GB

CodeHeap 'non-profiled nmethods': size=120064Kb used=15947Kb max_used=15947Kb free=104116Kb
 bounds [0x0000017507ac0000, 0x0000017508a60000, 0x000001750f000000]
CodeHeap 'profiled nmethods': size=120000Kb used=48462Kb max_used=48462Kb free=71538Kb
 bounds [0x0000017500590000, 0x0000017503510000, 0x0000017507ac0000]
CodeHeap 'non-nmethods': size=5696Kb used=2372Kb max_used=2441Kb free=3323Kb
 bounds [0x0000017500000000, 0x0000017500270000, 0x0000017500590000]
 total_blobs=22023 nmethods=21019 adapters=914
 compilation: enabled
              stopped_count=0, restarted_count=0
 full_count=0

Compilation events (20 events):
Event: 56.319 Thread 0x000001750f190800 nmethod 23447 0x0000017508a52f90 code [0x0000017508a53140, 0x0000017508a53398]
Event: 56.319 Thread 0x000001750f190800 23422       4       java.nio.HeapShortBuffer::<init> (21 bytes)
Event: 56.321 Thread 0x000001750f190800 nmethod 23422 0x0000017508a53590 code [0x0000017508a53740, 0x0000017508a538d8]
Event: 56.322 Thread 0x000001750f190800 23481       4       java.util.concurrent.ConcurrentLinkedQueue::add (6 bytes)
Event: 56.322 Thread 0x000001757db80000 23482       3       com.android.tools.r8.code.D0::hashCode (20 bytes)
Event: 56.322 Thread 0x000001757db80000 nmethod 23482 0x00000175034d7690 code [0x00000175034d7840, 0x00000175034d7a48]
Event: 56.323 Thread 0x000001757db80000 23483 %     3       com.android.tools.r8.dex.j::a @ 28 (266 bytes)
Event: 56.324 Thread 0x000001757db80000 nmethod 23483% 0x00000175034d7b10 code [0x00000175034d7ea0, 0x00000175034d9798]
Event: 56.327 Thread 0x000001750f190800 nmethod 23481 0x0000017508a53a90 code [0x0000017508a53c40, 0x0000017508a53ff8]
Event: 56.328 Thread 0x000001757db80000 23484       3       com.android.tools.r8.dex.j::a (266 bytes)
Event: 56.329 Thread 0x000001757db80000 nmethod 23484 0x00000175034da410 code [0x00000175034da7a0, 0x00000175034dbf38]
Event: 56.330 Thread 0x000001757db80000 23485       3       com.android.tools.r8.code.w1::a (4137 bytes)
Event: 56.352 Thread 0x000001757db80000 nmethod 23485 0x00000175034dcb10 code [0x00000175034df740, 0x00000175034fd188]
Event: 56.354 Thread 0x000001750f190800 23486 %     4       com.android.tools.r8.dex.j::a @ 315 (1038 bytes)
Event: 56.439 Thread 0x000001757db80000 23490       3       com.android.tools.r8.code.e::<init> (7 bytes)
Event: 56.439 Thread 0x000001757db80000 nmethod 23490 0x0000017503508290 code [0x0000017503508460, 0x00000175035087f8]
Event: 56.440 Thread 0x000001757db80000 23491       3       com.android.tools.r8.code.W0::<init> (30 bytes)
Event: 56.440 Thread 0x000001757db80000 nmethod 23491 0x0000017503508990 code [0x0000017503508ba0, 0x00000175035092b8]
Event: 56.441 Thread 0x000001757db80000 23492       3       com.android.tools.r8.code.r::<init> (7 bytes)
Event: 56.441 Thread 0x000001757db80000 nmethod 23492 0x0000017503509590 code [0x0000017503509760, 0x0000017503509af8]

GC Heap History (20 events):
Event: 54.651 GC heap after
{Heap after GC invocations=92 (full 0):
 garbage-first heap   total 262144K, used 207081K [0x0000000080000000, 0x0000000100000000)
  region size 1024K, 5 young (5120K), 5 survivors (5120K)
 Metaspace       used 132454K, capacity 135683K, committed 136184K, reserved 1167360K
  class space    used 16596K, capacity 17812K, committed 17996K, reserved 1048576K
}
Event: 54.701 GC heap before
{Heap before GC invocations=92 (full 0):
 garbage-first heap   total 262144K, used 221417K [0x0000000080000000, 0x0000000100000000)
  region size 1024K, 19 young (19456K), 5 survivors (5120K)
 Metaspace       used 132515K, capacity 135779K, committed 136184K, reserved 1167360K
  class space    used 16600K, capacity 17844K, committed 17996K, reserved 1048576K
}
Event: 54.718 GC heap after
{Heap after GC invocations=93 (full 0):
 garbage-first heap   total 262144K, used 212744K [0x0000000080000000, 0x0000000100000000)
  region size 1024K, 3 young (3072K), 3 survivors (3072K)
 Metaspace       used 132515K, capacity 135779K, committed 136184K, reserved 1167360K
  class space    used 16600K, capacity 17844K, committed 17996K, reserved 1048576K
}
Event: 54.879 GC heap before
{Heap before GC invocations=93 (full 0):
 garbage-first heap   total 262144K, used 224008K [0x0000000080000000, 0x0000000100000000)
  region size 1024K, 14 young (14336K), 3 survivors (3072K)
 Metaspace       used 132546K, capacity 135779K, committed 136184K, reserved 1167360K
  class space    used 16600K, capacity 17844K, committed 17996K, reserved 1048576K
}
Event: 54.888 GC heap after
{Heap after GC invocations=94 (full 0):
 garbage-first heap   total 262144K, used 218081K [0x0000000080000000, 0x0000000100000000)
  region size 1024K, 2 young (2048K), 2 survivors (2048K)
 Metaspace       used 132546K, capacity 135779K, committed 136184K, reserved 1167360K
  class space    used 16600K, capacity 17844K, committed 17996K, reserved 1048576K
}
Event: 55.005 GC heap before
{Heap before GC invocations=94 (full 0):
 garbage-first heap   total 262144K, used 227297K [0x0000000080000000, 0x0000000100000000)
  region size 1024K, 12 young (12288K), 2 survivors (2048K)
 Metaspace       used 132565K, capacity 135779K, committed 136184K, reserved 1167360K
  class space    used 16600K, capacity 17844K, committed 17996K, reserved 1048576K
}
Event: 55.014 GC heap after
{Heap after GC invocations=95 (full 0):
 garbage-first heap   total 262144K, used 219509K [0x0000000080000000, 0x0000000100000000)
  region size 1024K, 2 young (2048K), 2 survivors (2048K)
 Metaspace       used 132565K, capacity 135779K, committed 136184K, reserved 1167360K
  class space    used 16600K, capacity 17844K, committed 17996K, reserved 1048576K
}
Event: 55.063 GC heap before
{Heap before GC invocations=95 (full 0):
 garbage-first heap   total 262144K, used 230773K [0x0000000080000000, 0x0000000100000000)
  region size 1024K, 12 young (12288K), 2 survivors (2048K)
 Metaspace       used 132570K, capacity 135843K, committed 136184K, reserved 1167360K
  class space    used 16600K, capacity 17844K, committed 17996K, reserved 1048576K
}
Event: 55.070 GC heap after
{Heap after GC invocations=96 (full 0):
 garbage-first heap   total 262144K, used 222378K [0x0000000080000000, 0x0000000100000000)
  region size 1024K, 2 young (2048K), 2 survivors (2048K)
 Metaspace       used 132570K, capacity 135843K, committed 136184K, reserved 1167360K
  class space    used 16600K, capacity 17844K, committed 17996K, reserved 1048576K
}
Event: 55.189 GC heap before
{Heap before GC invocations=97 (full 0):
 garbage-first heap   total 262144K, used 232618K [0x0000000080000000, 0x0000000100000000)
  region size 1024K, 12 young (12288K), 2 survivors (2048K)
 Metaspace       used 132594K, capacity 135843K, committed 136184K, reserved 1167360K
  class space    used 16600K, capacity 17844K, committed 17996K, reserved 1048576K
}
Event: 55.200 GC heap after
{Heap after GC invocations=98 (full 0):
 garbage-first heap   total 262144K, used 225352K [0x0000000080000000, 0x0000000100000000)
  region size 1024K, 2 young (2048K), 2 survivors (2048K)
 Metaspace       used 132594K, capacity 135843K, committed 136184K, reserved 1167360K
  class space    used 16600K, capacity 17844K, committed 17996K, reserved 1048576K
}
Event: 55.219 GC heap before
{Heap before GC invocations=98 (full 0):
 garbage-first heap   total 262144K, used 234568K [0x0000000080000000, 0x0000000100000000)
  region size 1024K, 12 young (12288K), 2 survivors (2048K)
 Metaspace       used 132599K, capacity 135843K, committed 136184K, reserved 1167360K
  class space    used 16600K, capacity 17844K, committed 17996K, reserved 1048576K
}
Event: 55.230 GC heap after
{Heap after GC invocations=99 (full 0):
 garbage-first heap   total 349184K, used 221480K [0x0000000080000000, 0x0000000100000000)
  region size 1024K, 2 young (2048K), 2 survivors (2048K)
 Metaspace       used 132599K, capacity 135843K, committed 136184K, reserved 1167360K
  class space    used 16600K, capacity 17844K, committed 17996K, reserved 1048576K
}
Event: 55.507 GC heap before
{Heap before GC invocations=99 (full 0):
 garbage-first heap   total 349184K, used 272680K [0x0000000080000000, 0x0000000100000000)
  region size 1024K, 49 young (50176K), 2 survivors (2048K)
 Metaspace       used 132657K, capacity 135908K, committed 136184K, reserved 1167360K
  class space    used 16605K, capacity 17844K, committed 17996K, reserved 1048576K
}
Event: 55.543 GC heap after
{Heap after GC invocations=100 (full 0):
 garbage-first heap   total 349184K, used 242688K [0x0000000080000000, 0x0000000100000000)
  region size 1024K, 7 young (7168K), 7 survivors (7168K)
 Metaspace       used 132657K, capacity 135908K, committed 136184K, reserved 1167360K
  class space    used 16605K, capacity 17844K, committed 17996K, reserved 1048576K
}
Event: 55.852 GC heap before
{Heap before GC invocations=100 (full 0):
 garbage-first heap   total 349184K, used 279552K [0x0000000080000000, 0x0000000100000000)
  region size 1024K, 43 young (44032K), 7 survivors (7168K)
 Metaspace       used 133081K, capacity 136257K, committed 136440K, reserved 1167360K
  class space    used 16644K, capacity 17874K, committed 17996K, reserved 1048576K
}
Event: 55.879 GC heap after
{Heap after GC invocations=101 (full 0):
 garbage-first heap   total 349184K, used 260533K [0x0000000080000000, 0x0000000100000000)
  region size 1024K, 6 young (6144K), 6 survivors (6144K)
 Metaspace       used 133081K, capacity 136257K, committed 136440K, reserved 1167360K
  class space    used 16644K, capacity 17874K, committed 17996K, reserved 1048576K
}
Event: 56.043 GC heap before
{Heap before GC invocations=101 (full 0):
 garbage-first heap   total 349184K, used 286133K [0x0000000080000000, 0x0000000100000000)
  region size 1024K, 31 young (31744K), 6 survivors (6144K)
 Metaspace       used 133142K, capacity 136419K, committed 136696K, reserved 1167360K
  class space    used 16656K, capacity 17906K, committed 17996K, reserved 1048576K
}
Event: 56.072 GC heap after
{Heap after GC invocations=102 (full 0):
 garbage-first heap   total 349184K, used 273920K [0x0000000080000000, 0x0000000100000000)
  region size 1024K, 4 young (4096K), 4 survivors (4096K)
 Metaspace       used 133142K, capacity 136419K, committed 136696K, reserved 1167360K
  class space    used 16656K, capacity 17906K, committed 17996K, reserved 1048576K
}
Event: 56.453 GC heap before
{Heap before GC invocations=102 (full 0):
 garbage-first heap   total 349184K, used 292352K [0x0000000080000000, 0x0000000100000000)
  region size 1024K, 22 young (22528K), 4 survivors (4096K)
 Metaspace       used 133276K, capacity 136547K, committed 136696K, reserved 1167360K
  class space    used 16670K, capacity 17906K, committed 17996K, reserved 1048576K
}

Deoptimization events (20 events):
Event: 56.008 Thread 0x0000017517b89800 DEOPT PACKING pc=0x000001750335a6d4 sp=0x0000002c6e5fe930
Event: 56.008 Thread 0x0000017517b89800 DEOPT UNPACKING pc=0x00000175000276ce sp=0x0000002c6e5fde88 mode 0
Event: 56.119 Thread 0x000001750f197000 DEOPT PACKING pc=0x000001750335a7df sp=0x0000002c6defe790
Event: 56.119 Thread 0x000001750f197000 DEOPT UNPACKING pc=0x00000175000276ce sp=0x0000002c6defdce8 mode 0
Event: 56.128 Thread 0x000001750f197000 DEOPT PACKING pc=0x000001750335a7df sp=0x0000002c6defe920
Event: 56.128 Thread 0x000001750f197000 DEOPT UNPACKING pc=0x00000175000276ce sp=0x0000002c6defde78 mode 0
Event: 56.213 Thread 0x000001750f197000 Uncommon trap: trap_request=0xffffff4d fr.pc=0x0000017508a38220 relative=0x0000000000005000
Event: 56.213 Thread 0x000001750f197000 Uncommon trap: reason=unstable_if action=reinterpret pc=0x0000017508a38220 method=com.android.tools.r8.graph.N0.j(I)Lcom/android/tools/r8/graph/N0; @ 22 c2
Event: 56.213 Thread 0x000001750f197000 DEOPT PACKING pc=0x0000017508a38220 sp=0x0000002c6defebf0
Event: 56.213 Thread 0x000001750f197000 DEOPT UNPACKING pc=0x00000175000278af sp=0x0000002c6defeb68 mode 2
Event: 56.213 Thread 0x000001750f197000 Uncommon trap: trap_request=0xffffff4d fr.pc=0x0000017508a29fe8 relative=0x00000000000077a8
Event: 56.213 Thread 0x000001750f197000 Uncommon trap: reason=unstable_if action=reinterpret pc=0x0000017508a29fe8 method=com.android.tools.r8.code.w1.a(Ljava/nio/ShortBuffer;IILcom/android/tools/r8/internal/Yu;)[Lcom/android/tools/r8/code/v1; @ 541 c2
Event: 56.213 Thread 0x000001750f197000 DEOPT PACKING pc=0x0000017508a29fe8 sp=0x0000002c6defeb30
Event: 56.213 Thread 0x000001750f197000 DEOPT UNPACKING pc=0x00000175000278af sp=0x0000002c6defeb40 mode 2
Event: 56.220 Thread 0x0000017517b8b000 DEOPT PACKING pc=0x000001750335a7df sp=0x0000002c6e4fec20
Event: 56.220 Thread 0x0000017517b8b000 DEOPT UNPACKING pc=0x00000175000276ce sp=0x0000002c6e4fe178 mode 0
Event: 56.328 Thread 0x0000017517b8b000 DEOPT PACKING pc=0x000001750342c5b8 sp=0x0000002c6e4feec0
Event: 56.328 Thread 0x0000017517b8b000 DEOPT UNPACKING pc=0x00000175000276ce sp=0x0000002c6e4fe498 mode 0
Event: 56.353 Thread 0x0000017517b8b000 DEOPT PACKING pc=0x0000017503490f82 sp=0x0000002c6e4fe5b0
Event: 56.353 Thread 0x0000017517b8b000 DEOPT UNPACKING pc=0x00000175000276ce sp=0x0000002c6e4fe220 mode 0

Classes redefined (0 events):
No events

Internal exceptions (20 events):
Event: 45.495 Thread 0x0000017512eb6000 Exception <a 'java/lang/NoSuchMethodError'{0x000000008bd36a58}: 'java.lang.Object java.lang.invoke.DirectMethodHandle$Holder.newInvokeSpecial(java.lang.Object, int)'> (0x000000008bd36a58) thrown at [./src/hotspot/share/interpreter/linkResolver.cpp, line 773]
Event: 45.495 Thread 0x0000017510ffc800 Exception <a 'java/lang/NoSuchMethodError'{0x000000008bd0a400}: 'java.lang.Object java.lang.invoke.DirectMethodHandle$Holder.newInvokeSpecial(java.lang.Object, int)'> (0x000000008bd0a400) thrown at [./src/hotspot/share/interpreter/linkResolver.cpp, line 773]
Event: 46.132 Thread 0x0000017512eb6000 Exception <a 'java/lang/NoSuchMethodError'{0x000000008e1bd338}: 'java.lang.Object java.lang.invoke.DirectMethodHandle$Holder.invokeSpecial(java.lang.Object, java.lang.Object, java.lang.Object, java.lang.Object, java.lang.Object, java.lang.Object, java.lang.Object, java.lang.Object, java.lang.Object, java.lang.Object, java.lang.Object)'> (0x000000008e1bd338) thrown at [./src/hotspot/share/interpreter/linkResolver.cpp, line 773]
Event: 46.133 Thread 0x0000017512eb6000 Exception <a 'java/lang/NoSuchMethodError'{0x000000008e1c8d58}: 'java.lang.Object java.lang.invoke.Invokers$Holder.linkToTargetMethod(java.lang.Object, java.lang.Object, java.lang.Object, java.lang.Object, java.lang.Object, java.lang.Object, java.lang.Object, java.lang.Object, java.lang.Object, java.lang.Object)'> (0x000000008e1c8d58) thrown at [./src/hotspot/share/interpreter/linkResolver.cpp, line 773]
Event: 46.142 Thread 0x0000017512eb6000 Exception <a 'java/lang/IncompatibleClassChangeError'{0x000000008e01fdb8}: Found class java.lang.Object, but interface was expected> (0x000000008e01fdb8) thrown at [./src/hotspot/share/interpreter/linkResolver.cpp, line 839]
Event: 47.746 Thread 0x0000017512eb6000 Exception <a 'java/lang/NoSuchMethodError'{0x000000008b06fae8}: 'void java.lang.invoke.DirectMethodHandle$Holder.invokeSpecial(java.lang.Object, java.lang.Object, int, java.lang.Object, java.lang.Object, java.lang.Object, java.lang.Object)'> (0x000000008b06fae8) thrown at [./src/hotspot/share/interpreter/linkResolver.cpp, line 773]
Event: 47.748 Thread 0x0000017512eb6000 Exception <a 'java/lang/NoSuchMethodError'{0x000000008b07b6e8}: 'java.lang.Object java.lang.invoke.Invokers$Holder.linkToTargetMethod(java.lang.Object, int, java.lang.Object, java.lang.Object, java.lang.Object, java.lang.Object)'> (0x000000008b07b6e8) thrown at [./src/hotspot/share/interpreter/linkResolver.cpp, line 773]
Event: 47.749 Thread 0x0000017512eb6000 Exception <a 'java/lang/NoSuchMethodError'{0x000000008b07fb98}: 'void java.lang.invoke.DirectMethodHandle$Holder.invokeSpecial(java.lang.Object, java.lang.Object, java.lang.Object, java.lang.Object, java.lang.Object, java.lang.Object, java.lang.Object, java.lang.Object, java.lang.Object)'> (0x000000008b07fb98) thrown at [./src/hotspot/share/interpreter/linkResolver.cpp, line 773]
Event: 47.876 Thread 0x0000017512eb6000 Exception <a 'java/lang/NoSuchMethodError'{0x000000008e741fa0}: 'void java.lang.invoke.DirectMethodHandle$Holder.invokeStatic(java.lang.Object, java.lang.Object, java.lang.Object, java.lang.Object, java.lang.Object, java.lang.Object, java.lang.Object, java.lang.Object)'> (0x000000008e741fa0) thrown at [./src/hotspot/share/interpreter/linkResolver.cpp, line 773]
Event: 47.879 Thread 0x0000017512eb6000 Implicit null exception at 0x000001750873256f to 0x00000175087326a8
Event: 48.221 Thread 0x0000017512eb6000 Exception <a 'java/lang/IncompatibleClassChangeError'{0x000000008d984090}: Found class java.lang.Object, but interface was expected> (0x000000008d984090) thrown at [./src/hotspot/share/interpreter/linkResolver.cpp, line 839]
Event: 48.398 Thread 0x0000017512eb6000 Exception <a 'java/lang/NoSuchMethodError'{0x000000008c8a09d8}: 'void java.lang.invoke.DirectMethodHandle$Holder.invokeVirtual(java.lang.Object, java.lang.Object, int)'> (0x000000008c8a09d8) thrown at [./src/hotspot/share/interpreter/linkResolver.cpp, line 773]
Event: 48.458 Thread 0x0000017512eb6000 Exception <a 'sun/nio/fs/WindowsException'{0x000000008c5b8458}> (0x000000008c5b8458) thrown at [./src/hotspot/share/prims/jni.cpp, line 615]
Event: 48.828 Thread 0x0000017511000800 Exception <a 'sun/nio/fs/WindowsException'{0x000000008df577f8}> (0x000000008df577f8) thrown at [./src/hotspot/share/prims/jni.cpp, line 615]
Event: 49.345 Thread 0x0000017511000800 Exception <a 'sun/nio/fs/WindowsException'{0x000000008d474f60}> (0x000000008d474f60) thrown at [./src/hotspot/share/prims/jni.cpp, line 615]
Event: 49.631 Thread 0x0000017510ffc800 Implicit null exception at 0x00000175081aef94 to 0x00000175081af4c8
Event: 52.612 Thread 0x0000017510ffc800 Exception <a 'sun/nio/fs/WindowsException'{0x000000008d402df0}> (0x000000008d402df0) thrown at [./src/hotspot/share/prims/jni.cpp, line 615]
Event: 53.600 Thread 0x000001750f19c000 Exception <a 'sun/nio/fs/WindowsException'{0x000000008e4a5c00}> (0x000000008e4a5c00) thrown at [./src/hotspot/share/prims/jni.cpp, line 615]
Event: 54.585 Thread 0x000001750f192000 Exception <a 'sun/nio/fs/WindowsException'{0x000000008db31e80}> (0x000000008db31e80) thrown at [./src/hotspot/share/prims/jni.cpp, line 615]
Event: 54.592 Thread 0x000001750f192000 Exception <a 'sun/nio/fs/WindowsException'{0x000000008db31f68}> (0x000000008db31f68) thrown at [./src/hotspot/share/prims/jni.cpp, line 615]

Events (20 events):
Event: 56.136 loading class org/jetbrains/kotlin/gradle/internal/CompilerArgumentsGradleInput$ignoredProperties$17 done
Event: 56.136 loading class org/jetbrains/kotlin/gradle/internal/CompilerArgumentsGradleInput$ignoredProperties$18
Event: 56.136 loading class org/jetbrains/kotlin/gradle/internal/CompilerArgumentsGradleInput$ignoredProperties$18 done
Event: 56.137 loading class org/jetbrains/kotlin/gradle/internal/CompilerArgumentsGradleInput$ignoredProperties$19
Event: 56.137 loading class org/jetbrains/kotlin/gradle/internal/CompilerArgumentsGradleInput$ignoredProperties$19 done
Event: 56.138 loading class org/jetbrains/kotlin/gradle/internal/CompilerArgumentsGradleInput$ignoredProperties$20
Event: 56.138 loading class org/jetbrains/kotlin/gradle/internal/CompilerArgumentsGradleInput$ignoredProperties$20 done
Event: 56.139 loading class org/jetbrains/kotlin/cli/common/arguments/K2JSCompilerArguments
Event: 56.139 loading class org/jetbrains/kotlin/cli/common/arguments/K2JSCompilerArguments done
Event: 56.153 loading class org/jetbrains/kotlin/cli/common/arguments/K2MetadataCompilerArguments
Event: 56.153 loading class org/jetbrains/kotlin/cli/common/arguments/K2MetadataCompilerArguments done
Event: 56.155 loading class org/jetbrains/kotlin/cli/common/arguments/K2JSDceArguments
Event: 56.155 loading class org/jetbrains/kotlin/cli/common/arguments/K2JSDceArguments done
Event: 56.156 loading class org/jetbrains/kotlin/gradle/internal/CompilerArgumentAwareKt
Event: 56.156 loading class org/jetbrains/kotlin/gradle/internal/CompilerArgumentAwareKt done
Event: 56.196 loading class kotlin/jvm/internal/MutablePropertyReference1Impl
Event: 56.196 loading class kotlin/jvm/internal/MutablePropertyReference1Impl done
Event: 56.198 loading class org/jetbrains/kotlin/cli/common/arguments/CommonToolArguments$Companion
Event: 56.198 loading class org/jetbrains/kotlin/cli/common/arguments/CommonToolArguments$Companion done
Event: 56.442 Executing VM operation: G1CollectForAllocation


Dynamic libraries:
0x00007ff6487b0000 - 0x00007ff6487ba000 	C:\Program Files\Android\Android Studio\jre\bin\java.exe
0x00007ffd8d670000 - 0x00007ffd8d865000 	C:\WINDOWS\SYSTEM32\ntdll.dll
0x00007ffd8c960000 - 0x00007ffd8ca1e000 	C:\WINDOWS\System32\KERNEL32.DLL
0x00007ffd8b310000 - 0x00007ffd8b5d9000 	C:\WINDOWS\System32\KERNELBASE.dll
0x00007ffd8b180000 - 0x00007ffd8b280000 	C:\WINDOWS\System32\ucrtbase.dll
0x00007ffd79ac0000 - 0x00007ffd79ad7000 	C:\Program Files\Android\Android Studio\jre\bin\VCRUNTIME140.dll
0x00007ffd78a50000 - 0x00007ffd78a69000 	C:\Program Files\Android\Android Studio\jre\bin\jli.dll
0x00007ffd8cb40000 - 0x00007ffd8cce1000 	C:\WINDOWS\System32\USER32.dll
0x00007ffd8b040000 - 0x00007ffd8b062000 	C:\WINDOWS\System32\win32u.dll
0x00007ffd8c080000 - 0x00007ffd8c0ab000 	C:\WINDOWS\System32\GDI32.dll
0x00007ffd8b070000 - 0x00007ffd8b17b000 	C:\WINDOWS\System32\gdi32full.dll
0x00007ffd8afa0000 - 0x00007ffd8b03d000 	C:\WINDOWS\System32\msvcp_win.dll
0x00007ffd78490000 - 0x00007ffd7872a000 	C:\WINDOWS\WinSxS\amd64_microsoft.windows.common-controls_6595b64144ccf1df_6.0.19041.1110_none_60b5254171f9507e\COMCTL32.dll
0x00007ffd8cdd0000 - 0x00007ffd8ce6e000 	C:\WINDOWS\System32\msvcrt.dll
0x00007ffd8b800000 - 0x00007ffd8b830000 	C:\WINDOWS\System32\IMM32.DLL
0x00007ffd3b450000 - 0x00007ffd3b4ed000 	C:\Program Files\Android\Android Studio\jre\bin\msvcp140.dll
0x00007ffd36480000 - 0x00007ffd36f4f000 	C:\Program Files\Android\Android Studio\jre\bin\server\jvm.dll
0x00007ffd8c330000 - 0x00007ffd8c3dc000 	C:\WINDOWS\System32\ADVAPI32.dll
0x00007ffd8c290000 - 0x00007ffd8c32b000 	C:\WINDOWS\System32\sechost.dll
0x00007ffd8c140000 - 0x00007ffd8c26a000 	C:\WINDOWS\System32\RPCRT4.dll
0x00007ffd8b7f0000 - 0x00007ffd8b7f8000 	C:\WINDOWS\System32\PSAPI.DLL
0x00007ffd861d0000 - 0x00007ffd861d9000 	C:\WINDOWS\SYSTEM32\WSOCK32.dll
0x00007ffd8ccf0000 - 0x00007ffd8cd5b000 	C:\WINDOWS\System32\WS2_32.dll
0x00007ffd81370000 - 0x00007ffd81397000 	C:\WINDOWS\SYSTEM32\WINMM.dll
0x00007ffd813a0000 - 0x00007ffd813aa000 	C:\WINDOWS\SYSTEM32\VERSION.dll
0x00007ffd88cb0000 - 0x00007ffd88cc2000 	C:\WINDOWS\SYSTEM32\kernel.appcore.dll
0x00007ffd85470000 - 0x00007ffd85481000 	C:\Program Files\Android\Android Studio\jre\bin\verify.dll
0x00007ffd83eb0000 - 0x00007ffd84094000 	C:\WINDOWS\SYSTEM32\DBGHELP.DLL
0x00007ffd7d150000 - 0x00007ffd7d17c000 	C:\WINDOWS\SYSTEM32\dbgcore.DLL
0x00007ffd8b280000 - 0x00007ffd8b303000 	C:\WINDOWS\System32\bcryptPrimitives.dll
0x00007ffd83b50000 - 0x00007ffd83b79000 	C:\Program Files\Android\Android Studio\jre\bin\java.dll
0x00007ffd85a00000 - 0x00007ffd85a0b000 	C:\Program Files\Android\Android Studio\jre\bin\jimage.dll
0x00007ffd84c80000 - 0x00007ffd84c98000 	C:\Program Files\Android\Android Studio\jre\bin\zip.dll
0x00007ffd8b890000 - 0x00007ffd8bfcf000 	C:\WINDOWS\System32\SHELL32.dll
0x00007ffd88eb0000 - 0x00007ffd89640000 	C:\WINDOWS\SYSTEM32\windows.storage.dll
0x00007ffd8c3f0000 - 0x00007ffd8c745000 	C:\WINDOWS\System32\combase.dll
0x00007ffd8a710000 - 0x00007ffd8a73c000 	C:\WINDOWS\SYSTEM32\Wldp.dll
0x00007ffd8bfd0000 - 0x00007ffd8c07d000 	C:\WINDOWS\System32\SHCORE.dll
0x00007ffd8d4a0000 - 0x00007ffd8d4f5000 	C:\WINDOWS\System32\shlwapi.dll
0x00007ffd8acd0000 - 0x00007ffd8acef000 	C:\WINDOWS\SYSTEM32\profapi.dll
0x00007ffd838b0000 - 0x00007ffd838ca000 	C:\Program Files\Android\Android Studio\jre\bin\net.dll
0x00007ffd7f280000 - 0x00007ffd7f388000 	C:\WINDOWS\SYSTEM32\WINHTTP.dll
0x00007ffd8a470000 - 0x00007ffd8a4da000 	C:\WINDOWS\system32\mswsock.dll
0x00007ffd7f090000 - 0x00007ffd7f0a4000 	C:\Program Files\Android\Android Studio\jre\bin\nio.dll
0x00007ffd83e20000 - 0x00007ffd83e47000 	C:\Users\User\.gradle\native\e1d6ef7f7dcc3fd88c89a11ec53ec762bb8ba0a96d01ffa2cd45eb1d1d8dd5c5\windows-amd64\native-platform.dll
0x00007ffd2f5b0000 - 0x00007ffd2f6f4000 	C:\Users\User\.gradle\native\5664cfc778a61ccfe75a443a1ab52a65af34e5dc3c78e0209fed803814484fcb\windows-amd64\native-platform-file-events.dll
0x00007ffd85960000 - 0x00007ffd8596a000 	C:\Program Files\Android\Android Studio\jre\bin\management.dll
0x00007ffd85460000 - 0x00007ffd8546c000 	C:\Program Files\Android\Android Studio\jre\bin\management_ext.dll
0x00007ffd8a660000 - 0x00007ffd8a678000 	C:\WINDOWS\SYSTEM32\CRYPTSP.dll
0x00007ffd89df0000 - 0x00007ffd89e24000 	C:\WINDOWS\system32\rsaenh.dll
0x00007ffd8b690000 - 0x00007ffd8b6b7000 	C:\WINDOWS\System32\bcrypt.dll
0x00007ffd8ac90000 - 0x00007ffd8acbe000 	C:\WINDOWS\SYSTEM32\USERENV.dll
0x00007ffd8a680000 - 0x00007ffd8a68c000 	C:\WINDOWS\SYSTEM32\CRYPTBASE.dll
0x00007ffd8a160000 - 0x00007ffd8a19b000 	C:\WINDOWS\SYSTEM32\IPHLPAPI.DLL
0x00007ffd8cdc0000 - 0x00007ffd8cdc8000 	C:\WINDOWS\System32\NSI.dll
0x00007ffd83400000 - 0x00007ffd83417000 	C:\WINDOWS\SYSTEM32\dhcpcsvc6.DLL
0x00007ffd83760000 - 0x00007ffd8377d000 	C:\WINDOWS\SYSTEM32\dhcpcsvc.DLL
0x00007ffd8a1a0000 - 0x00007ffd8a26c000 	C:\WINDOWS\SYSTEM32\DNSAPI.dll
0x00007ffd7d4a0000 - 0x00007ffd7d4c7000 	C:\Program Files\Android\Android Studio\jre\bin\sunec.dll
0x00007ffd75650000 - 0x00007ffd7565a000 	C:\Windows\System32\rasadhlp.dll
0x00007ffd760f0000 - 0x00007ffd7616f000 	C:\WINDOWS\System32\fwpuclnt.dll
0x00007ffd89a80000 - 0x00007ffd89ab3000 	C:\WINDOWS\SYSTEM32\ntmarta.dll

dbghelp: loaded successfully - version: 4.0.5 - missing functions: none
symbol engine: initialized successfully - sym options: 0x614 - pdb path: .;C:\Program Files\Android\Android Studio\jre\bin;C:\WINDOWS\SYSTEM32;C:\WINDOWS\WinSxS\amd64_microsoft.windows.common-controls_6595b64144ccf1df_6.0.19041.1110_none_60b5254171f9507e;C:\Program Files\Android\Android Studio\jre\bin\server;C:\Users\User\.gradle\native\e1d6ef7f7dcc3fd88c89a11ec53ec762bb8ba0a96d01ffa2cd45eb1d1d8dd5c5\windows-amd64;C:\Users\User\.gradle\native\5664cfc778a61ccfe75a443a1ab52a65af34e5dc3c78e0209fed803814484fcb\windows-amd64

VM Arguments:
jvm_args: --add-opens=java.base/java.util=ALL-UNNAMED --add-opens=java.base/java.lang=ALL-UNNAMED --add-opens=java.base/java.lang.invoke=ALL-UNNAMED --add-opens=java.base/java.util=ALL-UNNAMED --add-opens=java.prefs/java.util.prefs=ALL-UNNAMED --add-opens=java.prefs/java.util.prefs=ALL-UNNAMED --add-opens=java.base/java.nio.charset=ALL-UNNAMED --add-opens=java.base/java.net=ALL-UNNAMED --add-opens=java.base/java.util.concurrent.atomic=ALL-UNNAMED -Xmx2048m -Dfile.encoding=UTF-8 -Duser.country=ID -Duser.language=en -Duser.variant 
java_command: org.gradle.launcher.daemon.bootstrap.GradleDaemon 7.3.3
java_class_path (initial): C:\Users\User\.gradle\wrapper\dists\gradle-7.3.3-bin\6a41zxkdtcxs8rphpq6y0069z\gradle-7.3.3\lib\gradle-launcher-7.3.3.jar
Launcher Type: SUN_STANDARD

[Global flags]
     intx CICompilerCount                          = 3                                         {product} {ergonomic}
     uint ConcGCThreads                            = 1                                         {product} {ergonomic}
     uint G1ConcRefinementThreads                  = 4                                         {product} {ergonomic}
   size_t G1HeapRegionSize                         = 1048576                                   {product} {ergonomic}
    uintx GCDrainStackTargetSize                   = 64                                        {product} {ergonomic}
   size_t InitialHeapSize                          = 117440512                                 {product} {ergonomic}
   size_t MarkStackSize                            = 4194304                                   {product} {ergonomic}
   size_t MaxHeapSize                              = 2147483648                                {product} {command line}
   size_t MaxNewSize                               = 1287651328                                {product} {ergonomic}
   size_t MinHeapDeltaBytes                        = 1048576                                   {product} {ergonomic}
    uintx NonNMethodCodeHeapSize                   = 5830732                                {pd product} {ergonomic}
    uintx NonProfiledCodeHeapSize                  = 122913754                              {pd product} {ergonomic}
    uintx ProfiledCodeHeapSize                     = 122913754                              {pd product} {ergonomic}
    uintx ReservedCodeCacheSize                    = 251658240                              {pd product} {ergonomic}
     bool SegmentedCodeCache                       = true                                      {product} {ergonomic}
     bool UseCompressedClassPointers               = true                                 {lp64_product} {ergonomic}
     bool UseCompressedOops                        = true                                 {lp64_product} {ergonomic}
     bool UseG1GC                                  = true                                      {product} {ergonomic}
     bool UseLargePagesIndividualAllocation        = false                                  {pd product} {ergonomic}

Logging:
Log output configuration:
 #0: stdout all=warning uptime,level,tags
 #1: stderr all=off uptime,level,tags

Environment Variables:
JAVA_HOME=C:\Users\User\.jdks\azul-13.0.8
CLASSPATH=.;
PATH=C:\Program Files\gradle-7.3.3-bin\gradle-7.3.3\bin;C:\Program Files (x86)\Common Files\Oracle\Java\javapath;C:\Python27\;C:\Python27\Scripts;C:\ProgramData\Oracle\Java\javapath;C:\WINDOWS\system32;C:\WINDOWS;C:\WINDOWS\System32\Wbem;C:\WINDOWS\System32\WindowsPowerShell\v1.0\;C:\WINDOWS\System32\OpenSSH\;C:\ProgramData\chocolatey\bin;C:\Program Files\nodejs\;C:\Users\User\AppData\Local\Android\Sdk\platform-tools;C:\Program Files\Java\jdk-15.0.2\bin;C:\Program Files\Java\jdk1.8.0_271\bin;C:\Users\User\.jdks\azul-13.0.8\bin;C:\Program Files\Git\cmd;C:\flutter\bin;C:\Users\User\AppData\Local\Microsoft\WindowsApps;C:\Users\User\AppData\Local\Programs\Microsoft VS Code\bin;C:\Users\User\AppData\Roaming\npm;C:\Users\User\AppData\Local\Android\Sdk\platform-tools;
USERNAME=User
OS=Windows_NT
PROCESSOR_IDENTIFIER=AMD64 Family 23 Model 24 Stepping 1, AuthenticAMD



---------------  S Y S T E M  ---------------

OS: Windows 10 , 64 bit Build 19041 (10.0.19041.1202)
OS uptime: 3 days 14:33 hours

CPU:total 4 (initial active 4) (4 cores per cpu, 1 threads per core) family 23 model 24 stepping 1 microcode 0x0, cmov, cx8, fxsr, mmx, sse, sse2, sse3, ssse3, sse4.1, sse4.2, popcnt, avx, avx2, aes, clmul, mmxext, 3dnowpref, lzcnt, sse4a, tsc, tscinvbit, tscinv, bmi1, bmi2, adx, sha, 

Memory: 4k page, system-wide physical 7096M (468M free)
TotalPageFile size 15288M (AvailPageFile size 27M)
current process WorkingSet (physical memory assigned to process): 410M, peak: 524M
current process commit charge ("private bytes"): 768M, peak: 1095M

vm_info: OpenJDK 64-Bit Server VM (11.0.10+0-b96-7249189) for windows-amd64 JRE (11.0.10+0-b96-7249189), built on Mar 31 2021 21:44:00 by "builder" with MS VC++ 14.0 (VS2015)

END.
