#
# There is insufficient memory for the Java Runtime Environment to continue.
# Native memory allocation (mmap) failed to map 149946368 bytes for Failed to commit area from 0x0000000092c00000 to 0x000000009bb00000 of length 149946368.
# Possible reasons:
#   The system is out of physical RAM or swap space
#   The process is running with CompressedOops enabled, and the Java Heap may be blocking the growth of the native heap
# Possible solutions:
#   Reduce memory load on the system
#   Increase physical memory or swap space
#   Check if swap backing store is full
#   Decrease Java heap size (-Xmx/-Xms)
#   Decrease number of Java threads
#   Decrease Java thread stack sizes (-Xss)
#   Set larger code cache with -XX:ReservedCodeCacheSize=
#   JVM is running with Unscaled Compressed Oops mode in which the Java heap is
#     placed in the first 4GB address space. The Java Heap base address is the
#     maximum limit for the native heap growth. Please use -XX:HeapBaseMinAddress
#     to set the Java Heap base and to place the Java Heap above 4GB virtual address.
# This output file may be truncated or incomplete.
#
#  Out of Memory Error (./src/hotspot/os/windows/os_windows.cpp:3301), pid=3904, tid=10064
#
# JRE version: OpenJDK Runtime Environment (11.0.11+9) (build 11.0.11+9-b60-7590822)
# Java VM: OpenJDK 64-Bit Server VM (11.0.11+9-b60-7590822, mixed mode, tiered, compressed oops, g1 gc, windows-amd64)
# No core dump will be written. Minidumps are not enabled by default on client versions of Windows
#

---------------  S U M M A R Y ------------

Command Line: --add-opens=java.base/java.util=ALL-UNNAMED --add-opens=java.base/java.lang=ALL-UNNAMED --add-opens=java.base/java.lang.invoke=ALL-UNNAMED --add-opens=java.base/java.util=ALL-UNNAMED --add-opens=java.prefs/java.util.prefs=ALL-UNNAMED --add-opens=java.prefs/java.util.prefs=ALL-UNNAMED --add-opens=java.base/java.nio.charset=ALL-UNNAMED --add-opens=java.base/java.net=ALL-UNNAMED --add-opens=java.base/java.util.concurrent.atomic=ALL-UNNAMED -Xmx2048m -Dfile.encoding=UTF-8 -Duser.country=ID -Duser.language=en -Duser.variant org.gradle.launcher.daemon.bootstrap.GradleDaemon 7.3.3

Host: AMD Ryzen 3 3200G with Radeon Vega Graphics    , 4 cores, 6G,  Windows 10 , 64 bit Build 19041 (10.0.19041.1202)
Time: Tue Feb 15 14:56:26 2022 SE Asia Standard Time elapsed time: 24.797384 seconds (0d 0h 0m 24s)

---------------  T H R E A D  ---------------

Current thread (0x000002bda72c6800):  VMThread "VM Thread" [stack: 0x000000db4dc00000,0x000000db4dd00000] [id=10064]

Stack: [0x000000db4dc00000,0x000000db4dd00000]
[error occurred during error reporting (printing stack bounds), id 0xc0000005, EXCEPTION_ACCESS_VIOLATION (0xc0000005) at pc=0x000002bd90ad0f2d]

Native frames: (J=compiled Java code, j=interpreted, Vv=VM code, C=native code)
V  [jvm.dll+0x5f214a]
V  [jvm.dll+0x726fb5]
V  [jvm.dll+0x7285cd]
V  [jvm.dll+0x728be5]
V  [jvm.dll+0x728b9b]
V  [jvm.dll+0x5f14e8]
V  [jvm.dll+0x5f1c78]
C  [ntdll.dll+0xa20cf]
C  [ntdll.dll+0x51454]
C  [ntdll.dll+0xa0bfe]
C  0x000002bd90ad0f2d

VM_Operation (0x000000db535fd340): G1CollectForAllocation, mode: safepoint, requested by thread 0x000002bdb1346800


---------------  P R O C E S S  ---------------

Threads class SMR info:
_java_thread_list=0x000002bdada2ec40, length=93, elements={
0x000002bd8cfcc000, 0x000002bda72cb000, 0x000002bda72cf000, 0x000002bda72e3800,
0x000002bda72e5000, 0x000002bda72e7800, 0x000002bda72eb000, 0x000002bda72f0000,
0x000002bda72f3800, 0x000002bda7da1000, 0x000002bda9354000, 0x000002bda7f52800,
0x000002bda9419800, 0x000002bda92bc800, 0x000002bda9740800, 0x000002bda8e89800,
0x000002bda94be800, 0x000002bda95b1000, 0x000002bdaa155000, 0x000002bdaa150000,
0x000002bdaa153800, 0x000002bdaa154000, 0x000002bdaa14f000, 0x000002bdaa151000,
0x000002bdaa156000, 0x000002bdaa151800, 0x000002bdaa152800, 0x000002bdab60b800,
0x000002bdab607800, 0x000002bdab608000, 0x000002bdab609000, 0x000002bdab60e800,
0x000002bdab60f800, 0x000002bdab60a800, 0x000002bdab609800, 0x000002bdab612800,
0x000002bdab610800, 0x000002bdab616000, 0x000002bdab611000, 0x000002bdab614800,
0x000002bdab613800, 0x000002bdab612000, 0x000002bdab615000, 0x000002bdae41b800,
0x000002bdae41c000, 0x000002bdae41e800, 0x000002bdae41e000, 0x000002bdae41a000,
0x000002bdae419000, 0x000002bdae41d000, 0x000002bdae41a800, 0x000002bdae423800,
0x000002bdae425000, 0x000002bdae424800, 0x000002bdae41f800, 0x000002bdae426000,
0x000002bdae420800, 0x000002bdae422000, 0x000002bdae427000, 0x000002bdae423000,
0x000002bdae421000, 0x000002bdae427800, 0x000002bda92fc800, 0x000002bda92fa000,
0x000002bda92fd800, 0x000002bda9300800, 0x000002bda92fb000, 0x000002bda9301800,
0x000002bda92fc000, 0x000002bda9302800, 0x000002bda9303000, 0x000002bda92fe800,
0x000002bda9304000, 0x000002bda9305000, 0x000002bda92ff000, 0x000002bda9305800,
0x000002bda9300000, 0x000002bda9307800, 0x000002bda9308000, 0x000002bda9306800,
0x000002bda9309000, 0x000002bdb1345800, 0x000002bdb1343800, 0x000002bdb1345000,
0x000002bdb1346800, 0x000002bdb1349000, 0x000002bdadf16000, 0x000002bdb1347800,
0x000002bdb1344000, 0x000002bdb134b800, 0x000002bdb134a000, 0x000002bdb134c800,
0x000002bdb134d000
}

Java Threads: ( => current thread )
  0x000002bd8cfcc000 JavaThread "main" [_thread_blocked, id=9784, stack(0x000000db4d600000,0x000000db4d700000)]
  0x000002bda72cb000 JavaThread "Reference Handler" daemon [_thread_blocked, id=10424, stack(0x000000db4dd00000,0x000000db4de00000)]
  0x000002bda72cf000 JavaThread "Finalizer" daemon [_thread_blocked, id=7320, stack(0x000000db4de00000,0x000000db4df00000)]
  0x000002bda72e3800 JavaThread "Signal Dispatcher" daemon [_thread_blocked, id=6392, stack(0x000000db4df00000,0x000000db4e000000)]
  0x000002bda72e5000 JavaThread "Attach Listener" daemon [_thread_blocked, id=3280, stack(0x000000db4e000000,0x000000db4e100000)]
  0x000002bda72e7800 JavaThread "Service Thread" daemon [_thread_blocked, id=8124, stack(0x000000db4e100000,0x000000db4e200000)]
  0x000002bda72eb000 JavaThread "C2 CompilerThread0" daemon [_thread_in_native, id=3232, stack(0x000000db4e200000,0x000000db4e300000)]
  0x000002bda72f0000 JavaThread "C1 CompilerThread0" daemon [_thread_blocked, id=8108, stack(0x000000db4e300000,0x000000db4e400000)]
  0x000002bda72f3800 JavaThread "Sweeper thread" daemon [_thread_blocked, id=9496, stack(0x000000db4e400000,0x000000db4e500000)]
  0x000002bda7da1000 JavaThread "Common-Cleaner" daemon [_thread_blocked, id=4272, stack(0x000000db4e500000,0x000000db4e600000)]
  0x000002bda9354000 JavaThread "Daemon health stats" [_thread_blocked, id=2832, stack(0x000000db4e900000,0x000000db4ea00000)]
  0x000002bda7f52800 JavaThread "Incoming local TCP Connector on port 62707" [_thread_in_native, id=9060, stack(0x000000db4e700000,0x000000db4e800000)]
  0x000002bda9419800 JavaThread "Daemon periodic checks" [_thread_blocked, id=9628, stack(0x000000db4ea00000,0x000000db4eb00000)]
  0x000002bda92bc800 JavaThread "Daemon" [_thread_blocked, id=3984, stack(0x000000db4eb00000,0x000000db4ec00000)]
  0x000002bda9740800 JavaThread "Handler for socket connection from /127.0.0.1:62707 to /127.0.0.1:62709" [_thread_in_native, id=5108, stack(0x000000db4ec00000,0x000000db4ed00000)]
  0x000002bda8e89800 JavaThread "Cancel handler" [_thread_blocked, id=4396, stack(0x000000db4ed00000,0x000000db4ee00000)]
  0x000002bda94be800 JavaThread "Daemon worker" [_thread_blocked, id=7220, stack(0x000000db4ee00000,0x000000db4ef00000)]
  0x000002bda95b1000 JavaThread "Asynchronous log dispatcher for DefaultDaemonConnection: socket connection from /127.0.0.1:62707 to /127.0.0.1:62709" [_thread_blocked, id=4880, stack(0x000000db4ef00000,0x000000db4f000000)]
  0x000002bdaa155000 JavaThread "Stdin handler" [_thread_blocked, id=3164, stack(0x000000db4f000000,0x000000db4f100000)]
  0x000002bdaa150000 JavaThread "Daemon client event forwarder" [_thread_blocked, id=3872, stack(0x000000db4f100000,0x000000db4f200000)]
  0x000002bdaa153800 JavaThread "Cache worker for journal cache (C:\Users\User\.gradle\caches\journal-1)" [_thread_blocked, id=8432, stack(0x000000db4f400000,0x000000db4f500000)]
  0x000002bdaa154000 JavaThread "File lock request listener" [_thread_in_native, id=7464, stack(0x000000db4f500000,0x000000db4f600000)]
  0x000002bdaa14f000 JavaThread "Cache worker for file hash cache (C:\Users\User\.gradle\caches\7.3.3\fileHashes)" [_thread_blocked, id=9400, stack(0x000000db4f600000,0x000000db4f700000)]
  0x000002bdaa151000 JavaThread "Cache worker for file hash cache (D:\Binar\Sciroper-CC7\.gradle\7.3.3\fileHashes)" [_thread_blocked, id=1336, stack(0x000000db4f800000,0x000000db4f900000)]
  0x000002bdaa156000 JavaThread "File watcher server" daemon [_thread_in_native, id=7240, stack(0x000000db4f900000,0x000000db4fa00000)]
  0x000002bdaa151800 JavaThread "File watcher consumer" daemon [_thread_blocked, id=3856, stack(0x000000db4fa00000,0x000000db4fb00000)]
  0x000002bdaa152800 JavaThread "Cache worker for checksums cache (D:\Binar\Sciroper-CC7\.gradle\7.3.3\checksums)" [_thread_blocked, id=8836, stack(0x000000db4fb00000,0x000000db4fc00000)]
  0x000002bdab60b800 JavaThread "Cache worker for cache directory md-supplier (C:\Users\User\.gradle\caches\7.3.3\md-supplier)" [_thread_blocked, id=4996, stack(0x000000db4fc00000,0x000000db4fd00000)]
  0x000002bdab607800 JavaThread "Cache worker for cache directory md-rule (C:\Users\User\.gradle\caches\7.3.3\md-rule)" [_thread_blocked, id=6052, stack(0x000000db4fd00000,0x000000db4fe00000)]
  0x000002bdab608000 JavaThread "Cache worker for execution history cache (C:\Users\User\.gradle\caches\7.3.3\executionHistory)" [_thread_blocked, id=3260, stack(0x000000db4fe00000,0x000000db4ff00000)]
  0x000002bdab609000 JavaThread "jar transforms" [_thread_blocked, id=5492, stack(0x000000db4ff00000,0x000000db50000000)]
  0x000002bdab60e800 JavaThread "jar transforms Thread 2" [_thread_blocked, id=6428, stack(0x000000db50000000,0x000000db50100000)]
  0x000002bdab60f800 JavaThread "Cache worker for file content cache (C:\Users\User\.gradle\caches\7.3.3\fileContent)" [_thread_blocked, id=6268, stack(0x000000db50100000,0x000000db50200000)]
  0x000002bdab60a800 JavaThread "Cache worker for dependencies-accessors (D:\Binar\Sciroper-CC7\.gradle\7.3.3\dependencies-accessors)" [_thread_blocked, id=4164, stack(0x000000db50200000,0x000000db50300000)]
  0x000002bdab609800 JavaThread "jar transforms Thread 3" [_thread_blocked, id=7620, stack(0x000000db50300000,0x000000db50400000)]
  0x000002bdab612800 JavaThread "Cache worker for Build Output Cleanup Cache (D:\Binar\Sciroper-CC7\.gradle\buildOutputCleanup)" [_thread_blocked, id=3180, stack(0x000000db50400000,0x000000db50500000)]
  0x000002bdab610800 JavaThread "Unconstrained build operations" [_thread_blocked, id=68, stack(0x000000db50500000,0x000000db50600000)]
  0x000002bdab616000 JavaThread "Unconstrained build operations Thread 2" [_thread_blocked, id=11064, stack(0x000000db50600000,0x000000db50700000)]
  0x000002bdab611000 JavaThread "Unconstrained build operations Thread 3" [_thread_blocked, id=12060, stack(0x000000db50700000,0x000000db50800000)]
  0x000002bdab614800 JavaThread "Unconstrained build operations Thread 4" [_thread_blocked, id=7748, stack(0x000000db50800000,0x000000db50900000)]
  0x000002bdab613800 JavaThread "Unconstrained build operations Thread 5" [_thread_blocked, id=7232, stack(0x000000db50900000,0x000000db50a00000)]
  0x000002bdab612000 JavaThread "Unconstrained build operations Thread 6" [_thread_blocked, id=5436, stack(0x000000db50a00000,0x000000db50b00000)]
  0x000002bdab615000 JavaThread "Unconstrained build operations Thread 7" [_thread_blocked, id=3152, stack(0x000000db50b00000,0x000000db50c00000)]
  0x000002bdae41b800 JavaThread "Unconstrained build operations Thread 8" [_thread_blocked, id=9120, stack(0x000000db50c00000,0x000000db50d00000)]
  0x000002bdae41c000 JavaThread "Unconstrained build operations Thread 9" [_thread_blocked, id=3360, stack(0x000000db50d00000,0x000000db50e00000)]
  0x000002bdae41e800 JavaThread "Unconstrained build operations Thread 10" [_thread_blocked, id=11908, stack(0x000000db50e00000,0x000000db50f00000)]
  0x000002bdae41e000 JavaThread "Unconstrained build operations Thread 11" [_thread_blocked, id=3732, stack(0x000000db50f00000,0x000000db51000000)]
  0x000002bdae41a000 JavaThread "Unconstrained build operations Thread 12" [_thread_blocked, id=1156, stack(0x000000db51000000,0x000000db51100000)]
  0x000002bdae419000 JavaThread "Unconstrained build operations Thread 13" [_thread_blocked, id=10648, stack(0x000000db51100000,0x000000db51200000)]
  0x000002bdae41d000 JavaThread "Unconstrained build operations Thread 14" [_thread_blocked, id=9860, stack(0x000000db51200000,0x000000db51300000)]
  0x000002bdae41a800 JavaThread "Unconstrained build operations Thread 15" [_thread_blocked, id=11108, stack(0x000000db51300000,0x000000db51400000)]
  0x000002bdae423800 JavaThread "Unconstrained build operations Thread 16" [_thread_blocked, id=5232, stack(0x000000db51400000,0x000000db51500000)]
  0x000002bdae425000 JavaThread "Unconstrained build operations Thread 17" [_thread_blocked, id=9152, stack(0x000000db51500000,0x000000db51600000)]
  0x000002bdae424800 JavaThread "Unconstrained build operations Thread 18" [_thread_blocked, id=11912, stack(0x000000db51600000,0x000000db51700000)]
  0x000002bdae41f800 JavaThread "Unconstrained build operations Thread 19" [_thread_blocked, id=6032, stack(0x000000db51700000,0x000000db51800000)]
  0x000002bdae426000 JavaThread "Unconstrained build operations Thread 20" [_thread_blocked, id=3844, stack(0x000000db51800000,0x000000db51900000)]
  0x000002bdae420800 JavaThread "Unconstrained build operations Thread 21" [_thread_blocked, id=6588, stack(0x000000db51900000,0x000000db51a00000)]
  0x000002bdae422000 JavaThread "Unconstrained build operations Thread 22" [_thread_blocked, id=8580, stack(0x000000db51a00000,0x000000db51b00000)]
  0x000002bdae427000 JavaThread "Unconstrained build operations Thread 23" [_thread_blocked, id=1044, stack(0x000000db51b00000,0x000000db51c00000)]
  0x000002bdae423000 JavaThread "Unconstrained build operations Thread 24" [_thread_blocked, id=4136, stack(0x000000db51c00000,0x000000db51d00000)]
  0x000002bdae421000 JavaThread "Unconstrained build operations Thread 25" [_thread_blocked, id=12244, stack(0x000000db51d00000,0x000000db51e00000)]
  0x000002bdae427800 JavaThread "Unconstrained build operations Thread 26" [_thread_blocked, id=1240, stack(0x000000db51e00000,0x000000db51f00000)]
  0x000002bda92fc800 JavaThread "Unconstrained build operations Thread 27" [_thread_blocked, id=2948, stack(0x000000db51f00000,0x000000db52000000)]
  0x000002bda92fa000 JavaThread "Unconstrained build operations Thread 28" [_thread_blocked, id=6120, stack(0x000000db52000000,0x000000db52100000)]
  0x000002bda92fd800 JavaThread "Unconstrained build operations Thread 29" [_thread_blocked, id=1880, stack(0x000000db52100000,0x000000db52200000)]
  0x000002bda9300800 JavaThread "Unconstrained build operations Thread 30" [_thread_blocked, id=6184, stack(0x000000db52200000,0x000000db52300000)]
  0x000002bda92fb000 JavaThread "Unconstrained build operations Thread 31" [_thread_blocked, id=380, stack(0x000000db52300000,0x000000db52400000)]
  0x000002bda9301800 JavaThread "Unconstrained build operations Thread 32" [_thread_blocked, id=1288, stack(0x000000db52400000,0x000000db52500000)]
  0x000002bda92fc000 JavaThread "Unconstrained build operations Thread 33" [_thread_blocked, id=10160, stack(0x000000db52500000,0x000000db52600000)]
  0x000002bda9302800 JavaThread "Unconstrained build operations Thread 34" [_thread_blocked, id=3760, stack(0x000000db52600000,0x000000db52700000)]
  0x000002bda9303000 JavaThread "Unconstrained build operations Thread 35" [_thread_blocked, id=6164, stack(0x000000db52700000,0x000000db52800000)]
  0x000002bda92fe800 JavaThread "Unconstrained build operations Thread 36" [_thread_blocked, id=10336, stack(0x000000db52800000,0x000000db52900000)]
  0x000002bda9304000 JavaThread "Unconstrained build operations Thread 37" [_thread_blocked, id=11812, stack(0x000000db52900000,0x000000db52a00000)]
  0x000002bda9305000 JavaThread "Unconstrained build operations Thread 38" [_thread_blocked, id=3336, stack(0x000000db52a00000,0x000000db52b00000)]
  0x000002bda92ff000 JavaThread "Unconstrained build operations Thread 39" [_thread_blocked, id=528, stack(0x000000db52b00000,0x000000db52c00000)]
  0x000002bda9305800 JavaThread "Unconstrained build operations Thread 40" [_thread_blocked, id=4364, stack(0x000000db52c00000,0x000000db52d00000)]
  0x000002bda9300000 JavaThread "jar transforms Thread 4" [_thread_blocked, id=8856, stack(0x000000db52d00000,0x000000db52e00000)]
  0x000002bda9307800 JavaThread "Memory manager" [_thread_blocked, id=11200, stack(0x000000db52e00000,0x000000db52f00000)]
  0x000002bda9308000 JavaThread "build event listener" [_thread_blocked, id=10976, stack(0x000000db52f00000,0x000000db53000000)]
  0x000002bda9306800 JavaThread "build event listener" [_thread_blocked, id=9116, stack(0x000000db53000000,0x000000db53100000)]
  0x000002bda9309000 JavaThread "Execution worker for ':'" [_thread_blocked, id=3452, stack(0x000000db53100000,0x000000db53200000)]
  0x000002bdb1345800 JavaThread "Execution worker for ':' Thread 2" [_thread_blocked, id=11552, stack(0x000000db53200000,0x000000db53300000)]
  0x000002bdb1343800 JavaThread "Execution worker for ':' Thread 3" [_thread_blocked, id=4500, stack(0x000000db53300000,0x000000db53400000)]
  0x000002bdb1345000 JavaThread "Cache worker for execution history cache (D:\Binar\Sciroper-CC7\.gradle\7.3.3\executionHistory)" [_thread_blocked, id=4340, stack(0x000000db53400000,0x000000db53500000)]
  0x000002bdb1346800 JavaThread "WorkerExecutor Queue" [_thread_blocked, id=4724, stack(0x000000db53500000,0x000000db53600000)]
  0x000002bdb1349000 JavaThread "WorkerExecutor Queue Thread 2" [_thread_blocked, id=9292, stack(0x000000db53600000,0x000000db53700000)]
  0x000002bdadf16000 JavaThread "C2 CompilerThread1" daemon [_thread_in_native, id=8816, stack(0x000000db4f700000,0x000000db4f800000)]
  0x000002bdb1347800 JavaThread "WorkerExecutor Queue Thread 3" [_thread_blocked, id=10432, stack(0x000000db53800000,0x000000db53900000)]
  0x000002bdb1344000 JavaThread "WorkerExecutor Queue Thread 4" [_thread_blocked, id=10484, stack(0x000000db53900000,0x000000db53a00000)]
  0x000002bdb134b800 JavaThread "WorkerExecutor Queue Thread 5" [_thread_blocked, id=4080, stack(0x000000db53a00000,0x000000db53b00000)]
  0x000002bdb134a000 JavaThread "pool-3-thread-1" [_thread_blocked, id=3116, stack(0x000000db53b00000,0x000000db53c00000)]
  0x000002bdb134c800 JavaThread "stderr" [_thread_in_native, id=11972, stack(0x000000db53c00000,0x000000db53d00000)]
  0x000002bdb134d000 JavaThread "stdout" [_thread_in_native, id=9692, stack(0x000000db53d00000,0x000000db53e00000)]

Other Threads:
=>0x000002bda72c6800 VMThread "VM Thread" [stack: 0x000000db4dc00000,0x000000db4dd00000] [id=10064]
  0x000002bda7deb800 WatcherThread [stack: 0x000000db4e600000,0x000000db4e700000] [id=11524]
  0x000002bd8cfe6000 GCTaskThread "GC Thread#0" [stack: 0x000000db4d700000,0x000000db4d800000] [id=10328]
  0x000002bda89c6800 GCTaskThread "GC Thread#1" [stack: 0x000000db4e800000,0x000000db4e900000] [id=1644]
  0x000002bda916f800 GCTaskThread "GC Thread#2" [stack: 0x000000db4f200000,0x000000db4f300000] [id=3008]
  0x000002bdaa612800 GCTaskThread "GC Thread#3" [stack: 0x000000db4f300000,0x000000db4f400000] [id=9300]
  0x000002bd8d015800 ConcurrentGCThread "G1 Main Marker" [stack: 0x000000db4d800000,0x000000db4d900000] [id=10296]
  0x000002bd8d018000 ConcurrentGCThread "G1 Conc#0" [stack: 0x000000db4d900000,0x000000db4da00000] [id=2304]
  0x000002bd8d092000 ConcurrentGCThread "G1 Refine#0" [stack: 0x000000db4da00000,0x000000db4db00000] [id=6992]
  0x000002bdb3ca0800 ConcurrentGCThread "G1 Refine#1" [stack: 0x000000db53700000,0x000000db53800000] [id=10164]
  0x000002bd8d093800 ConcurrentGCThread "G1 Young RemSet Sampling" [stack: 0x000000db4db00000,0x000000db4dc00000] [id=11764]

Threads with active compile tasks:
C2 CompilerThread0  24806 17228       4       com.android.tools.r8.dex.r::m (2110 bytes)
C2 CompilerThread1  24806 17251   !   4       java.io.ObjectOutputStream::writeSerialData (221 bytes)

VM state:at safepoint (normal execution)

VM Mutex/Monitor currently owned by a thread:  ([mutex/lock_event])
[0x000002bd8cfc7d20] Threads_lock - owner thread: 0x000002bda72c6800
[0x000002bd8cfc8ce0] Heap_lock - owner thread: 0x000002bdb1346800

Heap address: 0x0000000080000000, size: 2048 MB, Compressed Oops mode: 32-bit
Narrow klass base: 0x0000000000000000, Narrow klass shift: 3
Compressed class space size: 1073741824 Address: 0x0000000100000000

Heap:
 garbage-first heap   total 453632K, used 239632K [0x0000000080000000, 0x0000000100000000)
  region size 1024K, 3 young (3072K), 3 survivors (3072K)
 Metaspace       used 111343K, capacity 113813K, committed 113996K, reserved 1148928K
  class space    used 13772K, capacity 14709K, committed 14720K, reserved 1048576K
Heap Regions: E=young(eden), S=young(survivor), O=old, HS=humongous(starts), HC=humongous(continues), CS=collection set, F=free, A=archive, TAMS=top-at-mark-start (previous, next)
|   0|0x0000000080000000, 0x0000000080100000, 0x0000000080100000|100%| O|  |TAMS 0x0000000080100000, 0x0000000080100000| Untracked 
|   1|0x0000000080100000, 0x0000000080200000, 0x0000000080200000|100%| O|  |TAMS 0x0000000080200000, 0x0000000080200000| Untracked 
|   2|0x0000000080200000, 0x0000000080300000, 0x0000000080300000|100%| O|  |TAMS 0x0000000080300000, 0x0000000080300000| Untracked 
|   3|0x0000000080300000, 0x0000000080400000, 0x0000000080400000|100%|HS|  |TAMS 0x0000000080400000, 0x0000000080400000| Complete 
|   4|0x0000000080400000, 0x0000000080500000, 0x0000000080500000|100%|HC|  |TAMS 0x0000000080500000, 0x0000000080500000| Complete 
|   5|0x0000000080500000, 0x0000000080600000, 0x0000000080600000|100%|HC|  |TAMS 0x0000000080600000, 0x0000000080600000| Complete 
|   6|0x0000000080600000, 0x0000000080700000, 0x0000000080700000|100%| O|  |TAMS 0x0000000080700000, 0x0000000080700000| Untracked 
|   7|0x0000000080700000, 0x0000000080800000, 0x0000000080800000|100%| O|  |TAMS 0x0000000080800000, 0x0000000080800000| Untracked 
|   8|0x0000000080800000, 0x0000000080900000, 0x0000000080900000|100%| O|  |TAMS 0x0000000080900000, 0x0000000080900000| Untracked 
|   9|0x0000000080900000, 0x0000000080a00000, 0x0000000080a00000|100%| O|  |TAMS 0x0000000080a00000, 0x0000000080a00000| Untracked 
|  10|0x0000000080a00000, 0x0000000080b00000, 0x0000000080b00000|100%| O|  |TAMS 0x0000000080b00000, 0x0000000080b00000| Untracked 
|  11|0x0000000080b00000, 0x0000000080c00000, 0x0000000080c00000|100%| O|  |TAMS 0x0000000080c00000, 0x0000000080c00000| Untracked 
|  12|0x0000000080c00000, 0x0000000080d00000, 0x0000000080d00000|100%| O|  |TAMS 0x0000000080d00000, 0x0000000080d00000| Untracked 
|  13|0x0000000080d00000, 0x0000000080e00000, 0x0000000080e00000|100%| O|  |TAMS 0x0000000080e00000, 0x0000000080e00000| Untracked 
|  14|0x0000000080e00000, 0x0000000080f00000, 0x0000000080f00000|100%| O|  |TAMS 0x0000000080f00000, 0x0000000080f00000| Untracked 
|  15|0x0000000080f00000, 0x0000000081000000, 0x0000000081000000|100%| O|  |TAMS 0x0000000081000000, 0x0000000081000000| Untracked 
|  16|0x0000000081000000, 0x0000000081100000, 0x0000000081100000|100%| O|  |TAMS 0x0000000081100000, 0x0000000081100000| Untracked 
|  17|0x0000000081100000, 0x0000000081200000, 0x0000000081200000|100%|HS|  |TAMS 0x0000000081200000, 0x0000000081200000| Complete 
|  18|0x0000000081200000, 0x0000000081300000, 0x0000000081300000|100%| O|  |TAMS 0x0000000081300000, 0x0000000081300000| Untracked 
|  19|0x0000000081300000, 0x0000000081400000, 0x0000000081400000|100%| O|  |TAMS 0x0000000081400000, 0x0000000081400000| Untracked 
|  20|0x0000000081400000, 0x0000000081500000, 0x0000000081500000|100%| O|  |TAMS 0x0000000081500000, 0x0000000081500000| Untracked 
|  21|0x0000000081500000, 0x0000000081600000, 0x0000000081600000|100%| O|  |TAMS 0x0000000081600000, 0x0000000081600000| Untracked 
|  22|0x0000000081600000, 0x0000000081700000, 0x0000000081700000|100%| O|  |TAMS 0x0000000081700000, 0x0000000081700000| Untracked 
|  23|0x0000000081700000, 0x0000000081800000, 0x0000000081800000|100%|HS|  |TAMS 0x0000000081800000, 0x0000000081800000| Complete 
|  24|0x0000000081800000, 0x0000000081900000, 0x0000000081900000|100%|HS|  |TAMS 0x0000000081900000, 0x0000000081900000| Complete 
|  25|0x0000000081900000, 0x0000000081a00000, 0x0000000081a00000|100%|HS|  |TAMS 0x0000000081a00000, 0x0000000081a00000| Complete 
|  26|0x0000000081a00000, 0x0000000081b00000, 0x0000000081b00000|100%|HS|  |TAMS 0x0000000081b00000, 0x0000000081b00000| Complete 
|  27|0x0000000081b00000, 0x0000000081c00000, 0x0000000081c00000|100%|HC|  |TAMS 0x0000000081c00000, 0x0000000081c00000| Complete 
|  28|0x0000000081c00000, 0x0000000081d00000, 0x0000000081d00000|100%|HC|  |TAMS 0x0000000081d00000, 0x0000000081d00000| Complete 
|  29|0x0000000081d00000, 0x0000000081e00000, 0x0000000081e00000|100%| O|  |TAMS 0x0000000081e00000, 0x0000000081e00000| Untracked 
|  30|0x0000000081e00000, 0x0000000081f00000, 0x0000000081f00000|100%| O|  |TAMS 0x0000000081f00000, 0x0000000081f00000| Untracked 
|  31|0x0000000081f00000, 0x0000000082000000, 0x0000000082000000|100%| O|  |TAMS 0x0000000082000000, 0x0000000082000000| Untracked 
|  32|0x0000000082000000, 0x0000000082100000, 0x0000000082100000|100%| O|  |TAMS 0x0000000082100000, 0x0000000082100000| Untracked 
|  33|0x0000000082100000, 0x0000000082200000, 0x0000000082200000|100%| O|  |TAMS 0x0000000082200000, 0x0000000082200000| Untracked 
|  34|0x0000000082200000, 0x0000000082300000, 0x0000000082300000|100%| O|  |TAMS 0x0000000082300000, 0x0000000082300000| Untracked 
|  35|0x0000000082300000, 0x0000000082400000, 0x0000000082400000|100%| O|  |TAMS 0x0000000082300000, 0x0000000082400000| Untracked 
|  36|0x0000000082400000, 0x0000000082500000, 0x0000000082500000|100%| O|  |TAMS 0x0000000082500000, 0x0000000082500000| Untracked 
|  37|0x0000000082500000, 0x0000000082600000, 0x0000000082600000|100%|HS|  |TAMS 0x0000000082600000, 0x0000000082600000| Complete 
|  38|0x0000000082600000, 0x0000000082700000, 0x0000000082700000|100%|HC|  |TAMS 0x0000000082700000, 0x0000000082700000| Complete 
|  39|0x0000000082700000, 0x0000000082800000, 0x0000000082800000|100%| O|  |TAMS 0x0000000082800000, 0x0000000082800000| Untracked 
|  40|0x0000000082800000, 0x0000000082900000, 0x0000000082900000|100%| O|  |TAMS 0x0000000082900000, 0x0000000082900000| Untracked 
|  41|0x0000000082900000, 0x0000000082a00000, 0x0000000082a00000|100%| O|  |TAMS 0x0000000082a00000, 0x0000000082a00000| Untracked 
|  42|0x0000000082a00000, 0x0000000082b00000, 0x0000000082b00000|100%| O|  |TAMS 0x0000000082b00000, 0x0000000082b00000| Untracked 
|  43|0x0000000082b00000, 0x0000000082c00000, 0x0000000082c00000|100%| O|  |TAMS 0x0000000082c00000, 0x0000000082c00000| Untracked 
|  44|0x0000000082c00000, 0x0000000082d00000, 0x0000000082d00000|100%| O|  |TAMS 0x0000000082d00000, 0x0000000082d00000| Untracked 
|  45|0x0000000082d00000, 0x0000000082e00000, 0x0000000082e00000|100%| O|  |TAMS 0x0000000082e00000, 0x0000000082e00000| Untracked 
|  46|0x0000000082e00000, 0x0000000082f00000, 0x0000000082f00000|100%| O|  |TAMS 0x0000000082f00000, 0x0000000082f00000| Untracked 
|  47|0x0000000082f00000, 0x0000000083000000, 0x0000000083000000|100%| O|  |TAMS 0x0000000083000000, 0x0000000083000000| Untracked 
|  48|0x0000000083000000, 0x0000000083100000, 0x0000000083100000|100%| O|  |TAMS 0x0000000083100000, 0x0000000083100000| Untracked 
|  49|0x0000000083100000, 0x0000000083200000, 0x0000000083200000|100%| O|  |TAMS 0x0000000083200000, 0x0000000083200000| Untracked 
|  50|0x0000000083200000, 0x0000000083300000, 0x0000000083300000|100%| O|  |TAMS 0x0000000083300000, 0x0000000083300000| Untracked 
|  51|0x0000000083300000, 0x0000000083400000, 0x0000000083400000|100%| O|  |TAMS 0x0000000083400000, 0x0000000083400000| Untracked 
|  52|0x0000000083400000, 0x0000000083500000, 0x0000000083500000|100%| O|  |TAMS 0x0000000083500000, 0x0000000083500000| Untracked 
|  53|0x0000000083500000, 0x0000000083600000, 0x0000000083600000|100%| O|  |TAMS 0x0000000083600000, 0x0000000083600000| Untracked 
|  54|0x0000000083600000, 0x0000000083700000, 0x0000000083700000|100%| O|  |TAMS 0x0000000083700000, 0x0000000083700000| Untracked 
|  55|0x0000000083700000, 0x0000000083800000, 0x0000000083800000|100%| O|  |TAMS 0x0000000083800000, 0x0000000083800000| Untracked 
|  56|0x0000000083800000, 0x0000000083900000, 0x0000000083900000|100%| O|  |TAMS 0x0000000083900000, 0x0000000083900000| Untracked 
|  57|0x0000000083900000, 0x0000000083a00000, 0x0000000083a00000|100%| O|  |TAMS 0x0000000083a00000, 0x0000000083a00000| Untracked 
|  58|0x0000000083a00000, 0x0000000083b00000, 0x0000000083b00000|100%| O|  |TAMS 0x0000000083b00000, 0x0000000083b00000| Untracked 
|  59|0x0000000083b00000, 0x0000000083c00000, 0x0000000083c00000|100%| O|  |TAMS 0x0000000083c00000, 0x0000000083c00000| Untracked 
|  60|0x0000000083c00000, 0x0000000083d00000, 0x0000000083d00000|100%| O|  |TAMS 0x0000000083d00000, 0x0000000083d00000| Untracked 
|  61|0x0000000083d00000, 0x0000000083e00000, 0x0000000083e00000|100%| O|  |TAMS 0x0000000083e00000, 0x0000000083e00000| Untracked 
|  62|0x0000000083e00000, 0x0000000083f00000, 0x0000000083f00000|100%| O|  |TAMS 0x0000000083f00000, 0x0000000083f00000| Untracked 
|  63|0x0000000083f00000, 0x0000000084000000, 0x0000000084000000|100%| O|  |TAMS 0x0000000084000000, 0x0000000084000000| Untracked 
|  64|0x0000000084000000, 0x0000000084100000, 0x0000000084100000|100%| O|  |TAMS 0x0000000084100000, 0x0000000084100000| Untracked 
|  65|0x0000000084100000, 0x0000000084200000, 0x0000000084200000|100%| O|  |TAMS 0x0000000084200000, 0x0000000084200000| Untracked 
|  66|0x0000000084200000, 0x0000000084300000, 0x0000000084300000|100%| O|  |TAMS 0x0000000084300000, 0x0000000084300000| Untracked 
|  67|0x0000000084300000, 0x0000000084400000, 0x0000000084400000|100%| O|  |TAMS 0x0000000084400000, 0x0000000084400000| Untracked 
|  68|0x0000000084400000, 0x0000000084500000, 0x0000000084500000|100%| O|  |TAMS 0x0000000084500000, 0x0000000084500000| Untracked 
|  69|0x0000000084500000, 0x0000000084600000, 0x0000000084600000|100%| O|  |TAMS 0x0000000084600000, 0x0000000084600000| Untracked 
|  70|0x0000000084600000, 0x0000000084700000, 0x0000000084700000|100%| O|  |TAMS 0x0000000084700000, 0x0000000084700000| Untracked 
|  71|0x0000000084700000, 0x0000000084800000, 0x0000000084800000|100%| O|  |TAMS 0x0000000084800000, 0x0000000084800000| Untracked 
|  72|0x0000000084800000, 0x0000000084900000, 0x0000000084900000|100%| O|  |TAMS 0x0000000084900000, 0x0000000084900000| Untracked 
|  73|0x0000000084900000, 0x0000000084a00000, 0x0000000084a00000|100%| O|  |TAMS 0x0000000084a00000, 0x0000000084a00000| Untracked 
|  74|0x0000000084a00000, 0x0000000084b00000, 0x0000000084b00000|100%| O|  |TAMS 0x0000000084b00000, 0x0000000084b00000| Untracked 
|  75|0x0000000084b00000, 0x0000000084c00000, 0x0000000084c00000|100%| O|  |TAMS 0x0000000084c00000, 0x0000000084c00000| Untracked 
|  76|0x0000000084c00000, 0x0000000084d00000, 0x0000000084d00000|100%| O|  |TAMS 0x0000000084d00000, 0x0000000084d00000| Untracked 
|  77|0x0000000084d00000, 0x0000000084e00000, 0x0000000084e00000|100%| O|  |TAMS 0x0000000084e00000, 0x0000000084e00000| Untracked 
|  78|0x0000000084e00000, 0x0000000084f00000, 0x0000000084f00000|100%| O|  |TAMS 0x0000000084f00000, 0x0000000084f00000| Untracked 
|  79|0x0000000084f00000, 0x0000000085000000, 0x0000000085000000|100%| O|  |TAMS 0x0000000085000000, 0x0000000085000000| Untracked 
|  80|0x0000000085000000, 0x0000000085100000, 0x0000000085100000|100%| O|  |TAMS 0x0000000085100000, 0x0000000085100000| Untracked 
|  81|0x0000000085100000, 0x0000000085200000, 0x0000000085200000|100%| O|  |TAMS 0x0000000085200000, 0x0000000085200000| Untracked 
|  82|0x0000000085200000, 0x0000000085300000, 0x0000000085300000|100%| O|  |TAMS 0x0000000085300000, 0x0000000085300000| Untracked 
|  83|0x0000000085300000, 0x0000000085400000, 0x0000000085400000|100%| O|  |TAMS 0x0000000085400000, 0x0000000085400000| Untracked 
|  84|0x0000000085400000, 0x0000000085500000, 0x0000000085500000|100%| O|  |TAMS 0x0000000085500000, 0x0000000085500000| Untracked 
|  85|0x0000000085500000, 0x0000000085600000, 0x0000000085600000|100%| O|  |TAMS 0x0000000085600000, 0x0000000085600000| Untracked 
|  86|0x0000000085600000, 0x0000000085700000, 0x0000000085700000|100%| O|  |TAMS 0x0000000085700000, 0x0000000085700000| Untracked 
|  87|0x0000000085700000, 0x0000000085800000, 0x0000000085800000|100%| O|  |TAMS 0x0000000085800000, 0x0000000085800000| Untracked 
|  88|0x0000000085800000, 0x0000000085900000, 0x0000000085900000|100%| O|  |TAMS 0x0000000085900000, 0x0000000085900000| Untracked 
|  89|0x0000000085900000, 0x0000000085a00000, 0x0000000085a00000|100%| O|  |TAMS 0x0000000085a00000, 0x0000000085a00000| Untracked 
|  90|0x0000000085a00000, 0x0000000085b00000, 0x0000000085b00000|100%| O|  |TAMS 0x0000000085b00000, 0x0000000085b00000| Untracked 
|  91|0x0000000085b00000, 0x0000000085c00000, 0x0000000085c00000|100%| O|  |TAMS 0x0000000085c00000, 0x0000000085c00000| Untracked 
|  92|0x0000000085c00000, 0x0000000085d00000, 0x0000000085d00000|100%| O|  |TAMS 0x0000000085d00000, 0x0000000085d00000| Untracked 
|  93|0x0000000085d00000, 0x0000000085e00000, 0x0000000085e00000|100%| O|  |TAMS 0x0000000085e00000, 0x0000000085e00000| Untracked 
|  94|0x0000000085e00000, 0x0000000085f00000, 0x0000000085f00000|100%| O|  |TAMS 0x0000000085f00000, 0x0000000085f00000| Untracked 
|  95|0x0000000085f00000, 0x0000000086000000, 0x0000000086000000|100%| O|  |TAMS 0x0000000086000000, 0x0000000086000000| Untracked 
|  96|0x0000000086000000, 0x0000000086100000, 0x0000000086100000|100%| O|  |TAMS 0x0000000086100000, 0x0000000086100000| Untracked 
|  97|0x0000000086100000, 0x0000000086200000, 0x0000000086200000|100%| O|  |TAMS 0x0000000086200000, 0x0000000086200000| Untracked 
|  98|0x0000000086200000, 0x0000000086300000, 0x0000000086300000|100%| O|  |TAMS 0x0000000086300000, 0x0000000086300000| Untracked 
|  99|0x0000000086300000, 0x0000000086400000, 0x0000000086400000|100%| O|  |TAMS 0x0000000086400000, 0x0000000086400000| Untracked 
| 100|0x0000000086400000, 0x0000000086500000, 0x0000000086500000|100%| O|  |TAMS 0x0000000086500000, 0x0000000086500000| Untracked 
| 101|0x0000000086500000, 0x0000000086600000, 0x0000000086600000|100%| O|  |TAMS 0x0000000086600000, 0x0000000086600000| Untracked 
| 102|0x0000000086600000, 0x0000000086700000, 0x0000000086700000|100%| O|  |TAMS 0x0000000086700000, 0x0000000086700000| Untracked 
| 103|0x0000000086700000, 0x0000000086800000, 0x0000000086800000|100%| O|  |TAMS 0x0000000086800000, 0x0000000086800000| Untracked 
| 104|0x0000000086800000, 0x0000000086900000, 0x0000000086900000|100%| O|  |TAMS 0x0000000086900000, 0x0000000086900000| Untracked 
| 105|0x0000000086900000, 0x0000000086a00000, 0x0000000086a00000|100%|HS|  |TAMS 0x0000000086a00000, 0x0000000086a00000| Complete 
| 106|0x0000000086a00000, 0x0000000086b00000, 0x0000000086b00000|100%|HC|  |TAMS 0x0000000086b00000, 0x0000000086b00000| Complete 
| 107|0x0000000086b00000, 0x0000000086c00000, 0x0000000086c00000|100%|HS|  |TAMS 0x0000000086c00000, 0x0000000086c00000| Complete 
| 108|0x0000000086c00000, 0x0000000086d00000, 0x0000000086d00000|100%|HC|  |TAMS 0x0000000086d00000, 0x0000000086d00000| Complete 
| 109|0x0000000086d00000, 0x0000000086e00000, 0x0000000086e00000|100%|HS|  |TAMS 0x0000000086e00000, 0x0000000086e00000| Complete 
| 110|0x0000000086e00000, 0x0000000086f00000, 0x0000000086f00000|100%|HS|  |TAMS 0x0000000086f00000, 0x0000000086f00000| Complete 
| 111|0x0000000086f00000, 0x0000000087000000, 0x0000000087000000|100%|HS|  |TAMS 0x0000000087000000, 0x0000000087000000| Complete 
| 112|0x0000000087000000, 0x0000000087100000, 0x0000000087100000|100%|HS|  |TAMS 0x0000000087100000, 0x0000000087100000| Complete 
| 113|0x0000000087100000, 0x0000000087200000, 0x0000000087200000|100%|HS|  |TAMS 0x0000000087200000, 0x0000000087200000| Complete 
| 114|0x0000000087200000, 0x0000000087300000, 0x0000000087300000|100%|HC|  |TAMS 0x0000000087300000, 0x0000000087300000| Complete 
| 115|0x0000000087300000, 0x0000000087400000, 0x0000000087400000|100%|HS|  |TAMS 0x0000000087400000, 0x0000000087400000| Complete 
| 116|0x0000000087400000, 0x0000000087500000, 0x0000000087500000|100%|HS|  |TAMS 0x0000000087500000, 0x0000000087500000| Complete 
| 117|0x0000000087500000, 0x0000000087600000, 0x0000000087600000|100%| O|  |TAMS 0x0000000087600000, 0x0000000087600000| Untracked 
| 118|0x0000000087600000, 0x0000000087700000, 0x0000000087700000|100%| O|  |TAMS 0x0000000087600000, 0x0000000087700000| Untracked 
| 119|0x0000000087700000, 0x0000000087800000, 0x0000000087800000|100%| O|  |TAMS 0x0000000087800000, 0x0000000087800000| Untracked 
| 120|0x0000000087800000, 0x0000000087900000, 0x0000000087900000|100%|HS|  |TAMS 0x0000000087900000, 0x0000000087900000| Complete 
| 121|0x0000000087900000, 0x0000000087a00000, 0x0000000087a00000|100%| O|  |TAMS 0x0000000087a00000, 0x0000000087a00000| Untracked 
| 122|0x0000000087a00000, 0x0000000087b00000, 0x0000000087b00000|100%| O|  |TAMS 0x0000000087b00000, 0x0000000087b00000| Untracked 
| 123|0x0000000087b00000, 0x0000000087c00000, 0x0000000087c00000|100%|HS|  |TAMS 0x0000000087c00000, 0x0000000087c00000| Complete 
| 124|0x0000000087c00000, 0x0000000087d00000, 0x0000000087d00000|100%| O|  |TAMS 0x0000000087d00000, 0x0000000087d00000| Untracked 
| 125|0x0000000087d00000, 0x0000000087e00000, 0x0000000087e00000|100%| O|  |TAMS 0x0000000087e00000, 0x0000000087e00000| Untracked 
| 126|0x0000000087e00000, 0x0000000087f00000, 0x0000000087f00000|100%| O|  |TAMS 0x0000000087f00000, 0x0000000087f00000| Untracked 
| 127|0x0000000087f00000, 0x0000000088000000, 0x0000000088000000|100%|HS|  |TAMS 0x0000000088000000, 0x0000000088000000| Complete 
| 128|0x0000000088000000, 0x0000000088100000, 0x0000000088100000|100%|HC|  |TAMS 0x0000000088100000, 0x0000000088100000| Complete 
| 129|0x0000000088100000, 0x0000000088200000, 0x0000000088200000|100%|HC|  |TAMS 0x0000000088200000, 0x0000000088200000| Complete 
| 130|0x0000000088200000, 0x0000000088300000, 0x0000000088300000|100%|HS|  |TAMS 0x0000000088300000, 0x0000000088300000| Complete 
| 131|0x0000000088300000, 0x0000000088400000, 0x0000000088400000|100%|HC|  |TAMS 0x0000000088400000, 0x0000000088400000| Complete 
| 132|0x0000000088400000, 0x0000000088500000, 0x0000000088500000|100%|HC|  |TAMS 0x0000000088500000, 0x0000000088500000| Complete 
| 133|0x0000000088500000, 0x0000000088600000, 0x0000000088600000|100%|HS|  |TAMS 0x0000000088600000, 0x0000000088600000| Complete 
| 134|0x0000000088600000, 0x0000000088700000, 0x0000000088700000|100%|HS|  |TAMS 0x0000000088700000, 0x0000000088700000| Complete 
| 135|0x0000000088700000, 0x0000000088800000, 0x0000000088800000|100%|HS|  |TAMS 0x0000000088800000, 0x0000000088800000| Complete 
| 136|0x0000000088800000, 0x0000000088900000, 0x0000000088900000|100%|HC|  |TAMS 0x0000000088900000, 0x0000000088900000| Complete 
| 137|0x0000000088900000, 0x0000000088a00000, 0x0000000088a00000|100%|HC|  |TAMS 0x0000000088a00000, 0x0000000088a00000| Complete 
| 138|0x0000000088a00000, 0x0000000088b00000, 0x0000000088b00000|100%|HS|  |TAMS 0x0000000088b00000, 0x0000000088b00000| Complete 
| 139|0x0000000088b00000, 0x0000000088c00000, 0x0000000088c00000|100%|HS|  |TAMS 0x0000000088c00000, 0x0000000088c00000| Complete 
| 140|0x0000000088c00000, 0x0000000088d00000, 0x0000000088d00000|100%|HS|  |TAMS 0x0000000088d00000, 0x0000000088d00000| Complete 
| 141|0x0000000088d00000, 0x0000000088e00000, 0x0000000088e00000|100%|HS|  |TAMS 0x0000000088e00000, 0x0000000088e00000| Complete 
| 142|0x0000000088e00000, 0x0000000088f00000, 0x0000000088f00000|100%|HC|  |TAMS 0x0000000088f00000, 0x0000000088f00000| Complete 
| 143|0x0000000088f00000, 0x0000000089000000, 0x0000000089000000|100%| O|  |TAMS 0x0000000089000000, 0x0000000089000000| Untracked 
| 144|0x0000000089000000, 0x0000000089100000, 0x0000000089100000|100%|HS|  |TAMS 0x0000000089100000, 0x0000000089100000| Complete 
| 145|0x0000000089100000, 0x0000000089200000, 0x0000000089200000|100%|HS|  |TAMS 0x0000000089200000, 0x0000000089200000| Complete 
| 146|0x0000000089200000, 0x0000000089300000, 0x0000000089300000|100%|HC|  |TAMS 0x0000000089300000, 0x0000000089300000| Complete 
| 147|0x0000000089300000, 0x0000000089400000, 0x0000000089400000|100%| O|  |TAMS 0x0000000089400000, 0x0000000089400000| Untracked 
| 148|0x0000000089400000, 0x0000000089500000, 0x0000000089500000|100%|HS|  |TAMS 0x0000000089500000, 0x0000000089500000| Complete 
| 149|0x0000000089500000, 0x0000000089600000, 0x0000000089600000|100%|HS|  |TAMS 0x0000000089600000, 0x0000000089600000| Complete 
| 150|0x0000000089600000, 0x0000000089700000, 0x0000000089700000|100%|HC|  |TAMS 0x0000000089700000, 0x0000000089700000| Complete 
| 151|0x0000000089700000, 0x0000000089800000, 0x0000000089800000|100%| O|  |TAMS 0x0000000089800000, 0x0000000089800000| Untracked 
| 152|0x0000000089800000, 0x0000000089900000, 0x0000000089900000|100%|HS|  |TAMS 0x0000000089900000, 0x0000000089900000| Complete 
| 153|0x0000000089900000, 0x0000000089a00000, 0x0000000089a00000|100%| O|  |TAMS 0x0000000089a00000, 0x0000000089a00000| Untracked 
| 154|0x0000000089a00000, 0x0000000089b00000, 0x0000000089b00000|100%|HS|  |TAMS 0x0000000089b00000, 0x0000000089b00000| Complete 
| 155|0x0000000089b00000, 0x0000000089c00000, 0x0000000089c00000|100%| O|  |TAMS 0x0000000089c00000, 0x0000000089c00000| Untracked 
| 156|0x0000000089c00000, 0x0000000089d00000, 0x0000000089d00000|100%| O|  |TAMS 0x0000000089d00000, 0x0000000089d00000| Untracked 
| 157|0x0000000089d00000, 0x0000000089e00000, 0x0000000089e00000|100%| O|  |TAMS 0x0000000089e00000, 0x0000000089e00000| Untracked 
| 158|0x0000000089e00000, 0x0000000089f00000, 0x0000000089f00000|100%| O|  |TAMS 0x0000000089f00000, 0x0000000089f00000| Untracked 
| 159|0x0000000089f00000, 0x000000008a000000, 0x000000008a000000|100%|HS|  |TAMS 0x000000008a000000, 0x000000008a000000| Complete 
| 160|0x000000008a000000, 0x000000008a100000, 0x000000008a100000|100%| O|  |TAMS 0x000000008a100000, 0x000000008a100000| Untracked 
| 161|0x000000008a100000, 0x000000008a200000, 0x000000008a200000|100%| O|  |TAMS 0x000000008a200000, 0x000000008a200000| Untracked 
| 162|0x000000008a200000, 0x000000008a300000, 0x000000008a300000|100%| O|  |TAMS 0x000000008a300000, 0x000000008a300000| Untracked 
| 163|0x000000008a300000, 0x000000008a400000, 0x000000008a400000|100%| O|  |TAMS 0x000000008a400000, 0x000000008a400000| Untracked 
| 164|0x000000008a400000, 0x000000008a500000, 0x000000008a500000|100%| O|  |TAMS 0x000000008a500000, 0x000000008a500000| Untracked 
| 165|0x000000008a500000, 0x000000008a600000, 0x000000008a600000|100%| O|  |TAMS 0x000000008a600000, 0x000000008a600000| Untracked 
| 166|0x000000008a600000, 0x000000008a700000, 0x000000008a700000|100%| O|  |TAMS 0x000000008a700000, 0x000000008a700000| Untracked 
| 167|0x000000008a700000, 0x000000008a800000, 0x000000008a800000|100%| O|  |TAMS 0x000000008a800000, 0x000000008a800000| Untracked 
| 168|0x000000008a800000, 0x000000008a900000, 0x000000008a900000|100%| O|  |TAMS 0x000000008a900000, 0x000000008a900000| Untracked 
| 169|0x000000008a900000, 0x000000008aa00000, 0x000000008aa00000|100%|HS|  |TAMS 0x000000008aa00000, 0x000000008aa00000| Complete 
| 170|0x000000008aa00000, 0x000000008ab00000, 0x000000008ab00000|100%|HC|  |TAMS 0x000000008ab00000, 0x000000008ab00000| Complete 
| 171|0x000000008ab00000, 0x000000008ac00000, 0x000000008ac00000|100%|HC|  |TAMS 0x000000008ac00000, 0x000000008ac00000| Complete 
| 172|0x000000008ac00000, 0x000000008ad00000, 0x000000008ad00000|100%| O|  |TAMS 0x000000008ac81a00, 0x000000008ad00000| Untracked 
| 173|0x000000008ad00000, 0x000000008ae00000, 0x000000008ae00000|100%|HS|  |TAMS 0x000000008ad00000, 0x000000008ae00000| Complete 
| 174|0x000000008ae00000, 0x000000008af00000, 0x000000008af00000|100%|HS|  |TAMS 0x000000008ae00000, 0x000000008af00000| Complete 
| 175|0x000000008af00000, 0x000000008b000000, 0x000000008b000000|100%|HS|  |TAMS 0x000000008b000000, 0x000000008b000000| Complete 
| 176|0x000000008b000000, 0x000000008b100000, 0x000000008b100000|100%|HC|  |TAMS 0x000000008b100000, 0x000000008b100000| Complete 
| 177|0x000000008b100000, 0x000000008b200000, 0x000000008b200000|100%|HC|  |TAMS 0x000000008b200000, 0x000000008b200000| Complete 
| 178|0x000000008b200000, 0x000000008b300000, 0x000000008b300000|100%| O|  |TAMS 0x000000008b200000, 0x000000008b300000| Untracked 
| 179|0x000000008b300000, 0x000000008b400000, 0x000000008b400000|100%| O|  |TAMS 0x000000008b300000, 0x000000008b400000| Untracked 
| 180|0x000000008b400000, 0x000000008b500000, 0x000000008b500000|100%| O|  |TAMS 0x000000008b400000, 0x000000008b500000| Untracked 
| 181|0x000000008b500000, 0x000000008b600000, 0x000000008b600000|100%|HS|  |TAMS 0x000000008b600000, 0x000000008b600000| Complete 
| 182|0x000000008b600000, 0x000000008b700000, 0x000000008b700000|100%|HC|  |TAMS 0x000000008b700000, 0x000000008b700000| Complete 
| 183|0x000000008b700000, 0x000000008b800000, 0x000000008b800000|100%|HC|  |TAMS 0x000000008b800000, 0x000000008b800000| Complete 
| 184|0x000000008b800000, 0x000000008b900000, 0x000000008b900000|100%| O|  |TAMS 0x000000008b900000, 0x000000008b900000| Untracked 
| 185|0x000000008b900000, 0x000000008ba00000, 0x000000008ba00000|100%| O|  |TAMS 0x000000008ba00000, 0x000000008ba00000| Untracked 
| 186|0x000000008ba00000, 0x000000008bb00000, 0x000000008bb00000|100%| O|  |TAMS 0x000000008bb00000, 0x000000008bb00000| Untracked 
| 187|0x000000008bb00000, 0x000000008bc00000, 0x000000008bc00000|100%| O|  |TAMS 0x000000008bc00000, 0x000000008bc00000| Untracked 
| 188|0x000000008bc00000, 0x000000008bd00000, 0x000000008bd00000|100%| O|  |TAMS 0x000000008bd00000, 0x000000008bd00000| Untracked 
| 189|0x000000008bd00000, 0x000000008be00000, 0x000000008be00000|100%| O|  |TAMS 0x000000008be00000, 0x000000008be00000| Untracked 
| 190|0x000000008be00000, 0x000000008bf00000, 0x000000008bf00000|100%| O|  |TAMS 0x000000008bf00000, 0x000000008bf00000| Untracked 
| 191|0x000000008bf00000, 0x000000008c000000, 0x000000008c000000|100%| O|  |TAMS 0x000000008c000000, 0x000000008c000000| Untracked 
| 192|0x000000008c000000, 0x000000008c100000, 0x000000008c100000|100%| O|  |TAMS 0x000000008c100000, 0x000000008c100000| Untracked 
| 193|0x000000008c100000, 0x000000008c200000, 0x000000008c200000|100%| O|  |TAMS 0x000000008c200000, 0x000000008c200000| Untracked 
| 194|0x000000008c200000, 0x000000008c300000, 0x000000008c300000|100%| O|  |TAMS 0x000000008c300000, 0x000000008c300000| Untracked 
| 195|0x000000008c300000, 0x000000008c400000, 0x000000008c400000|100%| O|  |TAMS 0x000000008c400000, 0x000000008c400000| Untracked 
| 196|0x000000008c400000, 0x000000008c500000, 0x000000008c500000|100%| O|  |TAMS 0x000000008c400000, 0x000000008c500000| Untracked 
| 197|0x000000008c500000, 0x000000008c600000, 0x000000008c600000|100%| O|  |TAMS 0x000000008c500000, 0x000000008c600000| Untracked 
| 198|0x000000008c600000, 0x000000008c700000, 0x000000008c700000|100%| O|  |TAMS 0x000000008c600000, 0x000000008c700000| Untracked 
| 199|0x000000008c700000, 0x000000008c800000, 0x000000008c800000|100%| O|  |TAMS 0x000000008c700000, 0x000000008c800000| Untracked 
| 200|0x000000008c800000, 0x000000008c900000, 0x000000008c900000|100%| O|  |TAMS 0x000000008c800000, 0x000000008c900000| Untracked 
| 201|0x000000008c900000, 0x000000008ca00000, 0x000000008ca00000|100%|HS|  |TAMS 0x000000008c900000, 0x000000008ca00000| Complete 
| 202|0x000000008ca00000, 0x000000008cb00000, 0x000000008cb00000|100%|HC|  |TAMS 0x000000008ca00000, 0x000000008cb00000| Complete 
| 203|0x000000008cb00000, 0x000000008cc00000, 0x000000008cc00000|100%|HS|  |TAMS 0x000000008cb00000, 0x000000008cc00000| Complete 
| 204|0x000000008cc00000, 0x000000008cd00000, 0x000000008cd00000|100%|HC|  |TAMS 0x000000008cc00000, 0x000000008cd00000| Complete 
| 205|0x000000008cd00000, 0x000000008ce00000, 0x000000008ce00000|100%| O|  |TAMS 0x000000008cd00000, 0x000000008ce00000| Untracked 
| 206|0x000000008ce00000, 0x000000008cf00000, 0x000000008cf00000|100%| O|  |TAMS 0x000000008ce00000, 0x000000008cf00000| Untracked 
| 207|0x000000008cf00000, 0x000000008d000000, 0x000000008d000000|100%| O|  |TAMS 0x000000008cf00000, 0x000000008d000000| Untracked 
| 208|0x000000008d000000, 0x000000008d100000, 0x000000008d100000|100%| O|  |TAMS 0x000000008d000000, 0x000000008d100000| Untracked 
| 209|0x000000008d100000, 0x000000008d200000, 0x000000008d200000|100%| O|  |TAMS 0x000000008d100000, 0x000000008d200000| Untracked 
| 210|0x000000008d200000, 0x000000008d300000, 0x000000008d300000|100%| O|  |TAMS 0x000000008d200000, 0x000000008d300000| Untracked 
| 211|0x000000008d300000, 0x000000008d400000, 0x000000008d400000|100%| O|  |TAMS 0x000000008d300000, 0x000000008d400000| Untracked 
| 212|0x000000008d400000, 0x000000008d500000, 0x000000008d500000|100%| O|  |TAMS 0x000000008d400000, 0x000000008d500000| Untracked 
| 213|0x000000008d500000, 0x000000008d600000, 0x000000008d600000|100%| O|  |TAMS 0x000000008d500000, 0x000000008d600000| Untracked 
| 214|0x000000008d600000, 0x000000008d700000, 0x000000008d700000|100%| O|  |TAMS 0x000000008d600000, 0x000000008d700000| Untracked 
| 215|0x000000008d700000, 0x000000008d800000, 0x000000008d800000|100%| O|  |TAMS 0x000000008d700000, 0x000000008d800000| Untracked 
| 216|0x000000008d800000, 0x000000008d900000, 0x000000008d900000|100%| O|  |TAMS 0x000000008d800000, 0x000000008d900000| Untracked 
| 217|0x000000008d900000, 0x000000008da00000, 0x000000008da00000|100%| O|  |TAMS 0x000000008d900000, 0x000000008da00000| Untracked 
| 218|0x000000008da00000, 0x000000008db00000, 0x000000008db00000|100%| O|  |TAMS 0x000000008da00000, 0x000000008db00000| Untracked 
| 219|0x000000008db00000, 0x000000008dc00000, 0x000000008dc00000|100%| O|  |TAMS 0x000000008db00000, 0x000000008dc00000| Untracked 
| 220|0x000000008dc00000, 0x000000008dd00000, 0x000000008dd00000|100%| O|  |TAMS 0x000000008dc00000, 0x000000008dd00000| Untracked 
| 221|0x000000008dd00000, 0x000000008dda8c00, 0x000000008de00000| 65%| O|  |TAMS 0x000000008dd00000, 0x000000008dda8c00| Untracked 
| 222|0x000000008de00000, 0x000000008de00000, 0x000000008df00000|  0%| F|  |TAMS 0x000000008de00000, 0x000000008de00000| Untracked 
| 223|0x000000008df00000, 0x000000008df00000, 0x000000008e000000|  0%| F|  |TAMS 0x000000008df00000, 0x000000008df00000| Untracked 
| 224|0x000000008e000000, 0x000000008e000000, 0x000000008e100000|  0%| F|  |TAMS 0x000000008e000000, 0x000000008e000000| Untracked 
| 225|0x000000008e100000, 0x000000008e100000, 0x000000008e200000|  0%| F|  |TAMS 0x000000008e100000, 0x000000008e100000| Untracked 
| 226|0x000000008e200000, 0x000000008e200000, 0x000000008e300000|  0%| F|  |TAMS 0x000000008e200000, 0x000000008e200000| Untracked 
| 227|0x000000008e300000, 0x000000008e300000, 0x000000008e400000|  0%| F|  |TAMS 0x000000008e300000, 0x000000008e300000| Untracked 
| 228|0x000000008e400000, 0x000000008e400000, 0x000000008e500000|  0%| F|  |TAMS 0x000000008e400000, 0x000000008e400000| Untracked 
| 229|0x000000008e500000, 0x000000008e500000, 0x000000008e600000|  0%| F|  |TAMS 0x000000008e500000, 0x000000008e500000| Untracked 
| 230|0x000000008e600000, 0x000000008e600000, 0x000000008e700000|  0%| F|  |TAMS 0x000000008e600000, 0x000000008e600000| Untracked 
| 231|0x000000008e700000, 0x000000008e700000, 0x000000008e800000|  0%| F|  |TAMS 0x000000008e700000, 0x000000008e700000| Untracked 
| 232|0x000000008e800000, 0x000000008e800000, 0x000000008e900000|  0%| F|  |TAMS 0x000000008e800000, 0x000000008e800000| Untracked 
| 233|0x000000008e900000, 0x000000008e900000, 0x000000008ea00000|  0%| F|  |TAMS 0x000000008e900000, 0x000000008e900000| Untracked 
| 234|0x000000008ea00000, 0x000000008ea00000, 0x000000008eb00000|  0%| F|  |TAMS 0x000000008ea00000, 0x000000008ea00000| Untracked 
| 235|0x000000008eb00000, 0x000000008eb00000, 0x000000008ec00000|  0%| F|  |TAMS 0x000000008eb00000, 0x000000008eb00000| Untracked 
| 236|0x000000008ec00000, 0x000000008ec00000, 0x000000008ed00000|  0%| F|  |TAMS 0x000000008ec00000, 0x000000008ec00000| Untracked 
| 237|0x000000008ed00000, 0x000000008ed00000, 0x000000008ee00000|  0%| F|  |TAMS 0x000000008ed00000, 0x000000008ed00000| Untracked 
| 238|0x000000008ee00000, 0x000000008ee00000, 0x000000008ef00000|  0%| F|  |TAMS 0x000000008ee00000, 0x000000008ee00000| Untracked 
| 239|0x000000008ef00000, 0x000000008ef00000, 0x000000008f000000|  0%| F|  |TAMS 0x000000008ef00000, 0x000000008ef00000| Untracked 
| 240|0x000000008f000000, 0x000000008f100000, 0x000000008f100000|100%| O|  |TAMS 0x000000008f100000, 0x000000008f100000| Untracked 
| 241|0x000000008f100000, 0x000000008f200000, 0x000000008f200000|100%| O|  |TAMS 0x000000008f200000, 0x000000008f200000| Untracked 
| 242|0x000000008f200000, 0x000000008f300000, 0x000000008f300000|100%| O|  |TAMS 0x000000008f300000, 0x000000008f300000| Untracked 
| 243|0x000000008f300000, 0x000000008f400000, 0x000000008f400000|100%| O|  |TAMS 0x000000008f400000, 0x000000008f400000| Untracked 
| 244|0x000000008f400000, 0x000000008f500000, 0x000000008f500000|100%| O|  |TAMS 0x000000008f500000, 0x000000008f500000| Untracked 
| 245|0x000000008f500000, 0x000000008f600000, 0x000000008f600000|100%| O|  |TAMS 0x000000008f600000, 0x000000008f600000| Untracked 
| 246|0x000000008f600000, 0x000000008f700000, 0x000000008f700000|100%| O|  |TAMS 0x000000008f700000, 0x000000008f700000| Untracked 
| 247|0x000000008f700000, 0x000000008f800000, 0x000000008f800000|100%| O|  |TAMS 0x000000008f800000, 0x000000008f800000| Untracked 
| 248|0x000000008f800000, 0x000000008f900000, 0x000000008f900000|100%| O|  |TAMS 0x000000008f900000, 0x000000008f900000| Untracked 
| 249|0x000000008f900000, 0x000000008fa00000, 0x000000008fa00000|100%| O|  |TAMS 0x000000008fa00000, 0x000000008fa00000| Untracked 
| 250|0x000000008fa00000, 0x000000008fa00000, 0x000000008fb00000|  0%| F|  |TAMS 0x000000008fa00000, 0x000000008fa00000| Untracked 
| 251|0x000000008fb00000, 0x000000008fb00000, 0x000000008fc00000|  0%| F|  |TAMS 0x000000008fb00000, 0x000000008fb00000| Untracked 
| 252|0x000000008fc00000, 0x000000008fc00000, 0x000000008fd00000|  0%| F|  |TAMS 0x000000008fc00000, 0x000000008fc00000| Untracked 
| 253|0x000000008fd00000, 0x000000008fd00000, 0x000000008fe00000|  0%| F|  |TAMS 0x000000008fd00000, 0x000000008fd00000| Untracked 
| 254|0x000000008fe00000, 0x000000008fe00000, 0x000000008ff00000|  0%| F|  |TAMS 0x000000008fe00000, 0x000000008fe00000| Untracked 
| 255|0x000000008ff00000, 0x000000008ff00000, 0x0000000090000000|  0%| F|  |TAMS 0x000000008ff00000, 0x000000008ff00000| Untracked 
| 256|0x0000000090000000, 0x0000000090000000, 0x0000000090100000|  0%| F|  |TAMS 0x0000000090000000, 0x0000000090000000| Untracked 
| 257|0x0000000090100000, 0x0000000090100000, 0x0000000090200000|  0%| F|  |TAMS 0x0000000090100000, 0x0000000090100000| Untracked 
| 258|0x0000000090200000, 0x0000000090200000, 0x0000000090300000|  0%| F|  |TAMS 0x0000000090200000, 0x0000000090200000| Untracked 
| 259|0x0000000090300000, 0x0000000090300000, 0x0000000090400000|  0%| F|  |TAMS 0x0000000090300000, 0x0000000090300000| Untracked 
| 260|0x0000000090400000, 0x0000000090400000, 0x0000000090500000|  0%| F|  |TAMS 0x0000000090400000, 0x0000000090400000| Untracked 
| 261|0x0000000090500000, 0x0000000090500000, 0x0000000090600000|  0%| F|  |TAMS 0x0000000090500000, 0x0000000090500000| Untracked 
| 262|0x0000000090600000, 0x0000000090600000, 0x0000000090700000|  0%| F|  |TAMS 0x0000000090600000, 0x0000000090600000| Untracked 
| 263|0x0000000090700000, 0x0000000090700000, 0x0000000090800000|  0%| F|  |TAMS 0x0000000090700000, 0x0000000090700000| Untracked 
| 264|0x0000000090800000, 0x0000000090800000, 0x0000000090900000|  0%| F|  |TAMS 0x0000000090800000, 0x0000000090800000| Untracked 
| 265|0x0000000090900000, 0x0000000090900000, 0x0000000090a00000|  0%| F|  |TAMS 0x0000000090900000, 0x0000000090900000| Untracked 
| 266|0x0000000090a00000, 0x0000000090a00000, 0x0000000090b00000|  0%| F|  |TAMS 0x0000000090a00000, 0x0000000090a00000| Untracked 
| 267|0x0000000090b00000, 0x0000000090b00000, 0x0000000090c00000|  0%| F|  |TAMS 0x0000000090b00000, 0x0000000090b00000| Untracked 
| 268|0x0000000090c00000, 0x0000000090c00000, 0x0000000090d00000|  0%| F|  |TAMS 0x0000000090c00000, 0x0000000090c00000| Untracked 
| 269|0x0000000090d00000, 0x0000000090d00000, 0x0000000090e00000|  0%| F|  |TAMS 0x0000000090d00000, 0x0000000090d00000| Untracked 
| 270|0x0000000090e00000, 0x0000000090e00000, 0x0000000090f00000|  0%| F|  |TAMS 0x0000000090e00000, 0x0000000090e00000| Untracked 
| 271|0x0000000090f00000, 0x0000000090f00000, 0x0000000091000000|  0%| F|  |TAMS 0x0000000090f00000, 0x0000000090f00000| Untracked 
| 272|0x0000000091000000, 0x0000000091000000, 0x0000000091100000|  0%| F|  |TAMS 0x0000000091000000, 0x0000000091000000| Untracked 
| 273|0x0000000091100000, 0x0000000091100000, 0x0000000091200000|  0%| F|  |TAMS 0x0000000091100000, 0x0000000091100000| Untracked 
| 274|0x0000000091200000, 0x0000000091200000, 0x0000000091300000|  0%| F|  |TAMS 0x0000000091200000, 0x0000000091200000| Untracked 
| 275|0x0000000091300000, 0x0000000091300000, 0x0000000091400000|  0%| F|  |TAMS 0x0000000091300000, 0x0000000091300000| Untracked 
| 276|0x0000000091400000, 0x0000000091400000, 0x0000000091500000|  0%| F|  |TAMS 0x0000000091400000, 0x0000000091400000| Untracked 
| 277|0x0000000091500000, 0x0000000091500000, 0x0000000091600000|  0%| F|  |TAMS 0x0000000091500000, 0x0000000091500000| Untracked 
| 278|0x0000000091600000, 0x0000000091600000, 0x0000000091700000|  0%| F|  |TAMS 0x0000000091600000, 0x0000000091600000| Untracked 
| 279|0x0000000091700000, 0x0000000091700000, 0x0000000091800000|  0%| F|  |TAMS 0x0000000091700000, 0x0000000091700000| Untracked 
| 280|0x0000000091800000, 0x0000000091800000, 0x0000000091900000|  0%| F|  |TAMS 0x0000000091800000, 0x0000000091800000| Untracked 
| 281|0x0000000091900000, 0x0000000091900000, 0x0000000091a00000|  0%| F|  |TAMS 0x0000000091900000, 0x0000000091900000| Untracked 
| 282|0x0000000091a00000, 0x0000000091a00000, 0x0000000091b00000|  0%| F|  |TAMS 0x0000000091a00000, 0x0000000091a00000| Untracked 
| 283|0x0000000091b00000, 0x0000000091b00000, 0x0000000091c00000|  0%| F|  |TAMS 0x0000000091b00000, 0x0000000091b00000| Untracked 
| 284|0x0000000091c00000, 0x0000000091c00000, 0x0000000091d00000|  0%| F|  |TAMS 0x0000000091c00000, 0x0000000091c00000| Untracked 
| 285|0x0000000091d00000, 0x0000000091d00000, 0x0000000091e00000|  0%| F|  |TAMS 0x0000000091d00000, 0x0000000091d00000| Untracked 
| 286|0x0000000091e00000, 0x0000000091e00000, 0x0000000091f00000|  0%| F|  |TAMS 0x0000000091e00000, 0x0000000091e00000| Untracked 
| 287|0x0000000091f00000, 0x0000000091f00000, 0x0000000092000000|  0%| F|  |TAMS 0x0000000091f00000, 0x0000000091f00000| Untracked 
| 288|0x0000000092000000, 0x0000000092000000, 0x0000000092100000|  0%| F|  |TAMS 0x0000000092000000, 0x0000000092000000| Untracked 
| 289|0x0000000092100000, 0x0000000092100000, 0x0000000092200000|  0%| F|  |TAMS 0x0000000092100000, 0x0000000092100000| Untracked 
| 290|0x0000000092200000, 0x0000000092200000, 0x0000000092300000|  0%| F|  |TAMS 0x0000000092200000, 0x0000000092200000| Untracked 
| 291|0x0000000092300000, 0x000000009235b4b8, 0x0000000092400000| 35%| S|CS|TAMS 0x0000000092300000, 0x0000000092300000| Complete 
| 292|0x0000000092400000, 0x0000000092500000, 0x0000000092500000|100%| S|CS|TAMS 0x0000000092400000, 0x0000000092400000| Complete 
| 293|0x0000000092500000, 0x0000000092600000, 0x0000000092600000|100%| S|CS|TAMS 0x0000000092500000, 0x0000000092500000| Complete 
| 294|0x0000000092600000, 0x0000000092600000, 0x0000000092700000|  0%| F|  |TAMS 0x0000000092600000, 0x0000000092600000| Untracked 
| 295|0x0000000092700000, 0x0000000092700000, 0x0000000092800000|  0%| F|  |TAMS 0x0000000092700000, 0x0000000092700000| Untracked 
| 296|0x0000000092800000, 0x0000000092800000, 0x0000000092900000|  0%| F|  |TAMS 0x0000000092800000, 0x0000000092800000| Untracked 
| 297|0x0000000092900000, 0x0000000092900000, 0x0000000092a00000|  0%| F|  |TAMS 0x0000000092900000, 0x0000000092900000| Untracked 
| 298|0x0000000092a00000, 0x0000000092a00000, 0x0000000092b00000|  0%| F|  |TAMS 0x0000000092a00000, 0x0000000092a00000| Untracked 
| 299|0x0000000092b00000, 0x0000000092b00000, 0x0000000092c00000|  0%| F|  |TAMS 0x0000000092b00000, 0x0000000092b00000| Untracked 

Card table byte_map: [0x000002bda04f0000,0x000002bda08f0000] _byte_map_base: 0x000002bda00f0000

Marking Bits (Prev, Next): (CMBitMap*) 0x000002bd8d00cd70, (CMBitMap*) 0x000002bd8d00cd38
 Prev Bits: [0x000002bda2cf0000, 0x000002bda4cf0000)
 Next Bits: [0x000002bda0cf0000, 0x000002bda2cf0000)

Polling page: 0x000002bd8b670000

Metaspace:

Usage:
  Non-class:     96.78 MB capacity,    95.28 MB ( 98%) used,     1.20 MB (  1%) free+waste,   302.63 KB ( <1%) overhead. 
      Class:     14.36 MB capacity,    13.45 MB ( 94%) used,   804.13 KB (  5%) free+waste,   131.88 KB ( <1%) overhead. 
       Both:    111.15 MB capacity,   108.73 MB ( 98%) used,     1.99 MB (  2%) free+waste,   434.50 KB ( <1%) overhead. 

Virtual space:
  Non-class space:       98.00 MB reserved,      96.95 MB ( 99%) committed 
      Class space:        1.00 GB reserved,      14.38 MB (  1%) committed 
             Both:        1.10 GB reserved,     111.32 MB ( 10%) committed 

Chunk freelists:
   Non-Class:  44.00 KB
       Class:  11.00 KB
        Both:  55.00 KB

MaxMetaspaceSize: 17179869184.00 GB
CompressedClassSpaceSize: 1.00 GB

CodeHeap 'non-profiled nmethods': size=120064Kb used=10525Kb max_used=10838Kb free=109538Kb
 bounds [0x000002bd98590000, 0x000002bd99030000, 0x000002bd9fad0000]
CodeHeap 'profiled nmethods': size=120000Kb used=36791Kb max_used=38496Kb free=83208Kb
 bounds [0x000002bd91060000, 0x000002bd93620000, 0x000002bd98590000]
CodeHeap 'non-nmethods': size=5696Kb used=2333Kb max_used=2377Kb free=3362Kb
 bounds [0x000002bd90ad0000, 0x000002bd90d40000, 0x000002bd91060000]
 total_blobs=17175 nmethods=16230 adapters=856
 compilation: enabled
              stopped_count=0, restarted_count=0
 full_count=0

Compilation events (20 events):
Event: 24.624 Thread 0x000002bdadf16000 nmethod 17245 0x000002bd9862df10 code [0x000002bd9862e0a0, 0x000002bd9862e218]
Event: 24.659 Thread 0x000002bdadf16000 17247       4       java.lang.ClassLoader::createOrGetClassLoaderValueMap (37 bytes)
Event: 24.660 Thread 0x000002bdadf16000 nmethod 17247 0x000002bd98638d90 code [0x000002bd98638f40, 0x000002bd98639088]
Event: 24.660 Thread 0x000002bda72f0000 17248       3       java.lang.Thread::setContextClassLoader (27 bytes)
Event: 24.660 Thread 0x000002bda72f0000 nmethod 17248 0x000002bd91100990 code [0x000002bd91100ba0, 0x000002bd91101178]
Event: 24.665 Thread 0x000002bda72f0000 17249       3       com.android.tools.r8.graph.Y0::equals (37 bytes)
Event: 24.665 Thread 0x000002bda72f0000 nmethod 17249 0x000002bd91105990 code [0x000002bd91105b60, 0x000002bd91105f48]
Event: 24.666 Thread 0x000002bda72f0000 17250 %     3       com.android.tools.r8.internal.SV0::d @ 58 (190 bytes)
Event: 24.666 Thread 0x000002bda72f0000 nmethod 17250% 0x000002bd91104310 code [0x000002bd911045c0, 0x000002bd91105408]
Event: 24.671 Thread 0x000002bdadf16000 17251   !   4       java.io.ObjectOutputStream::writeSerialData (221 bytes)
Event: 24.679 Thread 0x000002bda72f0000 17252       3       com.android.tools.r8.internal.OS0::b (9 bytes)
Event: 24.679 Thread 0x000002bda72f0000 nmethod 17252 0x000002bd910f8b90 code [0x000002bd910f8d60, 0x000002bd910f9058]
Event: 24.679 Thread 0x000002bda72f0000 17253       3       com.android.tools.r8.internal.MS0::a (153 bytes)
Event: 24.680 Thread 0x000002bda72f0000 nmethod 17253 0x000002bd91109f10 code [0x000002bd9110a180, 0x000002bd9110aad8]
Event: 24.685 Thread 0x000002bda72f0000 17254       1       com.android.tools.r8.internal.ZY0::h (5 bytes)
Event: 24.686 Thread 0x000002bda72f0000 nmethod 17254 0x000002bd98625810 code [0x000002bd986259c0, 0x000002bd98625a78]
Event: 24.686 Thread 0x000002bda72f0000 17255       1       com.android.tools.r8.internal.CX0::r (5 bytes)
Event: 24.686 Thread 0x000002bda72f0000 nmethod 17255 0x000002bd9862dc10 code [0x000002bd9862ddc0, 0x000002bd9862de78]
Event: 24.688 Thread 0x000002bda72f0000 17258   !   3       com.android.tools.r8.internal.LH0::a (104 bytes)
Event: 24.689 Thread 0x000002bda72f0000 nmethod 17258 0x000002bd91103910 code [0x000002bd91103b00, 0x000002bd91104058]

GC Heap History (20 events):
Event: 22.401 GC heap after
{Heap after GC invocations=43 (full 0):
 garbage-first heap   total 239616K, used 119672K [0x0000000080000000, 0x0000000100000000)
  region size 1024K, 10 young (10240K), 10 survivors (10240K)
 Metaspace       used 107307K, capacity 109745K, committed 109900K, reserved 1144832K
  class space    used 13218K, capacity 14142K, committed 14208K, reserved 1048576K
}
Event: 22.856 GC heap before
{Heap before GC invocations=43 (full 0):
 garbage-first heap   total 239616K, used 193400K [0x0000000080000000, 0x0000000100000000)
  region size 1024K, 83 young (84992K), 10 survivors (10240K)
 Metaspace       used 107413K, capacity 109831K, committed 109900K, reserved 1144832K
  class space    used 13230K, capacity 14148K, committed 14208K, reserved 1048576K
}
Event: 22.869 GC heap after
{Heap after GC invocations=44 (full 0):
 garbage-first heap   total 239616K, used 122453K [0x0000000080000000, 0x0000000100000000)
  region size 1024K, 6 young (6144K), 6 survivors (6144K)
 Metaspace       used 107413K, capacity 109831K, committed 109900K, reserved 1144832K
  class space    used 13230K, capacity 14148K, committed 14208K, reserved 1048576K
}
Event: 23.622 GC heap before
{Heap before GC invocations=45 (full 0):
 garbage-first heap   total 239616K, used 233045K [0x0000000080000000, 0x0000000100000000)
  region size 1024K, 77 young (78848K), 6 survivors (6144K)
 Metaspace       used 110318K, capacity 112730K, committed 112844K, reserved 1146880K
  class space    used 13642K, capacity 14572K, committed 14592K, reserved 1048576K
}
Event: 23.636 GC heap after
{Heap after GC invocations=46 (full 0):
 garbage-first heap   total 256000K, used 169600K [0x0000000080000000, 0x0000000100000000)
  region size 1024K, 10 young (10240K), 10 survivors (10240K)
 Metaspace       used 110318K, capacity 112730K, committed 112844K, reserved 1146880K
  class space    used 13642K, capacity 14572K, committed 14592K, reserved 1048576K
}
Event: 23.640 GC heap before
{Heap before GC invocations=46 (full 0):
 garbage-first heap   total 256000K, used 176768K [0x0000000080000000, 0x0000000100000000)
  region size 1024K, 12 young (12288K), 10 survivors (10240K)
 Metaspace       used 110321K, capacity 112730K, committed 112844K, reserved 1146880K
  class space    used 13642K, capacity 14572K, committed 14592K, reserved 1048576K
}
Event: 23.648 GC heap after
{Heap after GC invocations=47 (full 0):
 garbage-first heap   total 307200K, used 169583K [0x0000000080000000, 0x0000000100000000)
  region size 1024K, 2 young (2048K), 2 survivors (2048K)
 Metaspace       used 110321K, capacity 112730K, committed 112844K, reserved 1146880K
  class space    used 13642K, capacity 14572K, committed 14592K, reserved 1048576K
}
Event: 23.660 GC heap before
{Heap before GC invocations=47 (full 0):
 garbage-first heap   total 307200K, used 177775K [0x0000000080000000, 0x0000000100000000)
  region size 1024K, 12 young (12288K), 2 survivors (2048K)
 Metaspace       used 110323K, capacity 112730K, committed 112844K, reserved 1146880K
  class space    used 13642K, capacity 14572K, committed 14592K, reserved 1048576K
}
Event: 23.664 GC heap after
{Heap after GC invocations=48 (full 0):
 garbage-first heap   total 307200K, used 173579K [0x0000000080000000, 0x0000000100000000)
  region size 1024K, 6 young (6144K), 6 survivors (6144K)
 Metaspace       used 110323K, capacity 112730K, committed 112844K, reserved 1146880K
  class space    used 13642K, capacity 14572K, committed 14592K, reserved 1048576K
}
Event: 24.185 GC heap before
{Heap before GC invocations=49 (full 0):
 garbage-first heap   total 307200K, used 258571K [0x0000000080000000, 0x0000000100000000)
  region size 1024K, 62 young (63488K), 6 survivors (6144K)
 Metaspace       used 111065K, capacity 113535K, committed 113740K, reserved 1148928K
  class space    used 13719K, capacity 14654K, committed 14720K, reserved 1048576K
}
Event: 24.201 GC heap after
{Heap after GC invocations=50 (full 0):
 garbage-first heap   total 307200K, used 204770K [0x0000000080000000, 0x0000000100000000)
  region size 1024K, 8 young (8192K), 8 survivors (8192K)
 Metaspace       used 111065K, capacity 113535K, committed 113740K, reserved 1148928K
  class space    used 13719K, capacity 14654K, committed 14720K, reserved 1048576K
}
Event: 24.219 GC heap before
{Heap before GC invocations=50 (full 0):
 garbage-first heap   total 307200K, used 207842K [0x0000000080000000, 0x0000000100000000)
  region size 1024K, 12 young (12288K), 8 survivors (8192K)
 Metaspace       used 111167K, capacity 113626K, committed 113740K, reserved 1148928K
  class space    used 13740K, capacity 14666K, committed 14720K, reserved 1048576K
}
Event: 24.229 GC heap after
{Heap after GC invocations=51 (full 0):
 garbage-first heap   total 307200K, used 207227K [0x0000000080000000, 0x0000000100000000)
  region size 1024K, 2 young (2048K), 2 survivors (2048K)
 Metaspace       used 111167K, capacity 113626K, committed 113740K, reserved 1148928K
  class space    used 13740K, capacity 14666K, committed 14720K, reserved 1048576K
}
Event: 24.435 GC heap before
{Heap before GC invocations=51 (full 0):
 garbage-first heap   total 307200K, used 237947K [0x0000000080000000, 0x0000000100000000)
  region size 1024K, 30 young (30720K), 2 survivors (2048K)
 Metaspace       used 111317K, capacity 113749K, committed 113996K, reserved 1148928K
  class space    used 13769K, capacity 14709K, committed 14720K, reserved 1048576K
}
Event: 24.451 GC heap after
{Heap after GC invocations=52 (full 0):
 garbage-first heap   total 307200K, used 219432K [0x0000000080000000, 0x0000000100000000)
  region size 1024K, 4 young (4096K), 4 survivors (4096K)
 Metaspace       used 111317K, capacity 113749K, committed 113996K, reserved 1148928K
  class space    used 13769K, capacity 14709K, committed 14720K, reserved 1048576K
}
Event: 24.625 GC heap before
{Heap before GC invocations=53 (full 0):
 garbage-first heap   total 307200K, used 247080K [0x0000000080000000, 0x0000000100000000)
  region size 1024K, 28 young (28672K), 4 survivors (4096K)
 Metaspace       used 111321K, capacity 113749K, committed 113996K, reserved 1148928K
  class space    used 13769K, capacity 14709K, committed 14720K, reserved 1048576K
}
Event: 24.652 GC heap after
{Heap after GC invocations=54 (full 0):
 garbage-first heap   total 307200K, used 233600K [0x0000000080000000, 0x0000000100000000)
  region size 1024K, 4 young (4096K), 4 survivors (4096K)
 Metaspace       used 111321K, capacity 113749K, committed 113996K, reserved 1148928K
  class space    used 13769K, capacity 14709K, committed 14720K, reserved 1048576K
}
Event: 24.708 GC heap before
{Heap before GC invocations=54 (full 0):
 garbage-first heap   total 307200K, used 243840K [0x0000000080000000, 0x0000000100000000)
  region size 1024K, 15 young (15360K), 4 survivors (4096K)
 Metaspace       used 111343K, capacity 113813K, committed 113996K, reserved 1148928K
  class space    used 13772K, capacity 14709K, committed 14720K, reserved 1048576K
}
Event: 24.732 GC heap after
{Heap after GC invocations=55 (full 0):
 garbage-first heap   total 307200K, used 236544K [0x0000000080000000, 0x0000000100000000)
  region size 1024K, 2 young (2048K), 2 survivors (2048K)
 Metaspace       used 111343K, capacity 113813K, committed 113996K, reserved 1148928K
  class space    used 13772K, capacity 14709K, committed 14720K, reserved 1048576K
}
Event: 24.783 GC heap before
{Heap before GC invocations=55 (full 0):
 garbage-first heap   total 307200K, used 240640K [0x0000000080000000, 0x0000000100000000)
  region size 1024K, 8 young (8192K), 2 survivors (2048K)
 Metaspace       used 111343K, capacity 113813K, committed 113996K, reserved 1148928K
  class space    used 13772K, capacity 14709K, committed 14720K, reserved 1048576K
}

Deoptimization events (20 events):
Event: 24.692 Thread 0x000002bdb1346800 DEOPT PACKING pc=0x000002bd9360f916 sp=0x000000db535fd850
Event: 24.692 Thread 0x000002bdb1346800 DEOPT UNPACKING pc=0x000002bd90af6dde sp=0x000000db535fcf10 mode 0
Event: 24.696 Thread 0x000002bdb1346800 DEOPT PACKING pc=0x000002bd9360f916 sp=0x000000db535fd850
Event: 24.696 Thread 0x000002bdb1346800 DEOPT UNPACKING pc=0x000002bd90af6dde sp=0x000000db535fcf10 mode 0
Event: 24.699 Thread 0x000002bdb1346800 DEOPT PACKING pc=0x000002bd9360f916 sp=0x000000db535fd850
Event: 24.699 Thread 0x000002bdb1346800 DEOPT UNPACKING pc=0x000002bd90af6dde sp=0x000000db535fcf10 mode 0
Event: 24.703 Thread 0x000002bdb1346800 DEOPT PACKING pc=0x000002bd9360f916 sp=0x000000db535fd850
Event: 24.703 Thread 0x000002bdb1346800 DEOPT UNPACKING pc=0x000002bd90af6dde sp=0x000000db535fcf10 mode 0
Event: 24.703 Thread 0x000002bdb1346800 DEOPT PACKING pc=0x000002bd9360f916 sp=0x000000db535fd850
Event: 24.703 Thread 0x000002bdb1346800 DEOPT UNPACKING pc=0x000002bd90af6dde sp=0x000000db535fcf10 mode 0
Event: 24.704 Thread 0x000002bdb1346800 DEOPT PACKING pc=0x000002bd9360f916 sp=0x000000db535fd850
Event: 24.704 Thread 0x000002bdb1346800 DEOPT UNPACKING pc=0x000002bd90af6dde sp=0x000000db535fcf10 mode 0
Event: 24.765 Thread 0x000002bdb1346800 DEOPT PACKING pc=0x000002bd9360f916 sp=0x000000db535fd850
Event: 24.765 Thread 0x000002bdb1346800 DEOPT UNPACKING pc=0x000002bd90af6dde sp=0x000000db535fcf10 mode 0
Event: 24.765 Thread 0x000002bdb1346800 DEOPT PACKING pc=0x000002bd9360f916 sp=0x000000db535fd850
Event: 24.765 Thread 0x000002bdb1346800 DEOPT UNPACKING pc=0x000002bd90af6dde sp=0x000000db535fcf10 mode 0
Event: 24.773 Thread 0x000002bdb1346800 DEOPT PACKING pc=0x000002bd9360f916 sp=0x000000db535fd850
Event: 24.773 Thread 0x000002bdb1346800 DEOPT UNPACKING pc=0x000002bd90af6dde sp=0x000000db535fcf10 mode 0
Event: 24.776 Thread 0x000002bdb1346800 DEOPT PACKING pc=0x000002bd9360f916 sp=0x000000db535fd850
Event: 24.776 Thread 0x000002bdb1346800 DEOPT UNPACKING pc=0x000002bd90af6dde sp=0x000000db535fcf10 mode 0

Classes redefined (0 events):
No events

Internal exceptions (20 events):
Event: 24.083 Thread 0x000002bda9309000 Exception <a 'sun/nio/fs/WindowsException'{0x000000009079c1f0}> (0x000000009079c1f0) thrown at [./src/hotspot/share/prims/jni.cpp, line 615]
Event: 24.084 Thread 0x000002bda9309000 Exception <a 'sun/nio/fs/WindowsException'{0x000000009079d078}> (0x000000009079d078) thrown at [./src/hotspot/share/prims/jni.cpp, line 615]
Event: 24.084 Thread 0x000002bda9309000 Exception <a 'sun/nio/fs/WindowsException'{0x000000009079d440}> (0x000000009079d440) thrown at [./src/hotspot/share/prims/jni.cpp, line 615]
Event: 24.084 Thread 0x000002bda9309000 Exception <a 'sun/nio/fs/WindowsException'{0x000000009079e2c8}> (0x000000009079e2c8) thrown at [./src/hotspot/share/prims/jni.cpp, line 615]
Event: 24.084 Thread 0x000002bda9309000 Exception <a 'sun/nio/fs/WindowsException'{0x000000009079e550}> (0x000000009079e550) thrown at [./src/hotspot/share/prims/jni.cpp, line 615]
Event: 24.084 Thread 0x000002bda9309000 Exception <a 'sun/nio/fs/WindowsException'{0x000000009079f3a8}> (0x000000009079f3a8) thrown at [./src/hotspot/share/prims/jni.cpp, line 615]
Event: 24.095 Thread 0x000002bda9309000 Exception <a 'java/lang/NoSuchMethodError'{0x000000008ffe4058}: <clinit>> (0x000000008ffe4058) thrown at [./src/hotspot/share/prims/jni.cpp, line 1362]
Event: 24.098 Thread 0x000002bda9309000 Exception <a 'java/lang/NoSuchMethodError'{0x000000008fe2c4e0}: <clinit>> (0x000000008fe2c4e0) thrown at [./src/hotspot/share/prims/jni.cpp, line 1362]
Event: 24.100 Thread 0x000002bda9309000 Exception <a 'java/lang/NoSuchMethodError'{0x000000008febf0c0}: <clinit>> (0x000000008febf0c0) thrown at [./src/hotspot/share/prims/jni.cpp, line 1362]
Event: 24.202 Thread 0x000002bdb134b800 Exception <a 'java/lang/NoSuchMethodError'{0x000000008e31ca38}: 'void java.lang.invoke.DirectMethodHandle$Holder.invokeStatic(java.lang.Object, long)'> (0x000000008e31ca38) thrown at [./src/hotspot/share/interpreter/linkResolver.cpp, line 773]
Event: 24.203 Thread 0x000002bdb134b800 Exception <a 'java/lang/NoSuchMethodError'{0x0000000092b86698}: 'java.lang.Object java.lang.invoke.DirectMethodHandle$Holder.invokeStatic(java.lang.Object, long)'> (0x0000000092b86698) thrown at [./src/hotspot/share/interpreter/linkResolver.cpp, line 773]
Event: 24.203 Thread 0x000002bdb134b800 Exception <a 'java/lang/NoSuchMethodError'{0x0000000092b8cc60}: 'java.lang.Object java.lang.invoke.Invokers$Holder.linkToTargetMethod(long, java.lang.Object)'> (0x0000000092b8cc60) thrown at [./src/hotspot/share/interpreter/linkResolver.cpp, line 773]
Event: 24.204 Thread 0x000002bdb134b800 Exception <a 'java/lang/NoSuchMethodError'{0x0000000092b95708}: 'java.lang.Object java.lang.invoke.DirectMethodHandle$Holder.invokeStaticInit(java.lang.Object, java.lang.Object, long, java.lang.Object)'> (0x0000000092b95708) thrown at [./src/hotspot/share/interpreter/linkResolver.cpp, line 773]
Event: 24.205 Thread 0x000002bdb134b800 Exception <a 'java/lang/NoSuchMethodError'{0x0000000092a02640}: 'java.lang.Object java.lang.invoke.DirectMethodHandle$Holder.invokeStatic(java.lang.Object, java.lang.Object, long)'> (0x0000000092a02640) thrown at [./src/hotspot/share/interpreter/linkResolver.cpp, line 773]
Event: 24.205 Thread 0x000002bdb134b800 Exception <a 'java/lang/NoSuchMethodError'{0x0000000092a08e28}: 'java.lang.Object java.lang.invoke.Invokers$Holder.linkToTargetMethod(java.lang.Object, long, java.lang.Object)'> (0x0000000092a08e28) thrown at [./src/hotspot/share/interpreter/linkResolver.cpp, line 773]
Event: 24.528 Thread 0x000002bda94be800 Exception <a 'sun/nio/fs/WindowsException'{0x0000000092363410}> (0x0000000092363410) thrown at [./src/hotspot/share/prims/jni.cpp, line 615]
Event: 24.528 Thread 0x000002bda94be800 Exception <a 'sun/nio/fs/WindowsException'{0x0000000092364a70}> (0x0000000092364a70) thrown at [./src/hotspot/share/prims/jni.cpp, line 615]
Event: 24.528 Thread 0x000002bda94be800 Exception <a 'sun/nio/fs/WindowsException'{0x0000000092364cf0}> (0x0000000092364cf0) thrown at [./src/hotspot/share/prims/jni.cpp, line 615]
Event: 24.653 Thread 0x000002bdb1343800 Exception <a 'sun/nio/fs/WindowsException'{0x0000000092b03598}> (0x0000000092b03598) thrown at [./src/hotspot/share/prims/jni.cpp, line 615]
Event: 24.653 Thread 0x000002bdb1343800 Exception <a 'sun/nio/fs/WindowsException'{0x0000000092b04420}> (0x0000000092b04420) thrown at [./src/hotspot/share/prims/jni.cpp, line 615]

Events (20 events):
Event: 24.479 Executing VM operation: CGC_Operation done
Event: 24.589 Executing VM operation: CGC_Operation
Event: 24.589 Executing VM operation: CGC_Operation done
Event: 24.625 Executing VM operation: G1CollectForAllocation
Event: 24.652 Executing VM operation: G1CollectForAllocation done
Event: 24.653 loading class com/android/build/gradle/internal/tasks/SigningConfigUtils
Event: 24.653 loading class com/android/build/gradle/internal/tasks/SigningConfigUtils done
Event: 24.654 loading class com/android/build/gradle/internal/tasks/SigningConfigUtils$Companion
Event: 24.654 loading class com/android/build/gradle/internal/tasks/SigningConfigUtils$Companion done
Event: 24.656 loading class com/android/build/gradle/internal/tasks/SigningConfigUtils$Companion$gson$2
Event: 24.656 loading class com/android/build/gradle/internal/tasks/SigningConfigUtils$Companion$gson$2 done
Event: 24.657 loading class com/android/build/gradle/internal/signing/SigningConfigVersions
Event: 24.657 loading class com/android/build/gradle/internal/signing/SigningConfigVersions done
Event: 24.657 loading class com/android/build/gradle/internal/signing/SigningConfigVersions$Companion
Event: 24.657 loading class com/android/build/gradle/internal/signing/SigningConfigVersions$Companion done
Event: 24.658 loading class com/android/build/gradle/internal/cxx/json/PlainFileGsonTypeAdaptor
Event: 24.658 loading class com/android/build/gradle/internal/cxx/json/PlainFileGsonTypeAdaptor done
Event: 24.708 Executing VM operation: G1CollectForAllocation
Event: 24.732 Executing VM operation: G1CollectForAllocation done
Event: 24.781 Executing VM operation: G1CollectForAllocation


Dynamic libraries:
0x00007ff6d6070000 - 0x00007ff6d607a000 	C:\Program Files\Android\Android Studio\jre\bin\java.exe
0x00007ffa09e90000 - 0x00007ffa0a085000 	C:\WINDOWS\SYSTEM32\ntdll.dll
0x00007ffa08920000 - 0x00007ffa089de000 	C:\WINDOWS\System32\KERNEL32.DLL
0x00007ffa07780000 - 0x00007ffa07a49000 	C:\WINDOWS\System32\KERNELBASE.dll
0x00007ffa07de0000 - 0x00007ffa07ee0000 	C:\WINDOWS\System32\ucrtbase.dll
0x00007ff9f4bc0000 - 0x00007ff9f4bd7000 	C:\Program Files\Android\Android Studio\jre\bin\VCRUNTIME140.dll
0x00007ff9f5f30000 - 0x00007ff9f5f49000 	C:\Program Files\Android\Android Studio\jre\bin\jli.dll
0x00007ffa07fc0000 - 0x00007ffa08161000 	C:\WINDOWS\System32\USER32.dll
0x00007ffa075b0000 - 0x00007ffa075d2000 	C:\WINDOWS\System32\win32u.dll
0x00007ffa07f90000 - 0x00007ffa07fbb000 	C:\WINDOWS\System32\GDI32.dll
0x00007ff9f4c30000 - 0x00007ff9f4eca000 	C:\WINDOWS\WinSxS\amd64_microsoft.windows.common-controls_6595b64144ccf1df_6.0.19041.1110_none_60b5254171f9507e\COMCTL32.dll
0x00007ffa09610000 - 0x00007ffa096ae000 	C:\WINDOWS\System32\msvcrt.dll
0x00007ffa07a50000 - 0x00007ffa07b5b000 	C:\WINDOWS\System32\gdi32full.dll
0x00007ffa07be0000 - 0x00007ffa07c7d000 	C:\WINDOWS\System32\msvcp_win.dll
0x00007ffa09c40000 - 0x00007ffa09c70000 	C:\WINDOWS\System32\IMM32.DLL
0x00007ff9b6ef0000 - 0x00007ff9b6f8d000 	C:\Program Files\Android\Android Studio\jre\bin\msvcp140.dll
0x00007ff9b0900000 - 0x00007ff9b13d5000 	C:\Program Files\Android\Android Studio\jre\bin\server\jvm.dll
0x00007ffa08870000 - 0x00007ffa0891c000 	C:\WINDOWS\System32\ADVAPI32.dll
0x00007ffa08b90000 - 0x00007ffa08c2b000 	C:\WINDOWS\System32\sechost.dll
0x00007ffa09b10000 - 0x00007ffa09c3a000 	C:\WINDOWS\System32\RPCRT4.dll
0x00007ffa09b00000 - 0x00007ffa09b08000 	C:\WINDOWS\System32\PSAPI.DLL
0x00007ffa04da0000 - 0x00007ffa04da9000 	C:\WINDOWS\SYSTEM32\WSOCK32.dll
0x00007ffa095a0000 - 0x00007ffa0960b000 	C:\WINDOWS\System32\WS2_32.dll
0x00007ff9fef80000 - 0x00007ff9fefa7000 	C:\WINDOWS\SYSTEM32\WINMM.dll
0x00007ff9ff0b0000 - 0x00007ff9ff0ba000 	C:\WINDOWS\SYSTEM32\VERSION.dll
0x00007ffa054d0000 - 0x00007ffa054e2000 	C:\WINDOWS\SYSTEM32\kernel.appcore.dll
0x00007ffa04d30000 - 0x00007ffa04d41000 	C:\Program Files\Android\Android Studio\jre\bin\verify.dll
0x00007ffa00650000 - 0x00007ffa00834000 	C:\WINDOWS\SYSTEM32\DBGHELP.DLL
0x00007ff9fad40000 - 0x00007ff9fad6c000 	C:\WINDOWS\SYSTEM32\dbgcore.DLL
0x00007ffa07690000 - 0x00007ffa07713000 	C:\WINDOWS\System32\bcryptPrimitives.dll
0x00007ffa02570000 - 0x00007ffa02599000 	C:\Program Files\Android\Android Studio\jre\bin\java.dll
0x00007ffa04d90000 - 0x00007ffa04d9b000 	C:\Program Files\Android\Android Studio\jre\bin\jimage.dll
0x00007ffa016d0000 - 0x00007ffa016e8000 	C:\Program Files\Android\Android Studio\jre\bin\zip.dll
0x00007ffa08e50000 - 0x00007ffa0958f000 	C:\WINDOWS\System32\SHELL32.dll
0x00007ffa056d0000 - 0x00007ffa05e60000 	C:\WINDOWS\SYSTEM32\windows.storage.dll
0x00007ffa096c0000 - 0x00007ffa09a15000 	C:\WINDOWS\System32\combase.dll
0x00007ffa06f30000 - 0x00007ffa06f5c000 	C:\WINDOWS\SYSTEM32\Wldp.dll
0x00007ffa09da0000 - 0x00007ffa09e4d000 	C:\WINDOWS\System32\SHCORE.dll
0x00007ffa085f0000 - 0x00007ffa08645000 	C:\WINDOWS\System32\shlwapi.dll
0x00007ffa074f0000 - 0x00007ffa0750f000 	C:\WINDOWS\SYSTEM32\profapi.dll
0x00007ffa00430000 - 0x00007ffa0044a000 	C:\Program Files\Android\Android Studio\jre\bin\net.dll
0x00007ff9f9ae0000 - 0x00007ff9f9be8000 	C:\WINDOWS\SYSTEM32\WINHTTP.dll
0x00007ffa06c90000 - 0x00007ffa06cfa000 	C:\WINDOWS\system32\mswsock.dll
0x00007ffa00410000 - 0x00007ffa00424000 	C:\Program Files\Android\Android Studio\jre\bin\nio.dll
0x00007ff9f5e70000 - 0x00007ff9f5e97000 	C:\Users\User\.gradle\native\e1d6ef7f7dcc3fd88c89a11ec53ec762bb8ba0a96d01ffa2cd45eb1d1d8dd5c5\windows-amd64\native-platform.dll
0x00007ff9c8b40000 - 0x00007ff9c8c84000 	C:\Users\User\.gradle\native\5664cfc778a61ccfe75a443a1ab52a65af34e5dc3c78e0209fed803814484fcb\windows-amd64\native-platform-file-events.dll
0x00007ffa04d20000 - 0x00007ffa04d2a000 	C:\Program Files\Android\Android Studio\jre\bin\management.dll
0x00007ffa01ef0000 - 0x00007ffa01efd000 	C:\Program Files\Android\Android Studio\jre\bin\management_ext.dll
0x00007ffa06e80000 - 0x00007ffa06e98000 	C:\WINDOWS\SYSTEM32\CRYPTSP.dll
0x00007ffa06610000 - 0x00007ffa06644000 	C:\WINDOWS\system32\rsaenh.dll
0x00007ffa07b60000 - 0x00007ffa07b87000 	C:\WINDOWS\System32\bcrypt.dll
0x00007ffa074b0000 - 0x00007ffa074de000 	C:\WINDOWS\SYSTEM32\USERENV.dll
0x00007ffa06ea0000 - 0x00007ffa06eac000 	C:\WINDOWS\SYSTEM32\CRYPTBASE.dll
0x00007ffa06980000 - 0x00007ffa069bb000 	C:\WINDOWS\SYSTEM32\IPHLPAPI.DLL
0x00007ffa096b0000 - 0x00007ffa096b8000 	C:\WINDOWS\System32\NSI.dll
0x00007ff9ff9d0000 - 0x00007ff9ff9e7000 	C:\WINDOWS\SYSTEM32\dhcpcsvc6.DLL
0x00007ff9ffac0000 - 0x00007ff9ffadd000 	C:\WINDOWS\SYSTEM32\dhcpcsvc.DLL
0x00007ffa069c0000 - 0x00007ffa06a8c000 	C:\WINDOWS\SYSTEM32\DNSAPI.dll
0x00007ffa062a0000 - 0x00007ffa062d3000 	C:\WINDOWS\SYSTEM32\ntmarta.dll

dbghelp: loaded successfully - version: 4.0.5 - missing functions: none
symbol engine: initialized successfully - sym options: 0x614 - pdb path: .;C:\Program Files\Android\Android Studio\jre\bin;C:\WINDOWS\SYSTEM32;C:\WINDOWS\WinSxS\amd64_microsoft.windows.common-controls_6595b64144ccf1df_6.0.19041.1110_none_60b5254171f9507e;C:\Program Files\Android\Android Studio\jre\bin\server;C:\Users\User\.gradle\native\e1d6ef7f7dcc3fd88c89a11ec53ec762bb8ba0a96d01ffa2cd45eb1d1d8dd5c5\windows-amd64;C:\Users\User\.gradle\native\5664cfc778a61ccfe75a443a1ab52a65af34e5dc3c78e0209fed803814484fcb\windows-amd64

VM Arguments:
jvm_args: --add-opens=java.base/java.util=ALL-UNNAMED --add-opens=java.base/java.lang=ALL-UNNAMED --add-opens=java.base/java.lang.invoke=ALL-UNNAMED --add-opens=java.base/java.util=ALL-UNNAMED --add-opens=java.prefs/java.util.prefs=ALL-UNNAMED --add-opens=java.prefs/java.util.prefs=ALL-UNNAMED --add-opens=java.base/java.nio.charset=ALL-UNNAMED --add-opens=java.base/java.net=ALL-UNNAMED --add-opens=java.base/java.util.concurrent.atomic=ALL-UNNAMED -Xmx2048m -Dfile.encoding=UTF-8 -Duser.country=ID -Duser.language=en -Duser.variant 
java_command: org.gradle.launcher.daemon.bootstrap.GradleDaemon 7.3.3
java_class_path (initial): C:\Users\User\.gradle\wrapper\dists\gradle-7.3.3-bin\6a41zxkdtcxs8rphpq6y0069z\gradle-7.3.3\lib\gradle-launcher-7.3.3.jar
Launcher Type: SUN_STANDARD

[Global flags]
     intx CICompilerCount                          = 3                                         {product} {ergonomic}
     uint ConcGCThreads                            = 1                                         {product} {ergonomic}
     uint G1ConcRefinementThreads                  = 4                                         {product} {ergonomic}
   size_t G1HeapRegionSize                         = 1048576                                   {product} {ergonomic}
    uintx GCDrainStackTargetSize                   = 64                                        {product} {ergonomic}
   size_t InitialHeapSize                          = 117440512                                 {product} {ergonomic}
   size_t MarkStackSize                            = 4194304                                   {product} {ergonomic}
   size_t MaxHeapSize                              = 2147483648                                {product} {command line}
   size_t MaxNewSize                               = 1287651328                                {product} {ergonomic}
   size_t MinHeapDeltaBytes                        = 1048576                                   {product} {ergonomic}
    uintx NonNMethodCodeHeapSize                   = 5830732                                {pd product} {ergonomic}
    uintx NonProfiledCodeHeapSize                  = 122913754                              {pd product} {ergonomic}
    uintx ProfiledCodeHeapSize                     = 122913754                              {pd product} {ergonomic}
    uintx ReservedCodeCacheSize                    = 251658240                              {pd product} {ergonomic}
     bool SegmentedCodeCache                       = true                                      {product} {ergonomic}
     bool UseCompressedClassPointers               = true                                 {lp64_product} {ergonomic}
     bool UseCompressedOops                        = true                                 {lp64_product} {ergonomic}
     bool UseG1GC                                  = true                                      {product} {ergonomic}
     bool UseLargePagesIndividualAllocation        = false                                  {pd product} {ergonomic}

Logging:
Log output configuration:
 #0: stdout all=warning uptime,level,tags
 #1: stderr all=off uptime,level,tags

Environment Variables:
JAVA_HOME=C:\Users\User\.jdks\azul-13.0.8
CLASSPATH=.;
PATH=C:\Program Files\gradle-7.3.3-bin\gradle-7.3.3\bin;C:\Program Files (x86)\Common Files\Oracle\Java\javapath;C:\Python27\;C:\Python27\Scripts;C:\ProgramData\Oracle\Java\javapath;C:\WINDOWS\system32;C:\WINDOWS;C:\WINDOWS\System32\Wbem;C:\WINDOWS\System32\WindowsPowerShell\v1.0\;C:\WINDOWS\System32\OpenSSH\;C:\ProgramData\chocolatey\bin;C:\Program Files\nodejs\;C:\Users\User\AppData\Local\Android\Sdk\platform-tools;C:\Program Files\Java\jdk-15.0.2\bin;C:\Program Files\Java\jdk1.8.0_271\bin;C:\Users\User\.jdks\azul-13.0.8\bin;C:\Program Files\Git\cmd;C:\flutter\bin;C:\Users\User\AppData\Local\Microsoft\WindowsApps;C:\Users\User\AppData\Local\Programs\Microsoft VS Code\bin;C:\Users\User\AppData\Roaming\npm;C:\Users\User\AppData\Local\Android\Sdk\platform-tools;
USERNAME=User
OS=Windows_NT
PROCESSOR_IDENTIFIER=AMD64 Family 23 Model 24 Stepping 1, AuthenticAMD



---------------  S Y S T E M  ---------------

OS: Windows 10 , 64 bit Build 19041 (10.0.19041.1202)
OS uptime: 2 days 3:31 hours

CPU:total 4 (initial active 4) (4 cores per cpu, 1 threads per core) family 23 model 24 stepping 1 microcode 0x0, cmov, cx8, fxsr, mmx, sse, sse2, sse3, ssse3, sse4.1, sse4.2, popcnt, avx, avx2, aes, clmul, mmxext, 3dnowpref, lzcnt, sse4a, tsc, tscinvbit, tscinv, bmi1, bmi2, adx, sha, 

Memory: 4k page, system-wide physical 7096M (368M free)
TotalPageFile size 15288M (AvailPageFile size 142M)
current process WorkingSet (physical memory assigned to process): 622M, peak: 628M
current process commit charge ("private bytes"): 653M, peak: 796M

vm_info: OpenJDK 64-Bit Server VM (11.0.11+9-b60-7590822) for windows-amd64 JRE (11.0.11+9-b60-7590822), built on Jul 29 2021 21:43:44 by "builder" with MS VC++ 14.0 (VS2015)

END.
