#
# There is insufficient memory for the Java Runtime Environment to continue.
# Native memory allocation (mmap) failed to map 29360128 bytes for Failed to commit area from 0x0000000088c00000 to 0x000000008a800000 of length 29360128.
# Possible reasons:
#   The system is out of physical RAM or swap space
#   The process is running with CompressedOops enabled, and the Java Heap may be blocking the growth of the native heap
# Possible solutions:
#   Reduce memory load on the system
#   Increase physical memory or swap space
#   Check if swap backing store is full
#   Decrease Java heap size (-Xmx/-Xms)
#   Decrease number of Java threads
#   Decrease Java thread stack sizes (-Xss)
#   Set larger code cache with -XX:ReservedCodeCacheSize=
#   JVM is running with Unscaled Compressed Oops mode in which the Java heap is
#     placed in the first 4GB address space. The Java Heap base address is the
#     maximum limit for the native heap growth. Please use -XX:HeapBaseMinAddress
#     to set the Java Heap base and to place the Java Heap above 4GB virtual address.
# This output file may be truncated or incomplete.
#
#  Out of Memory Error (./src/hotspot/os/windows/os_windows.cpp:3301), pid=3516, tid=10336
#
# JRE version: OpenJDK Runtime Environment (11.0.10) (build 11.0.10+0-b96-7249189)
# Java VM: OpenJDK 64-Bit Server VM (11.0.10+0-b96-7249189, mixed mode, tiered, compressed oops, g1 gc, windows-amd64)
# No core dump will be written. Minidumps are not enabled by default on client versions of Windows
#

---------------  S U M M A R Y ------------

Command Line: --add-opens=java.base/java.util=ALL-UNNAMED --add-opens=java.base/java.lang=ALL-UNNAMED --add-opens=java.base/java.lang.invoke=ALL-UNNAMED --add-opens=java.base/java.util=ALL-UNNAMED --add-opens=java.prefs/java.util.prefs=ALL-UNNAMED --add-opens=java.prefs/java.util.prefs=ALL-UNNAMED --add-opens=java.base/java.nio.charset=ALL-UNNAMED --add-opens=java.base/java.net=ALL-UNNAMED --add-opens=java.base/java.util.concurrent.atomic=ALL-UNNAMED -Xmx2048m -Dfile.encoding=UTF-8 -Duser.country=ID -Duser.language=en -Duser.variant org.gradle.launcher.daemon.bootstrap.GradleDaemon 7.0.2

Host: AMD Ryzen 3 3200G with Radeon Vega Graphics    , 4 cores, 5G,  Windows 10 , 64 bit Build 19041 (10.0.19041.1202)
Time: Wed Jan 19 16:26:07 2022 SE Asia Standard Time elapsed time: 11.875620 seconds (0d 0h 0m 11s)

---------------  T H R E A D  ---------------

Current thread (0x0000028e53bca800):  VMThread "VM Thread" [stack: 0x000000d8f7c00000,0x000000d8f7d00000] [id=10336]

Stack: [0x000000d8f7c00000,0x000000d8f7d00000]
[error occurred during error reporting (printing stack bounds), id 0xc0000005, EXCEPTION_ACCESS_VIOLATION (0xc0000005) at pc=0x0000028e3dae0f2d]

Native frames: (J=compiled Java code, j=interpreted, Vv=VM code, C=native code)
V  [jvm.dll+0x5ecfaa]
V  [jvm.dll+0x722bd5]
V  [jvm.dll+0x72412d]
V  [jvm.dll+0x724745]
V  [jvm.dll+0x7246fb]
V  [jvm.dll+0x5ec348]
V  [jvm.dll+0x5ecad8]
C  [ntdll.dll+0xa20cf]
C  [ntdll.dll+0x51454]
C  [ntdll.dll+0xa0bfe]
C  0x0000028e3dae0f2d

VM_Operation (0x000000d8f8ef9a50): G1CollectForAllocation, mode: safepoint, requested by thread 0x0000028e55655800


---------------  P R O C E S S  ---------------

Threads class SMR info:
_java_thread_list=0x0000028e5b7b09f0, length=44, elements={
0x0000028e39fec800, 0x0000028e53bcf000, 0x0000028e53bd1000, 0x0000028e53beb000,
0x0000028e53bed000, 0x0000028e53bef000, 0x0000028e53bf2800, 0x0000028e53bfa800,
0x0000028e54531000, 0x0000028e546bc800, 0x0000028e563fc800, 0x0000028e55c0e000,
0x0000028e5668e000, 0x0000028e55ee5800, 0x0000028e554e7000, 0x0000028e55a68800,
0x0000028e55655800, 0x0000028e55b63800, 0x0000028e55b64000, 0x0000028e56cec800,
0x0000028e56cef000, 0x0000028e56cee000, 0x0000028e56ced000, 0x0000028e56ce9000,
0x0000028e56cef800, 0x0000028e56cea000, 0x0000028e56cea800, 0x0000028e56ceb800,
0x0000028e5720b800, 0x0000028e5720c800, 0x0000028e5720e000, 0x0000028e5720f800,
0x0000028e5720d000, 0x0000028e57214800, 0x0000028e57215800, 0x0000028e57213800,
0x0000028e57216000, 0x0000028e57211000, 0x0000028e57210800, 0x0000028e57212000,
0x0000028e57217000, 0x0000028e57213000, 0x0000028e57218000, 0x0000028e57218800
}

Java Threads: ( => current thread )
  0x0000028e39fec800 JavaThread "main" [_thread_blocked, id=1324, stack(0x000000d8f7600000,0x000000d8f7700000)]
  0x0000028e53bcf000 JavaThread "Reference Handler" daemon [_thread_blocked, id=952, stack(0x000000d8f7d00000,0x000000d8f7e00000)]
  0x0000028e53bd1000 JavaThread "Finalizer" daemon [_thread_blocked, id=9144, stack(0x000000d8f7e00000,0x000000d8f7f00000)]
  0x0000028e53beb000 JavaThread "Signal Dispatcher" daemon [_thread_blocked, id=6988, stack(0x000000d8f7f00000,0x000000d8f8000000)]
  0x0000028e53bed000 JavaThread "Attach Listener" daemon [_thread_blocked, id=8092, stack(0x000000d8f8000000,0x000000d8f8100000)]
  0x0000028e53bef000 JavaThread "Service Thread" daemon [_thread_blocked, id=4328, stack(0x000000d8f8100000,0x000000d8f8200000)]
  0x0000028e53bf2800 JavaThread "C2 CompilerThread0" daemon [_thread_blocked, id=3032, stack(0x000000d8f8200000,0x000000d8f8300000)]
  0x0000028e53bfa800 JavaThread "C1 CompilerThread0" daemon [_thread_blocked, id=7840, stack(0x000000d8f8300000,0x000000d8f8400000)]
  0x0000028e54531000 JavaThread "Sweeper thread" daemon [_thread_blocked, id=7508, stack(0x000000d8f8400000,0x000000d8f8500000)]
  0x0000028e546bc800 JavaThread "Common-Cleaner" daemon [_thread_blocked, id=6964, stack(0x000000d8f8500000,0x000000d8f8600000)]
  0x0000028e563fc800 JavaThread "Daemon health stats" [_thread_blocked, id=11348, stack(0x000000d8f8900000,0x000000d8f8a00000)]
  0x0000028e55c0e000 JavaThread "Incoming local TCP Connector on port 53744" [_thread_in_native, id=7588, stack(0x000000d8f8700000,0x000000d8f8800000)]
  0x0000028e5668e000 JavaThread "Daemon periodic checks" [_thread_blocked, id=2728, stack(0x000000d8f8a00000,0x000000d8f8b00000)]
  0x0000028e55ee5800 JavaThread "Daemon" [_thread_blocked, id=10812, stack(0x000000d8f8b00000,0x000000d8f8c00000)]
  0x0000028e554e7000 JavaThread "Handler for socket connection from /127.0.0.1:53744 to /127.0.0.1:53745" [_thread_in_native, id=4700, stack(0x000000d8f8c00000,0x000000d8f8d00000)]
  0x0000028e55a68800 JavaThread "Cancel handler" [_thread_blocked, id=6412, stack(0x000000d8f8d00000,0x000000d8f8e00000)]
  0x0000028e55655800 JavaThread "Daemon worker" [_thread_blocked, id=880, stack(0x000000d8f8e00000,0x000000d8f8f00000)]
  0x0000028e55b63800 JavaThread "Asynchronous log dispatcher for DefaultDaemonConnection: socket connection from /127.0.0.1:53744 to /127.0.0.1:53745" [_thread_blocked, id=2128, stack(0x000000d8f8f00000,0x000000d8f9000000)]
  0x0000028e55b64000 JavaThread "Stdin handler" [_thread_blocked, id=5336, stack(0x000000d8f9000000,0x000000d8f9100000)]
  0x0000028e56cec800 JavaThread "Daemon client event forwarder" [_thread_blocked, id=8276, stack(0x000000d8f9100000,0x000000d8f9200000)]
  0x0000028e56cef000 JavaThread "Cache worker for file hash cache (C:\Users\User\.gradle\caches\7.0.2\fileHashes)" [_thread_blocked, id=12268, stack(0x000000d8f9400000,0x000000d8f9500000)]
  0x0000028e56cee000 JavaThread "File lock request listener" [_thread_in_native, id=10516, stack(0x000000d8f9500000,0x000000d8f9600000)]
  0x0000028e56ced000 JavaThread "Cache worker for journal cache (C:\Users\User\.gradle\caches\journal-1)" [_thread_blocked, id=12124, stack(0x000000d8f9600000,0x000000d8f9700000)]
  0x0000028e56ce9000 JavaThread "Cache worker for file hash cache (D:\Binar\Challenge\Sciroper\.gradle\7.0.2\fileHashes)" [_thread_blocked, id=2144, stack(0x000000d8f9700000,0x000000d8f9800000)]
  0x0000028e56cef800 JavaThread "File watcher server" daemon [_thread_in_native, id=1476, stack(0x000000d8f9800000,0x000000d8f9900000)]
  0x0000028e56cea000 JavaThread "File watcher consumer" daemon [_thread_blocked, id=4128, stack(0x000000d8f9900000,0x000000d8f9a00000)]
  0x0000028e56cea800 JavaThread "Cache worker for checksums cache (D:\Binar\Challenge\Sciroper\.gradle\checksums)" [_thread_blocked, id=6308, stack(0x000000d8f9a00000,0x000000d8f9b00000)]
  0x0000028e56ceb800 JavaThread "Cache worker for cache directory md-supplier (C:\Users\User\.gradle\caches\7.0.2\md-supplier)" [_thread_blocked, id=4144, stack(0x000000d8f9b00000,0x000000d8f9c00000)]
  0x0000028e5720b800 JavaThread "Cache worker for cache directory md-rule (C:\Users\User\.gradle\caches\7.0.2\md-rule)" [_thread_blocked, id=2700, stack(0x000000d8f9c00000,0x000000d8f9d00000)]
  0x0000028e5720c800 JavaThread "Cache worker for execution history cache (C:\Users\User\.gradle\caches\7.0.2\executionHistory)" [_thread_blocked, id=8148, stack(0x000000d8f9d00000,0x000000d8f9e00000)]
  0x0000028e5720e000 JavaThread "jar transforms" [_thread_blocked, id=3676, stack(0x000000d8f9e00000,0x000000d8f9f00000)]
  0x0000028e5720f800 JavaThread "jar transforms Thread 2" [_thread_blocked, id=12052, stack(0x000000d8f9f00000,0x000000d8fa000000)]
  0x0000028e5720d000 JavaThread "Cache worker for file content cache (C:\Users\User\.gradle\caches\7.0.2\fileContent)" [_thread_blocked, id=4620, stack(0x000000d8fa000000,0x000000d8fa100000)]
  0x0000028e57214800 JavaThread "Cache worker for dependencies-accessors (D:\Binar\Challenge\Sciroper\.gradle\7.0.2\dependencies-accessors)" [_thread_blocked, id=9336, stack(0x000000d8fa100000,0x000000d8fa200000)]
  0x0000028e57215800 JavaThread "jar transforms Thread 3" [_thread_blocked, id=3084, stack(0x000000d8fa200000,0x000000d8fa300000)]
  0x0000028e57213800 JavaThread "Cache worker for Build Output Cleanup Cache (D:\Binar\Challenge\Sciroper\.gradle\buildOutputCleanup)" [_thread_blocked, id=2984, stack(0x000000d8fa400000,0x000000d8fa500000)]
  0x0000028e57216000 JavaThread "Build operations" [_thread_blocked, id=10636, stack(0x000000d8fa500000,0x000000d8fa600000)]
  0x0000028e57211000 JavaThread "Build operations Thread 2" [_thread_blocked, id=10816, stack(0x000000d8fa600000,0x000000d8fa700000)]
  0x0000028e57210800 JavaThread "Build operations Thread 3" [_thread_blocked, id=9428, stack(0x000000d8fa700000,0x000000d8fa800000)]
  0x0000028e57212000 JavaThread "Build operations Thread 4" [_thread_blocked, id=11156, stack(0x000000d8fa800000,0x000000d8fa900000)]
  0x0000028e57217000 JavaThread "jar transforms Thread 4" [_thread_blocked, id=7452, stack(0x000000d8fa300000,0x000000d8fa400000)]
  0x0000028e57213000 JavaThread "C2 CompilerThread1" daemon [_thread_blocked, id=3868, stack(0x000000d8fa900000,0x000000d8faa00000)]
  0x0000028e57218000 JavaThread "Memory manager" [_thread_blocked, id=2824, stack(0x000000d8faa00000,0x000000d8fab00000)]
  0x0000028e57218800 JavaThread "build event listener" [_thread_blocked, id=3744, stack(0x000000d8fab00000,0x000000d8fac00000)]

Other Threads:
=>0x0000028e53bca800 VMThread "VM Thread" [stack: 0x000000d8f7c00000,0x000000d8f7d00000] [id=10336]
  0x0000028e546ce000 WatcherThread [stack: 0x000000d8f8600000,0x000000d8f8700000] [id=11756]
  0x0000028e3a006800 GCTaskThread "GC Thread#0" [stack: 0x000000d8f7700000,0x000000d8f7800000] [id=8804]
  0x0000028e54e42000 GCTaskThread "GC Thread#1" [stack: 0x000000d8f8800000,0x000000d8f8900000] [id=10260]
  0x0000028e55a69000 GCTaskThread "GC Thread#2" [stack: 0x000000d8f9200000,0x000000d8f9300000] [id=4844]
  0x0000028e55fc6800 GCTaskThread "GC Thread#3" [stack: 0x000000d8f9300000,0x000000d8f9400000] [id=8236]
  0x0000028e3a036800 ConcurrentGCThread "G1 Main Marker" [stack: 0x000000d8f7800000,0x000000d8f7900000] [id=3056]
  0x0000028e3a037800 ConcurrentGCThread "G1 Conc#0" [stack: 0x000000d8f7900000,0x000000d8f7a00000] [id=12236]
  0x0000028e3a0aa000 ConcurrentGCThread "G1 Refine#0" [stack: 0x000000d8f7a00000,0x000000d8f7b00000] [id=9584]
  0x0000028e3a0ab000 ConcurrentGCThread "G1 Young RemSet Sampling" [stack: 0x000000d8f7b00000,0x000000d8f7c00000] [id=8668]

Threads with active compile tasks:
C2 CompilerThread0  11897 7343       4       org.objectweb.asm.Frame::putAbstractType (379 bytes)
C2 CompilerThread1  11897 7339       4       org.gradle.internal.reflect.ClassInspector::inspectClass (179 bytes)

VM state:at safepoint (normal execution)

VM Mutex/Monitor currently owned by a thread:  ([mutex/lock_event])
[0x0000028e39feb0e0] Threads_lock - owner thread: 0x0000028e53bca800
[0x0000028e39feabd0] Heap_lock - owner thread: 0x0000028e55655800

Heap address: 0x0000000080000000, size: 2048 MB, Compressed Oops mode: 32-bit
Narrow klass base: 0x0000000000000000, Narrow klass shift: 3
Compressed class space size: 1073741824 Address: 0x0000000100000000

Heap:
 garbage-first heap   total 172032K, used 68415K [0x0000000080000000, 0x0000000100000000)
  region size 1024K, 6 young (6144K), 6 survivors (6144K)
 Metaspace       used 73863K, capacity 75582K, committed 75776K, reserved 1114112K
  class space    used 9541K, capacity 10158K, committed 10240K, reserved 1048576K
Heap Regions: E=young(eden), S=young(survivor), O=old, HS=humongous(starts), HC=humongous(continues), CS=collection set, F=free, A=archive, TAMS=top-at-mark-start (previous, next)
|   0|0x0000000080000000, 0x0000000080100000, 0x0000000080100000|100%| O|  |TAMS 0x0000000080100000, 0x0000000080000000| Untracked 
|   1|0x0000000080100000, 0x0000000080200000, 0x0000000080200000|100%| O|  |TAMS 0x0000000080200000, 0x0000000080100000| Untracked 
|   2|0x0000000080200000, 0x0000000080300000, 0x0000000080300000|100%| O|  |TAMS 0x0000000080300000, 0x0000000080200000| Untracked 
|   3|0x0000000080300000, 0x0000000080400000, 0x0000000080400000|100%|HS|  |TAMS 0x0000000080400000, 0x0000000080300000| Complete 
|   4|0x0000000080400000, 0x0000000080500000, 0x0000000080500000|100%|HC|  |TAMS 0x0000000080500000, 0x0000000080400000| Complete 
|   5|0x0000000080500000, 0x0000000080600000, 0x0000000080600000|100%|HC|  |TAMS 0x0000000080600000, 0x0000000080500000| Complete 
|   6|0x0000000080600000, 0x0000000080700000, 0x0000000080700000|100%| O|  |TAMS 0x0000000080700000, 0x0000000080600000| Untracked 
|   7|0x0000000080700000, 0x0000000080800000, 0x0000000080800000|100%| O|  |TAMS 0x0000000080800000, 0x0000000080700000| Untracked 
|   8|0x0000000080800000, 0x0000000080900000, 0x0000000080900000|100%| O|  |TAMS 0x0000000080900000, 0x0000000080800000| Untracked 
|   9|0x0000000080900000, 0x0000000080a00000, 0x0000000080a00000|100%| O|  |TAMS 0x0000000080a00000, 0x0000000080900000| Untracked 
|  10|0x0000000080a00000, 0x0000000080b00000, 0x0000000080b00000|100%| O|  |TAMS 0x0000000080b00000, 0x0000000080a00000| Untracked 
|  11|0x0000000080b00000, 0x0000000080c00000, 0x0000000080c00000|100%| O|  |TAMS 0x0000000080c00000, 0x0000000080b00000| Untracked 
|  12|0x0000000080c00000, 0x0000000080d00000, 0x0000000080d00000|100%| O|  |TAMS 0x0000000080d00000, 0x0000000080c00000| Untracked 
|  13|0x0000000080d00000, 0x0000000080e00000, 0x0000000080e00000|100%| O|  |TAMS 0x0000000080e00000, 0x0000000080d00000| Untracked 
|  14|0x0000000080e00000, 0x0000000080f00000, 0x0000000080f00000|100%| O|  |TAMS 0x0000000080f00000, 0x0000000080e00000| Untracked 
|  15|0x0000000080f00000, 0x0000000081000000, 0x0000000081000000|100%| O|  |TAMS 0x0000000081000000, 0x0000000080f00000| Untracked 
|  16|0x0000000081000000, 0x0000000081100000, 0x0000000081100000|100%| O|  |TAMS 0x0000000081100000, 0x0000000081000000| Untracked 
|  17|0x0000000081100000, 0x0000000081200000, 0x0000000081200000|100%| O|  |TAMS 0x0000000081200000, 0x0000000081100000| Untracked 
|  18|0x0000000081200000, 0x0000000081300000, 0x0000000081300000|100%| O|  |TAMS 0x0000000081300000, 0x0000000081200000| Untracked 
|  19|0x0000000081300000, 0x0000000081400000, 0x0000000081400000|100%| O|  |TAMS 0x0000000081400000, 0x0000000081300000| Untracked 
|  20|0x0000000081400000, 0x0000000081500000, 0x0000000081500000|100%| O|  |TAMS 0x0000000081500000, 0x0000000081400000| Untracked 
|  21|0x0000000081500000, 0x0000000081600000, 0x0000000081600000|100%| O|  |TAMS 0x0000000081600000, 0x0000000081500000| Untracked 
|  22|0x0000000081600000, 0x0000000081700000, 0x0000000081700000|100%| O|  |TAMS 0x0000000081700000, 0x0000000081600000| Untracked 
|  23|0x0000000081700000, 0x0000000081800000, 0x0000000081800000|100%| O|  |TAMS 0x0000000081800000, 0x0000000081700000| Untracked 
|  24|0x0000000081800000, 0x0000000081900000, 0x0000000081900000|100%| O|  |TAMS 0x0000000081900000, 0x0000000081800000| Untracked 
|  25|0x0000000081900000, 0x0000000081a00000, 0x0000000081a00000|100%| O|  |TAMS 0x0000000081a00000, 0x0000000081900000| Untracked 
|  26|0x0000000081a00000, 0x0000000081b00000, 0x0000000081b00000|100%| O|  |TAMS 0x0000000081b00000, 0x0000000081a00000| Untracked 
|  27|0x0000000081b00000, 0x0000000081c00000, 0x0000000081c00000|100%|HS|  |TAMS 0x0000000081c00000, 0x0000000081b00000| Complete 
|  28|0x0000000081c00000, 0x0000000081d00000, 0x0000000081d00000|100%|HS|  |TAMS 0x0000000081d00000, 0x0000000081c00000| Complete 
|  29|0x0000000081d00000, 0x0000000081e00000, 0x0000000081e00000|100%|HS|  |TAMS 0x0000000081e00000, 0x0000000081d00000| Complete 
|  30|0x0000000081e00000, 0x0000000081f00000, 0x0000000081f00000|100%|HS|  |TAMS 0x0000000081f00000, 0x0000000081e00000| Complete 
|  31|0x0000000081f00000, 0x0000000082000000, 0x0000000082000000|100%|HC|  |TAMS 0x0000000082000000, 0x0000000081f00000| Complete 
|  32|0x0000000082000000, 0x0000000082100000, 0x0000000082100000|100%|HC|  |TAMS 0x0000000082100000, 0x0000000082000000| Complete 
|  33|0x0000000082100000, 0x0000000082200000, 0x0000000082200000|100%|HS|  |TAMS 0x0000000082200000, 0x0000000082100000| Complete 
|  34|0x0000000082200000, 0x0000000082300000, 0x0000000082300000|100%|HC|  |TAMS 0x0000000082300000, 0x0000000082200000| Complete 
|  35|0x0000000082300000, 0x0000000082400000, 0x0000000082400000|100%| O|  |TAMS 0x0000000082400000, 0x0000000082300000| Untracked 
|  36|0x0000000082400000, 0x0000000082500000, 0x0000000082500000|100%| O|  |TAMS 0x0000000082500000, 0x0000000082400000| Untracked 
|  37|0x0000000082500000, 0x0000000082600000, 0x0000000082600000|100%| O|  |TAMS 0x0000000082600000, 0x0000000082500000| Untracked 
|  38|0x0000000082600000, 0x0000000082700000, 0x0000000082700000|100%| O|  |TAMS 0x0000000082700000, 0x0000000082600000| Untracked 
|  39|0x0000000082700000, 0x0000000082800000, 0x0000000082800000|100%| O|  |TAMS 0x0000000082800000, 0x0000000082700000| Untracked 
|  40|0x0000000082800000, 0x0000000082900000, 0x0000000082900000|100%| O|  |TAMS 0x0000000082900000, 0x0000000082800000| Untracked 
|  41|0x0000000082900000, 0x0000000082a00000, 0x0000000082a00000|100%| O|  |TAMS 0x0000000082a00000, 0x0000000082900000| Untracked 
|  42|0x0000000082a00000, 0x0000000082b00000, 0x0000000082b00000|100%| O|  |TAMS 0x0000000082b00000, 0x0000000082a00000| Untracked 
|  43|0x0000000082b00000, 0x0000000082c00000, 0x0000000082c00000|100%| O|  |TAMS 0x0000000082c00000, 0x0000000082b00000| Untracked 
|  44|0x0000000082c00000, 0x0000000082d00000, 0x0000000082d00000|100%| O|  |TAMS 0x0000000082d00000, 0x0000000082c00000| Untracked 
|  45|0x0000000082d00000, 0x0000000082e00000, 0x0000000082e00000|100%| O|  |TAMS 0x0000000082e00000, 0x0000000082d00000| Untracked 
|  46|0x0000000082e00000, 0x0000000082f00000, 0x0000000082f00000|100%| O|  |TAMS 0x0000000082f00000, 0x0000000082e00000| Untracked 
|  47|0x0000000082f00000, 0x0000000083000000, 0x0000000083000000|100%| O|  |TAMS 0x0000000083000000, 0x0000000082f00000| Untracked 
|  48|0x0000000083000000, 0x0000000083100000, 0x0000000083100000|100%| O|  |TAMS 0x0000000083100000, 0x0000000083000000| Untracked 
|  49|0x0000000083100000, 0x0000000083200000, 0x0000000083200000|100%| O|  |TAMS 0x0000000083200000, 0x0000000083100000| Untracked 
|  50|0x0000000083200000, 0x0000000083300000, 0x0000000083300000|100%| O|  |TAMS 0x0000000083300000, 0x0000000083200000| Untracked 
|  51|0x0000000083300000, 0x0000000083400000, 0x0000000083400000|100%| O|  |TAMS 0x0000000083300000, 0x0000000083300000| Untracked 
|  52|0x0000000083400000, 0x0000000083500000, 0x0000000083500000|100%| O|  |TAMS 0x0000000083410e00, 0x0000000083400000| Untracked 
|  53|0x0000000083500000, 0x0000000083600000, 0x0000000083600000|100%| O|  |TAMS 0x0000000083500000, 0x0000000083500000| Untracked 
|  54|0x0000000083600000, 0x0000000083700000, 0x0000000083700000|100%| O|  |TAMS 0x0000000083600000, 0x0000000083600000| Untracked 
|  55|0x0000000083700000, 0x0000000083800000, 0x0000000083800000|100%| O|  |TAMS 0x0000000083700000, 0x0000000083700000| Untracked 
|  56|0x0000000083800000, 0x0000000083900000, 0x0000000083900000|100%| O|  |TAMS 0x0000000083800000, 0x0000000083800000| Untracked 
|  57|0x0000000083900000, 0x0000000083a00000, 0x0000000083a00000|100%| O|  |TAMS 0x0000000083900000, 0x0000000083900000| Untracked 
|  58|0x0000000083a00000, 0x0000000083b00000, 0x0000000083b00000|100%| O|  |TAMS 0x0000000083a00000, 0x0000000083a00000| Untracked 
|  59|0x0000000083b00000, 0x0000000083c00000, 0x0000000083c00000|100%| O|  |TAMS 0x0000000083b00000, 0x0000000083b00000| Untracked 
|  60|0x0000000083c00000, 0x0000000083cdd000, 0x0000000083d00000| 86%| O|  |TAMS 0x0000000083c00000, 0x0000000083c00000| Untracked 
|  61|0x0000000083d00000, 0x0000000083d00000, 0x0000000083e00000|  0%| F|  |TAMS 0x0000000083d00000, 0x0000000083d00000| Untracked 
|  62|0x0000000083e00000, 0x0000000083e00000, 0x0000000083f00000|  0%| F|  |TAMS 0x0000000083e00000, 0x0000000083e00000| Untracked 
|  63|0x0000000083f00000, 0x0000000083f00000, 0x0000000084000000|  0%| F|  |TAMS 0x0000000083f00000, 0x0000000083f00000| Untracked 
|  64|0x0000000084000000, 0x0000000084000000, 0x0000000084100000|  0%| F|  |TAMS 0x0000000084000000, 0x0000000084000000| Untracked 
|  65|0x0000000084100000, 0x0000000084100000, 0x0000000084200000|  0%| F|  |TAMS 0x0000000084100000, 0x0000000084100000| Untracked 
|  66|0x0000000084200000, 0x0000000084200000, 0x0000000084300000|  0%| F|  |TAMS 0x0000000084200000, 0x0000000084200000| Untracked 
|  67|0x0000000084300000, 0x0000000084300000, 0x0000000084400000|  0%| F|  |TAMS 0x0000000084300000, 0x0000000084300000| Untracked 
|  68|0x0000000084400000, 0x0000000084400000, 0x0000000084500000|  0%| F|  |TAMS 0x0000000084400000, 0x0000000084400000| Untracked 
|  69|0x0000000084500000, 0x0000000084500000, 0x0000000084600000|  0%| F|  |TAMS 0x0000000084500000, 0x0000000084500000| Untracked 
|  70|0x0000000084600000, 0x0000000084600000, 0x0000000084700000|  0%| F|  |TAMS 0x0000000084600000, 0x0000000084600000| Untracked 
|  71|0x0000000084700000, 0x0000000084700000, 0x0000000084800000|  0%| F|  |TAMS 0x0000000084700000, 0x0000000084700000| Untracked 
|  72|0x0000000084800000, 0x0000000084800000, 0x0000000084900000|  0%| F|  |TAMS 0x0000000084800000, 0x0000000084800000| Untracked 
|  73|0x0000000084900000, 0x0000000084900000, 0x0000000084a00000|  0%| F|  |TAMS 0x0000000084900000, 0x0000000084900000| Untracked 
|  74|0x0000000084a00000, 0x0000000084a00000, 0x0000000084b00000|  0%| F|  |TAMS 0x0000000084a00000, 0x0000000084a00000| Untracked 
|  75|0x0000000084b00000, 0x0000000084b00000, 0x0000000084c00000|  0%| F|  |TAMS 0x0000000084b00000, 0x0000000084b00000| Untracked 
|  76|0x0000000084c00000, 0x0000000084c00000, 0x0000000084d00000|  0%| F|  |TAMS 0x0000000084c00000, 0x0000000084c00000| Untracked 
|  77|0x0000000084d00000, 0x0000000084d00000, 0x0000000084e00000|  0%| F|  |TAMS 0x0000000084d00000, 0x0000000084d00000| Untracked 
|  78|0x0000000084e00000, 0x0000000084e00000, 0x0000000084f00000|  0%| F|  |TAMS 0x0000000084e00000, 0x0000000084e00000| Untracked 
|  79|0x0000000084f00000, 0x0000000084f00000, 0x0000000085000000|  0%| F|  |TAMS 0x0000000084f00000, 0x0000000084f00000| Untracked 
|  80|0x0000000085000000, 0x0000000085000000, 0x0000000085100000|  0%| F|  |TAMS 0x0000000085000000, 0x0000000085000000| Untracked 
|  81|0x0000000085100000, 0x0000000085100000, 0x0000000085200000|  0%| F|  |TAMS 0x0000000085100000, 0x0000000085100000| Untracked 
|  82|0x0000000085200000, 0x0000000085200000, 0x0000000085300000|  0%| F|  |TAMS 0x0000000085200000, 0x0000000085200000| Untracked 
|  83|0x0000000085300000, 0x0000000085300000, 0x0000000085400000|  0%| F|  |TAMS 0x0000000085300000, 0x0000000085300000| Untracked 
|  84|0x0000000085400000, 0x0000000085400000, 0x0000000085500000|  0%| F|  |TAMS 0x0000000085400000, 0x0000000085400000| Untracked 
|  85|0x0000000085500000, 0x00000000855f2f70, 0x0000000085600000| 94%| S|CS|TAMS 0x0000000085500000, 0x0000000085500000| Complete 
|  86|0x0000000085600000, 0x0000000085600000, 0x0000000085700000|  0%| F|  |TAMS 0x0000000085600000, 0x0000000085600000| Untracked 
|  87|0x0000000085700000, 0x0000000085700000, 0x0000000085800000|  0%| F|  |TAMS 0x0000000085700000, 0x0000000085700000| Untracked 
|  88|0x0000000085800000, 0x0000000085800000, 0x0000000085900000|  0%| F|  |TAMS 0x0000000085800000, 0x0000000085800000| Untracked 
|  89|0x0000000085900000, 0x0000000085900000, 0x0000000085a00000|  0%| F|  |TAMS 0x0000000085900000, 0x0000000085900000| Untracked 
|  90|0x0000000085a00000, 0x0000000085b00000, 0x0000000085b00000|100%| S|CS|TAMS 0x0000000085a00000, 0x0000000085a00000| Complete 
|  91|0x0000000085b00000, 0x0000000085c00000, 0x0000000085c00000|100%| S|CS|TAMS 0x0000000085b00000, 0x0000000085b00000| Complete 
|  92|0x0000000085c00000, 0x0000000085d00000, 0x0000000085d00000|100%| S|CS|TAMS 0x0000000085c00000, 0x0000000085c00000| Complete 
|  93|0x0000000085d00000, 0x0000000085e00000, 0x0000000085e00000|100%| S|CS|TAMS 0x0000000085d00000, 0x0000000085d00000| Complete 
|  94|0x0000000085e00000, 0x0000000085f00000, 0x0000000085f00000|100%| S|CS|TAMS 0x0000000085e00000, 0x0000000085e00000| Complete 
|  95|0x0000000085f00000, 0x0000000085f00000, 0x0000000086000000|  0%| F|  |TAMS 0x0000000085f00000, 0x0000000085f00000| Untracked 
|  96|0x0000000086000000, 0x0000000086000000, 0x0000000086100000|  0%| F|  |TAMS 0x0000000086000000, 0x0000000086000000| Untracked 
|  97|0x0000000086100000, 0x0000000086100000, 0x0000000086200000|  0%| F|  |TAMS 0x0000000086100000, 0x0000000086100000| Untracked 
|  98|0x0000000086200000, 0x0000000086200000, 0x0000000086300000|  0%| F|  |TAMS 0x0000000086200000, 0x0000000086200000| Untracked 
|  99|0x0000000086300000, 0x0000000086300000, 0x0000000086400000|  0%| F|  |TAMS 0x0000000086300000, 0x0000000086300000| Untracked 
| 100|0x0000000086400000, 0x0000000086400000, 0x0000000086500000|  0%| F|  |TAMS 0x0000000086400000, 0x0000000086400000| Untracked 
| 101|0x0000000086500000, 0x0000000086500000, 0x0000000086600000|  0%| F|  |TAMS 0x0000000086500000, 0x0000000086500000| Untracked 
| 102|0x0000000086600000, 0x0000000086600000, 0x0000000086700000|  0%| F|  |TAMS 0x0000000086600000, 0x0000000086600000| Untracked 
| 103|0x0000000086700000, 0x0000000086700000, 0x0000000086800000|  0%| F|  |TAMS 0x0000000086700000, 0x0000000086700000| Untracked 
| 104|0x0000000086800000, 0x0000000086800000, 0x0000000086900000|  0%| F|  |TAMS 0x0000000086800000, 0x0000000086800000| Untracked 
| 105|0x0000000086900000, 0x0000000086900000, 0x0000000086a00000|  0%| F|  |TAMS 0x0000000086900000, 0x0000000086900000| Untracked 
| 106|0x0000000086a00000, 0x0000000086a00000, 0x0000000086b00000|  0%| F|  |TAMS 0x0000000086a00000, 0x0000000086a00000| Untracked 
| 107|0x0000000086b00000, 0x0000000086b00000, 0x0000000086c00000|  0%| F|  |TAMS 0x0000000086b00000, 0x0000000086b00000| Untracked 
| 108|0x0000000086c00000, 0x0000000086c00000, 0x0000000086d00000|  0%| F|  |TAMS 0x0000000086c00000, 0x0000000086c00000| Untracked 
| 109|0x0000000086d00000, 0x0000000086d00000, 0x0000000086e00000|  0%| F|  |TAMS 0x0000000086d00000, 0x0000000086d00000| Untracked 
| 110|0x0000000086e00000, 0x0000000086e00000, 0x0000000086f00000|  0%| F|  |TAMS 0x0000000086e00000, 0x0000000086e00000| Untracked 
| 111|0x0000000086f00000, 0x0000000086f00000, 0x0000000087000000|  0%| F|  |TAMS 0x0000000086f00000, 0x0000000086f00000| Untracked 
| 112|0x0000000087000000, 0x0000000087000000, 0x0000000087100000|  0%| F|  |TAMS 0x0000000087000000, 0x0000000087000000| Untracked 
| 113|0x0000000087100000, 0x0000000087100000, 0x0000000087200000|  0%| F|  |TAMS 0x0000000087100000, 0x0000000087100000| Untracked 
| 114|0x0000000087200000, 0x0000000087200000, 0x0000000087300000|  0%| F|  |TAMS 0x0000000087200000, 0x0000000087200000| Untracked 
| 115|0x0000000087300000, 0x0000000087300000, 0x0000000087400000|  0%| F|  |TAMS 0x0000000087300000, 0x0000000087300000| Untracked 
| 116|0x0000000087400000, 0x0000000087400000, 0x0000000087500000|  0%| F|  |TAMS 0x0000000087400000, 0x0000000087400000| Untracked 
| 117|0x0000000087500000, 0x0000000087500000, 0x0000000087600000|  0%| F|  |TAMS 0x0000000087500000, 0x0000000087500000| Untracked 
| 118|0x0000000087600000, 0x0000000087600000, 0x0000000087700000|  0%| F|  |TAMS 0x0000000087600000, 0x0000000087600000| Untracked 
| 119|0x0000000087700000, 0x0000000087700000, 0x0000000087800000|  0%| F|  |TAMS 0x0000000087700000, 0x0000000087700000| Untracked 
| 120|0x0000000087800000, 0x0000000087800000, 0x0000000087900000|  0%| F|  |TAMS 0x0000000087800000, 0x0000000087800000| Untracked 
| 121|0x0000000087900000, 0x0000000087900000, 0x0000000087a00000|  0%| F|  |TAMS 0x0000000087900000, 0x0000000087900000| Untracked 
| 122|0x0000000087a00000, 0x0000000087a00000, 0x0000000087b00000|  0%| F|  |TAMS 0x0000000087a00000, 0x0000000087a00000| Untracked 
| 123|0x0000000087b00000, 0x0000000087b00000, 0x0000000087c00000|  0%| F|  |TAMS 0x0000000087b00000, 0x0000000087b00000| Untracked 
| 124|0x0000000087c00000, 0x0000000087c00000, 0x0000000087d00000|  0%| F|  |TAMS 0x0000000087c00000, 0x0000000087c00000| Untracked 
| 125|0x0000000087d00000, 0x0000000087d00000, 0x0000000087e00000|  0%| F|  |TAMS 0x0000000087d00000, 0x0000000087d00000| Untracked 
| 126|0x0000000087e00000, 0x0000000087e00000, 0x0000000087f00000|  0%| F|  |TAMS 0x0000000087e00000, 0x0000000087e00000| Untracked 
| 127|0x0000000087f00000, 0x0000000087f00000, 0x0000000088000000|  0%| F|  |TAMS 0x0000000087f00000, 0x0000000087f00000| Untracked 
| 128|0x0000000088000000, 0x0000000088000000, 0x0000000088100000|  0%| F|  |TAMS 0x0000000088000000, 0x0000000088000000| Untracked 
| 129|0x0000000088100000, 0x0000000088100000, 0x0000000088200000|  0%| F|  |TAMS 0x0000000088100000, 0x0000000088100000| Untracked 
| 130|0x0000000088200000, 0x0000000088200000, 0x0000000088300000|  0%| F|  |TAMS 0x0000000088200000, 0x0000000088200000| Untracked 
| 131|0x0000000088300000, 0x0000000088300000, 0x0000000088400000|  0%| F|  |TAMS 0x0000000088300000, 0x0000000088300000| Untracked 
| 132|0x0000000088400000, 0x0000000088400000, 0x0000000088500000|  0%| F|  |TAMS 0x0000000088400000, 0x0000000088400000| Untracked 
| 133|0x0000000088500000, 0x0000000088500000, 0x0000000088600000|  0%| F|  |TAMS 0x0000000088500000, 0x0000000088500000| Untracked 
| 134|0x0000000088600000, 0x0000000088600000, 0x0000000088700000|  0%| F|  |TAMS 0x0000000088600000, 0x0000000088600000| Untracked 
| 135|0x0000000088700000, 0x0000000088700000, 0x0000000088800000|  0%| F|  |TAMS 0x0000000088700000, 0x0000000088700000| Untracked 
| 136|0x0000000088800000, 0x0000000088800000, 0x0000000088900000|  0%| F|  |TAMS 0x0000000088800000, 0x0000000088800000| Untracked 
| 137|0x0000000088900000, 0x0000000088900000, 0x0000000088a00000|  0%| F|  |TAMS 0x0000000088900000, 0x0000000088900000| Untracked 
| 138|0x0000000088a00000, 0x0000000088a00000, 0x0000000088b00000|  0%| F|  |TAMS 0x0000000088a00000, 0x0000000088a00000| Untracked 
| 139|0x0000000088b00000, 0x0000000088b00000, 0x0000000088c00000|  0%| F|  |TAMS 0x0000000088b00000, 0x0000000088b00000| Untracked 

Card table byte_map: [0x0000028e4cee0000,0x0000028e4d2e0000] _byte_map_base: 0x0000028e4cae0000

Marking Bits (Prev, Next): (CMBitMap*) 0x0000028e3a02d808, (CMBitMap*) 0x0000028e3a02d840
 Prev Bits: [0x0000028e4d6e0000, 0x0000028e4f6e0000)
 Next Bits: [0x0000028e4f6e0000, 0x0000028e516e0000)

Polling page: 0x0000028e397d0000

Metaspace:

Usage:
  Non-class:     63.89 MB capacity,    62.81 MB ( 98%) used,   918.97 KB (  1%) free+waste,   182.63 KB ( <1%) overhead. 
      Class:      9.92 MB capacity,     9.32 MB ( 94%) used,   531.88 KB (  5%) free+waste,    84.81 KB ( <1%) overhead. 
       Both:     73.81 MB capacity,    72.13 MB ( 98%) used,     1.42 MB (  2%) free+waste,   267.44 KB ( <1%) overhead. 

Virtual space:
  Non-class space:       64.00 MB reserved,      64.00 MB (100%) committed 
      Class space:        1.00 GB reserved,      10.00 MB ( <1%) committed 
             Both:        1.06 GB reserved,      74.00 MB (  7%) committed 

Chunk freelists:
   Non-Class:  48.00 KB
       Class:  18.00 KB
        Both:  66.00 KB

MaxMetaspaceSize: 17179869184.00 GB
CompressedClassSpaceSize: 1.00 GB

CodeHeap 'non-profiled nmethods': size=120064Kb used=4639Kb max_used=4639Kb free=115424Kb
 bounds [0x0000028e455a0000, 0x0000028e45a30000, 0x0000028e4cae0000]
CodeHeap 'profiled nmethods': size=120000Kb used=15627Kb max_used=15627Kb free=104372Kb
 bounds [0x0000028e3e070000, 0x0000028e3efc0000, 0x0000028e455a0000]
CodeHeap 'non-nmethods': size=5696Kb used=2266Kb max_used=2344Kb free=3429Kb
 bounds [0x0000028e3dae0000, 0x0000028e3dd50000, 0x0000028e3e070000]
 total_blobs=8179 nmethods=7317 adapters=773
 compilation: enabled
              stopped_count=0, restarted_count=0
 full_count=0

Compilation events (20 events):
Event: 11.840 Thread 0x0000028e53bfa800 nmethod 7335 0x0000028e3efadf90 code [0x0000028e3efae2a0, 0x0000028e3efaf738]
Event: 11.840 Thread 0x0000028e53bfa800 7334       3       com.google.common.collect.LinkedHashMultimap::put (7 bytes)
Event: 11.840 Thread 0x0000028e53bfa800 nmethod 7334 0x0000028e3efafe10 code [0x0000028e3efaffe0, 0x0000028e3efb0168]
Event: 11.840 Thread 0x0000028e53bfa800 7336       3       com.google.common.collect.LinkedHashMultimap$ValueSet::mask (8 bytes)
Event: 11.840 Thread 0x0000028e53bfa800 nmethod 7336 0x0000028e3efb0290 code [0x0000028e3efb0440, 0x0000028e3efb0558]
Event: 11.842 Thread 0x0000028e53bf2800 nmethod 7333 0x0000028e45a26810 code [0x0000028e45a269c0, 0x0000028e45a26db8]
Event: 11.850 Thread 0x0000028e57213000 7337       4       org.gradle.api.internal.provider.AbstractProperty$NonFinalizedValue::explicitValue (7 bytes)
Event: 11.850 Thread 0x0000028e57213000 nmethod 7337 0x0000028e45a27090 code [0x0000028e45a27220, 0x0000028e45a27298]
Event: 11.850 Thread 0x0000028e53bf2800 7338       4       org.gradle.util.GUtil::isTrue (56 bytes)
Event: 11.851 Thread 0x0000028e57213000 7339       4       org.gradle.internal.reflect.ClassInspector::inspectClass (179 bytes)
Event: 11.852 Thread 0x0000028e53bf2800 nmethod 7338 0x0000028e45a27310 code [0x0000028e45a274c0, 0x0000028e45a275d8]
Event: 11.852 Thread 0x0000028e53bf2800 7340       4       java.lang.Class::getComponentType (14 bytes)
Event: 11.853 Thread 0x0000028e53bf2800 nmethod 7340 0x0000028e45a27710 code [0x0000028e45a278a0, 0x0000028e45a27918]
Event: 11.854 Thread 0x0000028e53bfa800 7341       3       com.android.build.api.artifact.impl.StorageProviderImpl::getStorage (57 bytes)
Event: 11.855 Thread 0x0000028e53bfa800 nmethod 7341 0x0000028e3efb0610 code [0x0000028e3efb0900, 0x0000028e3efb1878]
Event: 11.855 Thread 0x0000028e53bfa800 7342       3       org.gradle.internal.instantiation.generator.AbstractClassGenerator$PropertyMetadata::getGenericType (34 bytes)
Event: 11.856 Thread 0x0000028e53bfa800 nmethod 7342 0x0000028e3efb1d90 code [0x0000028e3efb2000, 0x0000028e3efb2b48]
Event: 11.858 Thread 0x0000028e53bf2800 7343       4       org.objectweb.asm.Frame::putAbstractType (379 bytes)
Event: 11.862 Thread 0x0000028e53bfa800 7344       1       org.gradle.api.internal.tasks.CachingTaskDependencyResolveContext::access$000 (5 bytes)
Event: 11.862 Thread 0x0000028e53bfa800 nmethod 7344 0x0000028e45a27990 code [0x0000028e45a27b40, 0x0000028e45a27bd8]

GC Heap History (20 events):
Event: 4.393 GC heap after
{Heap after GC invocations=9 (full 0):
 garbage-first heap   total 118784K, used 22589K [0x0000000080000000, 0x0000000100000000)
  region size 1024K, 6 young (6144K), 6 survivors (6144K)
 Metaspace       used 35044K, capacity 35805K, committed 35840K, reserved 1081344K
  class space    used 4538K, capacity 4833K, committed 4864K, reserved 1048576K
}
Event: 4.850 GC heap before
{Heap before GC invocations=10 (full 0):
 garbage-first heap   total 118784K, used 73789K [0x0000000080000000, 0x0000000100000000)
  region size 1024K, 54 young (55296K), 6 survivors (6144K)
 Metaspace       used 38680K, capacity 39638K, committed 39936K, reserved 1083392K
  class space    used 4925K, capacity 5252K, committed 5376K, reserved 1048576K
}
Event: 4.858 GC heap after
{Heap after GC invocations=11 (full 0):
 garbage-first heap   total 118784K, used 26502K [0x0000000080000000, 0x0000000100000000)
  region size 1024K, 7 young (7168K), 7 survivors (7168K)
 Metaspace       used 38680K, capacity 39638K, committed 39936K, reserved 1083392K
  class space    used 4925K, capacity 5252K, committed 5376K, reserved 1048576K
}
Event: 5.719 GC heap before
{Heap before GC invocations=11 (full 0):
 garbage-first heap   total 118784K, used 75654K [0x0000000080000000, 0x0000000100000000)
  region size 1024K, 55 young (56320K), 7 survivors (7168K)
 Metaspace       used 43136K, capacity 44156K, committed 44288K, reserved 1087488K
  class space    used 5502K, capacity 5856K, committed 5888K, reserved 1048576K
}
Event: 5.727 GC heap after
{Heap after GC invocations=12 (full 0):
 garbage-first heap   total 118784K, used 29463K [0x0000000080000000, 0x0000000100000000)
  region size 1024K, 7 young (7168K), 7 survivors (7168K)
 Metaspace       used 43136K, capacity 44156K, committed 44288K, reserved 1087488K
  class space    used 5502K, capacity 5856K, committed 5888K, reserved 1048576K
}
Event: 6.585 GC heap before
{Heap before GC invocations=12 (full 0):
 garbage-first heap   total 118784K, used 78615K [0x0000000080000000, 0x0000000100000000)
  region size 1024K, 55 young (56320K), 7 survivors (7168K)
 Metaspace       used 46689K, capacity 47964K, committed 48256K, reserved 1091584K
  class space    used 5980K, capacity 6422K, committed 6528K, reserved 1048576K
}
Event: 6.592 GC heap after
{Heap after GC invocations=13 (full 0):
 garbage-first heap   total 143360K, used 31454K [0x0000000080000000, 0x0000000100000000)
  region size 1024K, 5 young (5120K), 5 survivors (5120K)
 Metaspace       used 46689K, capacity 47964K, committed 48256K, reserved 1091584K
  class space    used 5980K, capacity 6422K, committed 6528K, reserved 1048576K
}
Event: 7.889 GC heap before
{Heap before GC invocations=13 (full 0):
 garbage-first heap   total 143360K, used 98014K [0x0000000080000000, 0x0000000100000000)
  region size 1024K, 63 young (64512K), 5 survivors (5120K)
 Metaspace       used 50399K, capacity 51802K, committed 52096K, reserved 1093632K
  class space    used 6423K, capacity 6936K, committed 7040K, reserved 1048576K
}
Event: 7.899 GC heap after
{Heap after GC invocations=14 (full 0):
 garbage-first heap   total 143360K, used 51023K [0x0000000080000000, 0x0000000100000000)
  region size 1024K, 8 young (8192K), 8 survivors (8192K)
 Metaspace       used 50399K, capacity 51802K, committed 52096K, reserved 1093632K
  class space    used 6423K, capacity 6936K, committed 7040K, reserved 1048576K
}
Event: 8.785 GC heap before
{Heap before GC invocations=14 (full 0):
 garbage-first heap   total 143360K, used 103247K [0x0000000080000000, 0x0000000100000000)
  region size 1024K, 59 young (60416K), 8 survivors (8192K)
 Metaspace       used 58170K, capacity 59727K, committed 60032K, reserved 1101824K
  class space    used 7398K, capacity 7975K, committed 8064K, reserved 1048576K
}
Event: 8.792 GC heap after
{Heap after GC invocations=15 (full 0):
 garbage-first heap   total 143360K, used 54943K [0x0000000080000000, 0x0000000100000000)
  region size 1024K, 3 young (3072K), 3 survivors (3072K)
 Metaspace       used 58170K, capacity 59727K, committed 60032K, reserved 1101824K
  class space    used 7398K, capacity 7975K, committed 8064K, reserved 1048576K
}
Event: 8.827 GC heap before
{Heap before GC invocations=15 (full 0):
 garbage-first heap   total 143360K, used 55967K [0x0000000080000000, 0x0000000100000000)
  region size 1024K, 5 young (5120K), 3 survivors (3072K)
 Metaspace       used 58577K, capacity 60082K, committed 60160K, reserved 1101824K
  class space    used 7428K, capacity 8008K, committed 8064K, reserved 1048576K
}
Event: 8.830 GC heap after
{Heap after GC invocations=16 (full 0):
 garbage-first heap   total 143360K, used 55197K [0x0000000080000000, 0x0000000100000000)
  region size 1024K, 3 young (3072K), 3 survivors (3072K)
 Metaspace       used 58577K, capacity 60082K, committed 60160K, reserved 1101824K
  class space    used 7428K, capacity 8008K, committed 8064K, reserved 1048576K
}
Event: 9.420 GC heap before
{Heap before GC invocations=17 (full 0):
 garbage-first heap   total 143360K, used 104349K [0x0000000080000000, 0x0000000100000000)
  region size 1024K, 51 young (52224K), 3 survivors (3072K)
 Metaspace       used 63014K, capacity 64592K, committed 64640K, reserved 1105920K
  class space    used 7978K, capacity 8560K, committed 8576K, reserved 1048576K
}
Event: 9.427 GC heap after
{Heap after GC invocations=18 (full 0):
 garbage-first heap   total 143360K, used 59459K [0x0000000080000000, 0x0000000100000000)
  region size 1024K, 7 young (7168K), 7 survivors (7168K)
 Metaspace       used 63014K, capacity 64592K, committed 64640K, reserved 1105920K
  class space    used 7978K, capacity 8560K, committed 8576K, reserved 1048576K
}
Event: 10.006 GC heap before
{Heap before GC invocations=19 (full 0):
 garbage-first heap   total 143360K, used 106563K [0x0000000080000000, 0x0000000100000000)
  region size 1024K, 53 young (54272K), 7 survivors (7168K)
 Metaspace       used 65851K, capacity 67501K, committed 67584K, reserved 1107968K
  class space    used 8353K, capacity 8949K, committed 8960K, reserved 1048576K
}
Event: 10.016 GC heap after
{Heap after GC invocations=20 (full 0):
 garbage-first heap   total 143360K, used 62455K [0x0000000080000000, 0x0000000100000000)
  region size 1024K, 4 young (4096K), 4 survivors (4096K)
 Metaspace       used 65851K, capacity 67501K, committed 67584K, reserved 1107968K
  class space    used 8353K, capacity 8949K, committed 8960K, reserved 1048576K
}
Event: 10.901 GC heap before
{Heap before GC invocations=20 (full 0):
 garbage-first heap   total 143360K, used 109559K [0x0000000080000000, 0x0000000100000000)
  region size 1024K, 50 young (51200K), 4 survivors (4096K)
 Metaspace       used 69486K, capacity 71094K, committed 71296K, reserved 1112064K
  class space    used 8931K, capacity 9506K, committed 9600K, reserved 1048576K
}
Event: 10.909 GC heap after
{Heap after GC invocations=21 (full 0):
 garbage-first heap   total 143360K, used 65608K [0x0000000080000000, 0x0000000100000000)
  region size 1024K, 4 young (4096K), 4 survivors (4096K)
 Metaspace       used 69486K, capacity 71094K, committed 71296K, reserved 1112064K
  class space    used 8931K, capacity 9506K, committed 9600K, reserved 1048576K
}
Event: 11.863 GC heap before
{Heap before GC invocations=21 (full 0):
 garbage-first heap   total 143360K, used 111688K [0x0000000080000000, 0x0000000100000000)
  region size 1024K, 49 young (50176K), 4 survivors (4096K)
 Metaspace       used 73863K, capacity 75582K, committed 75776K, reserved 1114112K
  class space    used 9541K, capacity 10158K, committed 10240K, reserved 1048576K
}

Deoptimization events (20 events):
Event: 11.767 Thread 0x0000028e55655800 Uncommon trap: trap_request=0xffffff4d fr.pc=0x0000028e45a10688 relative=0x0000000000000ce8
Event: 11.767 Thread 0x0000028e55655800 Uncommon trap: reason=unstable_if action=reinterpret pc=0x0000028e45a10688 method=com.google.common.collect.ImmutableSet.construct(I[Ljava/lang/Object;)Lcom/google/common/collect/ImmutableSet; @ 175 c2
Event: 11.767 Thread 0x0000028e55655800 DEOPT PACKING pc=0x0000028e45a10688 sp=0x000000d8f8efa2a0
Event: 11.767 Thread 0x0000028e55655800 DEOPT UNPACKING pc=0x0000028e3db078af sp=0x000000d8f8efa230 mode 2
Event: 11.815 Thread 0x0000028e55655800 Uncommon trap: trap_request=0xffffff4d fr.pc=0x0000028e4560d484 relative=0x0000000000000a04
Event: 11.815 Thread 0x0000028e55655800 Uncommon trap: reason=unstable_if action=reinterpret pc=0x0000028e4560d484 method=java.util.HashMap.resize()[Ljava/util/HashMap$Node; @ 203 c2
Event: 11.815 Thread 0x0000028e55655800 DEOPT PACKING pc=0x0000028e4560d484 sp=0x000000d8f8efa430
Event: 11.815 Thread 0x0000028e55655800 DEOPT UNPACKING pc=0x0000028e3db078af sp=0x000000d8f8efa3d0 mode 2
Event: 11.815 Thread 0x0000028e55655800 Uncommon trap: trap_request=0xffffff4d fr.pc=0x0000028e458b4620 relative=0x0000000000002ba0
Event: 11.815 Thread 0x0000028e55655800 Uncommon trap: reason=unstable_if action=reinterpret pc=0x0000028e458b4620 method=java.util.HashMap.getNode(ILjava/lang/Object;)Ljava/util/HashMap$Node; @ 84 c2
Event: 11.815 Thread 0x0000028e55655800 DEOPT PACKING pc=0x0000028e458b4620 sp=0x000000d8f8efa4d0
Event: 11.815 Thread 0x0000028e55655800 DEOPT UNPACKING pc=0x0000028e3db078af sp=0x000000d8f8efa3b8 mode 2
Event: 11.815 Thread 0x0000028e55655800 Uncommon trap: trap_request=0xffffff4d fr.pc=0x0000028e4592ef78 relative=0x00000000000002b8
Event: 11.815 Thread 0x0000028e55655800 Uncommon trap: reason=unstable_if action=reinterpret pc=0x0000028e4592ef78 method=java.util.HashMap.getNode(ILjava/lang/Object;)Ljava/util/HashMap$Node; @ 84 c2
Event: 11.815 Thread 0x0000028e55655800 DEOPT PACKING pc=0x0000028e4592ef78 sp=0x000000d8f8efa480
Event: 11.815 Thread 0x0000028e55655800 DEOPT UNPACKING pc=0x0000028e3db078af sp=0x000000d8f8efa3a0 mode 2
Event: 11.815 Thread 0x0000028e55655800 Uncommon trap: trap_request=0xffffff4d fr.pc=0x0000028e4580d658 relative=0x0000000000000198
Event: 11.815 Thread 0x0000028e55655800 Uncommon trap: reason=unstable_if action=reinterpret pc=0x0000028e4580d658 method=java.util.HashMap.getNode(ILjava/lang/Object;)Ljava/util/HashMap$Node; @ 84 c2
Event: 11.815 Thread 0x0000028e55655800 DEOPT PACKING pc=0x0000028e4580d658 sp=0x000000d8f8efa420
Event: 11.815 Thread 0x0000028e55655800 DEOPT UNPACKING pc=0x0000028e3db078af sp=0x000000d8f8efa3a8 mode 2

Classes redefined (0 events):
No events

Internal exceptions (20 events):
Event: 10.095 Thread 0x0000028e55655800 Exception <a 'java/lang/ClassNotFoundException'{0x0000000087a63ff0}: org/gradle/api/JavaVersionCustomizer> (0x0000000087a63ff0) thrown at [./src/hotspot/share/classfile/systemDictionary.cpp, line 231]
Event: 10.101 Thread 0x0000028e55655800 Exception <a 'java/lang/ClassNotFoundException'{0x0000000087abea78}: com/android/build/gradle/internal/CompileOptions_DecoratedBeanInfo> (0x0000000087abea78) thrown at [./src/hotspot/share/classfile/systemDictionary.cpp, line 231]
Event: 10.101 Thread 0x0000028e55655800 Exception <a 'java/lang/ClassNotFoundException'{0x0000000087ad7e70}: com/android/build/gradle/internal/CompileOptionsBeanInfo> (0x0000000087ad7e70) thrown at [./src/hotspot/share/classfile/systemDictionary.cpp, line 231]
Event: 10.102 Thread 0x0000028e55655800 Exception <a 'java/lang/ClassNotFoundException'{0x0000000087af1b68}: com/android/build/gradle/internal/CompileOptionsCustomizer> (0x0000000087af1b68) thrown at [./src/hotspot/share/classfile/systemDictionary.cpp, line 231]
Event: 10.103 Thread 0x0000028e55655800 Exception <a 'java/lang/ClassNotFoundException'{0x0000000087919138}: com/android/build/gradle/internal/CompileOptions_DecoratedCustomizer> (0x0000000087919138) thrown at [./src/hotspot/share/classfile/systemDictionary.cpp, line 231]
Event: 10.127 Thread 0x0000028e55655800 Exception <a 'java/lang/ClassNotFoundException'{0x000000008789cb08}: org/jetbrains/kotlin/gradle/dsl/KotlinJvmOptionsImplBeanInfo> (0x000000008789cb08) thrown at [./src/hotspot/share/classfile/systemDictionary.cpp, line 231]
Event: 10.128 Thread 0x0000028e55655800 Exception <a 'java/lang/ClassNotFoundException'{0x00000000878b7088}: org/jetbrains/kotlin/gradle/dsl/KotlinJvmOptionsBaseBeanInfo> (0x00000000878b7088) thrown at [./src/hotspot/share/classfile/systemDictionary.cpp, line 231]
Event: 10.129 Thread 0x0000028e55655800 Exception <a 'java/lang/ClassNotFoundException'{0x00000000878d1810}: org/jetbrains/kotlin/gradle/dsl/KotlinJvmOptionsBaseCustomizer> (0x00000000878d1810) thrown at [./src/hotspot/share/classfile/systemDictionary.cpp, line 231]
Event: 10.130 Thread 0x0000028e55655800 Exception <a 'java/lang/ClassNotFoundException'{0x00000000877044b0}: org/jetbrains/kotlin/gradle/dsl/KotlinJvmOptionsImplCustomizer> (0x00000000877044b0) thrown at [./src/hotspot/share/classfile/systemDictionary.cpp, line 231]
Event: 11.177 Thread 0x0000028e55655800 Exception <a 'java/lang/ClassNotFoundException'{0x0000000087c7eb28}: com/android/build/gradle/internal/api/ApkVariantOutputImpl_DecoratedBeanInfo> (0x0000000087c7eb28) thrown at [./src/hotspot/share/classfile/systemDictionary.cpp, line 231]
Event: 11.177 Thread 0x0000028e55655800 Exception <a 'java/lang/ClassNotFoundException'{0x0000000087c999d0}: com/android/build/gradle/internal/api/ApkVariantOutputImplBeanInfo> (0x0000000087c999d0) thrown at [./src/hotspot/share/classfile/systemDictionary.cpp, line 231]
Event: 11.178 Thread 0x0000028e55655800 Exception <a 'java/lang/ClassNotFoundException'{0x0000000087cb4e50}: com/android/build/gradle/internal/api/BaseVariantOutputImplBeanInfo> (0x0000000087cb4e50) thrown at [./src/hotspot/share/classfile/systemDictionary.cpp, line 231]
Event: 11.179 Thread 0x0000028e55655800 Exception <a 'java/lang/ClassNotFoundException'{0x0000000087cd0338}: com/android/build/gradle/internal/api/BaseVariantOutputImplCustomizer> (0x0000000087cd0338) thrown at [./src/hotspot/share/classfile/systemDictionary.cpp, line 231]
Event: 11.180 Thread 0x0000028e55655800 Exception <a 'java/lang/ClassNotFoundException'{0x0000000087cfdeb8}: com/android/build/gradle/internal/api/ApkVariantOutputImplCustomizer> (0x0000000087cfdeb8) thrown at [./src/hotspot/share/classfile/systemDictionary.cpp, line 231]
Event: 11.181 Thread 0x0000028e55655800 Exception <a 'java/lang/ClassNotFoundException'{0x0000000087b28458}: com/android/build/gradle/internal/api/ApkVariantOutputImpl_DecoratedCustomizer> (0x0000000087b28458) thrown at [./src/hotspot/share/classfile/systemDictionary.cpp, line 231]
Event: 11.222 Thread 0x0000028e55655800 Exception <a 'java/lang/ClassNotFoundException'{0x0000000087917660}: com/android/build/gradle/internal/api/ReadOnlyBuildTypeBeanInfo> (0x0000000087917660) thrown at [./src/hotspot/share/classfile/systemDictionary.cpp, line 231]
Event: 11.223 Thread 0x0000028e55655800 Exception <a 'java/lang/ClassNotFoundException'{0x0000000087931998}: com/android/build/gradle/internal/api/ReadOnlyBaseConfigBeanInfo> (0x0000000087931998) thrown at [./src/hotspot/share/classfile/systemDictionary.cpp, line 231]
Event: 11.223 Thread 0x0000028e55655800 Exception <a 'java/lang/ClassNotFoundException'{0x000000008794c578}: com/android/build/gradle/internal/api/ReadOnlyBaseConfigCustomizer> (0x000000008794c578) thrown at [./src/hotspot/share/classfile/systemDictionary.cpp, line 231]
Event: 11.224 Thread 0x0000028e55655800 Exception <a 'java/lang/ClassNotFoundException'{0x0000000087977020}: com/android/build/gradle/internal/api/ReadOnlyBuildTypeCustomizer> (0x0000000087977020) thrown at [./src/hotspot/share/classfile/systemDictionary.cpp, line 231]
Event: 11.694 Thread 0x0000028e55655800 Implicit null exception at 0x0000028e45a11955 to 0x0000028e45a12168

Events (20 events):
Event: 11.847 loading class org/gradle/workers/WorkQueue done
Event: 11.848 loading class org/gradle/internal/service/scopes/Scopes$Project
Event: 11.848 loading class org/gradle/internal/service/scopes/Scopes$Project done
Event: 11.849 loading class org/gradle/internal/work/DefaultConditionalExecutionQueue
Event: 11.849 loading class org/gradle/internal/work/DefaultConditionalExecutionQueue done
Event: 11.849 loading class org/gradle/internal/work/DefaultConditionalExecutionQueue$QueueState
Event: 11.849 loading class org/gradle/internal/work/DefaultConditionalExecutionQueue$QueueState done
Event: 11.851 loading class org/gradle/work/DisableCachingByDefault
Event: 11.851 loading class org/gradle/work/DisableCachingByDefault done
Event: 11.857 loading class com/android/build/gradle/internal/tasks/MergeJavaResourceTask$Companion
Event: 11.857 loading class com/android/build/gradle/internal/tasks/MergeJavaResourceTask$Companion done
Event: 11.859 loading class com/android/build/gradle/internal/tasks/MergeJavaResourceTask$Companion$predicate$1
Event: 11.859 loading class com/android/build/gradle/internal/tasks/MergeJavaResourceTask$Companion$predicate$1 done
Event: 11.860 loading class com/android/build/gradle/internal/tasks/MergeJavaResourceTaskKt
Event: 11.860 loading class com/android/build/gradle/internal/tasks/MergeJavaResourceTaskKt done
Event: 11.861 loading class com/android/build/gradle/internal/tasks/MergeJavaResourceTaskKt$getProjectJavaRes$1
Event: 11.861 loading class com/android/build/gradle/internal/tasks/MergeJavaResourceTaskKt$getProjectJavaRes$1 done
Event: 11.862 loading class com/android/build/gradle/internal/tasks/DexMergingTask$SharedParams
Event: 11.862 loading class com/android/build/gradle/internal/tasks/DexMergingTask$SharedParams done
Event: 11.863 Executing VM operation: G1CollectForAllocation


Dynamic libraries:
0x00007ff790e90000 - 0x00007ff790e9a000 	C:\Program Files\Android\Android Studio\jre\bin\java.exe
0x00007ffd5c9f0000 - 0x00007ffd5cbe5000 	C:\WINDOWS\SYSTEM32\ntdll.dll
0x00007ffd5c680000 - 0x00007ffd5c73e000 	C:\WINDOWS\System32\KERNEL32.DLL
0x00007ffd5a410000 - 0x00007ffd5a6d9000 	C:\WINDOWS\System32\KERNELBASE.dll
0x00007ffd5a940000 - 0x00007ffd5aa40000 	C:\WINDOWS\System32\ucrtbase.dll
0x00007ffd53850000 - 0x00007ffd53869000 	C:\Program Files\Android\Android Studio\jre\bin\jli.dll
0x00007ffd5ab40000 - 0x00007ffd5ace1000 	C:\WINDOWS\System32\USER32.dll
0x00007ffd5a270000 - 0x00007ffd5a292000 	C:\WINDOWS\System32\win32u.dll
0x00007ffd4d1b0000 - 0x00007ffd4d1c7000 	C:\Program Files\Android\Android Studio\jre\bin\VCRUNTIME140.dll
0x00007ffd5bff0000 - 0x00007ffd5c01b000 	C:\WINDOWS\System32\GDI32.dll
0x00007ffd5a6e0000 - 0x00007ffd5a7eb000 	C:\WINDOWS\System32\gdi32full.dll
0x00007ffd5a7f0000 - 0x00007ffd5a88d000 	C:\WINDOWS\System32\msvcp_win.dll
0x00007ffd47840000 - 0x00007ffd47ada000 	C:\WINDOWS\WinSxS\amd64_microsoft.windows.common-controls_6595b64144ccf1df_6.0.19041.1110_none_60b5254171f9507e\COMCTL32.dll
0x00007ffd5bee0000 - 0x00007ffd5bf7e000 	C:\WINDOWS\System32\msvcrt.dll
0x00007ffd5acf0000 - 0x00007ffd5ad20000 	C:\WINDOWS\System32\IMM32.DLL
0x00007ffd46d30000 - 0x00007ffd46dcd000 	C:\Program Files\Android\Android Studio\jre\bin\msvcp140.dll
0x00007ffcfdcd0000 - 0x00007ffcfe79f000 	C:\Program Files\Android\Android Studio\jre\bin\server\jvm.dll
0x00007ffd5c5d0000 - 0x00007ffd5c67c000 	C:\WINDOWS\System32\ADVAPI32.dll
0x00007ffd5aa40000 - 0x00007ffd5aadb000 	C:\WINDOWS\System32\sechost.dll
0x00007ffd5c870000 - 0x00007ffd5c99a000 	C:\WINDOWS\System32\RPCRT4.dll
0x00007ffd5c9a0000 - 0x00007ffd5c9a8000 	C:\WINDOWS\System32\PSAPI.DLL
0x00007ffd54d50000 - 0x00007ffd54d59000 	C:\WINDOWS\SYSTEM32\WSOCK32.dll
0x00007ffd509c0000 - 0x00007ffd509e7000 	C:\WINDOWS\SYSTEM32\WINMM.dll
0x00007ffd5bf80000 - 0x00007ffd5bfeb000 	C:\WINDOWS\System32\WS2_32.dll
0x00007ffd51a50000 - 0x00007ffd51a5a000 	C:\WINDOWS\SYSTEM32\VERSION.dll
0x00007ffd58030000 - 0x00007ffd58042000 	C:\WINDOWS\SYSTEM32\kernel.appcore.dll
0x00007ffd54320000 - 0x00007ffd54331000 	C:\Program Files\Android\Android Studio\jre\bin\verify.dll
0x00007ffd52a80000 - 0x00007ffd52c64000 	C:\WINDOWS\SYSTEM32\DBGHELP.DLL
0x00007ffd4ca70000 - 0x00007ffd4ca9c000 	C:\WINDOWS\SYSTEM32\dbgcore.DLL
0x00007ffd5a2d0000 - 0x00007ffd5a353000 	C:\WINDOWS\System32\bcryptPrimitives.dll
0x00007ffd542f0000 - 0x00007ffd54319000 	C:\Program Files\Android\Android Studio\jre\bin\java.dll
0x00007ffd54d40000 - 0x00007ffd54d4b000 	C:\Program Files\Android\Android Studio\jre\bin\jimage.dll
0x00007ffd53b20000 - 0x00007ffd53b38000 	C:\Program Files\Android\Android Studio\jre\bin\zip.dll
0x00007ffd5b7a0000 - 0x00007ffd5bedf000 	C:\WINDOWS\System32\SHELL32.dll
0x00007ffd58230000 - 0x00007ffd589c0000 	C:\WINDOWS\SYSTEM32\windows.storage.dll
0x00007ffd5b070000 - 0x00007ffd5b3c5000 	C:\WINDOWS\System32\combase.dll
0x00007ffd59a90000 - 0x00007ffd59abc000 	C:\WINDOWS\SYSTEM32\Wldp.dll
0x00007ffd5aef0000 - 0x00007ffd5af9d000 	C:\WINDOWS\System32\SHCORE.dll
0x00007ffd5aae0000 - 0x00007ffd5ab35000 	C:\WINDOWS\System32\shlwapi.dll
0x00007ffd5a050000 - 0x00007ffd5a06f000 	C:\WINDOWS\SYSTEM32\profapi.dll
0x00007ffd53b00000 - 0x00007ffd53b1a000 	C:\Program Files\Android\Android Studio\jre\bin\net.dll
0x00007ffd4c7d0000 - 0x00007ffd4c8d8000 	C:\WINDOWS\SYSTEM32\WINHTTP.dll
0x00007ffd597f0000 - 0x00007ffd5985a000 	C:\WINDOWS\system32\mswsock.dll
0x00007ffd53ae0000 - 0x00007ffd53af4000 	C:\Program Files\Android\Android Studio\jre\bin\nio.dll
0x00007ffd54d80000 - 0x00007ffd54da7000 	C:\Users\User\.gradle\native\8bec1ad78214c89d9ad589b4d07fe93259594b29d510b10fafb7a158f7737e5d\windows-amd64\native-platform.dll
0x00007ffd08870000 - 0x00007ffd089ad000 	C:\Users\User\.gradle\native\53dbd7edfb1c66fb8903c78663c9afc45aea4f116125fa6feffd364cf09443e8\windows-amd64\native-platform-file-events.dll
0x00007ffd54390000 - 0x00007ffd5439a000 	C:\Program Files\Android\Android Studio\jre\bin\management.dll
0x00007ffd542e0000 - 0x00007ffd542ec000 	C:\Program Files\Android\Android Studio\jre\bin\management_ext.dll
0x00007ffd599e0000 - 0x00007ffd599f8000 	C:\WINDOWS\SYSTEM32\CRYPTSP.dll
0x00007ffd59170000 - 0x00007ffd591a4000 	C:\WINDOWS\system32\rsaenh.dll
0x00007ffd5a2a0000 - 0x00007ffd5a2c7000 	C:\WINDOWS\System32\bcrypt.dll
0x00007ffd5a010000 - 0x00007ffd5a03e000 	C:\WINDOWS\SYSTEM32\USERENV.dll
0x00007ffd59a00000 - 0x00007ffd59a0c000 	C:\WINDOWS\SYSTEM32\CRYPTBASE.dll
0x00007ffd594e0000 - 0x00007ffd5951b000 	C:\WINDOWS\SYSTEM32\IPHLPAPI.DLL
0x00007ffd5ae20000 - 0x00007ffd5ae28000 	C:\WINDOWS\System32\NSI.dll
0x00007ffd52540000 - 0x00007ffd52557000 	C:\WINDOWS\SYSTEM32\dhcpcsvc6.DLL
0x00007ffd52740000 - 0x00007ffd5275d000 	C:\WINDOWS\SYSTEM32\dhcpcsvc.DLL
0x00007ffd59520000 - 0x00007ffd595ec000 	C:\WINDOWS\SYSTEM32\DNSAPI.dll

dbghelp: loaded successfully - version: 4.0.5 - missing functions: none
symbol engine: initialized successfully - sym options: 0x614 - pdb path: .;C:\Program Files\Android\Android Studio\jre\bin;C:\WINDOWS\SYSTEM32;C:\WINDOWS\WinSxS\amd64_microsoft.windows.common-controls_6595b64144ccf1df_6.0.19041.1110_none_60b5254171f9507e;C:\Program Files\Android\Android Studio\jre\bin\server;C:\Users\User\.gradle\native\8bec1ad78214c89d9ad589b4d07fe93259594b29d510b10fafb7a158f7737e5d\windows-amd64;C:\Users\User\.gradle\native\53dbd7edfb1c66fb8903c78663c9afc45aea4f116125fa6feffd364cf09443e8\windows-amd64

VM Arguments:
jvm_args: --add-opens=java.base/java.util=ALL-UNNAMED --add-opens=java.base/java.lang=ALL-UNNAMED --add-opens=java.base/java.lang.invoke=ALL-UNNAMED --add-opens=java.base/java.util=ALL-UNNAMED --add-opens=java.prefs/java.util.prefs=ALL-UNNAMED --add-opens=java.prefs/java.util.prefs=ALL-UNNAMED --add-opens=java.base/java.nio.charset=ALL-UNNAMED --add-opens=java.base/java.net=ALL-UNNAMED --add-opens=java.base/java.util.concurrent.atomic=ALL-UNNAMED -Xmx2048m -Dfile.encoding=UTF-8 -Duser.country=ID -Duser.language=en -Duser.variant 
java_command: org.gradle.launcher.daemon.bootstrap.GradleDaemon 7.0.2
java_class_path (initial): C:\Users\User\.gradle\wrapper\dists\gradle-7.0.2-bin\857tjihv64xamwrf0h14cai3r\gradle-7.0.2\lib\gradle-launcher-7.0.2.jar
Launcher Type: SUN_STANDARD

[Global flags]
     intx CICompilerCount                          = 3                                         {product} {ergonomic}
     uint ConcGCThreads                            = 1                                         {product} {ergonomic}
     uint G1ConcRefinementThreads                  = 4                                         {product} {ergonomic}
   size_t G1HeapRegionSize                         = 1048576                                   {product} {ergonomic}
    uintx GCDrainStackTargetSize                   = 64                                        {product} {ergonomic}
   size_t InitialHeapSize                          = 100663296                                 {product} {ergonomic}
   size_t MarkStackSize                            = 4194304                                   {product} {ergonomic}
   size_t MaxHeapSize                              = 2147483648                                {product} {command line}
   size_t MaxNewSize                               = 1287651328                                {product} {ergonomic}
   size_t MinHeapDeltaBytes                        = 1048576                                   {product} {ergonomic}
    uintx NonNMethodCodeHeapSize                   = 5830732                                {pd product} {ergonomic}
    uintx NonProfiledCodeHeapSize                  = 122913754                              {pd product} {ergonomic}
    uintx ProfiledCodeHeapSize                     = 122913754                              {pd product} {ergonomic}
    uintx ReservedCodeCacheSize                    = 251658240                              {pd product} {ergonomic}
     bool SegmentedCodeCache                       = true                                      {product} {ergonomic}
     bool UseCompressedClassPointers               = true                                 {lp64_product} {ergonomic}
     bool UseCompressedOops                        = true                                 {lp64_product} {ergonomic}
     bool UseG1GC                                  = true                                      {product} {ergonomic}
     bool UseLargePagesIndividualAllocation        = false                                  {pd product} {ergonomic}

Logging:
Log output configuration:
 #0: stdout all=warning uptime,level,tags
 #1: stderr all=off uptime,level,tags

Environment Variables:
JAVA_HOME=C:\Users\User\.jdks\azul-13.0.8
CLASSPATH=.;
PATH=C:\Program Files\gradle-7.3.3-bin\gradle-7.3.3\bin;C:\Program Files (x86)\Common Files\Oracle\Java\javapath;C:\Python27\;C:\Python27\Scripts;C:\ProgramData\Oracle\Java\javapath;C:\WINDOWS\system32;C:\WINDOWS;C:\WINDOWS\System32\Wbem;C:\WINDOWS\System32\WindowsPowerShell\v1.0\;C:\WINDOWS\System32\OpenSSH\;C:\ProgramData\chocolatey\bin;C:\Program Files\nodejs\;C:\Users\User\AppData\Local\Android\Sdk\platform-tools;C:\Program Files\Java\jdk-15.0.2\bin;C:\Program Files\Java\jdk1.8.0_271\bin;C:\Users\User\.jdks\azul-13.0.8\bin;C:\Program Files\Git\cmd;C:\flutter\bin;C:\Users\User\AppData\Local\Microsoft\WindowsApps;C:\Users\User\AppData\Local\Programs\Microsoft VS Code\bin;C:\Users\User\AppData\Roaming\npm;C:\Users\User\AppData\Local\Android\Sdk\platform-tools;
USERNAME=User
OS=Windows_NT
PROCESSOR_IDENTIFIER=AMD64 Family 23 Model 24 Stepping 1, AuthenticAMD



---------------  S Y S T E M  ---------------

OS: Windows 10 , 64 bit Build 19041 (10.0.19041.1202)
OS uptime: 0 days 17:17 hours

CPU:total 4 (initial active 4) (4 cores per cpu, 1 threads per core) family 23 model 24 stepping 1 microcode 0x0, cmov, cx8, fxsr, mmx, sse, sse2, sse3, ssse3, sse4.1, sse4.2, popcnt, avx, avx2, aes, clmul, mmxext, 3dnowpref, lzcnt, sse4a, tsc, tscinvbit, tscinv, bmi1, bmi2, adx, sha, 

Memory: 4k page, system-wide physical 6072M (398M free)
TotalPageFile size 14264M (AvailPageFile size 19M)
current process WorkingSet (physical memory assigned to process): 345M, peak: 347M
current process commit charge ("private bytes"): 391M, peak: 419M

vm_info: OpenJDK 64-Bit Server VM (11.0.10+0-b96-7249189) for windows-amd64 JRE (11.0.10+0-b96-7249189), built on Mar 31 2021 21:44:00 by "builder" with MS VC++ 14.0 (VS2015)

END.
