#
# There is insufficient memory for the Java Runtime Environment to continue.
# Native memory allocation (malloc) failed to allocate 866736 bytes for Chunk::new
# Possible reasons:
#   The system is out of physical RAM or swap space
#   The process is running with CompressedOops enabled, and the Java Heap may be blocking the growth of the native heap
# Possible solutions:
#   Reduce memory load on the system
#   Increase physical memory or swap space
#   Check if swap backing store is full
#   Decrease Java heap size (-Xmx/-Xms)
#   Decrease number of Java threads
#   Decrease Java thread stack sizes (-Xss)
#   Set larger code cache with -XX:ReservedCodeCacheSize=
#   JVM is running with Unscaled Compressed Oops mode in which the Java heap is
#     placed in the first 4GB address space. The Java Heap base address is the
#     maximum limit for the native heap growth. Please use -XX:HeapBaseMinAddress
#     to set the Java Heap base and to place the Java Heap above 4GB virtual address.
# This output file may be truncated or incomplete.
#
#  Out of Memory Error (./src/hotspot/share/memory/arena.cpp:197), pid=6900, tid=9128
#
# JRE version: OpenJDK Runtime Environment (11.0.10) (build 11.0.10+0-b96-7249189)
# Java VM: OpenJDK 64-Bit Server VM (11.0.10+0-b96-7249189, mixed mode, tiered, compressed oops, g1 gc, windows-amd64)
# No core dump will be written. Minidumps are not enabled by default on client versions of Windows
#

---------------  S U M M A R Y ------------

Command Line: --add-opens=java.base/java.util=ALL-UNNAMED --add-opens=java.base/java.lang=ALL-UNNAMED --add-opens=java.base/java.lang.invoke=ALL-UNNAMED --add-opens=java.base/java.util=ALL-UNNAMED --add-opens=java.prefs/java.util.prefs=ALL-UNNAMED --add-opens=java.prefs/java.util.prefs=ALL-UNNAMED --add-opens=java.base/java.nio.charset=ALL-UNNAMED --add-opens=java.base/java.net=ALL-UNNAMED --add-opens=java.base/java.util.concurrent.atomic=ALL-UNNAMED -Xmx2048m -Dfile.encoding=UTF-8 -Duser.country=ID -Duser.language=en -Duser.variant org.gradle.launcher.daemon.bootstrap.GradleDaemon 7.0.2

Host: AMD Ryzen 3 3200G with Radeon Vega Graphics    , 4 cores, 5G,  Windows 10 , 64 bit Build 19041 (10.0.19041.1202)
Time: Wed Jan 19 16:48:16 2022 SE Asia Standard Time elapsed time: 7.897948 seconds (0d 0h 0m 7s)

---------------  T H R E A D  ---------------

Current thread (0x000002213e8f3000):  JavaThread "C2 CompilerThread1" daemon [_thread_in_native, id=9128, stack(0x000000a349a00000,0x000000a349b00000)]


Current CompileTask:
C2:   7898 5372 % !   4       java.util.jar.Attributes::read @ 186 (390 bytes)

Stack: [0x000000a349a00000,0x000000a349b00000]
Native frames: (J=compiled Java code, j=interpreted, Vv=VM code, C=native code)
V  [jvm.dll+0x5ecfaa]
V  [jvm.dll+0x722bd5]
V  [jvm.dll+0x72412d]
V  [jvm.dll+0x7247e3]
V  [jvm.dll+0x242928]
V  [jvm.dll+0xbc4fc]
V  [jvm.dll+0xbca0c]
V  [jvm.dll+0x352d7d]
V  [jvm.dll+0x197e0c]
V  [jvm.dll+0x1fb70e]
V  [jvm.dll+0x1fa7f4]
V  [jvm.dll+0x18354c]
V  [jvm.dll+0x208ee7]
V  [jvm.dll+0x207731]
V  [jvm.dll+0x6eb1cf]
V  [jvm.dll+0x6e3d45]
V  [jvm.dll+0x5ebe96]
C  [ucrtbase.dll+0x21bb2]
C  [KERNEL32.DLL+0x17034]
C  [ntdll.dll+0x52651]


---------------  P R O C E S S  ---------------

Threads class SMR info:
_java_thread_list=0x00000221403f6e30, length=42, elements={
0x0000022122cdc800, 0x000002213c897800, 0x000002213c8a1000, 0x000002213c8b3800,
0x000002213c8b4000, 0x000002213c8b6000, 0x000002213c8b9800, 0x000002213c8ba800,
0x000002213c8e5800, 0x000002213d390800, 0x000002213f9b0800, 0x000002213d51c800,
0x000002213efe7000, 0x000002213e8e5800, 0x000002213e8e6800, 0x000002213e8f4000,
0x000002213efda800, 0x000002213ff9d800, 0x000002213ff9e800, 0x000002213efd5000,
0x000002213efd3800, 0x000002213efd6000, 0x000002213efd4800, 0x000002213efd0800,
0x000002213efd7000, 0x000002213efd1000, 0x000002213efd2000, 0x000002213efd2800,
0x000002214263b000, 0x0000022142639800, 0x000002214263c000, 0x000002214263c800,
0x0000022142638800, 0x000002214263d800, 0x0000022142637800, 0x0000022142642800,
0x000002213e8f3000, 0x0000022142640800, 0x0000022142641800, 0x000002214263f000,
0x0000022142643000, 0x0000022142644000
}

Java Threads: ( => current thread )
  0x0000022122cdc800 JavaThread "main" [_thread_blocked, id=6988, stack(0x000000a346c00000,0x000000a346d00000)]
  0x000002213c897800 JavaThread "Reference Handler" daemon [_thread_blocked, id=1016, stack(0x000000a347300000,0x000000a347400000)]
  0x000002213c8a1000 JavaThread "Finalizer" daemon [_thread_blocked, id=7120, stack(0x000000a347400000,0x000000a347500000)]
  0x000002213c8b3800 JavaThread "Signal Dispatcher" daemon [_thread_blocked, id=7436, stack(0x000000a347500000,0x000000a347600000)]
  0x000002213c8b4000 JavaThread "Attach Listener" daemon [_thread_blocked, id=8068, stack(0x000000a347600000,0x000000a347700000)]
  0x000002213c8b6000 JavaThread "Service Thread" daemon [_thread_blocked, id=2652, stack(0x000000a347700000,0x000000a347800000)]
  0x000002213c8b9800 JavaThread "C2 CompilerThread0" daemon [_thread_in_native, id=12208, stack(0x000000a347800000,0x000000a347900000)]
  0x000002213c8ba800 JavaThread "C1 CompilerThread0" daemon [_thread_blocked, id=5224, stack(0x000000a347900000,0x000000a347a00000)]
  0x000002213c8e5800 JavaThread "Sweeper thread" daemon [_thread_blocked, id=8, stack(0x000000a347a00000,0x000000a347b00000)]
  0x000002213d390800 JavaThread "Common-Cleaner" daemon [_thread_blocked, id=7592, stack(0x000000a347b00000,0x000000a347c00000)]
  0x000002213f9b0800 JavaThread "Daemon health stats" [_thread_blocked, id=9728, stack(0x000000a347f00000,0x000000a348000000)]
  0x000002213d51c800 JavaThread "Incoming local TCP Connector on port 54080" [_thread_in_native, id=4108, stack(0x000000a347d00000,0x000000a347e00000)]
  0x000002213efe7000 JavaThread "Daemon periodic checks" [_thread_blocked, id=8680, stack(0x000000a348000000,0x000000a348100000)]
  0x000002213e8e5800 JavaThread "Daemon" [_thread_blocked, id=6920, stack(0x000000a348100000,0x000000a348200000)]
  0x000002213e8e6800 JavaThread "Handler for socket connection from /127.0.0.1:54080 to /127.0.0.1:54081" [_thread_in_native, id=2456, stack(0x000000a348200000,0x000000a348300000)]
  0x000002213e8f4000 JavaThread "Cancel handler" [_thread_blocked, id=7628, stack(0x000000a348400000,0x000000a348500000)]
  0x000002213efda800 JavaThread "Daemon worker" [_thread_in_Java, id=6468, stack(0x000000a348500000,0x000000a348600000)]
  0x000002213ff9d800 JavaThread "Asynchronous log dispatcher for DefaultDaemonConnection: socket connection from /127.0.0.1:54080 to /127.0.0.1:54081" [_thread_blocked, id=248, stack(0x000000a348600000,0x000000a348700000)]
  0x000002213ff9e800 JavaThread "Stdin handler" [_thread_blocked, id=1296, stack(0x000000a348700000,0x000000a348800000)]
  0x000002213efd5000 JavaThread "Daemon client event forwarder" [_thread_blocked, id=2168, stack(0x000000a348800000,0x000000a348900000)]
  0x000002213efd3800 JavaThread "Cache worker for file hash cache (C:\Users\User\.gradle\caches\7.0.2\fileHashes)" [_thread_blocked, id=1172, stack(0x000000a348b00000,0x000000a348c00000)]
  0x000002213efd6000 JavaThread "File lock request listener" [_thread_in_native, id=11512, stack(0x000000a348c00000,0x000000a348d00000)]
  0x000002213efd4800 JavaThread "Cache worker for journal cache (C:\Users\User\.gradle\caches\journal-1)" [_thread_blocked, id=3544, stack(0x000000a348d00000,0x000000a348e00000)]
  0x000002213efd0800 JavaThread "Cache worker for file hash cache (D:\Binar\Challenge\Sciroper\.gradle\7.0.2\fileHashes)" [_thread_blocked, id=11256, stack(0x000000a348e00000,0x000000a348f00000)]
  0x000002213efd7000 JavaThread "File watcher server" daemon [_thread_in_native, id=1708, stack(0x000000a348f00000,0x000000a349000000)]
  0x000002213efd1000 JavaThread "File watcher consumer" daemon [_thread_blocked, id=1004, stack(0x000000a349000000,0x000000a349100000)]
  0x000002213efd2000 JavaThread "Cache worker for checksums cache (D:\Binar\Challenge\Sciroper\.gradle\checksums)" [_thread_blocked, id=2836, stack(0x000000a349100000,0x000000a349200000)]
  0x000002213efd2800 JavaThread "Cache worker for cache directory md-supplier (C:\Users\User\.gradle\caches\7.0.2\md-supplier)" [_thread_blocked, id=9696, stack(0x000000a349200000,0x000000a349300000)]
  0x000002214263b000 JavaThread "Cache worker for cache directory md-rule (C:\Users\User\.gradle\caches\7.0.2\md-rule)" [_thread_blocked, id=2876, stack(0x000000a349300000,0x000000a349400000)]
  0x0000022142639800 JavaThread "Cache worker for execution history cache (C:\Users\User\.gradle\caches\7.0.2\executionHistory)" [_thread_blocked, id=11960, stack(0x000000a349400000,0x000000a349500000)]
  0x000002214263c000 JavaThread "jar transforms" [_thread_blocked, id=4068, stack(0x000000a349500000,0x000000a349600000)]
  0x000002214263c800 JavaThread "jar transforms Thread 2" [_thread_blocked, id=2104, stack(0x000000a349600000,0x000000a349700000)]
  0x0000022142638800 JavaThread "Cache worker for file content cache (C:\Users\User\.gradle\caches\7.0.2\fileContent)" [_thread_blocked, id=11076, stack(0x000000a349700000,0x000000a349800000)]
  0x000002214263d800 JavaThread "Cache worker for dependencies-accessors (D:\Binar\Challenge\Sciroper\.gradle\7.0.2\dependencies-accessors)" [_thread_blocked, id=6132, stack(0x000000a349800000,0x000000a349900000)]
  0x0000022142637800 JavaThread "jar transforms Thread 3" [_thread_blocked, id=11300, stack(0x000000a349900000,0x000000a349a00000)]
  0x0000022142642800 JavaThread "Cache worker for Build Output Cleanup Cache (D:\Binar\Challenge\Sciroper\.gradle\buildOutputCleanup)" [_thread_blocked, id=11616, stack(0x000000a348300000,0x000000a348400000)]
=>0x000002213e8f3000 JavaThread "C2 CompilerThread1" daemon [_thread_in_native, id=9128, stack(0x000000a349a00000,0x000000a349b00000)]
  0x0000022142640800 JavaThread "Build operations" [_thread_blocked, id=11716, stack(0x000000a349b00000,0x000000a349c00000)]
  0x0000022142641800 JavaThread "Build operations Thread 2" [_thread_blocked, id=5308, stack(0x000000a349c00000,0x000000a349d00000)]
  0x000002214263f000 JavaThread "Build operations Thread 3" [_thread_blocked, id=3504, stack(0x000000a349d00000,0x000000a349e00000)]
  0x0000022142643000 JavaThread "Build operations Thread 4" [_thread_blocked, id=11508, stack(0x000000a349e00000,0x000000a349f00000)]
  0x0000022142644000 JavaThread "jar transforms Thread 4" [_thread_blocked, id=6856, stack(0x000000a349f00000,0x000000a34a000000)]

Other Threads:
  0x000002213c892000 VMThread "VM Thread" [stack: 0x000000a347200000,0x000000a347300000] [id=8824]
  0x000002213d399800 WatcherThread [stack: 0x000000a347c00000,0x000000a347d00000] [id=10636]
  0x0000022122cf6800 GCTaskThread "GC Thread#0" [stack: 0x000000a346d00000,0x000000a346e00000] [id=6488]
  0x000002213dbde800 GCTaskThread "GC Thread#1" [stack: 0x000000a347e00000,0x000000a347f00000] [id=12024]
  0x000002213e78e000 GCTaskThread "GC Thread#2" [stack: 0x000000a348900000,0x000000a348a00000] [id=6684]
  0x000002213f577800 GCTaskThread "GC Thread#3" [stack: 0x000000a348a00000,0x000000a348b00000] [id=8564]
  0x0000022122d26000 ConcurrentGCThread "G1 Main Marker" [stack: 0x000000a346e00000,0x000000a346f00000] [id=9508]
  0x0000022122d27800 ConcurrentGCThread "G1 Conc#0" [stack: 0x000000a346f00000,0x000000a347000000] [id=11912]
  0x0000022122d99800 ConcurrentGCThread "G1 Refine#0" [stack: 0x000000a347000000,0x000000a347100000] [id=9608]
  0x0000022122d9a800 ConcurrentGCThread "G1 Young RemSet Sampling" [stack: 0x000000a347100000,0x000000a347200000] [id=6088]

Threads with active compile tasks:
C2 CompilerThread0   7923 5402       4       org.gradle.internal.service.DefaultServiceRegistry$OwnServices::getService (309 bytes)
C2 CompilerThread1   7923 5372 % !   4       java.util.jar.Attributes::read @ 186 (390 bytes)

VM state:at safepoint (normal execution)

VM Mutex/Monitor currently owned by a thread:  ([mutex/lock_event])
[0x0000022122cd8eb0] Safepoint_lock - owner thread: 0x0000000000000000
[0x0000022122cd9330] Threads_lock - owner thread: 0x000002213c892000

Heap address: 0x0000000080000000, size: 2048 MB, Compressed Oops mode: 32-bit
Narrow klass base: 0x0000000000000000, Narrow klass shift: 3
Compressed class space size: 1073741824 Address: 0x0000000100000000

Heap:
 garbage-first heap   total 143360K, used 85885K [0x0000000080000000, 0x0000000100000000)
  region size 1024K, 53 young (54272K), 6 survivors (6144K)
 Metaspace       used 49327K, capacity 50641K, committed 50764K, reserved 1093632K
  class space    used 6292K, capacity 6762K, committed 6784K, reserved 1048576K
Heap Regions: E=young(eden), S=young(survivor), O=old, HS=humongous(starts), HC=humongous(continues), CS=collection set, F=free, A=archive, TAMS=top-at-mark-start (previous, next)
|   0|0x0000000080000000, 0x0000000080100000, 0x0000000080100000|100%| O|  |TAMS 0x0000000080100000, 0x0000000080000000| Untracked 
|   1|0x0000000080100000, 0x0000000080200000, 0x0000000080200000|100%| O|  |TAMS 0x0000000080200000, 0x0000000080100000| Untracked 
|   2|0x0000000080200000, 0x0000000080300000, 0x0000000080300000|100%| O|  |TAMS 0x0000000080300000, 0x0000000080200000| Untracked 
|   3|0x0000000080300000, 0x0000000080400000, 0x0000000080400000|100%|HS|  |TAMS 0x0000000080400000, 0x0000000080300000| Complete 
|   4|0x0000000080400000, 0x0000000080500000, 0x0000000080500000|100%|HC|  |TAMS 0x0000000080500000, 0x0000000080400000| Complete 
|   5|0x0000000080500000, 0x0000000080600000, 0x0000000080600000|100%|HC|  |TAMS 0x0000000080600000, 0x0000000080500000| Complete 
|   6|0x0000000080600000, 0x0000000080700000, 0x0000000080700000|100%| O|  |TAMS 0x0000000080700000, 0x0000000080600000| Untracked 
|   7|0x0000000080700000, 0x0000000080800000, 0x0000000080800000|100%| O|  |TAMS 0x0000000080800000, 0x0000000080700000| Untracked 
|   8|0x0000000080800000, 0x0000000080900000, 0x0000000080900000|100%| O|  |TAMS 0x0000000080900000, 0x0000000080800000| Untracked 
|   9|0x0000000080900000, 0x0000000080a00000, 0x0000000080a00000|100%| O|  |TAMS 0x0000000080a00000, 0x0000000080900000| Untracked 
|  10|0x0000000080a00000, 0x0000000080b00000, 0x0000000080b00000|100%| O|  |TAMS 0x0000000080b00000, 0x0000000080a00000| Untracked 
|  11|0x0000000080b00000, 0x0000000080c00000, 0x0000000080c00000|100%| O|  |TAMS 0x0000000080c00000, 0x0000000080b00000| Untracked 
|  12|0x0000000080c00000, 0x0000000080d00000, 0x0000000080d00000|100%| O|  |TAMS 0x0000000080d00000, 0x0000000080c00000| Untracked 
|  13|0x0000000080d00000, 0x0000000080e00000, 0x0000000080e00000|100%| O|  |TAMS 0x0000000080e00000, 0x0000000080d00000| Untracked 
|  14|0x0000000080e00000, 0x0000000080f00000, 0x0000000080f00000|100%| O|  |TAMS 0x0000000080f00000, 0x0000000080e00000| Untracked 
|  15|0x0000000080f00000, 0x0000000081000000, 0x0000000081000000|100%| O|  |TAMS 0x0000000080f94e00, 0x0000000080f00000| Untracked 
|  16|0x0000000081000000, 0x0000000081100000, 0x0000000081100000|100%| O|  |TAMS 0x0000000081000000, 0x0000000081000000| Untracked 
|  17|0x0000000081100000, 0x0000000081200000, 0x0000000081200000|100%| O|  |TAMS 0x0000000081100000, 0x0000000081100000| Untracked 
|  18|0x0000000081200000, 0x0000000081300000, 0x0000000081300000|100%| O|  |TAMS 0x0000000081200000, 0x0000000081200000| Untracked 
|  19|0x0000000081300000, 0x0000000081400000, 0x0000000081400000|100%| O|  |TAMS 0x0000000081300000, 0x0000000081300000| Untracked 
|  20|0x0000000081400000, 0x0000000081500000, 0x0000000081500000|100%| O|  |TAMS 0x0000000081400000, 0x0000000081400000| Untracked 
|  21|0x0000000081500000, 0x0000000081600000, 0x0000000081600000|100%| O|  |TAMS 0x0000000081500000, 0x0000000081500000| Untracked 
|  22|0x0000000081600000, 0x0000000081700000, 0x0000000081700000|100%| O|  |TAMS 0x0000000081600000, 0x0000000081600000| Untracked 
|  23|0x0000000081700000, 0x0000000081800000, 0x0000000081800000|100%| O|  |TAMS 0x0000000081700000, 0x0000000081700000| Untracked 
|  24|0x0000000081800000, 0x0000000081900000, 0x0000000081900000|100%| O|  |TAMS 0x0000000081800000, 0x0000000081800000| Untracked 
|  25|0x0000000081900000, 0x0000000081997000, 0x0000000081a00000| 58%| O|  |TAMS 0x0000000081900000, 0x0000000081900000| Untracked 
|  26|0x0000000081a00000, 0x0000000081b00000, 0x0000000081b00000|100%|HS|  |TAMS 0x0000000081a00000, 0x0000000081a00000| Complete 
|  27|0x0000000081b00000, 0x0000000081c00000, 0x0000000081c00000|100%|HS|  |TAMS 0x0000000081b00000, 0x0000000081b00000| Complete 
|  28|0x0000000081c00000, 0x0000000081d00000, 0x0000000081d00000|100%|HS|  |TAMS 0x0000000081c00000, 0x0000000081c00000| Complete 
|  29|0x0000000081d00000, 0x0000000081e00000, 0x0000000081e00000|100%|HS|  |TAMS 0x0000000081d00000, 0x0000000081d00000| Complete 
|  30|0x0000000081e00000, 0x0000000081f00000, 0x0000000081f00000|100%|HC|  |TAMS 0x0000000081e00000, 0x0000000081e00000| Complete 
|  31|0x0000000081f00000, 0x0000000082000000, 0x0000000082000000|100%|HC|  |TAMS 0x0000000081f00000, 0x0000000081f00000| Complete 
|  32|0x0000000082000000, 0x0000000082100000, 0x0000000082100000|100%|HS|  |TAMS 0x0000000082000000, 0x0000000082000000| Complete 
|  33|0x0000000082100000, 0x0000000082200000, 0x0000000082200000|100%|HC|  |TAMS 0x0000000082100000, 0x0000000082100000| Complete 
|  34|0x0000000082200000, 0x0000000082200000, 0x0000000082300000|  0%| F|  |TAMS 0x0000000082200000, 0x0000000082200000| Untracked 
|  35|0x0000000082300000, 0x0000000082300000, 0x0000000082400000|  0%| F|  |TAMS 0x0000000082300000, 0x0000000082300000| Untracked 
|  36|0x0000000082400000, 0x0000000082400000, 0x0000000082500000|  0%| F|  |TAMS 0x0000000082400000, 0x0000000082400000| Untracked 
|  37|0x0000000082500000, 0x0000000082500000, 0x0000000082600000|  0%| F|  |TAMS 0x0000000082500000, 0x0000000082500000| Untracked 
|  38|0x0000000082600000, 0x0000000082600000, 0x0000000082700000|  0%| F|  |TAMS 0x0000000082600000, 0x0000000082600000| Untracked 
|  39|0x0000000082700000, 0x0000000082700000, 0x0000000082800000|  0%| F|  |TAMS 0x0000000082700000, 0x0000000082700000| Untracked 
|  40|0x0000000082800000, 0x0000000082800000, 0x0000000082900000|  0%| F|  |TAMS 0x0000000082800000, 0x0000000082800000| Untracked 
|  41|0x0000000082900000, 0x0000000082900000, 0x0000000082a00000|  0%| F|  |TAMS 0x0000000082900000, 0x0000000082900000| Untracked 
|  42|0x0000000082a00000, 0x0000000082a00000, 0x0000000082b00000|  0%| F|  |TAMS 0x0000000082a00000, 0x0000000082a00000| Untracked 
|  43|0x0000000082b00000, 0x0000000082b00000, 0x0000000082c00000|  0%| F|  |TAMS 0x0000000082b00000, 0x0000000082b00000| Untracked 
|  44|0x0000000082c00000, 0x0000000082c00000, 0x0000000082d00000|  0%| F|  |TAMS 0x0000000082c00000, 0x0000000082c00000| Untracked 
|  45|0x0000000082d00000, 0x0000000082d00000, 0x0000000082e00000|  0%| F|  |TAMS 0x0000000082d00000, 0x0000000082d00000| Untracked 
|  46|0x0000000082e00000, 0x0000000082e00000, 0x0000000082f00000|  0%| F|  |TAMS 0x0000000082e00000, 0x0000000082e00000| Untracked 
|  47|0x0000000082f00000, 0x0000000082f00000, 0x0000000083000000|  0%| F|  |TAMS 0x0000000082f00000, 0x0000000082f00000| Untracked 
|  48|0x0000000083000000, 0x0000000083000000, 0x0000000083100000|  0%| F|  |TAMS 0x0000000083000000, 0x0000000083000000| Untracked 
|  49|0x0000000083100000, 0x0000000083100000, 0x0000000083200000|  0%| F|  |TAMS 0x0000000083100000, 0x0000000083100000| Untracked 
|  50|0x0000000083200000, 0x0000000083200000, 0x0000000083300000|  0%| F|  |TAMS 0x0000000083200000, 0x0000000083200000| Untracked 
|  51|0x0000000083300000, 0x0000000083300000, 0x0000000083400000|  0%| F|  |TAMS 0x0000000083300000, 0x0000000083300000| Untracked 
|  52|0x0000000083400000, 0x0000000083400000, 0x0000000083500000|  0%| F|  |TAMS 0x0000000083400000, 0x0000000083400000| Untracked 
|  53|0x0000000083500000, 0x0000000083500000, 0x0000000083600000|  0%| F|  |TAMS 0x0000000083500000, 0x0000000083500000| Untracked 
|  54|0x0000000083600000, 0x0000000083600000, 0x0000000083700000|  0%| F|  |TAMS 0x0000000083600000, 0x0000000083600000| Untracked 
|  55|0x0000000083700000, 0x0000000083748508, 0x0000000083800000| 28%| S|CS|TAMS 0x0000000083700000, 0x0000000083700000| Complete 
|  56|0x0000000083800000, 0x0000000083900000, 0x0000000083900000|100%| S|CS|TAMS 0x0000000083800000, 0x0000000083800000| Complete 
|  57|0x0000000083900000, 0x0000000083a00000, 0x0000000083a00000|100%| S|CS|TAMS 0x0000000083900000, 0x0000000083900000| Complete 
|  58|0x0000000083a00000, 0x0000000083b00000, 0x0000000083b00000|100%| S|CS|TAMS 0x0000000083a00000, 0x0000000083a00000| Complete 
|  59|0x0000000083b00000, 0x0000000083c00000, 0x0000000083c00000|100%| S|CS|TAMS 0x0000000083b00000, 0x0000000083b00000| Complete 
|  60|0x0000000083c00000, 0x0000000083d00000, 0x0000000083d00000|100%| S|CS|TAMS 0x0000000083c00000, 0x0000000083c00000| Complete 
|  61|0x0000000083d00000, 0x0000000083d00000, 0x0000000083e00000|  0%| F|  |TAMS 0x0000000083d00000, 0x0000000083d00000| Untracked 
|  62|0x0000000083e00000, 0x0000000083e00000, 0x0000000083f00000|  0%| F|  |TAMS 0x0000000083e00000, 0x0000000083e00000| Untracked 
|  63|0x0000000083f00000, 0x0000000083f00000, 0x0000000084000000|  0%| F|  |TAMS 0x0000000083f00000, 0x0000000083f00000| Untracked 
|  64|0x0000000084000000, 0x0000000084000000, 0x0000000084100000|  0%| F|  |TAMS 0x0000000084000000, 0x0000000084000000| Untracked 
|  65|0x0000000084100000, 0x0000000084100000, 0x0000000084200000|  0%| F|  |TAMS 0x0000000084100000, 0x0000000084100000| Untracked 
|  66|0x0000000084200000, 0x0000000084200000, 0x0000000084300000|  0%| F|  |TAMS 0x0000000084200000, 0x0000000084200000| Untracked 
|  67|0x0000000084300000, 0x0000000084300000, 0x0000000084400000|  0%| F|  |TAMS 0x0000000084300000, 0x0000000084300000| Untracked 
|  68|0x0000000084400000, 0x0000000084400000, 0x0000000084500000|  0%| F|  |TAMS 0x0000000084400000, 0x0000000084400000| Untracked 
|  69|0x0000000084500000, 0x0000000084500000, 0x0000000084600000|  0%| F|  |TAMS 0x0000000084500000, 0x0000000084500000| Untracked 
|  70|0x0000000084600000, 0x0000000084600000, 0x0000000084700000|  0%| F|  |TAMS 0x0000000084600000, 0x0000000084600000| Untracked 
|  71|0x0000000084700000, 0x0000000084700000, 0x0000000084800000|  0%| F|  |TAMS 0x0000000084700000, 0x0000000084700000| Untracked 
|  72|0x0000000084800000, 0x0000000084800000, 0x0000000084900000|  0%| F|  |TAMS 0x0000000084800000, 0x0000000084800000| Untracked 
|  73|0x0000000084900000, 0x0000000084900000, 0x0000000084a00000|  0%| F|  |TAMS 0x0000000084900000, 0x0000000084900000| Untracked 
|  74|0x0000000084a00000, 0x0000000084a00000, 0x0000000084b00000|  0%| F|  |TAMS 0x0000000084a00000, 0x0000000084a00000| Untracked 
|  75|0x0000000084b00000, 0x0000000084b00000, 0x0000000084c00000|  0%| F|  |TAMS 0x0000000084b00000, 0x0000000084b00000| Untracked 
|  76|0x0000000084c00000, 0x0000000084c00000, 0x0000000084d00000|  0%| F|  |TAMS 0x0000000084c00000, 0x0000000084c00000| Untracked 
|  77|0x0000000084d00000, 0x0000000084d00000, 0x0000000084e00000|  0%| F|  |TAMS 0x0000000084d00000, 0x0000000084d00000| Untracked 
|  78|0x0000000084e00000, 0x0000000084e00000, 0x0000000084f00000|  0%| F|  |TAMS 0x0000000084e00000, 0x0000000084e00000| Untracked 
|  79|0x0000000084f00000, 0x0000000084f00000, 0x0000000085000000|  0%| F|  |TAMS 0x0000000084f00000, 0x0000000084f00000| Untracked 
|  80|0x0000000085000000, 0x0000000085000000, 0x0000000085100000|  0%| F|  |TAMS 0x0000000085000000, 0x0000000085000000| Untracked 
|  81|0x0000000085100000, 0x0000000085100000, 0x0000000085200000|  0%| F|  |TAMS 0x0000000085100000, 0x0000000085100000| Untracked 
|  82|0x0000000085200000, 0x0000000085200000, 0x0000000085300000|  0%| F|  |TAMS 0x0000000085200000, 0x0000000085200000| Untracked 
|  83|0x0000000085300000, 0x0000000085300000, 0x0000000085400000|  0%| F|  |TAMS 0x0000000085300000, 0x0000000085300000| Untracked 
|  84|0x0000000085400000, 0x0000000085400000, 0x0000000085500000|  0%| F|  |TAMS 0x0000000085400000, 0x0000000085400000| Untracked 
|  85|0x0000000085500000, 0x0000000085500000, 0x0000000085600000|  0%| F|  |TAMS 0x0000000085500000, 0x0000000085500000| Untracked 
|  86|0x0000000085600000, 0x0000000085600000, 0x0000000085700000|  0%| F|  |TAMS 0x0000000085600000, 0x0000000085600000| Untracked 
|  87|0x0000000085700000, 0x0000000085700000, 0x0000000085800000|  0%| F|  |TAMS 0x0000000085700000, 0x0000000085700000| Untracked 
|  88|0x0000000085800000, 0x0000000085800000, 0x0000000085900000|  0%| F|  |TAMS 0x0000000085800000, 0x0000000085800000| Untracked 
|  89|0x0000000085900000, 0x0000000085900000, 0x0000000085a00000|  0%| F|  |TAMS 0x0000000085900000, 0x0000000085900000| Untracked 
|  90|0x0000000085a00000, 0x0000000085a00000, 0x0000000085b00000|  0%| F|  |TAMS 0x0000000085a00000, 0x0000000085a00000| Untracked 
|  91|0x0000000085b00000, 0x0000000085b00000, 0x0000000085c00000|  0%| F|  |TAMS 0x0000000085b00000, 0x0000000085b00000| Untracked 
|  92|0x0000000085c00000, 0x0000000085c00000, 0x0000000085d00000|  0%| F|  |TAMS 0x0000000085c00000, 0x0000000085c00000| Untracked 
|  93|0x0000000085d00000, 0x0000000085e00000, 0x0000000085e00000|100%| E|  |TAMS 0x0000000085d00000, 0x0000000085d00000| Complete 
|  94|0x0000000085e00000, 0x0000000085f00000, 0x0000000085f00000|100%| E|CS|TAMS 0x0000000085e00000, 0x0000000085e00000| Complete 
|  95|0x0000000085f00000, 0x0000000086000000, 0x0000000086000000|100%| E|CS|TAMS 0x0000000085f00000, 0x0000000085f00000| Complete 
|  96|0x0000000086000000, 0x0000000086100000, 0x0000000086100000|100%| E|CS|TAMS 0x0000000086000000, 0x0000000086000000| Complete 
|  97|0x0000000086100000, 0x0000000086200000, 0x0000000086200000|100%| E|CS|TAMS 0x0000000086100000, 0x0000000086100000| Complete 
|  98|0x0000000086200000, 0x0000000086300000, 0x0000000086300000|100%| E|CS|TAMS 0x0000000086200000, 0x0000000086200000| Complete 
|  99|0x0000000086300000, 0x0000000086400000, 0x0000000086400000|100%| E|CS|TAMS 0x0000000086300000, 0x0000000086300000| Complete 
| 100|0x0000000086400000, 0x0000000086500000, 0x0000000086500000|100%| E|CS|TAMS 0x0000000086400000, 0x0000000086400000| Complete 
| 101|0x0000000086500000, 0x0000000086600000, 0x0000000086600000|100%| E|CS|TAMS 0x0000000086500000, 0x0000000086500000| Complete 
| 102|0x0000000086600000, 0x0000000086700000, 0x0000000086700000|100%| E|CS|TAMS 0x0000000086600000, 0x0000000086600000| Complete 
| 103|0x0000000086700000, 0x0000000086800000, 0x0000000086800000|100%| E|CS|TAMS 0x0000000086700000, 0x0000000086700000| Complete 
| 104|0x0000000086800000, 0x0000000086900000, 0x0000000086900000|100%| E|CS|TAMS 0x0000000086800000, 0x0000000086800000| Complete 
| 105|0x0000000086900000, 0x0000000086a00000, 0x0000000086a00000|100%| E|CS|TAMS 0x0000000086900000, 0x0000000086900000| Complete 
| 106|0x0000000086a00000, 0x0000000086b00000, 0x0000000086b00000|100%| E|CS|TAMS 0x0000000086a00000, 0x0000000086a00000| Complete 
| 107|0x0000000086b00000, 0x0000000086c00000, 0x0000000086c00000|100%| E|CS|TAMS 0x0000000086b00000, 0x0000000086b00000| Complete 
| 108|0x0000000086c00000, 0x0000000086d00000, 0x0000000086d00000|100%| E|CS|TAMS 0x0000000086c00000, 0x0000000086c00000| Complete 
| 109|0x0000000086d00000, 0x0000000086e00000, 0x0000000086e00000|100%| E|CS|TAMS 0x0000000086d00000, 0x0000000086d00000| Complete 
| 110|0x0000000086e00000, 0x0000000086f00000, 0x0000000086f00000|100%| E|CS|TAMS 0x0000000086e00000, 0x0000000086e00000| Complete 
| 111|0x0000000086f00000, 0x0000000087000000, 0x0000000087000000|100%| E|CS|TAMS 0x0000000086f00000, 0x0000000086f00000| Complete 
| 112|0x0000000087000000, 0x0000000087100000, 0x0000000087100000|100%| E|CS|TAMS 0x0000000087000000, 0x0000000087000000| Complete 
| 113|0x0000000087100000, 0x0000000087200000, 0x0000000087200000|100%| E|CS|TAMS 0x0000000087100000, 0x0000000087100000| Complete 
| 114|0x0000000087200000, 0x0000000087300000, 0x0000000087300000|100%| E|CS|TAMS 0x0000000087200000, 0x0000000087200000| Complete 
| 115|0x0000000087300000, 0x0000000087400000, 0x0000000087400000|100%| E|CS|TAMS 0x0000000087300000, 0x0000000087300000| Complete 
| 116|0x0000000087400000, 0x0000000087500000, 0x0000000087500000|100%| E|CS|TAMS 0x0000000087400000, 0x0000000087400000| Complete 
| 117|0x0000000087500000, 0x0000000087600000, 0x0000000087600000|100%| E|CS|TAMS 0x0000000087500000, 0x0000000087500000| Complete 
| 118|0x0000000087600000, 0x0000000087700000, 0x0000000087700000|100%| E|CS|TAMS 0x0000000087600000, 0x0000000087600000| Complete 
| 119|0x0000000087700000, 0x0000000087800000, 0x0000000087800000|100%| E|CS|TAMS 0x0000000087700000, 0x0000000087700000| Complete 
| 120|0x0000000087800000, 0x0000000087900000, 0x0000000087900000|100%| E|  |TAMS 0x0000000087800000, 0x0000000087800000| Complete 
| 121|0x0000000087900000, 0x0000000087a00000, 0x0000000087a00000|100%| E|CS|TAMS 0x0000000087900000, 0x0000000087900000| Complete 
| 122|0x0000000087a00000, 0x0000000087b00000, 0x0000000087b00000|100%| E|CS|TAMS 0x0000000087a00000, 0x0000000087a00000| Complete 
| 123|0x0000000087b00000, 0x0000000087c00000, 0x0000000087c00000|100%| E|CS|TAMS 0x0000000087b00000, 0x0000000087b00000| Complete 
| 124|0x0000000087c00000, 0x0000000087d00000, 0x0000000087d00000|100%| E|CS|TAMS 0x0000000087c00000, 0x0000000087c00000| Complete 
| 125|0x0000000087d00000, 0x0000000087e00000, 0x0000000087e00000|100%| E|CS|TAMS 0x0000000087d00000, 0x0000000087d00000| Complete 
| 126|0x0000000087e00000, 0x0000000087f00000, 0x0000000087f00000|100%| E|CS|TAMS 0x0000000087e00000, 0x0000000087e00000| Complete 
| 127|0x0000000087f00000, 0x0000000088000000, 0x0000000088000000|100%| E|CS|TAMS 0x0000000087f00000, 0x0000000087f00000| Complete 
| 128|0x0000000088000000, 0x0000000088100000, 0x0000000088100000|100%| E|CS|TAMS 0x0000000088000000, 0x0000000088000000| Complete 
| 129|0x0000000088100000, 0x0000000088200000, 0x0000000088200000|100%| E|CS|TAMS 0x0000000088100000, 0x0000000088100000| Complete 
| 130|0x0000000088200000, 0x0000000088300000, 0x0000000088300000|100%| E|CS|TAMS 0x0000000088200000, 0x0000000088200000| Complete 
| 131|0x0000000088300000, 0x0000000088400000, 0x0000000088400000|100%| E|CS|TAMS 0x0000000088300000, 0x0000000088300000| Complete 
| 132|0x0000000088400000, 0x0000000088500000, 0x0000000088500000|100%| E|CS|TAMS 0x0000000088400000, 0x0000000088400000| Complete 
| 133|0x0000000088500000, 0x0000000088600000, 0x0000000088600000|100%| E|CS|TAMS 0x0000000088500000, 0x0000000088500000| Complete 
| 134|0x0000000088600000, 0x0000000088700000, 0x0000000088700000|100%| E|CS|TAMS 0x0000000088600000, 0x0000000088600000| Complete 
| 135|0x0000000088700000, 0x0000000088800000, 0x0000000088800000|100%| E|CS|TAMS 0x0000000088700000, 0x0000000088700000| Complete 
| 136|0x0000000088800000, 0x0000000088900000, 0x0000000088900000|100%| E|CS|TAMS 0x0000000088800000, 0x0000000088800000| Complete 
| 137|0x0000000088900000, 0x0000000088a00000, 0x0000000088a00000|100%| E|CS|TAMS 0x0000000088900000, 0x0000000088900000| Complete 
| 138|0x0000000088a00000, 0x0000000088b00000, 0x0000000088b00000|100%| E|CS|TAMS 0x0000000088a00000, 0x0000000088a00000| Complete 
| 139|0x0000000088b00000, 0x0000000088c00000, 0x0000000088c00000|100%| E|CS|TAMS 0x0000000088b00000, 0x0000000088b00000| Complete 

Card table byte_map: [0x0000022135bd0000,0x0000022135fd0000] _byte_map_base: 0x00000221357d0000

Marking Bits (Prev, Next): (CMBitMap*) 0x0000022122d1d408, (CMBitMap*) 0x0000022122d1d440
 Prev Bits: [0x00000221363d0000, 0x00000221383d0000)
 Next Bits: [0x00000221383d0000, 0x000002213a3d0000)

Polling page: 0x00000221224c0000

Metaspace:

Usage:
  Non-class:     42.86 MB capacity,    42.04 MB ( 98%) used,   705.95 KB (  2%) free+waste,   128.31 KB ( <1%) overhead. 
      Class:      6.64 MB capacity,     6.15 MB ( 93%) used,   439.73 KB (  6%) free+waste,    61.13 KB ( <1%) overhead. 
       Both:     49.49 MB capacity,    48.19 MB ( 97%) used,     1.12 MB (  2%) free+waste,   189.44 KB ( <1%) overhead. 

Virtual space:
  Non-class space:       44.00 MB reserved,      42.95 MB ( 98%) committed 
      Class space:        1.00 GB reserved,       6.75 MB ( <1%) committed 
             Both:        1.04 GB reserved,      49.70 MB (  5%) committed 

Chunk freelists:
   Non-Class:  31.00 KB
       Class:  19.00 KB
        Both:  50.00 KB

MaxMetaspaceSize: 17179869184.00 GB
CompressedClassSpaceSize: 1.00 GB

CodeHeap 'non-profiled nmethods': size=120064Kb used=3033Kb max_used=3033Kb free=117030Kb
 bounds [0x000002212e290000, 0x000002212e590000, 0x00000221357d0000]
CodeHeap 'profiled nmethods': size=120000Kb used=11002Kb max_used=11002Kb free=108997Kb
 bounds [0x0000022126d60000, 0x0000022127820000, 0x000002212e290000]
CodeHeap 'non-nmethods': size=5696Kb used=2218Kb max_used=2268Kb free=3478Kb
 bounds [0x00000221267d0000, 0x0000022126a40000, 0x0000022126d60000]
 total_blobs=6193 nmethods=5404 adapters=700
 compilation: enabled
              stopped_count=0, restarted_count=0
 full_count=0

Compilation events (20 events):
Event: 7.844 Thread 0x000002213c8b9800 5386       4       java.security.SecureClassLoader$CodeSourceKey::equals (56 bytes)
Event: 7.846 Thread 0x000002213c8ba800 5388       3       org.gradle.internal.util.Trie::find (135 bytes)
Event: 7.846 Thread 0x000002213c8b9800 nmethod 5386 0x000002212e585c90 code [0x000002212e585e40, 0x000002212e586138]
Event: 7.846 Thread 0x000002213c8ba800 nmethod 5388 0x000002212780df90 code [0x000002212780e1c0, 0x000002212780e918]
Event: 7.848 Thread 0x000002213c8ba800 5390   !   3       com.google.common.collect.MapMakerInternalMap$Segment::put (298 bytes)
Event: 7.851 Thread 0x000002213c8ba800 nmethod 5390 0x000002212780eb90 code [0x000002212780f1e0, 0x0000022127812998]
Event: 7.851 Thread 0x000002213c8ba800 5389       3       com.google.common.collect.MapMakerInternalMap::putIfAbsent (29 bytes)
Event: 7.851 Thread 0x000002213c8ba800 nmethod 5389 0x0000022127814510 code [0x0000022127814740, 0x0000022127814e68]
Event: 7.851 Thread 0x000002213c8ba800 5391       3       com.google.common.collect.MapMakerInternalMap$Segment::setValue (19 bytes)
Event: 7.851 Thread 0x000002213c8ba800 nmethod 5391 0x0000022127815190 code [0x0000022127815360, 0x00000221278155f8]
Event: 7.871 Thread 0x000002213c8ba800 5392       3       com.google.common.collect.MapMakerInternalMap$StrongKeyWeakValueSegment::maybeDrainReferenceQueues (9 bytes)
Event: 7.872 Thread 0x000002213c8ba800 nmethod 5392 0x0000022127815710 code [0x00000221278158c0, 0x0000022127815a68]
Event: 7.872 Thread 0x000002213c8ba800 5393       3       com.google.common.collect.MapMakerInternalMap$Segment::drainValueReferenceQueue (42 bytes)
Event: 7.872 Thread 0x000002213c8ba800 nmethod 5393 0x0000022127815b10 code [0x0000022127815d60, 0x00000221278167e8]
Event: 7.873 Thread 0x000002213c8ba800 5394       3       java.security.PermissionCollection::<init> (5 bytes)
Event: 7.873 Thread 0x000002213c8ba800 nmethod 5394 0x0000022127816b90 code [0x0000022127816d40, 0x0000022127816e98]
Event: 7.874 Thread 0x000002213c8ba800 5395   !   3       org.gradle.internal.classloader.FilteringClassLoader::loadClass (62 bytes)
Event: 7.875 Thread 0x000002213c8ba800 nmethod 5395 0x0000022127816f90 code [0x0000022127817260, 0x0000022127818068]
Event: 7.875 Thread 0x000002213c8ba800 5396       3       java.lang.ClassLoader::findClass (9 bytes)
Event: 7.875 Thread 0x000002213c8ba800 nmethod 5396 0x0000022127818590 code [0x0000022127818740, 0x00000221278188c8]

GC Heap History (20 events):
Event: 0.709 GC heap before
{Heap before GC invocations=1 (full 0):
 garbage-first heap   total 98304K, used 19349K [0x0000000080000000, 0x0000000100000000)
  region size 1024K, 13 young (13312K), 2 survivors (2048K)
 Metaspace       used 10221K, capacity 10428K, committed 10624K, reserved 1058816K
  class space    used 1064K, capacity 1140K, committed 1152K, reserved 1048576K
}
Event: 0.712 GC heap after
{Heap after GC invocations=2 (full 0):
 garbage-first heap   total 98304K, used 9398K [0x0000000080000000, 0x0000000100000000)
  region size 1024K, 2 young (2048K), 2 survivors (2048K)
 Metaspace       used 10221K, capacity 10428K, committed 10624K, reserved 1058816K
  class space    used 1064K, capacity 1140K, committed 1152K, reserved 1048576K
}
Event: 1.127 GC heap before
{Heap before GC invocations=2 (full 0):
 garbage-first heap   total 98304K, used 38070K [0x0000000080000000, 0x0000000100000000)
  region size 1024K, 30 young (30720K), 2 survivors (2048K)
 Metaspace       used 11133K, capacity 11381K, committed 11520K, reserved 1058816K
  class space    used 1166K, capacity 1244K, committed 1280K, reserved 1048576K
}
Event: 1.131 GC heap after
{Heap after GC invocations=3 (full 0):
 garbage-first heap   total 98304K, used 12852K [0x0000000080000000, 0x0000000100000000)
  region size 1024K, 4 young (4096K), 4 survivors (4096K)
 Metaspace       used 11133K, capacity 11381K, committed 11520K, reserved 1058816K
  class space    used 1166K, capacity 1244K, committed 1280K, reserved 1048576K
}
Event: 2.156 GC heap before
{Heap before GC invocations=3 (full 0):
 garbage-first heap   total 98304K, used 57908K [0x0000000080000000, 0x0000000100000000)
  region size 1024K, 49 young (50176K), 4 survivors (4096K)
 Metaspace       used 18007K, capacity 18386K, committed 18432K, reserved 1064960K
  class space    used 2139K, capacity 2271K, committed 2304K, reserved 1048576K
}
Event: 2.162 GC heap after
{Heap after GC invocations=4 (full 0):
 garbage-first heap   total 98304K, used 16141K [0x0000000080000000, 0x0000000100000000)
  region size 1024K, 7 young (7168K), 7 survivors (7168K)
 Metaspace       used 18007K, capacity 18386K, committed 18432K, reserved 1064960K
  class space    used 2139K, capacity 2271K, committed 2304K, reserved 1048576K
}
Event: 2.340 GC heap before
{Heap before GC invocations=4 (full 0):
 garbage-first heap   total 98304K, used 36621K [0x0000000080000000, 0x0000000100000000)
  region size 1024K, 28 young (28672K), 7 survivors (7168K)
 Metaspace       used 20641K, capacity 21125K, committed 21248K, reserved 1067008K
  class space    used 2518K, capacity 2721K, committed 2816K, reserved 1048576K
}
Event: 2.347 GC heap after
{Heap after GC invocations=5 (full 0):
 garbage-first heap   total 118784K, used 16834K [0x0000000080000000, 0x0000000100000000)
  region size 1024K, 1 young (1024K), 1 survivors (1024K)
 Metaspace       used 20641K, capacity 21125K, committed 21248K, reserved 1067008K
  class space    used 2518K, capacity 2721K, committed 2816K, reserved 1048576K
}
Event: 2.931 GC heap before
{Heap before GC invocations=6 (full 0):
 garbage-first heap   total 118784K, used 61890K [0x0000000080000000, 0x0000000100000000)
  region size 1024K, 45 young (46080K), 1 survivors (1024K)
 Metaspace       used 25259K, capacity 25840K, committed 26112K, reserved 1071104K
  class space    used 3278K, capacity 3488K, committed 3584K, reserved 1048576K
}
Event: 2.934 GC heap after
{Heap after GC invocations=7 (full 0):
 garbage-first heap   total 118784K, used 18212K [0x0000000080000000, 0x0000000100000000)
  region size 1024K, 3 young (3072K), 3 survivors (3072K)
 Metaspace       used 25259K, capacity 25840K, committed 26112K, reserved 1071104K
  class space    used 3278K, capacity 3488K, committed 3584K, reserved 1048576K
}
Event: 3.431 GC heap before
{Heap before GC invocations=7 (full 0):
 garbage-first heap   total 118784K, used 66340K [0x0000000080000000, 0x0000000100000000)
  region size 1024K, 50 young (51200K), 3 survivors (3072K)
 Metaspace       used 29964K, capacity 30680K, committed 30976K, reserved 1075200K
  class space    used 4018K, capacity 4273K, committed 4352K, reserved 1048576K
}
Event: 3.434 GC heap after
{Heap after GC invocations=8 (full 0):
 garbage-first heap   total 118784K, used 19594K [0x0000000080000000, 0x0000000100000000)
  region size 1024K, 4 young (4096K), 4 survivors (4096K)
 Metaspace       used 29964K, capacity 30680K, committed 30976K, reserved 1075200K
  class space    used 4018K, capacity 4273K, committed 4352K, reserved 1048576K
}
Event: 3.796 GC heap before
{Heap before GC invocations=8 (full 0):
 garbage-first heap   total 118784K, used 34954K [0x0000000080000000, 0x0000000100000000)
  region size 1024K, 21 young (21504K), 4 survivors (4096K)
 Metaspace       used 35014K, capacity 35805K, committed 35840K, reserved 1081344K
  class space    used 4536K, capacity 4833K, committed 4864K, reserved 1048576K
}
Event: 3.804 GC heap after
{Heap after GC invocations=9 (full 0):
 garbage-first heap   total 118784K, used 21849K [0x0000000080000000, 0x0000000100000000)
  region size 1024K, 6 young (6144K), 6 survivors (6144K)
 Metaspace       used 35014K, capacity 35805K, committed 35840K, reserved 1081344K
  class space    used 4536K, capacity 4833K, committed 4864K, reserved 1048576K
}
Event: 4.256 GC heap before
{Heap before GC invocations=10 (full 0):
 garbage-first heap   total 118784K, used 74073K [0x0000000080000000, 0x0000000100000000)
  region size 1024K, 55 young (56320K), 6 survivors (6144K)
 Metaspace       used 38674K, capacity 39638K, committed 39884K, reserved 1083392K
  class space    used 4930K, capacity 5252K, committed 5376K, reserved 1048576K
}
Event: 4.265 GC heap after
{Heap after GC invocations=11 (full 0):
 garbage-first heap   total 118784K, used 26067K [0x0000000080000000, 0x0000000100000000)
  region size 1024K, 7 young (7168K), 7 survivors (7168K)
 Metaspace       used 38674K, capacity 39638K, committed 39884K, reserved 1083392K
  class space    used 4930K, capacity 5252K, committed 5376K, reserved 1048576K
}
Event: 5.612 GC heap before
{Heap before GC invocations=11 (full 0):
 garbage-first heap   total 118784K, used 77267K [0x0000000080000000, 0x0000000100000000)
  region size 1024K, 56 young (57344K), 7 survivors (7168K)
 Metaspace       used 43349K, capacity 44403K, committed 44620K, reserved 1087488K
  class space    used 5534K, capacity 5897K, committed 6016K, reserved 1048576K
}
Event: 5.625 GC heap after
{Heap after GC invocations=12 (full 0):
 garbage-first heap   total 118784K, used 28703K [0x0000000080000000, 0x0000000100000000)
  region size 1024K, 6 young (6144K), 6 survivors (6144K)
 Metaspace       used 43349K, capacity 44403K, committed 44620K, reserved 1087488K
  class space    used 5534K, capacity 5897K, committed 6016K, reserved 1048576K
}
Event: 7.277 GC heap before
{Heap before GC invocations=12 (full 0):
 garbage-first heap   total 118784K, used 78879K [0x0000000080000000, 0x0000000100000000)
  region size 1024K, 55 young (56320K), 6 survivors (6144K)
 Metaspace       used 46720K, capacity 47965K, committed 48204K, reserved 1091584K
  class space    used 5979K, capacity 6422K, committed 6528K, reserved 1048576K
}
Event: 7.287 GC heap after
{Heap after GC invocations=13 (full 0):
 garbage-first heap   total 143360K, used 31613K [0x0000000080000000, 0x0000000100000000)
  region size 1024K, 6 young (6144K), 6 survivors (6144K)
 Metaspace       used 46720K, capacity 47965K, committed 48204K, reserved 1091584K
  class space    used 5979K, capacity 6422K, committed 6528K, reserved 1048576K
}

Deoptimization events (20 events):
Event: 7.755 Thread 0x000002213efda800 Uncommon trap: trap_request=0xffffffc6 fr.pc=0x000002212e3a29f8 relative=0x0000000000000218
Event: 7.755 Thread 0x000002213efda800 Uncommon trap: reason=bimorphic_or_optimized_type_check action=maybe_recompile pc=0x000002212e3a29f8 method=com.google.common.base.CharMatcher.indexIn(Ljava/lang/CharSequence;I)I @ 31 c2
Event: 7.755 Thread 0x000002213efda800 DEOPT PACKING pc=0x000002212e3a29f8 sp=0x000000a3485f8290
Event: 7.755 Thread 0x000002213efda800 DEOPT UNPACKING pc=0x00000221267f78af sp=0x000000a3485f8238 mode 2
Event: 7.755 Thread 0x000002213efda800 Uncommon trap: trap_request=0xffffffc6 fr.pc=0x000002212e3a29f8 relative=0x0000000000000218
Event: 7.755 Thread 0x000002213efda800 Uncommon trap: reason=bimorphic_or_optimized_type_check action=maybe_recompile pc=0x000002212e3a29f8 method=com.google.common.base.CharMatcher.indexIn(Ljava/lang/CharSequence;I)I @ 31 c2
Event: 7.755 Thread 0x000002213efda800 DEOPT PACKING pc=0x000002212e3a29f8 sp=0x000000a3485f8290
Event: 7.755 Thread 0x000002213efda800 DEOPT UNPACKING pc=0x00000221267f78af sp=0x000000a3485f8238 mode 2
Event: 7.755 Thread 0x000002213efda800 Uncommon trap: trap_request=0xffffffc6 fr.pc=0x000002212e3a29f8 relative=0x0000000000000218
Event: 7.755 Thread 0x000002213efda800 Uncommon trap: reason=bimorphic_or_optimized_type_check action=maybe_recompile pc=0x000002212e3a29f8 method=com.google.common.base.CharMatcher.indexIn(Ljava/lang/CharSequence;I)I @ 31 c2
Event: 7.755 Thread 0x000002213efda800 DEOPT PACKING pc=0x000002212e3a29f8 sp=0x000000a3485f8290
Event: 7.755 Thread 0x000002213efda800 DEOPT UNPACKING pc=0x00000221267f78af sp=0x000000a3485f8238 mode 2
Event: 7.755 Thread 0x000002213efda800 Uncommon trap: trap_request=0xffffffc6 fr.pc=0x000002212e3a29f8 relative=0x0000000000000218
Event: 7.755 Thread 0x000002213efda800 Uncommon trap: reason=bimorphic_or_optimized_type_check action=maybe_recompile pc=0x000002212e3a29f8 method=com.google.common.base.CharMatcher.indexIn(Ljava/lang/CharSequence;I)I @ 31 c2
Event: 7.755 Thread 0x000002213efda800 DEOPT PACKING pc=0x000002212e3a29f8 sp=0x000000a3485f8290
Event: 7.755 Thread 0x000002213efda800 DEOPT UNPACKING pc=0x00000221267f78af sp=0x000000a3485f8238 mode 2
Event: 7.767 Thread 0x000002213efda800 Uncommon trap: trap_request=0xffffff4d fr.pc=0x000002212e2e6860 relative=0x0000000000000580
Event: 7.767 Thread 0x000002213efda800 Uncommon trap: reason=unstable_if action=reinterpret pc=0x000002212e2e6860 method=java.util.jar.Manifest$FastInputStream.readLine([BII)I @ 130 c2
Event: 7.767 Thread 0x000002213efda800 DEOPT PACKING pc=0x000002212e2e6860 sp=0x000000a3485f7d50
Event: 7.767 Thread 0x000002213efda800 DEOPT UNPACKING pc=0x00000221267f78af sp=0x000000a3485f7ce0 mode 2

Classes redefined (0 events):
No events

Internal exceptions (20 events):
Event: 7.691 Thread 0x000002213efda800 Exception <a 'java/lang/ClassNotFoundException'{0x0000000086e6ba58}: org/gradle/api/internal/AbstractTaskCustomizer> (0x0000000086e6ba58) thrown at [./src/hotspot/share/classfile/systemDictionary.cpp, line 231]
Event: 7.697 Thread 0x000002213efda800 Exception <a 'java/lang/ClassNotFoundException'{0x0000000086edcd58}: org/gradle/api/DefaultTaskCustomizer> (0x0000000086edcd58) thrown at [./src/hotspot/share/classfile/systemDictionary.cpp, line 231]
Event: 7.706 Thread 0x000002213efda800 Exception <a 'java/lang/ClassNotFoundException'{0x0000000086d5dd88}: org/gradle/api/internal/ConventionTaskCustomizer> (0x0000000086d5dd88) thrown at [./src/hotspot/share/classfile/systemDictionary.cpp, line 231]
Event: 7.709 Thread 0x000002213efda800 Exception <a 'java/lang/ClassNotFoundException'{0x0000000086d95d08}: org/gradle/api/tasks/DeleteCustomizer> (0x0000000086d95d08) thrown at [./src/hotspot/share/classfile/systemDictionary.cpp, line 231]
Event: 7.711 Thread 0x000002213efda800 Exception <a 'java/lang/ClassNotFoundException'{0x0000000086dd4f48}: org/gradle/api/tasks/Delete_DecoratedCustomizer> (0x0000000086dd4f48) thrown at [./src/hotspot/share/classfile/systemDictionary.cpp, line 231]
Event: 7.729 Thread 0x000002213efda800 Exception <a 'java/lang/NoSuchMethodError'{0x0000000086ce9108}: 'long java.lang.invoke.DirectMethodHandle$Holder.invokeVirtual(java.lang.Object, java.lang.Object)'> (0x0000000086ce9108) thrown at [./src/hotspot/share/interpreter/linkResolver.cpp, line 773]
Event: 7.732 Thread 0x000002213efd5000 Exception <a 'java/lang/NoSuchMethodError'{0x0000000088b14918}: <clinit>> (0x0000000088b14918) thrown at [./src/hotspot/share/prims/jni.cpp, line 1362]
Event: 7.735 Thread 0x000002213efd5000 Exception <a 'java/lang/NoSuchMethodError'{0x0000000086ba00c0}: <clinit>> (0x0000000086ba00c0) thrown at [./src/hotspot/share/prims/jni.cpp, line 1362]
Event: 7.735 Thread 0x000002213efd5000 Exception <a 'java/lang/NoSuchMethodError'{0x0000000086ba11d0}: <clinit>> (0x0000000086ba11d0) thrown at [./src/hotspot/share/prims/jni.cpp, line 1362]
Event: 7.735 Thread 0x000002213efd5000 Exception <a 'java/lang/NoSuchMethodError'{0x0000000086ba24d8}: <clinit>> (0x0000000086ba24d8) thrown at [./src/hotspot/share/prims/jni.cpp, line 1362]
Event: 7.735 Thread 0x000002213efd5000 Exception <a 'java/lang/NoSuchMethodError'{0x0000000086ba34f8}: <clinit>> (0x0000000086ba34f8) thrown at [./src/hotspot/share/prims/jni.cpp, line 1362]
Event: 7.736 Thread 0x000002213efd5000 Exception <a 'java/lang/NoSuchMethodError'{0x0000000086bad588}: <clinit>> (0x0000000086bad588) thrown at [./src/hotspot/share/prims/jni.cpp, line 1362]
Event: 7.737 Thread 0x000002213efd5000 Exception <a 'java/lang/NoSuchMethodError'{0x0000000086bb7a30}: <clinit>> (0x0000000086bb7a30) thrown at [./src/hotspot/share/prims/jni.cpp, line 1362]
Event: 7.739 Thread 0x000002213efd5000 Exception <a 'java/lang/NoSuchMethodError'{0x0000000086bcb7d8}: <clinit>> (0x0000000086bcb7d8) thrown at [./src/hotspot/share/prims/jni.cpp, line 1362]
Event: 7.747 Thread 0x000002213efda800 Exception <a 'java/lang/ClassNotFoundException'{0x0000000086a0b4a8}: build_gozrp1h6uc8rbr4vzikqumg1BeanInfo> (0x0000000086a0b4a8) thrown at [./src/hotspot/share/classfile/systemDictionary.cpp, line 231]
Event: 7.747 Thread 0x000002213efda800 Exception <a 'java/lang/ClassNotFoundException'{0x0000000086a163b0}: build_gozrp1h6uc8rbr4vzikqumg1Customizer> (0x0000000086a163b0) thrown at [./src/hotspot/share/classfile/systemDictionary.cpp, line 231]
Event: 7.753 Thread 0x000002213efda800 Exception <a 'java/lang/ClassNotFoundException'{0x0000000086a96838}: org/gradle/plugin/use/internal/PluginRequestCollector$PluginDependenciesSpecImplBeanInfo> (0x0000000086a96838) thrown at [./src/hotspot/share/classfile/systemDictionary.cpp, line 231]
Event: 7.754 Thread 0x000002213efda800 Exception <a 'java/lang/ClassNotFoundException'{0x0000000086ac46e8}: org/gradle/plugin/use/internal/PluginRequestCollector$PluginDependenciesSpecImplCustomizer> (0x0000000086ac46e8) thrown at [./src/hotspot/share/classfile/systemDictionary.cpp, line 231]
Event: 7.792 Thread 0x000002213efda800 Exception <a 'java/lang/ClassNotFoundException'{0x000000008667d0e8}: org/gradle/api/internal/plugins/DefaultObjectConfigurationActionBeanInfo> (0x000000008667d0e8) thrown at [./src/hotspot/share/classfile/systemDictionary.cpp, line 231]
Event: 7.793 Thread 0x000002213efda800 Exception <a 'java/lang/ClassNotFoundException'{0x00000000866b1a60}: org/gradle/api/internal/plugins/DefaultObjectConfigurationActionCustomizer> (0x00000000866b1a60) thrown at [./src/hotspot/share/classfile/systemDictionary.cpp, line 231]

Events (20 events):
Event: 7.893 loading class com/android/build/gradle/internal/dsl/VariantDimensionBinaryCompatibilityFix
Event: 7.893 loading class com/android/build/gradle/internal/dsl/VariantDimensionBinaryCompatibilityFix done
Event: 7.894 loading class com/android/build/gradle/internal/dsl/VariantDimensionBinaryCompatibilityFixParent
Event: 7.894 loading class com/android/build/gradle/internal/dsl/VariantDimensionBinaryCompatibilityFixParent done
Event: 7.894 loading class com/android/build/api/dsl/ApplicationBuildType
Event: 7.894 loading class com/android/build/api/dsl/ApplicationBuildType done
Event: 7.894 loading class com/android/build/api/dsl/BuildType
Event: 7.894 loading class com/android/build/api/dsl/BuildType done
Event: 7.894 loading class org/gradle/api/plugins/ExtensionAware
Event: 7.894 loading class org/gradle/api/plugins/ExtensionAware done
Event: 7.895 loading class com/android/build/api/dsl/LibraryBuildType
Event: 7.895 loading class com/android/build/api/dsl/LibraryBuildType done
Event: 7.895 loading class com/android/build/api/dsl/DynamicFeatureBuildType
Event: 7.895 loading class com/android/build/api/dsl/DynamicFeatureBuildType done
Event: 7.895 loading class com/android/build/api/dsl/TestBuildType
Event: 7.895 loading class com/android/build/api/dsl/TestBuildType done
Event: 7.895 loading class com/android/build/gradle/internal/dsl/InternalBuildType
Event: 7.895 loading class com/android/build/gradle/internal/dsl/InternalBuildType done
Event: 7.895 loading class com/android/builder/core/AbstractBuildType
Event: 7.895 loading class com/android/builder/core/AbstractBuildType done


Dynamic libraries:
0x00007ff79d900000 - 0x00007ff79d90a000 	C:\Program Files\Android\Android Studio\jre\bin\java.exe
0x00007ffd5c9f0000 - 0x00007ffd5cbe5000 	C:\WINDOWS\SYSTEM32\ntdll.dll
0x00007ffd5c680000 - 0x00007ffd5c73e000 	C:\WINDOWS\System32\KERNEL32.DLL
0x00007ffd5a410000 - 0x00007ffd5a6d9000 	C:\WINDOWS\System32\KERNELBASE.dll
0x00007ffd5a940000 - 0x00007ffd5aa40000 	C:\WINDOWS\System32\ucrtbase.dll
0x00007ffd4b4e0000 - 0x00007ffd4b4f9000 	C:\Program Files\Android\Android Studio\jre\bin\jli.dll
0x00007ffd4d1b0000 - 0x00007ffd4d1c7000 	C:\Program Files\Android\Android Studio\jre\bin\VCRUNTIME140.dll
0x00007ffd5ab40000 - 0x00007ffd5ace1000 	C:\WINDOWS\System32\USER32.dll
0x00007ffd5a270000 - 0x00007ffd5a292000 	C:\WINDOWS\System32\win32u.dll
0x00007ffd47840000 - 0x00007ffd47ada000 	C:\WINDOWS\WinSxS\amd64_microsoft.windows.common-controls_6595b64144ccf1df_6.0.19041.1110_none_60b5254171f9507e\COMCTL32.dll
0x00007ffd5bff0000 - 0x00007ffd5c01b000 	C:\WINDOWS\System32\GDI32.dll
0x00007ffd5a6e0000 - 0x00007ffd5a7eb000 	C:\WINDOWS\System32\gdi32full.dll
0x00007ffd5a7f0000 - 0x00007ffd5a88d000 	C:\WINDOWS\System32\msvcp_win.dll
0x00007ffd5bee0000 - 0x00007ffd5bf7e000 	C:\WINDOWS\System32\msvcrt.dll
0x00007ffd5acf0000 - 0x00007ffd5ad20000 	C:\WINDOWS\System32\IMM32.DLL
0x00007ffd47be0000 - 0x00007ffd47c7d000 	C:\Program Files\Android\Android Studio\jre\bin\msvcp140.dll
0x00007ffcfdcd0000 - 0x00007ffcfe79f000 	C:\Program Files\Android\Android Studio\jre\bin\server\jvm.dll
0x00007ffd5c5d0000 - 0x00007ffd5c67c000 	C:\WINDOWS\System32\ADVAPI32.dll
0x00007ffd5aa40000 - 0x00007ffd5aadb000 	C:\WINDOWS\System32\sechost.dll
0x00007ffd5c870000 - 0x00007ffd5c99a000 	C:\WINDOWS\System32\RPCRT4.dll
0x00007ffd5c9a0000 - 0x00007ffd5c9a8000 	C:\WINDOWS\System32\PSAPI.DLL
0x00007ffd54d50000 - 0x00007ffd54d59000 	C:\WINDOWS\SYSTEM32\WSOCK32.dll
0x00007ffd509c0000 - 0x00007ffd509e7000 	C:\WINDOWS\SYSTEM32\WINMM.dll
0x00007ffd5bf80000 - 0x00007ffd5bfeb000 	C:\WINDOWS\System32\WS2_32.dll
0x00007ffd51a50000 - 0x00007ffd51a5a000 	C:\WINDOWS\SYSTEM32\VERSION.dll
0x00007ffd58030000 - 0x00007ffd58042000 	C:\WINDOWS\SYSTEM32\kernel.appcore.dll
0x00007ffd54320000 - 0x00007ffd54331000 	C:\Program Files\Android\Android Studio\jre\bin\verify.dll
0x00007ffd52a80000 - 0x00007ffd52c64000 	C:\WINDOWS\SYSTEM32\DBGHELP.DLL
0x00007ffd4ca70000 - 0x00007ffd4ca9c000 	C:\WINDOWS\SYSTEM32\dbgcore.DLL
0x00007ffd5a2d0000 - 0x00007ffd5a353000 	C:\WINDOWS\System32\bcryptPrimitives.dll
0x00007ffd542f0000 - 0x00007ffd54319000 	C:\Program Files\Android\Android Studio\jre\bin\java.dll
0x00007ffd54d40000 - 0x00007ffd54d4b000 	C:\Program Files\Android\Android Studio\jre\bin\jimage.dll
0x00007ffd53b20000 - 0x00007ffd53b38000 	C:\Program Files\Android\Android Studio\jre\bin\zip.dll
0x00007ffd5b7a0000 - 0x00007ffd5bedf000 	C:\WINDOWS\System32\SHELL32.dll
0x00007ffd58230000 - 0x00007ffd589c0000 	C:\WINDOWS\SYSTEM32\windows.storage.dll
0x00007ffd5b070000 - 0x00007ffd5b3c5000 	C:\WINDOWS\System32\combase.dll
0x00007ffd59a90000 - 0x00007ffd59abc000 	C:\WINDOWS\SYSTEM32\Wldp.dll
0x00007ffd5aef0000 - 0x00007ffd5af9d000 	C:\WINDOWS\System32\SHCORE.dll
0x00007ffd5aae0000 - 0x00007ffd5ab35000 	C:\WINDOWS\System32\shlwapi.dll
0x00007ffd5a050000 - 0x00007ffd5a06f000 	C:\WINDOWS\SYSTEM32\profapi.dll
0x00007ffd53b00000 - 0x00007ffd53b1a000 	C:\Program Files\Android\Android Studio\jre\bin\net.dll
0x00007ffd4c7d0000 - 0x00007ffd4c8d8000 	C:\WINDOWS\SYSTEM32\WINHTTP.dll
0x00007ffd597f0000 - 0x00007ffd5985a000 	C:\WINDOWS\system32\mswsock.dll
0x00007ffd53ae0000 - 0x00007ffd53af4000 	C:\Program Files\Android\Android Studio\jre\bin\nio.dll
0x00007ffd54d80000 - 0x00007ffd54da7000 	C:\Users\User\.gradle\native\8bec1ad78214c89d9ad589b4d07fe93259594b29d510b10fafb7a158f7737e5d\windows-amd64\native-platform.dll
0x00007ffd08870000 - 0x00007ffd089ad000 	C:\Users\User\.gradle\native\53dbd7edfb1c66fb8903c78663c9afc45aea4f116125fa6feffd364cf09443e8\windows-amd64\native-platform-file-events.dll
0x00007ffd54390000 - 0x00007ffd5439a000 	C:\Program Files\Android\Android Studio\jre\bin\management.dll
0x00007ffd542e0000 - 0x00007ffd542ec000 	C:\Program Files\Android\Android Studio\jre\bin\management_ext.dll
0x00007ffd599e0000 - 0x00007ffd599f8000 	C:\WINDOWS\SYSTEM32\CRYPTSP.dll
0x00007ffd59170000 - 0x00007ffd591a4000 	C:\WINDOWS\system32\rsaenh.dll
0x00007ffd5a2a0000 - 0x00007ffd5a2c7000 	C:\WINDOWS\System32\bcrypt.dll
0x00007ffd5a010000 - 0x00007ffd5a03e000 	C:\WINDOWS\SYSTEM32\USERENV.dll
0x00007ffd59a00000 - 0x00007ffd59a0c000 	C:\WINDOWS\SYSTEM32\CRYPTBASE.dll
0x00007ffd594e0000 - 0x00007ffd5951b000 	C:\WINDOWS\SYSTEM32\IPHLPAPI.DLL
0x00007ffd5ae20000 - 0x00007ffd5ae28000 	C:\WINDOWS\System32\NSI.dll
0x00007ffd52540000 - 0x00007ffd52557000 	C:\WINDOWS\SYSTEM32\dhcpcsvc6.DLL
0x00007ffd52740000 - 0x00007ffd5275d000 	C:\WINDOWS\SYSTEM32\dhcpcsvc.DLL
0x00007ffd59520000 - 0x00007ffd595ec000 	C:\WINDOWS\SYSTEM32\DNSAPI.dll

dbghelp: loaded successfully - version: 4.0.5 - missing functions: none
symbol engine: initialized successfully - sym options: 0x614 - pdb path: .;C:\Program Files\Android\Android Studio\jre\bin;C:\WINDOWS\SYSTEM32;C:\WINDOWS\WinSxS\amd64_microsoft.windows.common-controls_6595b64144ccf1df_6.0.19041.1110_none_60b5254171f9507e;C:\Program Files\Android\Android Studio\jre\bin\server;C:\Users\User\.gradle\native\8bec1ad78214c89d9ad589b4d07fe93259594b29d510b10fafb7a158f7737e5d\windows-amd64;C:\Users\User\.gradle\native\53dbd7edfb1c66fb8903c78663c9afc45aea4f116125fa6feffd364cf09443e8\windows-amd64

VM Arguments:
jvm_args: --add-opens=java.base/java.util=ALL-UNNAMED --add-opens=java.base/java.lang=ALL-UNNAMED --add-opens=java.base/java.lang.invoke=ALL-UNNAMED --add-opens=java.base/java.util=ALL-UNNAMED --add-opens=java.prefs/java.util.prefs=ALL-UNNAMED --add-opens=java.prefs/java.util.prefs=ALL-UNNAMED --add-opens=java.base/java.nio.charset=ALL-UNNAMED --add-opens=java.base/java.net=ALL-UNNAMED --add-opens=java.base/java.util.concurrent.atomic=ALL-UNNAMED -Xmx2048m -Dfile.encoding=UTF-8 -Duser.country=ID -Duser.language=en -Duser.variant 
java_command: org.gradle.launcher.daemon.bootstrap.GradleDaemon 7.0.2
java_class_path (initial): C:\Users\User\.gradle\wrapper\dists\gradle-7.0.2-bin\857tjihv64xamwrf0h14cai3r\gradle-7.0.2\lib\gradle-launcher-7.0.2.jar
Launcher Type: SUN_STANDARD

[Global flags]
     intx CICompilerCount                          = 3                                         {product} {ergonomic}
     uint ConcGCThreads                            = 1                                         {product} {ergonomic}
     uint G1ConcRefinementThreads                  = 4                                         {product} {ergonomic}
   size_t G1HeapRegionSize                         = 1048576                                   {product} {ergonomic}
    uintx GCDrainStackTargetSize                   = 64                                        {product} {ergonomic}
   size_t InitialHeapSize                          = 100663296                                 {product} {ergonomic}
   size_t MarkStackSize                            = 4194304                                   {product} {ergonomic}
   size_t MaxHeapSize                              = 2147483648                                {product} {command line}
   size_t MaxNewSize                               = 1287651328                                {product} {ergonomic}
   size_t MinHeapDeltaBytes                        = 1048576                                   {product} {ergonomic}
    uintx NonNMethodCodeHeapSize                   = 5830732                                {pd product} {ergonomic}
    uintx NonProfiledCodeHeapSize                  = 122913754                              {pd product} {ergonomic}
    uintx ProfiledCodeHeapSize                     = 122913754                              {pd product} {ergonomic}
    uintx ReservedCodeCacheSize                    = 251658240                              {pd product} {ergonomic}
     bool SegmentedCodeCache                       = true                                      {product} {ergonomic}
     bool UseCompressedClassPointers               = true                                 {lp64_product} {ergonomic}
     bool UseCompressedOops                        = true                                 {lp64_product} {ergonomic}
     bool UseG1GC                                  = true                                      {product} {ergonomic}
     bool UseLargePagesIndividualAllocation        = false                                  {pd product} {ergonomic}

Logging:
Log output configuration:
 #0: stdout all=warning uptime,level,tags
 #1: stderr all=off uptime,level,tags

Environment Variables:
JAVA_HOME=C:\Users\User\.jdks\azul-13.0.8
CLASSPATH=.;
PATH=C:\Program Files\gradle-7.3.3-bin\gradle-7.3.3\bin;C:\Program Files (x86)\Common Files\Oracle\Java\javapath;C:\Python27\;C:\Python27\Scripts;C:\ProgramData\Oracle\Java\javapath;C:\WINDOWS\system32;C:\WINDOWS;C:\WINDOWS\System32\Wbem;C:\WINDOWS\System32\WindowsPowerShell\v1.0\;C:\WINDOWS\System32\OpenSSH\;C:\ProgramData\chocolatey\bin;C:\Program Files\nodejs\;C:\Users\User\AppData\Local\Android\Sdk\platform-tools;C:\Program Files\Java\jdk-15.0.2\bin;C:\Program Files\Java\jdk1.8.0_271\bin;C:\Users\User\.jdks\azul-13.0.8\bin;C:\Program Files\Git\cmd;C:\flutter\bin;C:\Users\User\AppData\Local\Microsoft\WindowsApps;C:\Users\User\AppData\Local\Programs\Microsoft VS Code\bin;C:\Users\User\AppData\Roaming\npm;C:\Users\User\AppData\Local\Android\Sdk\platform-tools;
USERNAME=User
OS=Windows_NT
PROCESSOR_IDENTIFIER=AMD64 Family 23 Model 24 Stepping 1, AuthenticAMD



---------------  S Y S T E M  ---------------

OS: Windows 10 , 64 bit Build 19041 (10.0.19041.1202)
OS uptime: 0 days 17:39 hours

CPU:total 4 (initial active 4) (4 cores per cpu, 1 threads per core) family 23 model 24 stepping 1 microcode 0x0, cmov, cx8, fxsr, mmx, sse, sse2, sse3, ssse3, sse4.1, sse4.2, popcnt, avx, avx2, aes, clmul, mmxext, 3dnowpref, lzcnt, sse4a, tsc, tscinvbit, tscinv, bmi1, bmi2, adx, sha, 

Memory: 4k page, system-wide physical 6072M (411M free)
TotalPageFile size 14264M (AvailPageFile size 1M)
current process WorkingSet (physical memory assigned to process): 294M, peak: 295M
current process commit charge ("private bytes"): 334M, peak: 334M

vm_info: OpenJDK 64-Bit Server VM (11.0.10+0-b96-7249189) for windows-amd64 JRE (11.0.10+0-b96-7249189), built on Mar 31 2021 21:44:00 by "builder" with MS VC++ 14.0 (VS2015)

END.
