#
# There is insufficient memory for the Java Runtime Environment to continue.
# Native memory allocation (mmap) failed to map 218103808 bytes for Failed to commit area from 0x0000000092500000 to 0x000000009f500000 of length 218103808.
# Possible reasons:
#   The system is out of physical RAM or swap space
#   The process is running with CompressedOops enabled, and the Java Heap may be blocking the growth of the native heap
# Possible solutions:
#   Reduce memory load on the system
#   Increase physical memory or swap space
#   Check if swap backing store is full
#   Decrease Java heap size (-Xmx/-Xms)
#   Decrease number of Java threads
#   Decrease Java thread stack sizes (-Xss)
#   Set larger code cache with -XX:ReservedCodeCacheSize=
#   JVM is running with Unscaled Compressed Oops mode in which the Java heap is
#     placed in the first 4GB address space. The Java Heap base address is the
#     maximum limit for the native heap growth. Please use -XX:HeapBaseMinAddress
#     to set the Java Heap base and to place the Java Heap above 4GB virtual address.
# This output file may be truncated or incomplete.
#
#  Out of Memory Error (./src/hotspot/os/windows/os_windows.cpp:3301), pid=1140, tid=3880
#
# JRE version: OpenJDK Runtime Environment (11.0.11+9) (build 11.0.11+9-b60-7590822)
# Java VM: OpenJDK 64-Bit Server VM (11.0.11+9-b60-7590822, mixed mode, tiered, compressed oops, g1 gc, windows-amd64)
# No core dump will be written. Minidumps are not enabled by default on client versions of Windows
#

---------------  S U M M A R Y ------------

Command Line: --add-opens=java.base/java.util=ALL-UNNAMED --add-opens=java.base/java.lang=ALL-UNNAMED --add-opens=java.base/java.lang.invoke=ALL-UNNAMED --add-opens=java.base/java.util=ALL-UNNAMED --add-opens=java.prefs/java.util.prefs=ALL-UNNAMED --add-opens=java.prefs/java.util.prefs=ALL-UNNAMED --add-opens=java.base/java.nio.charset=ALL-UNNAMED --add-opens=java.base/java.net=ALL-UNNAMED --add-opens=java.base/java.util.concurrent.atomic=ALL-UNNAMED -Xmx2048m -Dfile.encoding=UTF-8 -Duser.country=ID -Duser.language=en -Duser.variant org.gradle.launcher.daemon.bootstrap.GradleDaemon 7.3.3

Host: AMD Ryzen 3 3200G with Radeon Vega Graphics    , 4 cores, 6G,  Windows 10 , 64 bit Build 19041 (10.0.19041.1202)
Time: Tue Feb 15 14:55:20 2022 SE Asia Standard Time elapsed time: 16.806375 seconds (0d 0h 0m 16s)

---------------  T H R E A D  ---------------

Current thread (0x000001b8acff6000):  VMThread "VM Thread" [stack: 0x000000b482800000,0x000000b482900000] [id=3880]

Stack: [0x000000b482800000,0x000000b482900000]
[error occurred during error reporting (printing stack bounds), id 0xc0000005, EXCEPTION_ACCESS_VIOLATION (0xc0000005) at pc=0x000001b8967a0f2d]

Native frames: (J=compiled Java code, j=interpreted, Vv=VM code, C=native code)
V  [jvm.dll+0x5f214a]
V  [jvm.dll+0x726fb5]
V  [jvm.dll+0x7285cd]
V  [jvm.dll+0x728be5]
V  [jvm.dll+0x728b9b]
V  [jvm.dll+0x5f14e8]
V  [jvm.dll+0x5f1c78]
C  [ntdll.dll+0xa20cf]
C  [ntdll.dll+0x51454]
C  [ntdll.dll+0xa0bfe]
C  0x000001b8967a0f2d

VM_Operation (0x000000b4886fae30): G1CollectForAllocation, mode: safepoint, requested by thread 0x000001b8b4a59800


---------------  P R O C E S S  ---------------

Threads class SMR info:
_java_thread_list=0x000001b8b7ca5350, length=94, elements={
0x000001b892c7a800, 0x000001b8acffc800, 0x000001b8ad000800, 0x000001b8ad015800,
0x000001b8ad016000, 0x000001b8ad018000, 0x000001b8ad01b000, 0x000001b8ad05a800,
0x000001b8ad05d800, 0x000001b8adae1000, 0x000001b8b008d000, 0x000001b8af04f800,
0x000001b8ae7cb800, 0x000001b8aec6b000, 0x000001b8af2c1800, 0x000001b8aeb2e000,
0x000001b8af247000, 0x000001b8af532000, 0x000001b8b12bd000, 0x000001b8af063000,
0x000001b8af060800, 0x000001b8af062000, 0x000001b8af061000, 0x000001b8b013d800,
0x000001b8b0204000, 0x000001b8b01ff800, 0x000001b8b0202000, 0x000001b8b01fe800,
0x000001b8b0206000, 0x000001b8b0202800, 0x000001b8b0201000, 0x000001b8b0205000,
0x000001b8b0200000, 0x000001b8b0209000, 0x000001b8b020a800, 0x000001b8b020b800,
0x000001b8b0206800, 0x000001b8b020c800, 0x000001b8b020d000, 0x000001b8b0208800,
0x000001b8b3d1c800, 0x000001b8b3d19800, 0x000001b8b3d1c000, 0x000001b8b3d1e800,
0x000001b8b3d1d800, 0x000001b8b3d20000, 0x000001b8b3d1b000, 0x000001b8b3d1a000,
0x000001b8b3d22800, 0x000001b8b3d1f000, 0x000001b8b3d25000, 0x000001b8b3d23000,
0x000001b8b3d24000, 0x000001b8b3d25800, 0x000001b8b3d26800, 0x000001b8b3d20800,
0x000001b8b3d27000, 0x000001b8b3d21800, 0x000001b8b3d28000, 0x000001b8aded9800,
0x000001b8adeda800, 0x000001b8aded6800, 0x000001b8aded7800, 0x000001b8adedb800,
0x000001b8adedc000, 0x000001b8adedd000, 0x000001b8adede000, 0x000001b8aded8000,
0x000001b8adede800, 0x000001b8aded9000, 0x000001b8adee2800, 0x000001b8adee3800,
0x000001b8adee5000, 0x000001b8adee0800, 0x000001b8adee1000, 0x000001b8adee4800,
0x000001b8adee2000, 0x000001b8adedf800, 0x000001b8b4a54000, 0x000001b8b4a54800,
0x000001b8b4a51800, 0x000001b8b4a53000, 0x000001b8b4a55800, 0x000001b8b4a52000,
0x000001b8b4a4f800, 0x000001b8b4a57000, 0x000001b8b4a5c000, 0x000001b8b4a5a800,
0x000001b8b4a58000, 0x000001b8b4a58800, 0x000001b8b4a59800, 0x000001b8b4a5b000,
0x000001b8b4a56000, 0x000001b8b4a5d000
}

Java Threads: ( => current thread )
  0x000001b892c7a800 JavaThread "main" [_thread_blocked, id=12040, stack(0x000000b482200000,0x000000b482300000)]
  0x000001b8acffc800 JavaThread "Reference Handler" daemon [_thread_blocked, id=9928, stack(0x000000b482900000,0x000000b482a00000)]
  0x000001b8ad000800 JavaThread "Finalizer" daemon [_thread_blocked, id=8744, stack(0x000000b482a00000,0x000000b482b00000)]
  0x000001b8ad015800 JavaThread "Signal Dispatcher" daemon [_thread_blocked, id=10088, stack(0x000000b482b00000,0x000000b482c00000)]
  0x000001b8ad016000 JavaThread "Attach Listener" daemon [_thread_blocked, id=1972, stack(0x000000b482c00000,0x000000b482d00000)]
  0x000001b8ad018000 JavaThread "Service Thread" daemon [_thread_blocked, id=7080, stack(0x000000b482d00000,0x000000b482e00000)]
  0x000001b8ad01b000 JavaThread "C2 CompilerThread0" daemon [_thread_blocked, id=4200, stack(0x000000b482e00000,0x000000b482f00000)]
  0x000001b8ad05a800 JavaThread "C1 CompilerThread0" daemon [_thread_blocked, id=3636, stack(0x000000b482f00000,0x000000b483000000)]
  0x000001b8ad05d800 JavaThread "Sweeper thread" daemon [_thread_blocked, id=10008, stack(0x000000b483000000,0x000000b483100000)]
  0x000001b8adae1000 JavaThread "Common-Cleaner" daemon [_thread_blocked, id=1776, stack(0x000000b483100000,0x000000b483200000)]
  0x000001b8b008d000 JavaThread "Daemon health stats" [_thread_blocked, id=4168, stack(0x000000b483500000,0x000000b483600000)]
  0x000001b8af04f800 JavaThread "Incoming local TCP Connector on port 62684" [_thread_in_native, id=6968, stack(0x000000b483300000,0x000000b483400000)]
  0x000001b8ae7cb800 JavaThread "Daemon periodic checks" [_thread_blocked, id=11804, stack(0x000000b483600000,0x000000b483700000)]
  0x000001b8aec6b000 JavaThread "Daemon" [_thread_blocked, id=5668, stack(0x000000b483700000,0x000000b483800000)]
  0x000001b8af2c1800 JavaThread "Handler for socket connection from /127.0.0.1:62684 to /127.0.0.1:62685" [_thread_in_native, id=3460, stack(0x000000b483800000,0x000000b483900000)]
  0x000001b8aeb2e000 JavaThread "Cancel handler" [_thread_blocked, id=5312, stack(0x000000b483900000,0x000000b483a00000)]
  0x000001b8af247000 JavaThread "Daemon worker" [_thread_blocked, id=12064, stack(0x000000b483a00000,0x000000b483b00000)]
  0x000001b8af532000 JavaThread "Asynchronous log dispatcher for DefaultDaemonConnection: socket connection from /127.0.0.1:62684 to /127.0.0.1:62685" [_thread_blocked, id=10344, stack(0x000000b483b00000,0x000000b483c00000)]
  0x000001b8b12bd000 JavaThread "Stdin handler" [_thread_blocked, id=9272, stack(0x000000b483c00000,0x000000b483d00000)]
  0x000001b8af063000 JavaThread "Daemon client event forwarder" [_thread_blocked, id=2124, stack(0x000000b483d00000,0x000000b483e00000)]
  0x000001b8af060800 JavaThread "Cache worker for journal cache (C:\Users\User\.gradle\caches\journal-1)" [_thread_blocked, id=5260, stack(0x000000b484000000,0x000000b484100000)]
  0x000001b8af062000 JavaThread "File lock request listener" [_thread_in_native, id=9804, stack(0x000000b484100000,0x000000b484200000)]
  0x000001b8af061000 JavaThread "Cache worker for file hash cache (C:\Users\User\.gradle\caches\7.3.3\fileHashes)" [_thread_blocked, id=7760, stack(0x000000b484200000,0x000000b484300000)]
  0x000001b8b013d800 JavaThread "C2 CompilerThread1" daemon [_thread_in_native, id=4092, stack(0x000000b484300000,0x000000b484400000)]
  0x000001b8b0204000 JavaThread "Cache worker for file hash cache (D:\Binar\Sciroper-CC7\.gradle\7.3.3\fileHashes)" [_thread_blocked, id=4992, stack(0x000000b484400000,0x000000b484500000)]
  0x000001b8b01ff800 JavaThread "File watcher server" daemon [_thread_blocked, id=10216, stack(0x000000b484500000,0x000000b484600000)]
  0x000001b8b0202000 JavaThread "File watcher consumer" daemon [_thread_blocked, id=740, stack(0x000000b484600000,0x000000b484700000)]
  0x000001b8b01fe800 JavaThread "Cache worker for checksums cache (D:\Binar\Sciroper-CC7\.gradle\7.3.3\checksums)" [_thread_blocked, id=2228, stack(0x000000b484700000,0x000000b484800000)]
  0x000001b8b0206000 JavaThread "Cache worker for cache directory md-supplier (C:\Users\User\.gradle\caches\7.3.3\md-supplier)" [_thread_blocked, id=10696, stack(0x000000b484800000,0x000000b484900000)]
  0x000001b8b0202800 JavaThread "Cache worker for cache directory md-rule (C:\Users\User\.gradle\caches\7.3.3\md-rule)" [_thread_blocked, id=4576, stack(0x000000b484900000,0x000000b484a00000)]
  0x000001b8b0201000 JavaThread "Cache worker for execution history cache (C:\Users\User\.gradle\caches\7.3.3\executionHistory)" [_thread_blocked, id=4100, stack(0x000000b484a00000,0x000000b484b00000)]
  0x000001b8b0205000 JavaThread "jar transforms" [_thread_blocked, id=5068, stack(0x000000b484b00000,0x000000b484c00000)]
  0x000001b8b0200000 JavaThread "jar transforms Thread 2" [_thread_blocked, id=8344, stack(0x000000b484c00000,0x000000b484d00000)]
  0x000001b8b0209000 JavaThread "Cache worker for file content cache (C:\Users\User\.gradle\caches\7.3.3\fileContent)" [_thread_blocked, id=5112, stack(0x000000b484d00000,0x000000b484e00000)]
  0x000001b8b020a800 JavaThread "Cache worker for dependencies-accessors (D:\Binar\Sciroper-CC7\.gradle\7.3.3\dependencies-accessors)" [_thread_blocked, id=992, stack(0x000000b484e00000,0x000000b484f00000)]
  0x000001b8b020b800 JavaThread "jar transforms Thread 3" [_thread_blocked, id=10584, stack(0x000000b484f00000,0x000000b485000000)]
  0x000001b8b0206800 JavaThread "Cache worker for Build Output Cleanup Cache (D:\Binar\Sciroper-CC7\.gradle\buildOutputCleanup)" [_thread_blocked, id=2476, stack(0x000000b485000000,0x000000b485100000)]
  0x000001b8b020c800 JavaThread "Unconstrained build operations" [_thread_blocked, id=6920, stack(0x000000b485100000,0x000000b485200000)]
  0x000001b8b020d000 JavaThread "Unconstrained build operations Thread 2" [_thread_blocked, id=9708, stack(0x000000b485200000,0x000000b485300000)]
  0x000001b8b0208800 JavaThread "Unconstrained build operations Thread 3" [_thread_blocked, id=7056, stack(0x000000b485300000,0x000000b485400000)]
  0x000001b8b3d1c800 JavaThread "Unconstrained build operations Thread 4" [_thread_blocked, id=11140, stack(0x000000b485400000,0x000000b485500000)]
  0x000001b8b3d19800 JavaThread "Unconstrained build operations Thread 5" [_thread_blocked, id=3588, stack(0x000000b485500000,0x000000b485600000)]
  0x000001b8b3d1c000 JavaThread "Unconstrained build operations Thread 6" [_thread_blocked, id=8296, stack(0x000000b485600000,0x000000b485700000)]
  0x000001b8b3d1e800 JavaThread "Unconstrained build operations Thread 7" [_thread_blocked, id=9612, stack(0x000000b485700000,0x000000b485800000)]
  0x000001b8b3d1d800 JavaThread "Unconstrained build operations Thread 8" [_thread_blocked, id=7700, stack(0x000000b485800000,0x000000b485900000)]
  0x000001b8b3d20000 JavaThread "Unconstrained build operations Thread 9" [_thread_blocked, id=3808, stack(0x000000b485900000,0x000000b485a00000)]
  0x000001b8b3d1b000 JavaThread "Unconstrained build operations Thread 10" [_thread_blocked, id=7076, stack(0x000000b485a00000,0x000000b485b00000)]
  0x000001b8b3d1a000 JavaThread "Unconstrained build operations Thread 11" [_thread_blocked, id=8180, stack(0x000000b485b00000,0x000000b485c00000)]
  0x000001b8b3d22800 JavaThread "Unconstrained build operations Thread 12" [_thread_blocked, id=264, stack(0x000000b485c00000,0x000000b485d00000)]
  0x000001b8b3d1f000 JavaThread "Unconstrained build operations Thread 13" [_thread_blocked, id=11008, stack(0x000000b485d00000,0x000000b485e00000)]
  0x000001b8b3d25000 JavaThread "Unconstrained build operations Thread 14" [_thread_blocked, id=5784, stack(0x000000b485e00000,0x000000b485f00000)]
  0x000001b8b3d23000 JavaThread "Unconstrained build operations Thread 15" [_thread_blocked, id=4664, stack(0x000000b485f00000,0x000000b486000000)]
  0x000001b8b3d24000 JavaThread "Unconstrained build operations Thread 16" [_thread_blocked, id=6336, stack(0x000000b486000000,0x000000b486100000)]
  0x000001b8b3d25800 JavaThread "Unconstrained build operations Thread 17" [_thread_blocked, id=5132, stack(0x000000b486100000,0x000000b486200000)]
  0x000001b8b3d26800 JavaThread "Unconstrained build operations Thread 18" [_thread_blocked, id=6124, stack(0x000000b486200000,0x000000b486300000)]
  0x000001b8b3d20800 JavaThread "Unconstrained build operations Thread 19" [_thread_blocked, id=9548, stack(0x000000b486300000,0x000000b486400000)]
  0x000001b8b3d27000 JavaThread "Unconstrained build operations Thread 20" [_thread_blocked, id=11208, stack(0x000000b486400000,0x000000b486500000)]
  0x000001b8b3d21800 JavaThread "Unconstrained build operations Thread 21" [_thread_blocked, id=10068, stack(0x000000b486500000,0x000000b486600000)]
  0x000001b8b3d28000 JavaThread "Unconstrained build operations Thread 22" [_thread_blocked, id=6828, stack(0x000000b486600000,0x000000b486700000)]
  0x000001b8aded9800 JavaThread "Unconstrained build operations Thread 23" [_thread_blocked, id=6772, stack(0x000000b486700000,0x000000b486800000)]
  0x000001b8adeda800 JavaThread "Unconstrained build operations Thread 24" [_thread_blocked, id=6396, stack(0x000000b486800000,0x000000b486900000)]
  0x000001b8aded6800 JavaThread "Unconstrained build operations Thread 25" [_thread_blocked, id=3896, stack(0x000000b486900000,0x000000b486a00000)]
  0x000001b8aded7800 JavaThread "Unconstrained build operations Thread 26" [_thread_blocked, id=3780, stack(0x000000b486a00000,0x000000b486b00000)]
  0x000001b8adedb800 JavaThread "Unconstrained build operations Thread 27" [_thread_blocked, id=1684, stack(0x000000b486b00000,0x000000b486c00000)]
  0x000001b8adedc000 JavaThread "Unconstrained build operations Thread 28" [_thread_blocked, id=9224, stack(0x000000b486c00000,0x000000b486d00000)]
  0x000001b8adedd000 JavaThread "Unconstrained build operations Thread 29" [_thread_blocked, id=980, stack(0x000000b486d00000,0x000000b486e00000)]
  0x000001b8adede000 JavaThread "Unconstrained build operations Thread 30" [_thread_blocked, id=8492, stack(0x000000b486e00000,0x000000b486f00000)]
  0x000001b8aded8000 JavaThread "Unconstrained build operations Thread 31" [_thread_blocked, id=1856, stack(0x000000b486f00000,0x000000b487000000)]
  0x000001b8adede800 JavaThread "Unconstrained build operations Thread 32" [_thread_blocked, id=12096, stack(0x000000b487000000,0x000000b487100000)]
  0x000001b8aded9000 JavaThread "Unconstrained build operations Thread 33" [_thread_blocked, id=10736, stack(0x000000b487100000,0x000000b487200000)]
  0x000001b8adee2800 JavaThread "Unconstrained build operations Thread 34" [_thread_blocked, id=10256, stack(0x000000b487200000,0x000000b487300000)]
  0x000001b8adee3800 JavaThread "Unconstrained build operations Thread 35" [_thread_blocked, id=11312, stack(0x000000b487300000,0x000000b487400000)]
  0x000001b8adee5000 JavaThread "Unconstrained build operations Thread 36" [_thread_blocked, id=7824, stack(0x000000b487400000,0x000000b487500000)]
  0x000001b8adee0800 JavaThread "Unconstrained build operations Thread 37" [_thread_blocked, id=2504, stack(0x000000b487500000,0x000000b487600000)]
  0x000001b8adee1000 JavaThread "Unconstrained build operations Thread 38" [_thread_blocked, id=3632, stack(0x000000b487600000,0x000000b487700000)]
  0x000001b8adee4800 JavaThread "Unconstrained build operations Thread 39" [_thread_blocked, id=6180, stack(0x000000b487700000,0x000000b487800000)]
  0x000001b8adee2000 JavaThread "Unconstrained build operations Thread 40" [_thread_blocked, id=6044, stack(0x000000b487800000,0x000000b487900000)]
  0x000001b8adedf800 JavaThread "jar transforms Thread 4" [_thread_blocked, id=1916, stack(0x000000b487900000,0x000000b487a00000)]
  0x000001b8b4a54000 JavaThread "Memory manager" [_thread_blocked, id=10812, stack(0x000000b487a00000,0x000000b487b00000)]
  0x000001b8b4a54800 JavaThread "build event listener" [_thread_blocked, id=10644, stack(0x000000b487b00000,0x000000b487c00000)]
  0x000001b8b4a51800 JavaThread "build event listener" [_thread_blocked, id=9752, stack(0x000000b487c00000,0x000000b487d00000)]
  0x000001b8b4a53000 JavaThread "Execution worker for ':'" [_thread_blocked, id=4260, stack(0x000000b487d00000,0x000000b487e00000)]
  0x000001b8b4a55800 JavaThread "Execution worker for ':' Thread 2" [_thread_blocked, id=2140, stack(0x000000b487e00000,0x000000b487f00000)]
  0x000001b8b4a52000 JavaThread "Execution worker for ':' Thread 3" [_thread_blocked, id=9444, stack(0x000000b487f00000,0x000000b488000000)]
  0x000001b8b4a4f800 JavaThread "Cache worker for execution history cache (D:\Binar\Sciroper-CC7\.gradle\7.3.3\executionHistory)" [_thread_blocked, id=2368, stack(0x000000b488000000,0x000000b488100000)]
  0x000001b8b4a57000 JavaThread "WorkerExecutor Queue" [_thread_blocked, id=2684, stack(0x000000b488100000,0x000000b488200000)]
  0x000001b8b4a5c000 JavaThread "pool-3-thread-1" [_thread_blocked, id=8452, stack(0x000000b488200000,0x000000b488300000)]
  0x000001b8b4a5a800 JavaThread "stderr" [_thread_in_native, id=4836, stack(0x000000b488300000,0x000000b488400000)]
  0x000001b8b4a58000 JavaThread "stdout" [_thread_in_native, id=10932, stack(0x000000b488400000,0x000000b488500000)]
  0x000001b8b4a58800 JavaThread "WorkerExecutor Queue Thread 2" [_thread_blocked, id=9208, stack(0x000000b488500000,0x000000b488600000)]
  0x000001b8b4a59800 JavaThread "WorkerExecutor Queue Thread 3" [_thread_blocked, id=9712, stack(0x000000b488600000,0x000000b488700000)]
  0x000001b8b4a5b000 JavaThread "WorkerExecutor Queue Thread 4" [_thread_blocked, id=10816, stack(0x000000b488700000,0x000000b488800000)]
  0x000001b8b4a56000 JavaThread "ForkJoinPool-1-worker-3" daemon [_thread_blocked, id=9640, stack(0x000000b488800000,0x000000b488900000)]
  0x000001b8b4a5d000 JavaThread "ForkJoinPool-1-worker-5" daemon [_thread_blocked, id=2092, stack(0x000000b488900000,0x000000b488a00000)]

Other Threads:
=>0x000001b8acff6000 VMThread "VM Thread" [stack: 0x000000b482800000,0x000000b482900000] [id=3880]
  0x000001b8adb0e800 WatcherThread [stack: 0x000000b483200000,0x000000b483300000] [id=11540]
  0x000001b892c96000 GCTaskThread "GC Thread#0" [stack: 0x000000b482300000,0x000000b482400000] [id=12240]
  0x000001b8ae26a800 GCTaskThread "GC Thread#1" [stack: 0x000000b483400000,0x000000b483500000] [id=11840]
  0x000001b8aec6b800 GCTaskThread "GC Thread#2" [stack: 0x000000b483e00000,0x000000b483f00000] [id=8636]
  0x000001b8af2c2000 GCTaskThread "GC Thread#3" [stack: 0x000000b483f00000,0x000000b484000000] [id=10828]
  0x000001b892cc5000 ConcurrentGCThread "G1 Main Marker" [stack: 0x000000b482400000,0x000000b482500000] [id=2896]
  0x000001b892cc6800 ConcurrentGCThread "G1 Conc#0" [stack: 0x000000b482500000,0x000000b482600000] [id=10616]
  0x000001b892d45800 ConcurrentGCThread "G1 Refine#0" [stack: 0x000000b482600000,0x000000b482700000] [id=9492]
  0x000001b892d46800 ConcurrentGCThread "G1 Young RemSet Sampling" [stack: 0x000000b482700000,0x000000b482800000] [id=9724]

Threads with active compile tasks:
C2 CompilerThread1  16817 12421       4       com.android.tools.r8.dex.r::m (2110 bytes)

VM state:at safepoint (normal execution)

VM Mutex/Monitor currently owned by a thread:  ([mutex/lock_event])
[0x000001b892c783e0] Threads_lock - owner thread: 0x000001b8acff6000
[0x000001b892c78d70] Heap_lock - owner thread: 0x000001b8b4a59800

Heap address: 0x0000000080000000, size: 2048 MB, Compressed Oops mode: 32-bit
Narrow klass base: 0x0000000000000000, Narrow klass shift: 3
Compressed class space size: 1073741824 Address: 0x0000000100000000

Heap:
 garbage-first heap   total 513024K, used 239861K [0x0000000080000000, 0x0000000100000000)
  region size 1024K, 3 young (3072K), 3 survivors (3072K)
 Metaspace       used 95898K, capacity 98189K, committed 98508K, reserved 1134592K
  class space    used 12341K, capacity 13229K, committed 13312K, reserved 1048576K
Heap Regions: E=young(eden), S=young(survivor), O=old, HS=humongous(starts), HC=humongous(continues), CS=collection set, F=free, A=archive, TAMS=top-at-mark-start (previous, next)
|   0|0x0000000080000000, 0x0000000080100000, 0x0000000080100000|100%| O|  |TAMS 0x0000000080100000, 0x0000000080100000| Untracked 
|   1|0x0000000080100000, 0x0000000080200000, 0x0000000080200000|100%| O|  |TAMS 0x0000000080200000, 0x0000000080200000| Untracked 
|   2|0x0000000080200000, 0x0000000080300000, 0x0000000080300000|100%| O|  |TAMS 0x0000000080300000, 0x0000000080300000| Untracked 
|   3|0x0000000080300000, 0x0000000080400000, 0x0000000080400000|100%|HS|  |TAMS 0x0000000080400000, 0x0000000080400000| Complete 
|   4|0x0000000080400000, 0x0000000080500000, 0x0000000080500000|100%|HC|  |TAMS 0x0000000080500000, 0x0000000080500000| Complete 
|   5|0x0000000080500000, 0x0000000080600000, 0x0000000080600000|100%|HC|  |TAMS 0x0000000080600000, 0x0000000080600000| Complete 
|   6|0x0000000080600000, 0x0000000080700000, 0x0000000080700000|100%| O|  |TAMS 0x0000000080700000, 0x0000000080700000| Untracked 
|   7|0x0000000080700000, 0x0000000080800000, 0x0000000080800000|100%| O|  |TAMS 0x0000000080800000, 0x0000000080800000| Untracked 
|   8|0x0000000080800000, 0x0000000080900000, 0x0000000080900000|100%| O|  |TAMS 0x0000000080900000, 0x0000000080900000| Untracked 
|   9|0x0000000080900000, 0x0000000080a00000, 0x0000000080a00000|100%| O|  |TAMS 0x0000000080a00000, 0x0000000080a00000| Untracked 
|  10|0x0000000080a00000, 0x0000000080b00000, 0x0000000080b00000|100%| O|  |TAMS 0x0000000080b00000, 0x0000000080b00000| Untracked 
|  11|0x0000000080b00000, 0x0000000080c00000, 0x0000000080c00000|100%| O|  |TAMS 0x0000000080c00000, 0x0000000080c00000| Untracked 
|  12|0x0000000080c00000, 0x0000000080d00000, 0x0000000080d00000|100%| O|  |TAMS 0x0000000080d00000, 0x0000000080d00000| Untracked 
|  13|0x0000000080d00000, 0x0000000080e00000, 0x0000000080e00000|100%| O|  |TAMS 0x0000000080e00000, 0x0000000080e00000| Untracked 
|  14|0x0000000080e00000, 0x0000000080f00000, 0x0000000080f00000|100%| O|  |TAMS 0x0000000080f00000, 0x0000000080f00000| Untracked 
|  15|0x0000000080f00000, 0x0000000081000000, 0x0000000081000000|100%| O|  |TAMS 0x0000000081000000, 0x0000000081000000| Untracked 
|  16|0x0000000081000000, 0x0000000081100000, 0x0000000081100000|100%| O|  |TAMS 0x0000000081100000, 0x0000000081100000| Untracked 
|  17|0x0000000081100000, 0x0000000081200000, 0x0000000081200000|100%|HS|  |TAMS 0x0000000081200000, 0x0000000081200000| Complete 
|  18|0x0000000081200000, 0x0000000081300000, 0x0000000081300000|100%| O|  |TAMS 0x0000000081300000, 0x0000000081300000| Untracked 
|  19|0x0000000081300000, 0x0000000081400000, 0x0000000081400000|100%| O|  |TAMS 0x0000000081400000, 0x0000000081400000| Untracked 
|  20|0x0000000081400000, 0x0000000081500000, 0x0000000081500000|100%| O|  |TAMS 0x0000000081500000, 0x0000000081500000| Untracked 
|  21|0x0000000081500000, 0x0000000081600000, 0x0000000081600000|100%| O|  |TAMS 0x0000000081600000, 0x0000000081600000| Untracked 
|  22|0x0000000081600000, 0x0000000081700000, 0x0000000081700000|100%| O|  |TAMS 0x0000000081700000, 0x0000000081700000| Untracked 
|  23|0x0000000081700000, 0x0000000081800000, 0x0000000081800000|100%|HS|  |TAMS 0x0000000081800000, 0x0000000081800000| Complete 
|  24|0x0000000081800000, 0x0000000081900000, 0x0000000081900000|100%|HS|  |TAMS 0x0000000081900000, 0x0000000081900000| Complete 
|  25|0x0000000081900000, 0x0000000081a00000, 0x0000000081a00000|100%|HS|  |TAMS 0x0000000081a00000, 0x0000000081a00000| Complete 
|  26|0x0000000081a00000, 0x0000000081b00000, 0x0000000081b00000|100%|HS|  |TAMS 0x0000000081b00000, 0x0000000081b00000| Complete 
|  27|0x0000000081b00000, 0x0000000081c00000, 0x0000000081c00000|100%|HC|  |TAMS 0x0000000081c00000, 0x0000000081c00000| Complete 
|  28|0x0000000081c00000, 0x0000000081d00000, 0x0000000081d00000|100%|HC|  |TAMS 0x0000000081d00000, 0x0000000081d00000| Complete 
|  29|0x0000000081d00000, 0x0000000081e00000, 0x0000000081e00000|100%|HS|  |TAMS 0x0000000081e00000, 0x0000000081e00000| Complete 
|  30|0x0000000081e00000, 0x0000000081f00000, 0x0000000081f00000|100%|HC|  |TAMS 0x0000000081f00000, 0x0000000081f00000| Complete 
|  31|0x0000000081f00000, 0x0000000082000000, 0x0000000082000000|100%| O|  |TAMS 0x0000000082000000, 0x0000000082000000| Untracked 
|  32|0x0000000082000000, 0x0000000082100000, 0x0000000082100000|100%| O|  |TAMS 0x0000000082100000, 0x0000000082100000| Untracked 
|  33|0x0000000082100000, 0x0000000082200000, 0x0000000082200000|100%| O|  |TAMS 0x0000000082200000, 0x0000000082200000| Untracked 
|  34|0x0000000082200000, 0x0000000082300000, 0x0000000082300000|100%| O|  |TAMS 0x0000000082300000, 0x0000000082300000| Untracked 
|  35|0x0000000082300000, 0x0000000082400000, 0x0000000082400000|100%| O|  |TAMS 0x0000000082400000, 0x0000000082400000| Untracked 
|  36|0x0000000082400000, 0x0000000082500000, 0x0000000082500000|100%| O|  |TAMS 0x0000000082500000, 0x0000000082500000| Untracked 
|  37|0x0000000082500000, 0x0000000082600000, 0x0000000082600000|100%| O|  |TAMS 0x0000000082600000, 0x0000000082600000| Untracked 
|  38|0x0000000082600000, 0x0000000082700000, 0x0000000082700000|100%| O|  |TAMS 0x0000000082700000, 0x0000000082700000| Untracked 
|  39|0x0000000082700000, 0x0000000082800000, 0x0000000082800000|100%| O|  |TAMS 0x0000000082800000, 0x0000000082800000| Untracked 
|  40|0x0000000082800000, 0x0000000082900000, 0x0000000082900000|100%| O|  |TAMS 0x0000000082900000, 0x0000000082900000| Untracked 
|  41|0x0000000082900000, 0x0000000082a00000, 0x0000000082a00000|100%| O|  |TAMS 0x0000000082a00000, 0x0000000082a00000| Untracked 
|  42|0x0000000082a00000, 0x0000000082b00000, 0x0000000082b00000|100%| O|  |TAMS 0x0000000082b00000, 0x0000000082b00000| Untracked 
|  43|0x0000000082b00000, 0x0000000082c00000, 0x0000000082c00000|100%| O|  |TAMS 0x0000000082c00000, 0x0000000082c00000| Untracked 
|  44|0x0000000082c00000, 0x0000000082d00000, 0x0000000082d00000|100%| O|  |TAMS 0x0000000082d00000, 0x0000000082d00000| Untracked 
|  45|0x0000000082d00000, 0x0000000082e00000, 0x0000000082e00000|100%| O|  |TAMS 0x0000000082e00000, 0x0000000082e00000| Untracked 
|  46|0x0000000082e00000, 0x0000000082f00000, 0x0000000082f00000|100%| O|  |TAMS 0x0000000082f00000, 0x0000000082f00000| Untracked 
|  47|0x0000000082f00000, 0x0000000083000000, 0x0000000083000000|100%| O|  |TAMS 0x0000000083000000, 0x0000000083000000| Untracked 
|  48|0x0000000083000000, 0x0000000083100000, 0x0000000083100000|100%| O|  |TAMS 0x0000000083100000, 0x0000000083100000| Untracked 
|  49|0x0000000083100000, 0x0000000083200000, 0x0000000083200000|100%| O|  |TAMS 0x0000000083200000, 0x0000000083200000| Untracked 
|  50|0x0000000083200000, 0x0000000083300000, 0x0000000083300000|100%| O|  |TAMS 0x0000000083300000, 0x0000000083300000| Untracked 
|  51|0x0000000083300000, 0x0000000083400000, 0x0000000083400000|100%| O|  |TAMS 0x0000000083400000, 0x0000000083400000| Untracked 
|  52|0x0000000083400000, 0x0000000083500000, 0x0000000083500000|100%| O|  |TAMS 0x0000000083500000, 0x0000000083500000| Untracked 
|  53|0x0000000083500000, 0x0000000083600000, 0x0000000083600000|100%| O|  |TAMS 0x0000000083600000, 0x0000000083600000| Untracked 
|  54|0x0000000083600000, 0x0000000083700000, 0x0000000083700000|100%| O|  |TAMS 0x0000000083700000, 0x0000000083700000| Untracked 
|  55|0x0000000083700000, 0x0000000083800000, 0x0000000083800000|100%| O|  |TAMS 0x0000000083800000, 0x0000000083800000| Untracked 
|  56|0x0000000083800000, 0x0000000083900000, 0x0000000083900000|100%| O|  |TAMS 0x0000000083900000, 0x0000000083900000| Untracked 
|  57|0x0000000083900000, 0x0000000083a00000, 0x0000000083a00000|100%| O|  |TAMS 0x0000000083a00000, 0x0000000083a00000| Untracked 
|  58|0x0000000083a00000, 0x0000000083b00000, 0x0000000083b00000|100%| O|  |TAMS 0x0000000083b00000, 0x0000000083b00000| Untracked 
|  59|0x0000000083b00000, 0x0000000083c00000, 0x0000000083c00000|100%| O|  |TAMS 0x0000000083c00000, 0x0000000083c00000| Untracked 
|  60|0x0000000083c00000, 0x0000000083d00000, 0x0000000083d00000|100%| O|  |TAMS 0x0000000083d00000, 0x0000000083d00000| Untracked 
|  61|0x0000000083d00000, 0x0000000083e00000, 0x0000000083e00000|100%| O|  |TAMS 0x0000000083e00000, 0x0000000083e00000| Untracked 
|  62|0x0000000083e00000, 0x0000000083f00000, 0x0000000083f00000|100%| O|  |TAMS 0x0000000083f00000, 0x0000000083f00000| Untracked 
|  63|0x0000000083f00000, 0x0000000084000000, 0x0000000084000000|100%| O|  |TAMS 0x0000000084000000, 0x0000000084000000| Untracked 
|  64|0x0000000084000000, 0x0000000084100000, 0x0000000084100000|100%| O|  |TAMS 0x0000000084100000, 0x0000000084100000| Untracked 
|  65|0x0000000084100000, 0x0000000084200000, 0x0000000084200000|100%| O|  |TAMS 0x0000000084200000, 0x0000000084200000| Untracked 
|  66|0x0000000084200000, 0x0000000084300000, 0x0000000084300000|100%| O|  |TAMS 0x0000000084300000, 0x0000000084300000| Untracked 
|  67|0x0000000084300000, 0x0000000084400000, 0x0000000084400000|100%| O|  |TAMS 0x0000000084400000, 0x0000000084400000| Untracked 
|  68|0x0000000084400000, 0x0000000084500000, 0x0000000084500000|100%| O|  |TAMS 0x0000000084500000, 0x0000000084500000| Untracked 
|  69|0x0000000084500000, 0x0000000084600000, 0x0000000084600000|100%| O|  |TAMS 0x0000000084600000, 0x0000000084600000| Untracked 
|  70|0x0000000084600000, 0x0000000084700000, 0x0000000084700000|100%| O|  |TAMS 0x0000000084700000, 0x0000000084700000| Untracked 
|  71|0x0000000084700000, 0x0000000084800000, 0x0000000084800000|100%| O|  |TAMS 0x0000000084800000, 0x0000000084800000| Untracked 
|  72|0x0000000084800000, 0x0000000084900000, 0x0000000084900000|100%| O|  |TAMS 0x0000000084900000, 0x0000000084900000| Untracked 
|  73|0x0000000084900000, 0x0000000084a00000, 0x0000000084a00000|100%| O|  |TAMS 0x0000000084a00000, 0x0000000084a00000| Untracked 
|  74|0x0000000084a00000, 0x0000000084b00000, 0x0000000084b00000|100%| O|  |TAMS 0x0000000084b00000, 0x0000000084b00000| Untracked 
|  75|0x0000000084b00000, 0x0000000084c00000, 0x0000000084c00000|100%| O|  |TAMS 0x0000000084c00000, 0x0000000084c00000| Untracked 
|  76|0x0000000084c00000, 0x0000000084d00000, 0x0000000084d00000|100%| O|  |TAMS 0x0000000084d00000, 0x0000000084d00000| Untracked 
|  77|0x0000000084d00000, 0x0000000084e00000, 0x0000000084e00000|100%| O|  |TAMS 0x0000000084e00000, 0x0000000084e00000| Untracked 
|  78|0x0000000084e00000, 0x0000000084f00000, 0x0000000084f00000|100%| O|  |TAMS 0x0000000084f00000, 0x0000000084f00000| Untracked 
|  79|0x0000000084f00000, 0x0000000085000000, 0x0000000085000000|100%| O|  |TAMS 0x0000000085000000, 0x0000000085000000| Untracked 
|  80|0x0000000085000000, 0x0000000085100000, 0x0000000085100000|100%| O|  |TAMS 0x0000000085100000, 0x0000000085100000| Untracked 
|  81|0x0000000085100000, 0x0000000085200000, 0x0000000085200000|100%| O|  |TAMS 0x0000000085200000, 0x0000000085200000| Untracked 
|  82|0x0000000085200000, 0x0000000085300000, 0x0000000085300000|100%| O|  |TAMS 0x0000000085300000, 0x0000000085300000| Untracked 
|  83|0x0000000085300000, 0x0000000085400000, 0x0000000085400000|100%| O|  |TAMS 0x0000000085400000, 0x0000000085400000| Untracked 
|  84|0x0000000085400000, 0x0000000085500000, 0x0000000085500000|100%| O|  |TAMS 0x0000000085500000, 0x0000000085500000| Untracked 
|  85|0x0000000085500000, 0x0000000085600000, 0x0000000085600000|100%| O|  |TAMS 0x0000000085600000, 0x0000000085600000| Untracked 
|  86|0x0000000085600000, 0x0000000085700000, 0x0000000085700000|100%| O|  |TAMS 0x0000000085700000, 0x0000000085700000| Untracked 
|  87|0x0000000085700000, 0x0000000085800000, 0x0000000085800000|100%| O|  |TAMS 0x0000000085800000, 0x0000000085800000| Untracked 
|  88|0x0000000085800000, 0x0000000085900000, 0x0000000085900000|100%| O|  |TAMS 0x0000000085900000, 0x0000000085900000| Untracked 
|  89|0x0000000085900000, 0x0000000085a00000, 0x0000000085a00000|100%| O|  |TAMS 0x0000000085a00000, 0x0000000085a00000| Untracked 
|  90|0x0000000085a00000, 0x0000000085b00000, 0x0000000085b00000|100%| O|  |TAMS 0x0000000085b00000, 0x0000000085b00000| Untracked 
|  91|0x0000000085b00000, 0x0000000085c00000, 0x0000000085c00000|100%| O|  |TAMS 0x0000000085c00000, 0x0000000085c00000| Untracked 
|  92|0x0000000085c00000, 0x0000000085d00000, 0x0000000085d00000|100%| O|  |TAMS 0x0000000085d00000, 0x0000000085d00000| Untracked 
|  93|0x0000000085d00000, 0x0000000085e00000, 0x0000000085e00000|100%| O|  |TAMS 0x0000000085e00000, 0x0000000085e00000| Untracked 
|  94|0x0000000085e00000, 0x0000000085f00000, 0x0000000085f00000|100%| O|  |TAMS 0x0000000085f00000, 0x0000000085f00000| Untracked 
|  95|0x0000000085f00000, 0x0000000086000000, 0x0000000086000000|100%| O|  |TAMS 0x0000000086000000, 0x0000000086000000| Untracked 
|  96|0x0000000086000000, 0x0000000086100000, 0x0000000086100000|100%| O|  |TAMS 0x0000000086100000, 0x0000000086100000| Untracked 
|  97|0x0000000086100000, 0x0000000086200000, 0x0000000086200000|100%| O|  |TAMS 0x0000000086200000, 0x0000000086200000| Untracked 
|  98|0x0000000086200000, 0x0000000086300000, 0x0000000086300000|100%| O|  |TAMS 0x0000000086300000, 0x0000000086300000| Untracked 
|  99|0x0000000086300000, 0x0000000086400000, 0x0000000086400000|100%| O|  |TAMS 0x0000000086400000, 0x0000000086400000| Untracked 
| 100|0x0000000086400000, 0x0000000086500000, 0x0000000086500000|100%|HS|  |TAMS 0x0000000086500000, 0x0000000086500000| Complete 
| 101|0x0000000086500000, 0x0000000086600000, 0x0000000086600000|100%|HC|  |TAMS 0x0000000086600000, 0x0000000086600000| Complete 
| 102|0x0000000086600000, 0x0000000086700000, 0x0000000086700000|100%|HS|  |TAMS 0x0000000086700000, 0x0000000086700000| Complete 
| 103|0x0000000086700000, 0x0000000086800000, 0x0000000086800000|100%|HC|  |TAMS 0x0000000086800000, 0x0000000086800000| Complete 
| 104|0x0000000086800000, 0x0000000086900000, 0x0000000086900000|100%|HS|  |TAMS 0x0000000086900000, 0x0000000086900000| Complete 
| 105|0x0000000086900000, 0x0000000086a00000, 0x0000000086a00000|100%| O|  |TAMS 0x0000000086a00000, 0x0000000086a00000| Untracked 
| 106|0x0000000086a00000, 0x0000000086b00000, 0x0000000086b00000|100%| O|  |TAMS 0x0000000086b00000, 0x0000000086b00000| Untracked 
| 107|0x0000000086b00000, 0x0000000086c00000, 0x0000000086c00000|100%| O|  |TAMS 0x0000000086c00000, 0x0000000086c00000| Untracked 
| 108|0x0000000086c00000, 0x0000000086d00000, 0x0000000086d00000|100%| O|  |TAMS 0x0000000086d00000, 0x0000000086d00000| Untracked 
| 109|0x0000000086d00000, 0x0000000086e00000, 0x0000000086e00000|100%| O|  |TAMS 0x0000000086e00000, 0x0000000086e00000| Untracked 
| 110|0x0000000086e00000, 0x0000000086f00000, 0x0000000086f00000|100%| O|  |TAMS 0x0000000086f00000, 0x0000000086f00000| Untracked 
| 111|0x0000000086f00000, 0x0000000087000000, 0x0000000087000000|100%| O|  |TAMS 0x0000000087000000, 0x0000000087000000| Untracked 
| 112|0x0000000087000000, 0x0000000087100000, 0x0000000087100000|100%| O|  |TAMS 0x0000000087100000, 0x0000000087100000| Untracked 
| 113|0x0000000087100000, 0x0000000087200000, 0x0000000087200000|100%| O|  |TAMS 0x0000000087200000, 0x0000000087200000| Untracked 
| 114|0x0000000087200000, 0x0000000087300000, 0x0000000087300000|100%|HS|  |TAMS 0x0000000087300000, 0x0000000087300000| Complete 
| 115|0x0000000087300000, 0x0000000087400000, 0x0000000087400000|100%|HS|  |TAMS 0x0000000087400000, 0x0000000087400000| Complete 
| 116|0x0000000087400000, 0x0000000087500000, 0x0000000087500000|100%|HS|  |TAMS 0x0000000087500000, 0x0000000087500000| Complete 
| 117|0x0000000087500000, 0x0000000087600000, 0x0000000087600000|100%|HS|  |TAMS 0x0000000087600000, 0x0000000087600000| Complete 
| 118|0x0000000087600000, 0x0000000087700000, 0x0000000087700000|100%|HC|  |TAMS 0x0000000087700000, 0x0000000087700000| Complete 
| 119|0x0000000087700000, 0x0000000087800000, 0x0000000087800000|100%|HS|  |TAMS 0x0000000087800000, 0x0000000087800000| Complete 
| 120|0x0000000087800000, 0x0000000087900000, 0x0000000087900000|100%|HS|  |TAMS 0x0000000087900000, 0x0000000087900000| Complete 
| 121|0x0000000087900000, 0x0000000087a00000, 0x0000000087a00000|100%|HS|  |TAMS 0x0000000087a00000, 0x0000000087a00000| Complete 
| 122|0x0000000087a00000, 0x0000000087b00000, 0x0000000087b00000|100%|HC|  |TAMS 0x0000000087b00000, 0x0000000087b00000| Complete 
| 123|0x0000000087b00000, 0x0000000087c00000, 0x0000000087c00000|100%|HC|  |TAMS 0x0000000087c00000, 0x0000000087c00000| Complete 
| 124|0x0000000087c00000, 0x0000000087d00000, 0x0000000087d00000|100%|HS|  |TAMS 0x0000000087d00000, 0x0000000087d00000| Complete 
| 125|0x0000000087d00000, 0x0000000087e00000, 0x0000000087e00000|100%|HC|  |TAMS 0x0000000087e00000, 0x0000000087e00000| Complete 
| 126|0x0000000087e00000, 0x0000000087f00000, 0x0000000087f00000|100%|HC|  |TAMS 0x0000000087f00000, 0x0000000087f00000| Complete 
| 127|0x0000000087f00000, 0x0000000088000000, 0x0000000088000000|100%|HS|  |TAMS 0x0000000088000000, 0x0000000088000000| Complete 
| 128|0x0000000088000000, 0x0000000088100000, 0x0000000088100000|100%| O|  |TAMS 0x0000000088100000, 0x0000000088100000| Untracked 
| 129|0x0000000088100000, 0x0000000088200000, 0x0000000088200000|100%| O|  |TAMS 0x0000000088200000, 0x0000000088200000| Untracked 
| 130|0x0000000088200000, 0x0000000088300000, 0x0000000088300000|100%| O|  |TAMS 0x0000000088300000, 0x0000000088300000| Untracked 
| 131|0x0000000088300000, 0x0000000088400000, 0x0000000088400000|100%| O|  |TAMS 0x0000000088400000, 0x0000000088400000| Untracked 
| 132|0x0000000088400000, 0x0000000088500000, 0x0000000088500000|100%|HS|  |TAMS 0x0000000088500000, 0x0000000088500000| Complete 
| 133|0x0000000088500000, 0x0000000088600000, 0x0000000088600000|100%|HS|  |TAMS 0x0000000088600000, 0x0000000088600000| Complete 
| 134|0x0000000088600000, 0x0000000088700000, 0x0000000088700000|100%|HC|  |TAMS 0x0000000088700000, 0x0000000088700000| Complete 
| 135|0x0000000088700000, 0x0000000088800000, 0x0000000088800000|100%|HC|  |TAMS 0x0000000088800000, 0x0000000088800000| Complete 
| 136|0x0000000088800000, 0x0000000088900000, 0x0000000088900000|100%|HS|  |TAMS 0x0000000088900000, 0x0000000088900000| Complete 
| 137|0x0000000088900000, 0x0000000088a00000, 0x0000000088a00000|100%| O|  |TAMS 0x0000000088a00000, 0x0000000088a00000| Untracked 
| 138|0x0000000088a00000, 0x0000000088b00000, 0x0000000088b00000|100%| O|  |TAMS 0x0000000088b00000, 0x0000000088b00000| Untracked 
| 139|0x0000000088b00000, 0x0000000088c00000, 0x0000000088c00000|100%| O|  |TAMS 0x0000000088c00000, 0x0000000088c00000| Untracked 
| 140|0x0000000088c00000, 0x0000000088d00000, 0x0000000088d00000|100%| O|  |TAMS 0x0000000088d00000, 0x0000000088d00000| Untracked 
| 141|0x0000000088d00000, 0x0000000088e00000, 0x0000000088e00000|100%| O|  |TAMS 0x0000000088e00000, 0x0000000088e00000| Untracked 
| 142|0x0000000088e00000, 0x0000000088f00000, 0x0000000088f00000|100%| O|  |TAMS 0x0000000088f00000, 0x0000000088f00000| Untracked 
| 143|0x0000000088f00000, 0x0000000089000000, 0x0000000089000000|100%| O|  |TAMS 0x0000000089000000, 0x0000000089000000| Untracked 
| 144|0x0000000089000000, 0x0000000089100000, 0x0000000089100000|100%| O|  |TAMS 0x0000000089100000, 0x0000000089100000| Untracked 
| 145|0x0000000089100000, 0x0000000089200000, 0x0000000089200000|100%| O|  |TAMS 0x0000000089200000, 0x0000000089200000| Untracked 
| 146|0x0000000089200000, 0x0000000089300000, 0x0000000089300000|100%| O|  |TAMS 0x0000000089300000, 0x0000000089300000| Untracked 
| 147|0x0000000089300000, 0x0000000089400000, 0x0000000089400000|100%|HS|  |TAMS 0x0000000089400000, 0x0000000089400000| Complete 
| 148|0x0000000089400000, 0x0000000089500000, 0x0000000089500000|100%|HC|  |TAMS 0x0000000089500000, 0x0000000089500000| Complete 
| 149|0x0000000089500000, 0x0000000089600000, 0x0000000089600000|100%| O|  |TAMS 0x0000000089600000, 0x0000000089600000| Untracked 
| 150|0x0000000089600000, 0x0000000089700000, 0x0000000089700000|100%| O|  |TAMS 0x0000000089700000, 0x0000000089700000| Untracked 
| 151|0x0000000089700000, 0x0000000089800000, 0x0000000089800000|100%|HS|  |TAMS 0x0000000089800000, 0x0000000089800000| Complete 
| 152|0x0000000089800000, 0x0000000089900000, 0x0000000089900000|100%|HC|  |TAMS 0x0000000089900000, 0x0000000089900000| Complete 
| 153|0x0000000089900000, 0x0000000089a00000, 0x0000000089a00000|100%| O|  |TAMS 0x0000000089a00000, 0x0000000089a00000| Untracked 
| 154|0x0000000089a00000, 0x0000000089b00000, 0x0000000089b00000|100%|HS|  |TAMS 0x0000000089b00000, 0x0000000089b00000| Complete 
| 155|0x0000000089b00000, 0x0000000089c00000, 0x0000000089c00000|100%| O|  |TAMS 0x0000000089c00000, 0x0000000089c00000| Untracked 
| 156|0x0000000089c00000, 0x0000000089d00000, 0x0000000089d00000|100%|HS|  |TAMS 0x0000000089d00000, 0x0000000089d00000| Complete 
| 157|0x0000000089d00000, 0x0000000089e00000, 0x0000000089e00000|100%| O|  |TAMS 0x0000000089e00000, 0x0000000089e00000| Untracked 
| 158|0x0000000089e00000, 0x0000000089f00000, 0x0000000089f00000|100%|HS|  |TAMS 0x0000000089f00000, 0x0000000089f00000| Complete 
| 159|0x0000000089f00000, 0x000000008a000000, 0x000000008a000000|100%| O|  |TAMS 0x000000008a000000, 0x000000008a000000| Untracked 
| 160|0x000000008a000000, 0x000000008a100000, 0x000000008a100000|100%|HS|  |TAMS 0x000000008a100000, 0x000000008a100000| Complete 
| 161|0x000000008a100000, 0x000000008a200000, 0x000000008a200000|100%| O|  |TAMS 0x000000008a200000, 0x000000008a200000| Untracked 
| 162|0x000000008a200000, 0x000000008a300000, 0x000000008a300000|100%| O|  |TAMS 0x000000008a300000, 0x000000008a300000| Untracked 
| 163|0x000000008a300000, 0x000000008a400000, 0x000000008a400000|100%|HS|  |TAMS 0x000000008a400000, 0x000000008a400000| Complete 
| 164|0x000000008a400000, 0x000000008a500000, 0x000000008a500000|100%|HC|  |TAMS 0x000000008a500000, 0x000000008a500000| Complete 
| 165|0x000000008a500000, 0x000000008a600000, 0x000000008a600000|100%| O|  |TAMS 0x000000008a600000, 0x000000008a600000| Untracked 
| 166|0x000000008a600000, 0x000000008a700000, 0x000000008a700000|100%|HS|  |TAMS 0x000000008a700000, 0x000000008a700000| Complete 
| 167|0x000000008a700000, 0x000000008a800000, 0x000000008a800000|100%| O|  |TAMS 0x000000008a796e00, 0x000000008a800000| Untracked 
| 168|0x000000008a800000, 0x000000008a900000, 0x000000008a900000|100%|HS|  |TAMS 0x000000008a900000, 0x000000008a900000| Complete 
| 169|0x000000008a900000, 0x000000008aa00000, 0x000000008aa00000|100%|HS|  |TAMS 0x000000008a900000, 0x000000008aa00000| Complete 
| 170|0x000000008aa00000, 0x000000008ab00000, 0x000000008ab00000|100%|HS|  |TAMS 0x000000008aa00000, 0x000000008ab00000| Complete 
| 171|0x000000008ab00000, 0x000000008ac00000, 0x000000008ac00000|100%| O|  |TAMS 0x000000008ab00000, 0x000000008ac00000| Untracked 
| 172|0x000000008ac00000, 0x000000008ad00000, 0x000000008ad00000|100%|HS|  |TAMS 0x000000008ad00000, 0x000000008ad00000| Complete 
| 173|0x000000008ad00000, 0x000000008ae00000, 0x000000008ae00000|100%|HC|  |TAMS 0x000000008ae00000, 0x000000008ae00000| Complete 
| 174|0x000000008ae00000, 0x000000008af00000, 0x000000008af00000|100%|HC|  |TAMS 0x000000008af00000, 0x000000008af00000| Complete 
| 175|0x000000008af00000, 0x000000008b000000, 0x000000008b000000|100%| O|  |TAMS 0x000000008af00000, 0x000000008b000000| Untracked 
| 176|0x000000008b000000, 0x000000008b100000, 0x000000008b100000|100%| O|  |TAMS 0x000000008b000000, 0x000000008b100000| Untracked 
| 177|0x000000008b100000, 0x000000008b200000, 0x000000008b200000|100%| O|  |TAMS 0x000000008b100000, 0x000000008b200000| Untracked 
| 178|0x000000008b200000, 0x000000008b300000, 0x000000008b300000|100%|HS|  |TAMS 0x000000008b300000, 0x000000008b300000| Complete 
| 179|0x000000008b300000, 0x000000008b400000, 0x000000008b400000|100%|HC|  |TAMS 0x000000008b400000, 0x000000008b400000| Complete 
| 180|0x000000008b400000, 0x000000008b500000, 0x000000008b500000|100%|HC|  |TAMS 0x000000008b500000, 0x000000008b500000| Complete 
| 181|0x000000008b500000, 0x000000008b600000, 0x000000008b600000|100%| O|  |TAMS 0x000000008b500000, 0x000000008b600000| Untracked 
| 182|0x000000008b600000, 0x000000008b700000, 0x000000008b700000|100%|HS|  |TAMS 0x000000008b700000, 0x000000008b700000| Complete 
| 183|0x000000008b700000, 0x000000008b800000, 0x000000008b800000|100%| O|  |TAMS 0x000000008b700000, 0x000000008b800000| Untracked 
| 184|0x000000008b800000, 0x000000008b900000, 0x000000008b900000|100%|HS|  |TAMS 0x000000008b900000, 0x000000008b900000| Complete 
| 185|0x000000008b900000, 0x000000008ba00000, 0x000000008ba00000|100%| O|  |TAMS 0x000000008b900000, 0x000000008ba00000| Untracked 
| 186|0x000000008ba00000, 0x000000008bb00000, 0x000000008bb00000|100%| O|  |TAMS 0x000000008ba00000, 0x000000008bb00000| Untracked 
| 187|0x000000008bb00000, 0x000000008bc00000, 0x000000008bc00000|100%| O|  |TAMS 0x000000008bb00000, 0x000000008bc00000| Untracked 
| 188|0x000000008bc00000, 0x000000008bd00000, 0x000000008bd00000|100%|HS|  |TAMS 0x000000008bd00000, 0x000000008bd00000| Complete 
| 189|0x000000008bd00000, 0x000000008be00000, 0x000000008be00000|100%|HC|  |TAMS 0x000000008be00000, 0x000000008be00000| Complete 
| 190|0x000000008be00000, 0x000000008bf00000, 0x000000008bf00000|100%|HC|  |TAMS 0x000000008bf00000, 0x000000008bf00000| Complete 
| 191|0x000000008bf00000, 0x000000008c000000, 0x000000008c000000|100%| O|  |TAMS 0x000000008bf00000, 0x000000008c000000| Untracked 
| 192|0x000000008c000000, 0x000000008c100000, 0x000000008c100000|100%|HS|  |TAMS 0x000000008c100000, 0x000000008c100000| Complete 
| 193|0x000000008c100000, 0x000000008c200000, 0x000000008c200000|100%| O|  |TAMS 0x000000008c200000, 0x000000008c200000| Untracked 
| 194|0x000000008c200000, 0x000000008c300000, 0x000000008c300000|100%| O|  |TAMS 0x000000008c300000, 0x000000008c300000| Untracked 
| 195|0x000000008c300000, 0x000000008c400000, 0x000000008c400000|100%|HS|  |TAMS 0x000000008c300000, 0x000000008c400000| Complete 
| 196|0x000000008c400000, 0x000000008c500000, 0x000000008c500000|100%|HC|  |TAMS 0x000000008c400000, 0x000000008c500000| Complete 
| 197|0x000000008c500000, 0x000000008c600000, 0x000000008c600000|100%|HS|  |TAMS 0x000000008c500000, 0x000000008c600000| Complete 
| 198|0x000000008c600000, 0x000000008c700000, 0x000000008c700000|100%|HC|  |TAMS 0x000000008c600000, 0x000000008c700000| Complete 
| 199|0x000000008c700000, 0x000000008c800000, 0x000000008c800000|100%| O|  |TAMS 0x000000008c700000, 0x000000008c800000| Untracked 
| 200|0x000000008c800000, 0x000000008c900000, 0x000000008c900000|100%| O|  |TAMS 0x000000008c800000, 0x000000008c900000| Untracked 
| 201|0x000000008c900000, 0x000000008ca00000, 0x000000008ca00000|100%| O|  |TAMS 0x000000008c900000, 0x000000008ca00000| Untracked 
| 202|0x000000008ca00000, 0x000000008cb00000, 0x000000008cb00000|100%| O|  |TAMS 0x000000008ca00000, 0x000000008cb00000| Untracked 
| 203|0x000000008cb00000, 0x000000008cc00000, 0x000000008cc00000|100%| O|  |TAMS 0x000000008cb00000, 0x000000008cc00000| Untracked 
| 204|0x000000008cc00000, 0x000000008cd00000, 0x000000008cd00000|100%| O|  |TAMS 0x000000008cc00000, 0x000000008cd00000| Untracked 
| 205|0x000000008cd00000, 0x000000008ce00000, 0x000000008ce00000|100%| O|  |TAMS 0x000000008cd00000, 0x000000008ce00000| Untracked 
| 206|0x000000008ce00000, 0x000000008cf00000, 0x000000008cf00000|100%| O|  |TAMS 0x000000008ce00000, 0x000000008cf00000| Untracked 
| 207|0x000000008cf00000, 0x000000008d000000, 0x000000008d000000|100%| O|  |TAMS 0x000000008cf00000, 0x000000008d000000| Untracked 
| 208|0x000000008d000000, 0x000000008d100000, 0x000000008d100000|100%| O|  |TAMS 0x000000008d000000, 0x000000008d100000| Untracked 
| 209|0x000000008d100000, 0x000000008d200000, 0x000000008d200000|100%| O|  |TAMS 0x000000008d100000, 0x000000008d200000| Untracked 
| 210|0x000000008d200000, 0x000000008d300000, 0x000000008d300000|100%| O|  |TAMS 0x000000008d200000, 0x000000008d300000| Untracked 
| 211|0x000000008d300000, 0x000000008d400000, 0x000000008d400000|100%| O|  |TAMS 0x000000008d300000, 0x000000008d400000| Untracked 
| 212|0x000000008d400000, 0x000000008d500000, 0x000000008d500000|100%| O|  |TAMS 0x000000008d400000, 0x000000008d500000| Untracked 
| 213|0x000000008d500000, 0x000000008d600000, 0x000000008d600000|100%| O|  |TAMS 0x000000008d500000, 0x000000008d5c2e00| Untracked 
| 214|0x000000008d600000, 0x000000008d700000, 0x000000008d700000|100%|HS|  |TAMS 0x000000008d600000, 0x000000008d600000| Complete 
| 215|0x000000008d700000, 0x000000008d800000, 0x000000008d800000|100%| O|  |TAMS 0x000000008d700000, 0x000000008d700000| Untracked 
| 216|0x000000008d800000, 0x000000008d900000, 0x000000008d900000|100%| O|  |TAMS 0x000000008d800000, 0x000000008d800000| Untracked 
| 217|0x000000008d900000, 0x000000008da00000, 0x000000008da00000|100%| O|  |TAMS 0x000000008d900000, 0x000000008d900000| Untracked 
| 218|0x000000008da00000, 0x000000008db00000, 0x000000008db00000|100%| O|  |TAMS 0x000000008da00000, 0x000000008da00000| Untracked 
| 219|0x000000008db00000, 0x000000008dc00000, 0x000000008dc00000|100%| O|  |TAMS 0x000000008db00000, 0x000000008db00000| Untracked 
| 220|0x000000008dc00000, 0x000000008dd00000, 0x000000008dd00000|100%| O|  |TAMS 0x000000008dc00000, 0x000000008dc00000| Untracked 
| 221|0x000000008dd00000, 0x000000008dd3d600, 0x000000008de00000| 23%| O|  |TAMS 0x000000008dd00000, 0x000000008dd00000| Untracked 
| 222|0x000000008de00000, 0x000000008de00000, 0x000000008df00000|  0%| F|  |TAMS 0x000000008de00000, 0x000000008de00000| Untracked 
| 223|0x000000008df00000, 0x000000008df00000, 0x000000008e000000|  0%| F|  |TAMS 0x000000008df00000, 0x000000008df00000| Untracked 
| 224|0x000000008e000000, 0x000000008e000000, 0x000000008e100000|  0%| F|  |TAMS 0x000000008e000000, 0x000000008e000000| Untracked 
| 225|0x000000008e100000, 0x000000008e100000, 0x000000008e200000|  0%| F|  |TAMS 0x000000008e100000, 0x000000008e100000| Untracked 
| 226|0x000000008e200000, 0x000000008e200000, 0x000000008e300000|  0%| F|  |TAMS 0x000000008e200000, 0x000000008e200000| Untracked 
| 227|0x000000008e300000, 0x000000008e300000, 0x000000008e400000|  0%| F|  |TAMS 0x000000008e300000, 0x000000008e300000| Untracked 
| 228|0x000000008e400000, 0x000000008e400000, 0x000000008e500000|  0%| F|  |TAMS 0x000000008e400000, 0x000000008e400000| Untracked 
| 229|0x000000008e500000, 0x000000008e500000, 0x000000008e600000|  0%| F|  |TAMS 0x000000008e500000, 0x000000008e500000| Untracked 
| 230|0x000000008e600000, 0x000000008e600000, 0x000000008e700000|  0%| F|  |TAMS 0x000000008e600000, 0x000000008e600000| Untracked 
| 231|0x000000008e700000, 0x000000008e700000, 0x000000008e800000|  0%| F|  |TAMS 0x000000008e700000, 0x000000008e700000| Untracked 
| 232|0x000000008e800000, 0x000000008e800000, 0x000000008e900000|  0%| F|  |TAMS 0x000000008e800000, 0x000000008e800000| Untracked 
| 233|0x000000008e900000, 0x000000008e900000, 0x000000008ea00000|  0%| F|  |TAMS 0x000000008e900000, 0x000000008e900000| Untracked 
| 234|0x000000008ea00000, 0x000000008eb00000, 0x000000008eb00000|100%| O|  |TAMS 0x000000008eb00000, 0x000000008eb00000| Untracked 
| 235|0x000000008eb00000, 0x000000008ec00000, 0x000000008ec00000|100%| O|  |TAMS 0x000000008ec00000, 0x000000008ec00000| Untracked 
| 236|0x000000008ec00000, 0x000000008ed00000, 0x000000008ed00000|100%| O|  |TAMS 0x000000008ed00000, 0x000000008ed00000| Untracked 
| 237|0x000000008ed00000, 0x000000008ee00000, 0x000000008ee00000|100%| O|  |TAMS 0x000000008ee00000, 0x000000008ee00000| Untracked 
| 238|0x000000008ee00000, 0x000000008ef00000, 0x000000008ef00000|100%| O|  |TAMS 0x000000008ef00000, 0x000000008ef00000| Untracked 
| 239|0x000000008ef00000, 0x000000008f000000, 0x000000008f000000|100%| O|  |TAMS 0x000000008f000000, 0x000000008f000000| Untracked 
| 240|0x000000008f000000, 0x000000008f100000, 0x000000008f100000|100%| O|  |TAMS 0x000000008f100000, 0x000000008f100000| Untracked 
| 241|0x000000008f100000, 0x000000008f200000, 0x000000008f200000|100%| O|  |TAMS 0x000000008f200000, 0x000000008f200000| Untracked 
| 242|0x000000008f200000, 0x000000008f300000, 0x000000008f300000|100%| O|  |TAMS 0x000000008f300000, 0x000000008f300000| Untracked 
| 243|0x000000008f300000, 0x000000008f400000, 0x000000008f400000|100%| O|  |TAMS 0x000000008f400000, 0x000000008f400000| Untracked 
| 244|0x000000008f400000, 0x000000008f400000, 0x000000008f500000|  0%| F|  |TAMS 0x000000008f400000, 0x000000008f400000| Untracked 
| 245|0x000000008f500000, 0x000000008f500000, 0x000000008f600000|  0%| F|  |TAMS 0x000000008f500000, 0x000000008f500000| Untracked 
| 246|0x000000008f600000, 0x000000008f600000, 0x000000008f700000|  0%| F|  |TAMS 0x000000008f600000, 0x000000008f600000| Untracked 
| 247|0x000000008f700000, 0x000000008f700000, 0x000000008f800000|  0%| F|  |TAMS 0x000000008f700000, 0x000000008f700000| Untracked 
| 248|0x000000008f800000, 0x000000008f800000, 0x000000008f900000|  0%| F|  |TAMS 0x000000008f800000, 0x000000008f800000| Untracked 
| 249|0x000000008f900000, 0x000000008f900000, 0x000000008fa00000|  0%| F|  |TAMS 0x000000008f900000, 0x000000008f900000| Untracked 
| 250|0x000000008fa00000, 0x000000008fa00000, 0x000000008fb00000|  0%| F|  |TAMS 0x000000008fa00000, 0x000000008fa00000| Untracked 
| 251|0x000000008fb00000, 0x000000008fb00000, 0x000000008fc00000|  0%| F|  |TAMS 0x000000008fb00000, 0x000000008fb00000| Untracked 
| 252|0x000000008fc00000, 0x000000008fc00000, 0x000000008fd00000|  0%| F|  |TAMS 0x000000008fc00000, 0x000000008fc00000| Untracked 
| 253|0x000000008fd00000, 0x000000008fd00000, 0x000000008fe00000|  0%| F|  |TAMS 0x000000008fd00000, 0x000000008fd00000| Untracked 
| 254|0x000000008fe00000, 0x000000008fe00000, 0x000000008ff00000|  0%| F|  |TAMS 0x000000008fe00000, 0x000000008fe00000| Untracked 
| 255|0x000000008ff00000, 0x000000008ff00000, 0x0000000090000000|  0%| F|  |TAMS 0x000000008ff00000, 0x000000008ff00000| Untracked 
| 256|0x0000000090000000, 0x0000000090000000, 0x0000000090100000|  0%| F|  |TAMS 0x0000000090000000, 0x0000000090000000| Untracked 
| 257|0x0000000090100000, 0x0000000090100000, 0x0000000090200000|  0%| F|  |TAMS 0x0000000090100000, 0x0000000090100000| Untracked 
| 258|0x0000000090200000, 0x0000000090200000, 0x0000000090300000|  0%| F|  |TAMS 0x0000000090200000, 0x0000000090200000| Untracked 
| 259|0x0000000090300000, 0x0000000090300000, 0x0000000090400000|  0%| F|  |TAMS 0x0000000090300000, 0x0000000090300000| Untracked 
| 260|0x0000000090400000, 0x0000000090400000, 0x0000000090500000|  0%| F|  |TAMS 0x0000000090400000, 0x0000000090400000| Untracked 
| 261|0x0000000090500000, 0x0000000090500000, 0x0000000090600000|  0%| F|  |TAMS 0x0000000090500000, 0x0000000090500000| Untracked 
| 262|0x0000000090600000, 0x0000000090600000, 0x0000000090700000|  0%| F|  |TAMS 0x0000000090600000, 0x0000000090600000| Untracked 
| 263|0x0000000090700000, 0x0000000090700000, 0x0000000090800000|  0%| F|  |TAMS 0x0000000090700000, 0x0000000090700000| Untracked 
| 264|0x0000000090800000, 0x0000000090800000, 0x0000000090900000|  0%| F|  |TAMS 0x0000000090800000, 0x0000000090800000| Untracked 
| 265|0x0000000090900000, 0x0000000090900000, 0x0000000090a00000|  0%| F|  |TAMS 0x0000000090900000, 0x0000000090900000| Untracked 
| 266|0x0000000090a00000, 0x0000000090a00000, 0x0000000090b00000|  0%| F|  |TAMS 0x0000000090a00000, 0x0000000090a00000| Untracked 
| 267|0x0000000090b00000, 0x0000000090b00000, 0x0000000090c00000|  0%| F|  |TAMS 0x0000000090b00000, 0x0000000090b00000| Untracked 
| 268|0x0000000090c00000, 0x0000000090c00000, 0x0000000090d00000|  0%| F|  |TAMS 0x0000000090c00000, 0x0000000090c00000| Untracked 
| 269|0x0000000090d00000, 0x0000000090d00000, 0x0000000090e00000|  0%| F|  |TAMS 0x0000000090d00000, 0x0000000090d00000| Untracked 
| 270|0x0000000090e00000, 0x0000000090e00000, 0x0000000090f00000|  0%| F|  |TAMS 0x0000000090e00000, 0x0000000090e00000| Untracked 
| 271|0x0000000090f00000, 0x0000000090f00000, 0x0000000091000000|  0%| F|  |TAMS 0x0000000090f00000, 0x0000000090f00000| Untracked 
| 272|0x0000000091000000, 0x0000000091100000, 0x0000000091100000|100%| S|CS|TAMS 0x0000000091000000, 0x0000000091000000| Complete 
| 273|0x0000000091100000, 0x0000000091200000, 0x0000000091200000|100%| S|CS|TAMS 0x0000000091100000, 0x0000000091100000| Complete 
| 274|0x0000000091200000, 0x0000000091300000, 0x0000000091300000|100%| S|CS|TAMS 0x0000000091200000, 0x0000000091200000| Complete 
| 275|0x0000000091300000, 0x0000000091300000, 0x0000000091400000|  0%| F|  |TAMS 0x0000000091300000, 0x0000000091300000| Untracked 
| 276|0x0000000091400000, 0x0000000091400000, 0x0000000091500000|  0%| F|  |TAMS 0x0000000091400000, 0x0000000091400000| Untracked 
| 277|0x0000000091500000, 0x0000000091500000, 0x0000000091600000|  0%| F|  |TAMS 0x0000000091500000, 0x0000000091500000| Untracked 
| 278|0x0000000091600000, 0x0000000091600000, 0x0000000091700000|  0%| F|  |TAMS 0x0000000091600000, 0x0000000091600000| Untracked 
| 279|0x0000000091700000, 0x0000000091700000, 0x0000000091800000|  0%| F|  |TAMS 0x0000000091700000, 0x0000000091700000| Untracked 
| 280|0x0000000091800000, 0x0000000091800000, 0x0000000091900000|  0%| F|  |TAMS 0x0000000091800000, 0x0000000091800000| Untracked 
| 281|0x0000000091900000, 0x0000000091900000, 0x0000000091a00000|  0%| F|  |TAMS 0x0000000091900000, 0x0000000091900000| Untracked 
| 282|0x0000000091a00000, 0x0000000091a00000, 0x0000000091b00000|  0%| F|  |TAMS 0x0000000091a00000, 0x0000000091a00000| Untracked 
| 283|0x0000000091b00000, 0x0000000091b00000, 0x0000000091c00000|  0%| F|  |TAMS 0x0000000091b00000, 0x0000000091b00000| Untracked 
| 284|0x0000000091c00000, 0x0000000091c00000, 0x0000000091d00000|  0%| F|  |TAMS 0x0000000091c00000, 0x0000000091c00000| Untracked 
| 285|0x0000000091d00000, 0x0000000091d00000, 0x0000000091e00000|  0%| F|  |TAMS 0x0000000091d00000, 0x0000000091d00000| Untracked 
| 286|0x0000000091e00000, 0x0000000091e00000, 0x0000000091f00000|  0%| F|  |TAMS 0x0000000091e00000, 0x0000000091e00000| Untracked 
| 287|0x0000000091f00000, 0x0000000091f00000, 0x0000000092000000|  0%| F|  |TAMS 0x0000000091f00000, 0x0000000091f00000| Untracked 
| 288|0x0000000092000000, 0x0000000092000000, 0x0000000092100000|  0%| F|  |TAMS 0x0000000092000000, 0x0000000092000000| Untracked 
| 289|0x0000000092100000, 0x0000000092100000, 0x0000000092200000|  0%| F|  |TAMS 0x0000000092100000, 0x0000000092100000| Untracked 
| 290|0x0000000092200000, 0x0000000092200000, 0x0000000092300000|  0%| F|  |TAMS 0x0000000092200000, 0x0000000092200000| Untracked 
| 291|0x0000000092300000, 0x0000000092300000, 0x0000000092400000|  0%| F|  |TAMS 0x0000000092300000, 0x0000000092300000| Untracked 
| 292|0x0000000092400000, 0x0000000092400000, 0x0000000092500000|  0%| F|  |TAMS 0x0000000092400000, 0x0000000092400000| Untracked 

Card table byte_map: [0x000001b8a61d0000,0x000001b8a65d0000] _byte_map_base: 0x000001b8a5dd0000

Marking Bits (Prev, Next): (CMBitMap*) 0x000001b892cbc608, (CMBitMap*) 0x000001b892cbc640
 Prev Bits: [0x000001b8a69d0000, 0x000001b8a89d0000)
 Next Bits: [0x000001b8a89d0000, 0x000001b8aa9d0000)

Polling page: 0x000001b896780000

Metaspace:

Usage:
  Non-class:     82.97 MB capacity,    81.60 MB ( 98%) used,     1.11 MB (  1%) free+waste,   270.75 KB ( <1%) overhead. 
      Class:     12.92 MB capacity,    12.05 MB ( 93%) used,   766.76 KB (  6%) free+waste,   120.75 KB ( <1%) overhead. 
       Both:     95.89 MB capacity,    93.65 MB ( 98%) used,     1.85 MB (  2%) free+waste,   391.50 KB ( <1%) overhead. 

Virtual space:
  Non-class space:       84.00 MB reserved,      83.20 MB (>99%) committed 
      Class space:        1.00 GB reserved,      13.00 MB (  1%) committed 
             Both:        1.08 GB reserved,      96.20 MB (  9%) committed 

Chunk freelists:
   Non-Class:  44.00 KB
       Class:  19.00 KB
        Both:  63.00 KB

MaxMetaspaceSize: 17179869184.00 GB
CompressedClassSpaceSize: 1.00 GB

CodeHeap 'non-profiled nmethods': size=120064Kb used=8322Kb max_used=8322Kb free=111741Kb
 bounds [0x000001b89e260000, 0x000001b89ea90000, 0x000001b8a57a0000]
CodeHeap 'profiled nmethods': size=120000Kb used=26877Kb max_used=26877Kb free=93122Kb
 bounds [0x000001b896d30000, 0x000001b898770000, 0x000001b89e260000]
CodeHeap 'non-nmethods': size=5696Kb used=2310Kb max_used=2387Kb free=3385Kb
 bounds [0x000001b8967a0000, 0x000001b896a10000, 0x000001b896d30000]
 total_blobs=13244 nmethods=12330 adapters=825
 compilation: enabled
              stopped_count=0, restarted_count=0
 full_count=0

Compilation events (20 events):
Event: 16.646 Thread 0x000001b8ad05a800 12426       3       com.android.tools.r8.internal.MS0::a (153 bytes)
Event: 16.646 Thread 0x000001b8ad05a800 nmethod 12426 0x000001b89876dd90 code [0x000001b89876e000, 0x000001b89876e958]
Event: 16.648 Thread 0x000001b8ad05a800 12427       1       com.android.tools.r8.internal.ZY0::h (5 bytes)
Event: 16.648 Thread 0x000001b8ad05a800 nmethod 12427 0x000001b89ea7c610 code [0x000001b89ea7c7c0, 0x000001b89ea7c878]
Event: 16.648 Thread 0x000001b8ad05a800 12428       1       com.android.tools.r8.internal.CX0::r (5 bytes)
Event: 16.648 Thread 0x000001b8ad01b000 12429       4       com.android.tools.r8.graph.p0::a (35 bytes)
Event: 16.648 Thread 0x000001b8ad05a800 nmethod 12428 0x000001b89ea7c910 code [0x000001b89ea7cac0, 0x000001b89ea7cb78]
Event: 16.649 Thread 0x000001b8ad05a800 12431   !   3       com.android.tools.r8.internal.LH0::a (104 bytes)
Event: 16.649 Thread 0x000001b8ad05a800 nmethod 12431 0x000001b89876ed10 code [0x000001b89876ef00, 0x000001b89876f458]
Event: 16.675 Thread 0x000001b8ad01b000 nmethod 12429 0x000001b89ea7cc10 code [0x000001b89ea7cde0, 0x000001b89ea7d298]
Event: 16.675 Thread 0x000001b8ad01b000 12430       4       com.android.tools.r8.internal.md1::a (34 bytes)
Event: 16.676 Thread 0x000001b8ad01b000 nmethod 12430 0x000001b89ea7d510 code [0x000001b89ea7d6a0, 0x000001b89ea7d818]
Event: 16.681 Thread 0x000001b8ad01b000 12432  s    4       com.android.tools.r8.graph.p0::c (6 bytes)
Event: 16.683 Thread 0x000001b8ad01b000 nmethod 12432 0x000001b89ea7d910 code [0x000001b89ea7dac0, 0x000001b89ea7dda8]
Event: 16.690 Thread 0x000001b8ad01b000 12433       4       java.lang.Iterable::forEach (39 bytes)
Event: 16.691 Thread 0x000001b8ad01b000 nmethod 12433 0x000001b89ea7de90 code [0x000001b89ea7e040, 0x000001b89ea7e158]
Event: 16.692 Thread 0x000001b8ad01b000 12434 %     4       com.android.tools.r8.internal.SV0::d @ 58 (190 bytes)
Event: 16.717 Thread 0x000001b8ad01b000 nmethod 12434% 0x000001b89ea7e310 code [0x000001b89ea7e500, 0x000001b89ea7efb8]
Event: 16.764 Thread 0x000001b8ad01b000 12435       4       com.android.tools.r8.internal.SV0::d (190 bytes)
Event: 16.774 Thread 0x000001b8ad01b000 nmethod 12435 0x000001b89ea7f590 code [0x000001b89ea7f780, 0x000001b89ea803f8]

GC Heap History (20 events):
Event: 15.292 GC heap after
{Heap after GC invocations=28 (full 0):
 garbage-first heap   total 239616K, used 119768K [0x0000000080000000, 0x0000000100000000)
  region size 1024K, 3 young (3072K), 3 survivors (3072K)
 Metaspace       used 93162K, capacity 95414K, committed 95564K, reserved 1132544K
  class space    used 11955K, capacity 12816K, committed 12928K, reserved 1048576K
}
Event: 15.567 GC heap before
{Heap before GC invocations=29 (full 0):
 garbage-first heap   total 239616K, used 151512K [0x0000000080000000, 0x0000000100000000)
  region size 1024K, 22 young (22528K), 3 survivors (3072K)
 Metaspace       used 93105K, capacity 95320K, committed 95564K, reserved 1132544K
  class space    used 11937K, capacity 12783K, committed 12928K, reserved 1048576K
}
Event: 15.572 GC heap after
{Heap after GC invocations=30 (full 0):
 garbage-first heap   total 239616K, used 142804K [0x0000000080000000, 0x0000000100000000)
  region size 1024K, 8 young (8192K), 8 survivors (8192K)
 Metaspace       used 93105K, capacity 95320K, committed 95564K, reserved 1132544K
  class space    used 11937K, capacity 12783K, committed 12928K, reserved 1048576K
}
Event: 15.982 GC heap before
{Heap before GC invocations=31 (full 0):
 garbage-first heap   total 239616K, used 160212K [0x0000000080000000, 0x0000000100000000)
  region size 1024K, 22 young (22528K), 8 survivors (8192K)
 Metaspace       used 95626K, capacity 97855K, committed 98124K, reserved 1134592K
  class space    used 12314K, capacity 13161K, committed 13184K, reserved 1048576K
}
Event: 15.988 GC heap after
{Heap after GC invocations=32 (full 0):
 garbage-first heap   total 239616K, used 150233K [0x0000000080000000, 0x0000000100000000)
  region size 1024K, 2 young (2048K), 2 survivors (2048K)
 Metaspace       used 95626K, capacity 97855K, committed 98124K, reserved 1134592K
  class space    used 12314K, capacity 13161K, committed 13184K, reserved 1048576K
}
Event: 16.123 GC heap before
{Heap before GC invocations=32 (full 0):
 garbage-first heap   total 239616K, used 231129K [0x0000000080000000, 0x0000000100000000)
  region size 1024K, 34 young (34816K), 2 survivors (2048K)
 Metaspace       used 95876K, capacity 98090K, committed 98252K, reserved 1134592K
  class space    used 12337K, capacity 13196K, committed 13312K, reserved 1048576K
}
Event: 16.132 GC heap after
{Heap after GC invocations=33 (full 0):
 garbage-first heap   total 249856K, used 189999K [0x0000000080000000, 0x0000000100000000)
  region size 1024K, 5 young (5120K), 5 survivors (5120K)
 Metaspace       used 95876K, capacity 98090K, committed 98252K, reserved 1134592K
  class space    used 12337K, capacity 13196K, committed 13312K, reserved 1048576K
}
Event: 16.218 GC heap before
{Heap before GC invocations=33 (full 0):
 garbage-first heap   total 249856K, used 207407K [0x0000000080000000, 0x0000000100000000)
  region size 1024K, 22 young (22528K), 5 survivors (5120K)
 Metaspace       used 95877K, capacity 98090K, committed 98252K, reserved 1134592K
  class space    used 12337K, capacity 13196K, committed 13312K, reserved 1048576K
}
Event: 16.233 GC heap after
{Heap after GC invocations=34 (full 0):
 garbage-first heap   total 249856K, used 196970K [0x0000000080000000, 0x0000000100000000)
  region size 1024K, 3 young (3072K), 3 survivors (3072K)
 Metaspace       used 95877K, capacity 98090K, committed 98252K, reserved 1134592K
  class space    used 12337K, capacity 13196K, committed 13312K, reserved 1048576K
}
Event: 16.279 GC heap before
{Heap before GC invocations=35 (full 0):
 garbage-first heap   total 249856K, used 197994K [0x0000000080000000, 0x0000000100000000)
  region size 1024K, 5 young (5120K), 3 survivors (3072K)
 Metaspace       used 95877K, capacity 98090K, committed 98252K, reserved 1134592K
  class space    used 12337K, capacity 13196K, committed 13312K, reserved 1048576K
}
Event: 16.286 GC heap after
{Heap after GC invocations=36 (full 0):
 garbage-first heap   total 249856K, used 197986K [0x0000000080000000, 0x0000000100000000)
  region size 1024K, 1 young (1024K), 1 survivors (1024K)
 Metaspace       used 95877K, capacity 98090K, committed 98252K, reserved 1134592K
  class space    used 12337K, capacity 13196K, committed 13312K, reserved 1048576K
}
Event: 16.335 GC heap before
{Heap before GC invocations=36 (full 0):
 garbage-first heap   total 249856K, used 211298K [0x0000000080000000, 0x0000000100000000)
  region size 1024K, 12 young (12288K), 1 survivors (1024K)
 Metaspace       used 95877K, capacity 98090K, committed 98252K, reserved 1134592K
  class space    used 12337K, capacity 13196K, committed 13312K, reserved 1048576K
}
Event: 16.345 GC heap after
{Heap after GC invocations=37 (full 0):
 garbage-first heap   total 300032K, used 205162K [0x0000000080000000, 0x0000000100000000)
  region size 1024K, 2 young (2048K), 2 survivors (2048K)
 Metaspace       used 95877K, capacity 98090K, committed 98252K, reserved 1134592K
  class space    used 12337K, capacity 13196K, committed 13312K, reserved 1048576K
}
Event: 16.524 GC heap before
{Heap before GC invocations=37 (full 0):
 garbage-first heap   total 300032K, used 228714K [0x0000000080000000, 0x0000000100000000)
  region size 1024K, 26 young (26624K), 2 survivors (2048K)
 Metaspace       used 95877K, capacity 98090K, committed 98252K, reserved 1134592K
  class space    used 12337K, capacity 13196K, committed 13312K, reserved 1048576K
}
Event: 16.543 GC heap after
{Heap after GC invocations=38 (full 0):
 garbage-first heap   total 300032K, used 213978K [0x0000000080000000, 0x0000000100000000)
  region size 1024K, 4 young (4096K), 4 survivors (4096K)
 Metaspace       used 95877K, capacity 98090K, committed 98252K, reserved 1134592K
  class space    used 12337K, capacity 13196K, committed 13312K, reserved 1048576K
}
Event: 16.651 GC heap before
{Heap before GC invocations=39 (full 0):
 garbage-first heap   total 300032K, used 240602K [0x0000000080000000, 0x0000000100000000)
  region size 1024K, 27 young (27648K), 4 survivors (4096K)
 Metaspace       used 95877K, capacity 98090K, committed 98252K, reserved 1134592K
  class space    used 12337K, capacity 13196K, committed 13312K, reserved 1048576K
}
Event: 16.674 GC heap after
{Heap after GC invocations=40 (full 0):
 garbage-first heap   total 300032K, used 228620K [0x0000000080000000, 0x0000000100000000)
  region size 1024K, 4 young (4096K), 4 survivors (4096K)
 Metaspace       used 95877K, capacity 98090K, committed 98252K, reserved 1134592K
  class space    used 12337K, capacity 13196K, committed 13312K, reserved 1048576K
}
Event: 16.701 GC heap before
{Heap before GC invocations=40 (full 0):
 garbage-first heap   total 300032K, used 236812K [0x0000000080000000, 0x0000000100000000)
  region size 1024K, 13 young (13312K), 4 survivors (4096K)
 Metaspace       used 95877K, capacity 98090K, committed 98252K, reserved 1134592K
  class space    used 12337K, capacity 13196K, committed 13312K, reserved 1048576K
}
Event: 16.717 GC heap after
{Heap after GC invocations=41 (full 0):
 garbage-first heap   total 300032K, used 232203K [0x0000000080000000, 0x0000000100000000)
  region size 1024K, 3 young (3072K), 3 survivors (3072K)
 Metaspace       used 95877K, capacity 98090K, committed 98252K, reserved 1134592K
  class space    used 12337K, capacity 13196K, committed 13312K, reserved 1048576K
}
Event: 16.785 GC heap before
{Heap before GC invocations=41 (full 0):
 garbage-first heap   total 300032K, used 247563K [0x0000000080000000, 0x0000000100000000)
  region size 1024K, 18 young (18432K), 3 survivors (3072K)
 Metaspace       used 95898K, capacity 98189K, committed 98508K, reserved 1134592K
  class space    used 12341K, capacity 13229K, committed 13312K, reserved 1048576K
}

Deoptimization events (20 events):
Event: 16.687 Thread 0x000001b8b4a59800 DEOPT PACKING pc=0x000001b898740356 sp=0x000000b4886fd530
Event: 16.687 Thread 0x000001b8b4a59800 DEOPT UNPACKING pc=0x000001b8967c6dde sp=0x000000b4886fcbf0 mode 0
Event: 16.694 Thread 0x000001b8b4a59800 DEOPT PACKING pc=0x000001b898740356 sp=0x000000b4886fd530
Event: 16.694 Thread 0x000001b8b4a59800 DEOPT UNPACKING pc=0x000001b8967c6dde sp=0x000000b4886fcbf0 mode 0
Event: 16.697 Thread 0x000001b8b4a59800 DEOPT PACKING pc=0x000001b898740356 sp=0x000000b4886fd530
Event: 16.697 Thread 0x000001b8b4a59800 DEOPT UNPACKING pc=0x000001b8967c6dde sp=0x000000b4886fcbf0 mode 0
Event: 16.728 Thread 0x000001b8b4a59800 DEOPT PACKING pc=0x000001b898740356 sp=0x000000b4886fd530
Event: 16.728 Thread 0x000001b8b4a59800 DEOPT UNPACKING pc=0x000001b8967c6dde sp=0x000000b4886fcbf0 mode 0
Event: 16.729 Thread 0x000001b8b4a59800 DEOPT PACKING pc=0x000001b898740356 sp=0x000000b4886fd530
Event: 16.729 Thread 0x000001b8b4a59800 DEOPT UNPACKING pc=0x000001b8967c6dde sp=0x000000b4886fcbf0 mode 0
Event: 16.732 Thread 0x000001b8b4a59800 DEOPT PACKING pc=0x000001b898740356 sp=0x000000b4886fd530
Event: 16.732 Thread 0x000001b8b4a59800 DEOPT UNPACKING pc=0x000001b8967c6dde sp=0x000000b4886fcbf0 mode 0
Event: 16.759 Thread 0x000001b8b4a59800 DEOPT PACKING pc=0x000001b898740356 sp=0x000000b4886fd530
Event: 16.759 Thread 0x000001b8b4a59800 DEOPT UNPACKING pc=0x000001b8967c6dde sp=0x000000b4886fcbf0 mode 0
Event: 16.764 Thread 0x000001b8b4a59800 DEOPT PACKING pc=0x000001b8987695e7 sp=0x000000b4886fd5d0
Event: 16.764 Thread 0x000001b8b4a59800 DEOPT UNPACKING pc=0x000001b8967c6dde sp=0x000000b4886fcb28 mode 0
Event: 16.780 Thread 0x000001b8b4a59800 DEOPT PACKING pc=0x000001b898740356 sp=0x000000b4886fd530
Event: 16.780 Thread 0x000001b8b4a59800 DEOPT UNPACKING pc=0x000001b8967c6dde sp=0x000000b4886fcbf0 mode 0
Event: 16.780 Thread 0x000001b8b4a59800 DEOPT PACKING pc=0x000001b898740356 sp=0x000000b4886fd530
Event: 16.780 Thread 0x000001b8b4a59800 DEOPT UNPACKING pc=0x000001b8967c6dde sp=0x000000b4886fcbf0 mode 0

Classes redefined (0 events):
No events

Internal exceptions (20 events):
Event: 13.171 Thread 0x000001b8b4a52000 Exception <a 'java/lang/NoSuchMethodError'{0x000000008a027120}: <clinit>> (0x000000008a027120) thrown at [./src/hotspot/share/prims/jni.cpp, line 1362]
Event: 13.171 Thread 0x000001b8b4a52000 Exception <a 'java/lang/NoSuchMethodError'{0x000000008a0292b0}: <clinit>> (0x000000008a0292b0) thrown at [./src/hotspot/share/prims/jni.cpp, line 1362]
Event: 13.173 Thread 0x000001b8b4a52000 Exception <a 'java/lang/NoSuchMethodError'{0x000000008a040328}: <clinit>> (0x000000008a040328) thrown at [./src/hotspot/share/prims/jni.cpp, line 1362]
Event: 13.173 Thread 0x000001b8b4a52000 Exception <a 'java/lang/NoSuchMethodError'{0x000000008a041560}: <clinit>> (0x000000008a041560) thrown at [./src/hotspot/share/prims/jni.cpp, line 1362]
Event: 13.614 Thread 0x000001b8b4a52000 Exception <a 'sun/nio/fs/WindowsException'{0x000000008b81c088}> (0x000000008b81c088) thrown at [./src/hotspot/share/prims/jni.cpp, line 615]
Event: 13.614 Thread 0x000001b8b4a52000 Exception <a 'sun/nio/fs/WindowsException'{0x000000008b81cf10}> (0x000000008b81cf10) thrown at [./src/hotspot/share/prims/jni.cpp, line 615]
Event: 13.616 Thread 0x000001b8b4a52000 Exception <a 'sun/nio/fs/WindowsException'{0x000000008b81dd40}> (0x000000008b81dd40) thrown at [./src/hotspot/share/prims/jni.cpp, line 615]
Event: 13.616 Thread 0x000001b8b4a52000 Exception <a 'sun/nio/fs/WindowsException'{0x000000008b81ebc8}> (0x000000008b81ebc8) thrown at [./src/hotspot/share/prims/jni.cpp, line 615]
Event: 13.630 Thread 0x000001b8b4a52000 Exception <a 'java/lang/NoSuchMethodError'{0x000000008b7ce820}: <clinit>> (0x000000008b7ce820) thrown at [./src/hotspot/share/prims/jni.cpp, line 1362]
Event: 13.633 Thread 0x000001b8b4a52000 Exception <a 'java/lang/NoSuchMethodError'{0x000000008b6029a0}: <clinit>> (0x000000008b6029a0) thrown at [./src/hotspot/share/prims/jni.cpp, line 1362]
Event: 13.637 Thread 0x000001b8b4a52000 Exception <a 'java/lang/NoSuchMethodError'{0x000000008b647f08}: <clinit>> (0x000000008b647f08) thrown at [./src/hotspot/share/prims/jni.cpp, line 1362]
Event: 13.638 Thread 0x000001b8b4a52000 Exception <a 'java/lang/NoSuchMethodError'{0x000000008b65aa08}: <clinit>> (0x000000008b65aa08) thrown at [./src/hotspot/share/prims/jni.cpp, line 1362]
Event: 14.701 Thread 0x000001b8b4a57000 Exception <a 'java/lang/NoSuchMethodError'{0x000000008c76e140}: 'void java.lang.invoke.DirectMethodHandle$Holder.invokeStatic(java.lang.Object, long)'> (0x000000008c76e140) thrown at [./src/hotspot/share/interpreter/linkResolver.cpp, line 773]
Event: 14.702 Thread 0x000001b8b4a57000 Exception <a 'java/lang/NoSuchMethodError'{0x000000008c773358}: 'java.lang.Object java.lang.invoke.DirectMethodHandle$Holder.invokeStatic(java.lang.Object, long)'> (0x000000008c773358) thrown at [./src/hotspot/share/interpreter/linkResolver.cpp, line 773]
Event: 14.704 Thread 0x000001b8b4a57000 Exception <a 'java/lang/NoSuchMethodError'{0x000000008c7816c0}: 'java.lang.Object java.lang.invoke.DirectMethodHandle$Holder.invokeStaticInit(java.lang.Object, java.lang.Object, long, java.lang.Object)'> (0x000000008c7816c0) thrown at [./src/hotspot/share/interpreter/linkResolver.cpp, line 773]
Event: 14.705 Thread 0x000001b8b4a57000 Exception <a 'java/lang/NoSuchMethodError'{0x000000008c787858}: 'java.lang.Object java.lang.invoke.DirectMethodHandle$Holder.invokeStatic(java.lang.Object, java.lang.Object, long)'> (0x000000008c787858) thrown at [./src/hotspot/share/interpreter/linkResolver.cpp, line 773]
Event: 14.705 Thread 0x000001b8b4a57000 Exception <a 'java/lang/NoSuchMethodError'{0x000000008c78ddd0}: 'java.lang.Object java.lang.invoke.Invokers$Holder.linkToTargetMethod(java.lang.Object, long, java.lang.Object)'> (0x000000008c78ddd0) thrown at [./src/hotspot/share/interpreter/linkResolver.cpp, line 773]
Event: 15.099 Thread 0x000001b8b4a57000 Exception <a 'java/lang/NoSuchMethodError'{0x000000008e62ed28}: 'int java.lang.invoke.DirectMethodHandle$Holder.invokeSpecialIFC(java.lang.Object, java.lang.Object, java.lang.Object)'> (0x000000008e62ed28) thrown at [./src/hotspot/share/interpreter/linkResolver.cpp, line 773]
Event: 15.790 Thread 0x000001b8b4a59800 Exception <a 'sun/nio/fs/WindowsException'{0x000000008e59bd98}> (0x000000008e59bd98) thrown at [./src/hotspot/share/prims/jni.cpp, line 615]
Event: 15.975 Thread 0x000001b8b4a59800 Exception <a 'java/lang/NoSuchMethodError'{0x000000008def4248}: 'java.lang.Object java.lang.invoke.DirectMethodHandle$Holder.invokeStaticInit(java.lang.Object, java.lang.Object, java.lang.Object, java.lang.Object, java.lang.Object, java.lang.Object, java.lang.Object, java.lang.Object, java.lang.Object, java.lang.Object, java.lang.Object, java.lang.Object, java.lang.Object, java.lang.Object, java.lang.Object, java.lang.Object, java.lang.Object, java.lang.Object, int, java.lang.Object, java.lang.Object)'> (0

Events (20 events):
Event: 16.674 Executing VM operation: G1CollectForAllocation done
Event: 16.701 Executing VM operation: G1CollectForAllocation
Event: 16.717 Executing VM operation: G1CollectForAllocation done
Event: 16.782 loading class com/android/tools/r8/dex/r
Event: 16.782 loading class com/android/tools/r8/dex/r done
Event: 16.782 loading class com/android/tools/r8/dex/r
Event: 16.782 loading class com/android/tools/r8/dex/r done
Event: 16.782 loading class java/util/concurrent/ForkJoinTask$AdaptedRunnableAction
Event: 16.782 loading class java/util/concurrent/ForkJoinTask$AdaptedRunnableAction done
Event: 16.782 loading class java/util/concurrent/ForkJoinTask$ExceptionNode
Event: 16.782 loading class java/util/concurrent/ForkJoinTask$ExceptionNode done
Event: 16.782 loading class java/util/concurrent/ForkJoinWorkerThread
Event: 16.783 loading class java/util/concurrent/ForkJoinWorkerThread done
Event: 16.783 loading class java/util/concurrent/ForkJoinPool$DefaultForkJoinWorkerThreadFactory$1
Event: 16.783 loading class java/util/concurrent/ForkJoinPool$DefaultForkJoinWorkerThreadFactory$1 done
Event: 16.783 Thread 0x000001b8b4a56000 Thread added: 0x000001b8b4a56000
Event: 16.784 Thread 0x000001b8b4a5d000 Thread added: 0x000001b8b4a5d000
Event: 16.784 loading class com/android/tools/r8/utils/B
Event: 16.784 loading class com/android/tools/r8/utils/B done
Event: 16.784 Executing VM operation: G1CollectForAllocation


Dynamic libraries:
0x00007ff6d6070000 - 0x00007ff6d607a000 	C:\Program Files\Android\Android Studio\jre\bin\java.exe
0x00007ffa09e90000 - 0x00007ffa0a085000 	C:\WINDOWS\SYSTEM32\ntdll.dll
0x00007ffa08920000 - 0x00007ffa089de000 	C:\WINDOWS\System32\KERNEL32.DLL
0x00007ffa07780000 - 0x00007ffa07a49000 	C:\WINDOWS\System32\KERNELBASE.dll
0x00007ffa07de0000 - 0x00007ffa07ee0000 	C:\WINDOWS\System32\ucrtbase.dll
0x00007ff9f4bc0000 - 0x00007ff9f4bd7000 	C:\Program Files\Android\Android Studio\jre\bin\VCRUNTIME140.dll
0x00007ff9f5f30000 - 0x00007ff9f5f49000 	C:\Program Files\Android\Android Studio\jre\bin\jli.dll
0x00007ffa07fc0000 - 0x00007ffa08161000 	C:\WINDOWS\System32\USER32.dll
0x00007ffa075b0000 - 0x00007ffa075d2000 	C:\WINDOWS\System32\win32u.dll
0x00007ffa07f90000 - 0x00007ffa07fbb000 	C:\WINDOWS\System32\GDI32.dll
0x00007ffa07a50000 - 0x00007ffa07b5b000 	C:\WINDOWS\System32\gdi32full.dll
0x00007ffa07be0000 - 0x00007ffa07c7d000 	C:\WINDOWS\System32\msvcp_win.dll
0x00007ff9f4c30000 - 0x00007ff9f4eca000 	C:\WINDOWS\WinSxS\amd64_microsoft.windows.common-controls_6595b64144ccf1df_6.0.19041.1110_none_60b5254171f9507e\COMCTL32.dll
0x00007ffa09610000 - 0x00007ffa096ae000 	C:\WINDOWS\System32\msvcrt.dll
0x00007ffa09c40000 - 0x00007ffa09c70000 	C:\WINDOWS\System32\IMM32.DLL
0x00007ff9b6ef0000 - 0x00007ff9b6f8d000 	C:\Program Files\Android\Android Studio\jre\bin\msvcp140.dll
0x00007ff9b0900000 - 0x00007ff9b13d5000 	C:\Program Files\Android\Android Studio\jre\bin\server\jvm.dll
0x00007ffa08870000 - 0x00007ffa0891c000 	C:\WINDOWS\System32\ADVAPI32.dll
0x00007ffa08b90000 - 0x00007ffa08c2b000 	C:\WINDOWS\System32\sechost.dll
0x00007ffa09b10000 - 0x00007ffa09c3a000 	C:\WINDOWS\System32\RPCRT4.dll
0x00007ffa09b00000 - 0x00007ffa09b08000 	C:\WINDOWS\System32\PSAPI.DLL
0x00007ffa04da0000 - 0x00007ffa04da9000 	C:\WINDOWS\SYSTEM32\WSOCK32.dll
0x00007ffa095a0000 - 0x00007ffa0960b000 	C:\WINDOWS\System32\WS2_32.dll
0x00007ff9fef80000 - 0x00007ff9fefa7000 	C:\WINDOWS\SYSTEM32\WINMM.dll
0x00007ff9ff0b0000 - 0x00007ff9ff0ba000 	C:\WINDOWS\SYSTEM32\VERSION.dll
0x00007ffa054d0000 - 0x00007ffa054e2000 	C:\WINDOWS\SYSTEM32\kernel.appcore.dll
0x00007ffa04d30000 - 0x00007ffa04d41000 	C:\Program Files\Android\Android Studio\jre\bin\verify.dll
0x00007ffa00650000 - 0x00007ffa00834000 	C:\WINDOWS\SYSTEM32\DBGHELP.DLL
0x00007ff9fad40000 - 0x00007ff9fad6c000 	C:\WINDOWS\SYSTEM32\dbgcore.DLL
0x00007ffa07690000 - 0x00007ffa07713000 	C:\WINDOWS\System32\bcryptPrimitives.dll
0x00007ffa02570000 - 0x00007ffa02599000 	C:\Program Files\Android\Android Studio\jre\bin\java.dll
0x00007ffa04d90000 - 0x00007ffa04d9b000 	C:\Program Files\Android\Android Studio\jre\bin\jimage.dll
0x00007ffa016d0000 - 0x00007ffa016e8000 	C:\Program Files\Android\Android Studio\jre\bin\zip.dll
0x00007ffa08e50000 - 0x00007ffa0958f000 	C:\WINDOWS\System32\SHELL32.dll
0x00007ffa056d0000 - 0x00007ffa05e60000 	C:\WINDOWS\SYSTEM32\windows.storage.dll
0x00007ffa096c0000 - 0x00007ffa09a15000 	C:\WINDOWS\System32\combase.dll
0x00007ffa06f30000 - 0x00007ffa06f5c000 	C:\WINDOWS\SYSTEM32\Wldp.dll
0x00007ffa09da0000 - 0x00007ffa09e4d000 	C:\WINDOWS\System32\SHCORE.dll
0x00007ffa085f0000 - 0x00007ffa08645000 	C:\WINDOWS\System32\shlwapi.dll
0x00007ffa074f0000 - 0x00007ffa0750f000 	C:\WINDOWS\SYSTEM32\profapi.dll
0x00007ffa00430000 - 0x00007ffa0044a000 	C:\Program Files\Android\Android Studio\jre\bin\net.dll
0x00007ff9f9ae0000 - 0x00007ff9f9be8000 	C:\WINDOWS\SYSTEM32\WINHTTP.dll
0x00007ffa06c90000 - 0x00007ffa06cfa000 	C:\WINDOWS\system32\mswsock.dll
0x00007ffa00410000 - 0x00007ffa00424000 	C:\Program Files\Android\Android Studio\jre\bin\nio.dll
0x00007ff9f5e70000 - 0x00007ff9f5e97000 	C:\Users\User\.gradle\native\e1d6ef7f7dcc3fd88c89a11ec53ec762bb8ba0a96d01ffa2cd45eb1d1d8dd5c5\windows-amd64\native-platform.dll
0x00007ff9c8b40000 - 0x00007ff9c8c84000 	C:\Users\User\.gradle\native\5664cfc778a61ccfe75a443a1ab52a65af34e5dc3c78e0209fed803814484fcb\windows-amd64\native-platform-file-events.dll
0x00007ffa04d20000 - 0x00007ffa04d2a000 	C:\Program Files\Android\Android Studio\jre\bin\management.dll
0x00007ffa01ef0000 - 0x00007ffa01efd000 	C:\Program Files\Android\Android Studio\jre\bin\management_ext.dll
0x00007ffa06e80000 - 0x00007ffa06e98000 	C:\WINDOWS\SYSTEM32\CRYPTSP.dll
0x00007ffa06610000 - 0x00007ffa06644000 	C:\WINDOWS\system32\rsaenh.dll
0x00007ffa07b60000 - 0x00007ffa07b87000 	C:\WINDOWS\System32\bcrypt.dll
0x00007ffa074b0000 - 0x00007ffa074de000 	C:\WINDOWS\SYSTEM32\USERENV.dll
0x00007ffa06ea0000 - 0x00007ffa06eac000 	C:\WINDOWS\SYSTEM32\CRYPTBASE.dll
0x00007ffa06980000 - 0x00007ffa069bb000 	C:\WINDOWS\SYSTEM32\IPHLPAPI.DLL
0x00007ffa096b0000 - 0x00007ffa096b8000 	C:\WINDOWS\System32\NSI.dll
0x00007ff9ff9d0000 - 0x00007ff9ff9e7000 	C:\WINDOWS\SYSTEM32\dhcpcsvc6.DLL
0x00007ff9ffac0000 - 0x00007ff9ffadd000 	C:\WINDOWS\SYSTEM32\dhcpcsvc.DLL
0x00007ffa069c0000 - 0x00007ffa06a8c000 	C:\WINDOWS\SYSTEM32\DNSAPI.dll

dbghelp: loaded successfully - version: 4.0.5 - missing functions: none
symbol engine: initialized successfully - sym options: 0x614 - pdb path: .;C:\Program Files\Android\Android Studio\jre\bin;C:\WINDOWS\SYSTEM32;C:\WINDOWS\WinSxS\amd64_microsoft.windows.common-controls_6595b64144ccf1df_6.0.19041.1110_none_60b5254171f9507e;C:\Program Files\Android\Android Studio\jre\bin\server;C:\Users\User\.gradle\native\e1d6ef7f7dcc3fd88c89a11ec53ec762bb8ba0a96d01ffa2cd45eb1d1d8dd5c5\windows-amd64;C:\Users\User\.gradle\native\5664cfc778a61ccfe75a443a1ab52a65af34e5dc3c78e0209fed803814484fcb\windows-amd64

VM Arguments:
jvm_args: --add-opens=java.base/java.util=ALL-UNNAMED --add-opens=java.base/java.lang=ALL-UNNAMED --add-opens=java.base/java.lang.invoke=ALL-UNNAMED --add-opens=java.base/java.util=ALL-UNNAMED --add-opens=java.prefs/java.util.prefs=ALL-UNNAMED --add-opens=java.prefs/java.util.prefs=ALL-UNNAMED --add-opens=java.base/java.nio.charset=ALL-UNNAMED --add-opens=java.base/java.net=ALL-UNNAMED --add-opens=java.base/java.util.concurrent.atomic=ALL-UNNAMED -Xmx2048m -Dfile.encoding=UTF-8 -Duser.country=ID -Duser.language=en -Duser.variant 
java_command: org.gradle.launcher.daemon.bootstrap.GradleDaemon 7.3.3
java_class_path (initial): C:\Users\User\.gradle\wrapper\dists\gradle-7.3.3-bin\6a41zxkdtcxs8rphpq6y0069z\gradle-7.3.3\lib\gradle-launcher-7.3.3.jar
Launcher Type: SUN_STANDARD

[Global flags]
     intx CICompilerCount                          = 3                                         {product} {ergonomic}
     uint ConcGCThreads                            = 1                                         {product} {ergonomic}
     uint G1ConcRefinementThreads                  = 4                                         {product} {ergonomic}
   size_t G1HeapRegionSize                         = 1048576                                   {product} {ergonomic}
    uintx GCDrainStackTargetSize                   = 64                                        {product} {ergonomic}
   size_t InitialHeapSize                          = 117440512                                 {product} {ergonomic}
   size_t MarkStackSize                            = 4194304                                   {product} {ergonomic}
   size_t MaxHeapSize                              = 2147483648                                {product} {command line}
   size_t MaxNewSize                               = 1287651328                                {product} {ergonomic}
   size_t MinHeapDeltaBytes                        = 1048576                                   {product} {ergonomic}
    uintx NonNMethodCodeHeapSize                   = 5830732                                {pd product} {ergonomic}
    uintx NonProfiledCodeHeapSize                  = 122913754                              {pd product} {ergonomic}
    uintx ProfiledCodeHeapSize                     = 122913754                              {pd product} {ergonomic}
    uintx ReservedCodeCacheSize                    = 251658240                              {pd product} {ergonomic}
     bool SegmentedCodeCache                       = true                                      {product} {ergonomic}
     bool UseCompressedClassPointers               = true                                 {lp64_product} {ergonomic}
     bool UseCompressedOops                        = true                                 {lp64_product} {ergonomic}
     bool UseG1GC                                  = true                                      {product} {ergonomic}
     bool UseLargePagesIndividualAllocation        = false                                  {pd product} {ergonomic}

Logging:
Log output configuration:
 #0: stdout all=warning uptime,level,tags
 #1: stderr all=off uptime,level,tags

Environment Variables:
JAVA_HOME=C:\Users\User\.jdks\azul-13.0.8
CLASSPATH=.;
PATH=C:\Program Files\gradle-7.3.3-bin\gradle-7.3.3\bin;C:\Program Files (x86)\Common Files\Oracle\Java\javapath;C:\Python27\;C:\Python27\Scripts;C:\ProgramData\Oracle\Java\javapath;C:\WINDOWS\system32;C:\WINDOWS;C:\WINDOWS\System32\Wbem;C:\WINDOWS\System32\WindowsPowerShell\v1.0\;C:\WINDOWS\System32\OpenSSH\;C:\ProgramData\chocolatey\bin;C:\Program Files\nodejs\;C:\Users\User\AppData\Local\Android\Sdk\platform-tools;C:\Program Files\Java\jdk-15.0.2\bin;C:\Program Files\Java\jdk1.8.0_271\bin;C:\Users\User\.jdks\azul-13.0.8\bin;C:\Program Files\Git\cmd;C:\flutter\bin;C:\Users\User\AppData\Local\Microsoft\WindowsApps;C:\Users\User\AppData\Local\Programs\Microsoft VS Code\bin;C:\Users\User\AppData\Roaming\npm;C:\Users\User\AppData\Local\Android\Sdk\platform-tools;
USERNAME=User
OS=Windows_NT
PROCESSOR_IDENTIFIER=AMD64 Family 23 Model 24 Stepping 1, AuthenticAMD



---------------  S Y S T E M  ---------------

OS: Windows 10 , 64 bit Build 19041 (10.0.19041.1202)
OS uptime: 2 days 3:30 hours

CPU:total 4 (initial active 4) (4 cores per cpu, 1 threads per core) family 23 model 24 stepping 1 microcode 0x0, cmov, cx8, fxsr, mmx, sse, sse2, sse3, ssse3, sse4.1, sse4.2, popcnt, avx, avx2, aes, clmul, mmxext, 3dnowpref, lzcnt, sse4a, tsc, tscinvbit, tscinv, bmi1, bmi2, adx, sha, 

Memory: 4k page, system-wide physical 7096M (414M free)
TotalPageFile size 15288M (AvailPageFile size 139M)
current process WorkingSet (physical memory assigned to process): 568M, peak: 570M
current process commit charge ("private bytes"): 618M, peak: 825M

vm_info: OpenJDK 64-Bit Server VM (11.0.11+9-b60-7590822) for windows-amd64 JRE (11.0.11+9-b60-7590822), built on Jul 29 2021 21:43:44 by "builder" with MS VC++ 14.0 (VS2015)

END.
