#
# There is insufficient memory for the Java Runtime Environment to continue.
# Native memory allocation (mmap) failed to map 20971520 bytes for Failed to commit area from 0x00000000a7000000 to 0x00000000a8400000 of length 20971520.
# Possible reasons:
#   The system is out of physical RAM or swap space
#   The process is running with CompressedOops enabled, and the Java Heap may be blocking the growth of the native heap
# Possible solutions:
#   Reduce memory load on the system
#   Increase physical memory or swap space
#   Check if swap backing store is full
#   Decrease Java heap size (-Xmx/-Xms)
#   Decrease number of Java threads
#   Decrease Java thread stack sizes (-Xss)
#   Set larger code cache with -XX:ReservedCodeCacheSize=
#   JVM is running with Unscaled Compressed Oops mode in which the Java heap is
#     placed in the first 4GB address space. The Java Heap base address is the
#     maximum limit for the native heap growth. Please use -XX:HeapBaseMinAddress
#     to set the Java Heap base and to place the Java Heap above 4GB virtual address.
# This output file may be truncated or incomplete.
#
#  Out of Memory Error (./src/hotspot/os/windows/os_windows.cpp:3301), pid=5324, tid=11952
#
# JRE version: OpenJDK Runtime Environment (11.0.10) (build 11.0.10+0-b96-7249189)
# Java VM: OpenJDK 64-Bit Server VM (11.0.10+0-b96-7249189, mixed mode, tiered, compressed oops, g1 gc, windows-amd64)
# No core dump will be written. Minidumps are not enabled by default on client versions of Windows
#

---------------  S U M M A R Y ------------

Command Line: org.jetbrains.kotlin.cli.jvm.K2JVMCompiler @C:\Users\User\AndroidStudioProjects\RPSChallengechapter4\app\build\20211119_5534648960085844451.compiler.options

Host: AMD Ryzen 3 3200G with Radeon Vega Graphics    , 4 cores, 5G,  Windows 10 , 64 bit Build 19041 (10.0.19041.1202)
Time: Fri Nov 19 19:42:40 2021 SE Asia Standard Time elapsed time: 3.880478 seconds (0d 0h 0m 3s)

---------------  T H R E A D  ---------------

Current thread (0x000001b4bc807000):  VMThread "VM Thread" [stack: 0x00000033f1300000,0x00000033f1400000] [id=11952]

Stack: [0x00000033f1300000,0x00000033f1400000]
[error occurred during error reporting (printing stack bounds), id 0xc0000005, EXCEPTION_ACCESS_VIOLATION (0xc0000005) at pc=0x000001b4a7350f2d]

Native frames: (J=compiled Java code, j=interpreted, Vv=VM code, C=native code)
V  [jvm.dll+0x5ecfaa]
V  [jvm.dll+0x722bd5]
V  [jvm.dll+0x72412d]
V  [jvm.dll+0x724745]
V  [jvm.dll+0x7246fb]
V  [jvm.dll+0x5ec348]
V  [jvm.dll+0x5ecad8]
C  [ntdll.dll+0xa20cf]
C  [ntdll.dll+0x51454]
C  [ntdll.dll+0xa0bfe]
C  0x000001b4a7350f2d

VM_Operation (0x00000033f0dfaf70): G1CollectForAllocation, mode: safepoint, requested by thread 0x000001b4a3839800


---------------  P R O C E S S  ---------------

Threads class SMR info:
_java_thread_list=0x000001b4bef92330, length=11, elements={
0x000001b4a3839800, 0x000001b4bc82f000, 0x000001b4bc838800, 0x000001b4bc84c800,
0x000001b4bc850000, 0x000001b4bc852000, 0x000001b4bc856800, 0x000001b4bc85f000,
0x000001b4bc860800, 0x000001b4bd30a800, 0x000001b4bd352000
}

Java Threads: ( => current thread )
  0x000001b4a3839800 JavaThread "main" [_thread_blocked, id=7260, stack(0x00000033f0d00000,0x00000033f0e00000)]
  0x000001b4bc82f000 JavaThread "Reference Handler" daemon [_thread_blocked, id=1612, stack(0x00000033f1400000,0x00000033f1500000)]
  0x000001b4bc838800 JavaThread "Finalizer" daemon [_thread_blocked, id=6996, stack(0x00000033f1500000,0x00000033f1600000)]
  0x000001b4bc84c800 JavaThread "Signal Dispatcher" daemon [_thread_blocked, id=4336, stack(0x00000033f1600000,0x00000033f1700000)]
  0x000001b4bc850000 JavaThread "Attach Listener" daemon [_thread_blocked, id=5628, stack(0x00000033f1700000,0x00000033f1800000)]
  0x000001b4bc852000 JavaThread "Service Thread" daemon [_thread_blocked, id=5832, stack(0x00000033f1800000,0x00000033f1900000)]
  0x000001b4bc856800 JavaThread "C2 CompilerThread0" daemon [_thread_blocked, id=4200, stack(0x00000033f1900000,0x00000033f1a00000)]
  0x000001b4bc85f000 JavaThread "C1 CompilerThread0" daemon [_thread_blocked, id=6780, stack(0x00000033f1a00000,0x00000033f1b00000)]
  0x000001b4bc860800 JavaThread "Sweeper thread" daemon [_thread_blocked, id=1504, stack(0x00000033f1b00000,0x00000033f1c00000)]
  0x000001b4bd30a800 JavaThread "Common-Cleaner" daemon [_thread_blocked, id=4412, stack(0x00000033f1d00000,0x00000033f1e00000)]
  0x000001b4bd352000 JavaThread "C2 CompilerThread1" daemon [_thread_blocked, id=7032, stack(0x00000033f1e00000,0x00000033f1f00000)]

Other Threads:
=>0x000001b4bc807000 VMThread "VM Thread" [stack: 0x00000033f1300000,0x00000033f1400000] [id=11952]
  0x000001b4bd302800 WatcherThread [stack: 0x00000033f1c00000,0x00000033f1d00000] [id=9244]
  0x000001b4a3852800 GCTaskThread "GC Thread#0" [stack: 0x00000033f0e00000,0x00000033f0f00000] [id=2116]
  0x000001b4bd7e4800 GCTaskThread "GC Thread#1" [stack: 0x00000033f1f00000,0x00000033f2000000] [id=4712]
  0x000001b4a3877800 ConcurrentGCThread "G1 Main Marker" [stack: 0x00000033f0f00000,0x00000033f1000000] [id=3920]
  0x000001b4a387a000 ConcurrentGCThread "G1 Conc#0" [stack: 0x00000033f1000000,0x00000033f1100000] [id=7312]
  0x000001b4a38ed800 ConcurrentGCThread "G1 Refine#0" [stack: 0x00000033f1100000,0x00000033f1200000] [id=7544]
  0x000001b4a38ef000 ConcurrentGCThread "G1 Young RemSet Sampling" [stack: 0x00000033f1200000,0x00000033f1300000] [id=1340]

Threads with active compile tasks:
C2 CompilerThread0   3885 2937       4       java.lang.ClassLoader::loadClass (7 bytes)
C1 CompilerThread0   3885 2960   !   3       kotlin.SynchronizedLazyImpl::getValue (97 bytes)

VM state:at safepoint (normal execution)

VM Mutex/Monitor currently owned by a thread:  ([mutex/lock_event])
[0x000001b4a3836670] Threads_lock - owner thread: 0x000001b4bc807000
[0x000001b4a3837000] Heap_lock - owner thread: 0x000001b4a3839800

Heap address: 0x00000000a1000000, size: 1520 MB, Compressed Oops mode: 32-bit
Narrow klass base: 0x0000000000000000, Narrow klass shift: 3
Compressed class space size: 1073741824 Address: 0x0000000100000000

Heap:
 garbage-first heap   total 118784K, used 28163K [0x00000000a1000000, 0x0000000100000000)
  region size 1024K, 5 young (5120K), 5 survivors (5120K)
 Metaspace       used 43571K, capacity 44071K, committed 44240K, reserved 1087488K
  class space    used 5199K, capacity 5369K, committed 5376K, reserved 1048576K
Heap Regions: E=young(eden), S=young(survivor), O=old, HS=humongous(starts), HC=humongous(continues), CS=collection set, F=free, A=archive, TAMS=top-at-mark-start (previous, next)
|   0|0x00000000a1000000, 0x00000000a1100000, 0x00000000a1100000|100%|HS|  |TAMS 0x00000000a1100000, 0x00000000a1000000| Complete 
|   1|0x00000000a1100000, 0x00000000a1200000, 0x00000000a1200000|100%|HC|  |TAMS 0x00000000a1200000, 0x00000000a1100000| Complete 
|   2|0x00000000a1200000, 0x00000000a1300000, 0x00000000a1300000|100%|HC|  |TAMS 0x00000000a1300000, 0x00000000a1200000| Complete 
|   3|0x00000000a1300000, 0x00000000a1400000, 0x00000000a1400000|100%| O|  |TAMS 0x00000000a1400000, 0x00000000a1300000| Untracked 
|   4|0x00000000a1400000, 0x00000000a1500000, 0x00000000a1500000|100%| O|  |TAMS 0x00000000a1500000, 0x00000000a1400000| Untracked 
|   5|0x00000000a1500000, 0x00000000a1600000, 0x00000000a1600000|100%|HS|  |TAMS 0x00000000a1600000, 0x00000000a1500000| Complete 
|   6|0x00000000a1600000, 0x00000000a1700000, 0x00000000a1700000|100%|HC|  |TAMS 0x00000000a1700000, 0x00000000a1600000| Complete 
|   7|0x00000000a1700000, 0x00000000a1800000, 0x00000000a1800000|100%|HC|  |TAMS 0x00000000a1800000, 0x00000000a1700000| Complete 
|   8|0x00000000a1800000, 0x00000000a1900000, 0x00000000a1900000|100%|HS|  |TAMS 0x00000000a1900000, 0x00000000a1800000| Complete 
|   9|0x00000000a1900000, 0x00000000a1a00000, 0x00000000a1a00000|100%|HC|  |TAMS 0x00000000a1a00000, 0x00000000a1900000| Complete 
|  10|0x00000000a1a00000, 0x00000000a1b00000, 0x00000000a1b00000|100%|HC|  |TAMS 0x00000000a1b00000, 0x00000000a1a00000| Complete 
|  11|0x00000000a1b00000, 0x00000000a1c00000, 0x00000000a1c00000|100%| O|  |TAMS 0x00000000a1c00000, 0x00000000a1b00000| Untracked 
|  12|0x00000000a1c00000, 0x00000000a1d00000, 0x00000000a1d00000|100%| O|  |TAMS 0x00000000a1d00000, 0x00000000a1c00000| Untracked 
|  13|0x00000000a1d00000, 0x00000000a1e00000, 0x00000000a1e00000|100%| O|  |TAMS 0x00000000a1e00000, 0x00000000a1d00000| Untracked 
|  14|0x00000000a1e00000, 0x00000000a1f00000, 0x00000000a1f00000|100%| O|  |TAMS 0x00000000a1f00000, 0x00000000a1e00000| Untracked 
|  15|0x00000000a1f00000, 0x00000000a2000000, 0x00000000a2000000|100%|HS|  |TAMS 0x00000000a2000000, 0x00000000a1f00000| Complete 
|  16|0x00000000a2000000, 0x00000000a2100000, 0x00000000a2100000|100%|HC|  |TAMS 0x00000000a2100000, 0x00000000a2000000| Complete 
|  17|0x00000000a2100000, 0x00000000a2200000, 0x00000000a2200000|100%| O|  |TAMS 0x00000000a2200000, 0x00000000a2100000| Untracked 
|  18|0x00000000a2200000, 0x00000000a2300000, 0x00000000a2300000|100%| O|  |TAMS 0x00000000a2300000, 0x00000000a2200000| Untracked 
|  19|0x00000000a2300000, 0x00000000a2400000, 0x00000000a2400000|100%| O|  |TAMS 0x00000000a2400000, 0x00000000a2300000| Untracked 
|  20|0x00000000a2400000, 0x00000000a2500000, 0x00000000a2500000|100%| O|  |TAMS 0x00000000a2500000, 0x00000000a2400000| Untracked 
|  21|0x00000000a2500000, 0x00000000a2600000, 0x00000000a2600000|100%| O|  |TAMS 0x00000000a2600000, 0x00000000a2500000| Untracked 
|  22|0x00000000a2600000, 0x00000000a26bbe00, 0x00000000a2700000| 73%| O|  |TAMS 0x00000000a26bbe00, 0x00000000a2600000| Untracked 
|  23|0x00000000a2700000, 0x00000000a2700000, 0x00000000a2800000|  0%| F|  |TAMS 0x00000000a2700000, 0x00000000a2700000| Untracked 
|  24|0x00000000a2800000, 0x00000000a2800000, 0x00000000a2900000|  0%| F|  |TAMS 0x00000000a2800000, 0x00000000a2800000| Untracked 
|  25|0x00000000a2900000, 0x00000000a2900000, 0x00000000a2a00000|  0%| F|  |TAMS 0x00000000a2900000, 0x00000000a2900000| Untracked 
|  26|0x00000000a2a00000, 0x00000000a2a00000, 0x00000000a2b00000|  0%| F|  |TAMS 0x00000000a2a00000, 0x00000000a2a00000| Untracked 
|  27|0x00000000a2b00000, 0x00000000a2b00000, 0x00000000a2c00000|  0%| F|  |TAMS 0x00000000a2b00000, 0x00000000a2b00000| Untracked 
|  28|0x00000000a2c00000, 0x00000000a2c00000, 0x00000000a2d00000|  0%| F|  |TAMS 0x00000000a2c00000, 0x00000000a2c00000| Untracked 
|  29|0x00000000a2d00000, 0x00000000a2d00000, 0x00000000a2e00000|  0%| F|  |TAMS 0x00000000a2d00000, 0x00000000a2d00000| Untracked 
|  30|0x00000000a2e00000, 0x00000000a2e00000, 0x00000000a2f00000|  0%| F|  |TAMS 0x00000000a2e00000, 0x00000000a2e00000| Untracked 
|  31|0x00000000a2f00000, 0x00000000a2f00000, 0x00000000a3000000|  0%| F|  |TAMS 0x00000000a2f00000, 0x00000000a2f00000| Untracked 
|  32|0x00000000a3000000, 0x00000000a3000000, 0x00000000a3100000|  0%| F|  |TAMS 0x00000000a3000000, 0x00000000a3000000| Untracked 
|  33|0x00000000a3100000, 0x00000000a3100000, 0x00000000a3200000|  0%| F|  |TAMS 0x00000000a3100000, 0x00000000a3100000| Untracked 
|  34|0x00000000a3200000, 0x00000000a3200000, 0x00000000a3300000|  0%| F|  |TAMS 0x00000000a3200000, 0x00000000a3200000| Untracked 
|  35|0x00000000a3300000, 0x00000000a3300000, 0x00000000a3400000|  0%| F|  |TAMS 0x00000000a3300000, 0x00000000a3300000| Untracked 
|  36|0x00000000a3400000, 0x00000000a3400000, 0x00000000a3500000|  0%| F|  |TAMS 0x00000000a3400000, 0x00000000a3400000| Untracked 
|  37|0x00000000a3500000, 0x00000000a3500000, 0x00000000a3600000|  0%| F|  |TAMS 0x00000000a3500000, 0x00000000a3500000| Untracked 
|  38|0x00000000a3600000, 0x00000000a3600000, 0x00000000a3700000|  0%| F|  |TAMS 0x00000000a3600000, 0x00000000a3600000| Untracked 
|  39|0x00000000a3700000, 0x00000000a3700000, 0x00000000a3800000|  0%| F|  |TAMS 0x00000000a3700000, 0x00000000a3700000| Untracked 
|  40|0x00000000a3800000, 0x00000000a3800000, 0x00000000a3900000|  0%| F|  |TAMS 0x00000000a3800000, 0x00000000a3800000| Untracked 
|  41|0x00000000a3900000, 0x00000000a3900000, 0x00000000a3a00000|  0%| F|  |TAMS 0x00000000a3900000, 0x00000000a3900000| Untracked 
|  42|0x00000000a3a00000, 0x00000000a3a00000, 0x00000000a3b00000|  0%| F|  |TAMS 0x00000000a3a00000, 0x00000000a3a00000| Untracked 
|  43|0x00000000a3b00000, 0x00000000a3b00000, 0x00000000a3c00000|  0%| F|  |TAMS 0x00000000a3b00000, 0x00000000a3b00000| Untracked 
|  44|0x00000000a3c00000, 0x00000000a3c00000, 0x00000000a3d00000|  0%| F|  |TAMS 0x00000000a3c00000, 0x00000000a3c00000| Untracked 
|  45|0x00000000a3d00000, 0x00000000a3d00000, 0x00000000a3e00000|  0%| F|  |TAMS 0x00000000a3d00000, 0x00000000a3d00000| Untracked 
|  46|0x00000000a3e00000, 0x00000000a3e00000, 0x00000000a3f00000|  0%| F|  |TAMS 0x00000000a3e00000, 0x00000000a3e00000| Untracked 
|  47|0x00000000a3f00000, 0x00000000a3f00000, 0x00000000a4000000|  0%| F|  |TAMS 0x00000000a3f00000, 0x00000000a3f00000| Untracked 
|  48|0x00000000a4000000, 0x00000000a4000000, 0x00000000a4100000|  0%| F|  |TAMS 0x00000000a4000000, 0x00000000a4000000| Untracked 
|  49|0x00000000a4100000, 0x00000000a4100000, 0x00000000a4200000|  0%| F|  |TAMS 0x00000000a4100000, 0x00000000a4100000| Untracked 
|  50|0x00000000a4200000, 0x00000000a4200000, 0x00000000a4300000|  0%| F|  |TAMS 0x00000000a4200000, 0x00000000a4200000| Untracked 
|  51|0x00000000a4300000, 0x00000000a4300000, 0x00000000a4400000|  0%| F|  |TAMS 0x00000000a4300000, 0x00000000a4300000| Untracked 
|  52|0x00000000a4400000, 0x00000000a44c5180, 0x00000000a4500000| 76%| S|CS|TAMS 0x00000000a4400000, 0x00000000a4400000| Complete 
|  53|0x00000000a4500000, 0x00000000a4600000, 0x00000000a4600000|100%| S|CS|TAMS 0x00000000a4500000, 0x00000000a4500000| Complete 
|  54|0x00000000a4600000, 0x00000000a4700000, 0x00000000a4700000|100%| S|CS|TAMS 0x00000000a4600000, 0x00000000a4600000| Complete 
|  55|0x00000000a4700000, 0x00000000a4800000, 0x00000000a4800000|100%| S|CS|TAMS 0x00000000a4700000, 0x00000000a4700000| Complete 
|  56|0x00000000a4800000, 0x00000000a4900000, 0x00000000a4900000|100%| S|CS|TAMS 0x00000000a4800000, 0x00000000a4800000| Complete 
|  57|0x00000000a4900000, 0x00000000a4900000, 0x00000000a4a00000|  0%| F|  |TAMS 0x00000000a4900000, 0x00000000a4900000| Untracked 
|  58|0x00000000a4a00000, 0x00000000a4a00000, 0x00000000a4b00000|  0%| F|  |TAMS 0x00000000a4a00000, 0x00000000a4a00000| Untracked 
|  59|0x00000000a4b00000, 0x00000000a4b00000, 0x00000000a4c00000|  0%| F|  |TAMS 0x00000000a4b00000, 0x00000000a4b00000| Untracked 
|  60|0x00000000a4c00000, 0x00000000a4c00000, 0x00000000a4d00000|  0%| F|  |TAMS 0x00000000a4c00000, 0x00000000a4c00000| Untracked 
|  61|0x00000000a4d00000, 0x00000000a4d00000, 0x00000000a4e00000|  0%| F|  |TAMS 0x00000000a4d00000, 0x00000000a4d00000| Untracked 
|  62|0x00000000a4e00000, 0x00000000a4e00000, 0x00000000a4f00000|  0%| F|  |TAMS 0x00000000a4e00000, 0x00000000a4e00000| Untracked 
|  63|0x00000000a4f00000, 0x00000000a4f00000, 0x00000000a5000000|  0%| F|  |TAMS 0x00000000a4f00000, 0x00000000a4f00000| Untracked 
|  64|0x00000000a5000000, 0x00000000a5000000, 0x00000000a5100000|  0%| F|  |TAMS 0x00000000a5000000, 0x00000000a5000000| Untracked 
|  65|0x00000000a5100000, 0x00000000a5100000, 0x00000000a5200000|  0%| F|  |TAMS 0x00000000a5100000, 0x00000000a5100000| Untracked 
|  66|0x00000000a5200000, 0x00000000a5200000, 0x00000000a5300000|  0%| F|  |TAMS 0x00000000a5200000, 0x00000000a5200000| Untracked 
|  67|0x00000000a5300000, 0x00000000a5300000, 0x00000000a5400000|  0%| F|  |TAMS 0x00000000a5300000, 0x00000000a5300000| Untracked 
|  68|0x00000000a5400000, 0x00000000a5400000, 0x00000000a5500000|  0%| F|  |TAMS 0x00000000a5400000, 0x00000000a5400000| Untracked 
|  69|0x00000000a5500000, 0x00000000a5500000, 0x00000000a5600000|  0%| F|  |TAMS 0x00000000a5500000, 0x00000000a5500000| Untracked 
|  70|0x00000000a5600000, 0x00000000a5600000, 0x00000000a5700000|  0%| F|  |TAMS 0x00000000a5600000, 0x00000000a5600000| Untracked 
|  71|0x00000000a5700000, 0x00000000a5700000, 0x00000000a5800000|  0%| F|  |TAMS 0x00000000a5700000, 0x00000000a5700000| Untracked 
|  72|0x00000000a5800000, 0x00000000a5800000, 0x00000000a5900000|  0%| F|  |TAMS 0x00000000a5800000, 0x00000000a5800000| Untracked 
|  73|0x00000000a5900000, 0x00000000a5900000, 0x00000000a5a00000|  0%| F|  |TAMS 0x00000000a5900000, 0x00000000a5900000| Untracked 
|  74|0x00000000a5a00000, 0x00000000a5a00000, 0x00000000a5b00000|  0%| F|  |TAMS 0x00000000a5a00000, 0x00000000a5a00000| Untracked 
|  75|0x00000000a5b00000, 0x00000000a5b00000, 0x00000000a5c00000|  0%| F|  |TAMS 0x00000000a5b00000, 0x00000000a5b00000| Untracked 
|  76|0x00000000a5c00000, 0x00000000a5c00000, 0x00000000a5d00000|  0%| F|  |TAMS 0x00000000a5c00000, 0x00000000a5c00000| Untracked 
|  77|0x00000000a5d00000, 0x00000000a5d00000, 0x00000000a5e00000|  0%| F|  |TAMS 0x00000000a5d00000, 0x00000000a5d00000| Untracked 
|  78|0x00000000a5e00000, 0x00000000a5e00000, 0x00000000a5f00000|  0%| F|  |TAMS 0x00000000a5e00000, 0x00000000a5e00000| Untracked 
|  79|0x00000000a5f00000, 0x00000000a5f00000, 0x00000000a6000000|  0%| F|  |TAMS 0x00000000a5f00000, 0x00000000a5f00000| Untracked 
|  80|0x00000000a6000000, 0x00000000a6000000, 0x00000000a6100000|  0%| F|  |TAMS 0x00000000a6000000, 0x00000000a6000000| Untracked 
|  81|0x00000000a6100000, 0x00000000a6100000, 0x00000000a6200000|  0%| F|  |TAMS 0x00000000a6100000, 0x00000000a6100000| Untracked 
|  82|0x00000000a6200000, 0x00000000a6200000, 0x00000000a6300000|  0%| F|  |TAMS 0x00000000a6200000, 0x00000000a6200000| Untracked 
|  83|0x00000000a6300000, 0x00000000a6300000, 0x00000000a6400000|  0%| F|  |TAMS 0x00000000a6300000, 0x00000000a6300000| Untracked 
|  84|0x00000000a6400000, 0x00000000a6400000, 0x00000000a6500000|  0%| F|  |TAMS 0x00000000a6400000, 0x00000000a6400000| Untracked 
|  85|0x00000000a6500000, 0x00000000a6500000, 0x00000000a6600000|  0%| F|  |TAMS 0x00000000a6500000, 0x00000000a6500000| Untracked 
|  86|0x00000000a6600000, 0x00000000a6600000, 0x00000000a6700000|  0%| F|  |TAMS 0x00000000a6600000, 0x00000000a6600000| Untracked 
|  87|0x00000000a6700000, 0x00000000a6700000, 0x00000000a6800000|  0%| F|  |TAMS 0x00000000a6700000, 0x00000000a6700000| Untracked 
|  88|0x00000000a6800000, 0x00000000a6800000, 0x00000000a6900000|  0%| F|  |TAMS 0x00000000a6800000, 0x00000000a6800000| Untracked 
|  89|0x00000000a6900000, 0x00000000a6900000, 0x00000000a6a00000|  0%| F|  |TAMS 0x00000000a6900000, 0x00000000a6900000| Untracked 
|  90|0x00000000a6a00000, 0x00000000a6a00000, 0x00000000a6b00000|  0%| F|  |TAMS 0x00000000a6a00000, 0x00000000a6a00000| Untracked 
|  91|0x00000000a6b00000, 0x00000000a6b00000, 0x00000000a6c00000|  0%| F|  |TAMS 0x00000000a6b00000, 0x00000000a6b00000| Untracked 
|  92|0x00000000a6c00000, 0x00000000a6c00000, 0x00000000a6d00000|  0%| F|  |TAMS 0x00000000a6c00000, 0x00000000a6c00000| Untracked 
|  93|0x00000000a6d00000, 0x00000000a6d00000, 0x00000000a6e00000|  0%| F|  |TAMS 0x00000000a6d00000, 0x00000000a6d00000| Untracked 
|  94|0x00000000a6e00000, 0x00000000a6e00000, 0x00000000a6f00000|  0%| F|  |TAMS 0x00000000a6e00000, 0x00000000a6e00000| Untracked 
|  95|0x00000000a6f00000, 0x00000000a6f00000, 0x00000000a7000000|  0%| F|  |TAMS 0x00000000a6f00000, 0x00000000a6f00000| Untracked 

Card table byte_map: [0x000001b4b6c80000,0x000001b4b6f80000] _byte_map_base: 0x000001b4b6778000

Marking Bits (Prev, Next): (CMBitMap*) 0x000001b4a3870848, (CMBitMap*) 0x000001b4a3870880
 Prev Bits: [0x000001b4b7280000, 0x000001b4b8a40000)
 Next Bits: [0x000001b4b8a40000, 0x000001b4ba200000)

Polling page: 0x000001b4a7330000

Metaspace:

Usage:
  Non-class:     37.79 MB capacity,    37.47 MB (>99%) used,   268.83 KB ( <1%) free+waste,    61.25 KB ( <1%) overhead. 
      Class:      5.24 MB capacity,     5.08 MB ( 97%) used,   143.33 KB (  3%) free+waste,    26.06 KB ( <1%) overhead. 
       Both:     43.04 MB capacity,    42.55 MB ( 99%) used,   412.16 KB ( <1%) free+waste,    87.31 KB ( <1%) overhead. 

Virtual space:
  Non-class space:       38.00 MB reserved,      37.95 MB (>99%) committed 
      Class space:        1.00 GB reserved,       5.25 MB ( <1%) committed 
             Both:        1.04 GB reserved,      43.20 MB (  4%) committed 

Chunk freelists:
   Non-Class:  34.00 KB
       Class:  7.00 KB
        Both:  41.00 KB

MaxMetaspaceSize: 17179869184.00 GB
CompressedClassSpaceSize: 1.00 GB

CodeHeap 'non-profiled nmethods': size=120064Kb used=1182Kb max_used=1182Kb free=118881Kb
 bounds [0x000001b4aee10000, 0x000001b4af080000, 0x000001b4b6350000]
CodeHeap 'profiled nmethods': size=120000Kb used=6214Kb max_used=6214Kb free=113786Kb
 bounds [0x000001b4a78e0000, 0x000001b4a7f00000, 0x000001b4aee10000]
CodeHeap 'non-nmethods': size=5696Kb used=1182Kb max_used=1230Kb free=4513Kb
 bounds [0x000001b4a7350000, 0x000001b4a75c0000, 0x000001b4a78e0000]
 total_blobs=3483 nmethods=2951 adapters=443
 compilation: enabled
              stopped_count=0, restarted_count=0
 full_count=0

Compilation events (20 events):
Event: 3.827 Thread 0x000001b4bc85f000 nmethod 2950 0x000001b4aef36f10 code [0x000001b4aef370c0, 0x000001b4aef37178]
Event: 3.847 Thread 0x000001b4bc85f000 2951       3       org.jetbrains.kotlin.name.FqNameUnsafe::hashCode (8 bytes)
Event: 3.847 Thread 0x000001b4bc85f000 nmethod 2951 0x000001b4a7eedc90 code [0x000001b4a7eede40, 0x000001b4a7eedf68]
Event: 3.850 Thread 0x000001b4bd352000 2952       4       java.lang.String::equalsIgnoreCase (45 bytes)
Event: 3.851 Thread 0x000001b4bd352000 nmethod 2952 0x000001b4aef37210 code [0x000001b4aef373c0, 0x000001b4aef374a8]
Event: 3.852 Thread 0x000001b4bc85f000 2953       3       java.util.regex.Pattern::split (7 bytes)
Event: 3.853 Thread 0x000001b4bc85f000 nmethod 2953 0x000001b4a7eee010 code [0x000001b4a7eee1c0, 0x000001b4a7eee2e8]
Event: 3.853 Thread 0x000001b4bc85f000 2954       1       kotlin.ranges.IntProgressionIterator::hasNext (5 bytes)
Event: 3.853 Thread 0x000001b4bc85f000 nmethod 2954 0x000001b4aef37590 code [0x000001b4aef37740, 0x000001b4aef377f8]
Event: 3.854 Thread 0x000001b4bc85f000 2955       3       gnu.trove.THash::computeMaxSize (38 bytes)
Event: 3.854 Thread 0x000001b4bc85f000 nmethod 2955 0x000001b4a7eee390 code [0x000001b4a7eee560, 0x000001b4a7eee818]
Event: 3.867 Thread 0x000001b4bc85f000 2956       3       org.jetbrains.kotlin.storage.LockBasedStorageManager::createMemoizedFunctionWithNullableValues (27 bytes)
Event: 3.867 Thread 0x000001b4bc85f000 nmethod 2956 0x000001b4a7eee910 code [0x000001b4a7eeeb40, 0x000001b4a7eeefd8]
Event: 3.867 Thread 0x000001b4bc85f000 2957       3       org.jetbrains.kotlin.storage.LockBasedStorageManager::createMemoizedFunctionWithNullableValues (29 bytes)
Event: 3.867 Thread 0x000001b4bc85f000 nmethod 2957 0x000001b4a7eef190 code [0x000001b4a7eef360, 0x000001b4a7eef5e8]
Event: 3.868 Thread 0x000001b4bc85f000 2958       3       org.jetbrains.kotlin.name.FqName::hashCode (8 bytes)
Event: 3.868 Thread 0x000001b4bc85f000 nmethod 2958 0x000001b4a7eef710 code [0x000001b4a7eef8e0, 0x000001b4a7eefa88]
Event: 3.868 Thread 0x000001b4bc85f000 2959       3       kotlin.collections.ArraysKt___ArraysKt::map (89 bytes)
Event: 3.869 Thread 0x000001b4bc85f000 nmethod 2959 0x000001b4a7eefb90 code [0x000001b4a7eefec0, 0x000001b4a7ef1098]
Event: 3.869 Thread 0x000001b4bc85f000 2960   !   3       kotlin.SynchronizedLazyImpl::getValue (97 bytes)

GC Heap History (9 events):
Event: 0.465 GC heap before
{Heap before GC invocations=0 (full 0):
 garbage-first heap   total 98304K, used 17408K [0x00000000a1000000, 0x0000000100000000)
  region size 1024K, 14 young (14336K), 0 survivors (0K)
 Metaspace       used 9780K, capacity 9871K, committed 10112K, reserved 1058816K
  class space    used 834K, capacity 884K, committed 896K, reserved 1048576K
}
Event: 0.468 GC heap after
{Heap after GC invocations=1 (full 0):
 garbage-first heap   total 98304K, used 5220K [0x00000000a1000000, 0x0000000100000000)
  region size 1024K, 2 young (2048K), 2 survivors (2048K)
 Metaspace       used 9780K, capacity 9871K, committed 10112K, reserved 1058816K
  class space    used 834K, capacity 884K, committed 896K, reserved 1048576K
}
Event: 1.477 GC heap before
{Heap before GC invocations=1 (full 0):
 garbage-first heap   total 98304K, used 52324K [0x00000000a1000000, 0x0000000100000000)
  region size 1024K, 49 young (50176K), 2 survivors (2048K)
 Metaspace       used 21045K, capacity 21212K, committed 21248K, reserved 1069056K
  class space    used 2215K, capacity 2278K, committed 2304K, reserved 1048576K
}
Event: 1.489 GC heap after
{Heap after GC invocations=2 (full 0):
 garbage-first heap   total 98304K, used 9424K [0x00000000a1000000, 0x0000000100000000)
  region size 1024K, 7 young (7168K), 7 survivors (7168K)
 Metaspace       used 21045K, capacity 21212K, committed 21248K, reserved 1069056K
  class space    used 2215K, capacity 2278K, committed 2304K, reserved 1048576K
}
Event: 2.797 GC heap before
{Heap before GC invocations=3 (full 0):
 garbage-first heap   total 98304K, used 70864K [0x00000000a1000000, 0x0000000100000000)
  region size 1024K, 55 young (56320K), 7 survivors (7168K)
 Metaspace       used 31840K, capacity 32235K, committed 32380K, reserved 1077248K
  class space    used 3954K, capacity 4113K, committed 4224K, reserved 1048576K
}
Event: 2.817 GC heap after
{Heap after GC invocations=4 (full 0):
 garbage-first heap   total 98304K, used 23646K [0x00000000a1000000, 0x0000000100000000)
  region size 1024K, 6 young (6144K), 6 survivors (6144K)
 Metaspace       used 31840K, capacity 32235K, committed 32380K, reserved 1077248K
  class space    used 3954K, capacity 4113K, committed 4224K, reserved 1048576K
}
Event: 3.138 GC heap before
{Heap before GC invocations=4 (full 0):
 garbage-first heap   total 98304K, used 40030K [0x00000000a1000000, 0x0000000100000000)
  region size 1024K, 23 young (23552K), 6 survivors (6144K)
 Metaspace       used 35498K, capacity 35928K, committed 36048K, reserved 1081344K
  class space    used 4351K, capacity 4534K, committed 4608K, reserved 1048576K
}
Event: 3.151 GC heap after
{Heap after GC invocations=5 (full 0):
 garbage-first heap   total 98304K, used 25327K [0x00000000a1000000, 0x0000000100000000)
  region size 1024K, 2 young (2048K), 2 survivors (2048K)
 Metaspace       used 35498K, capacity 35928K, committed 36048K, reserved 1081344K
  class space    used 4351K, capacity 4534K, committed 4608K, reserved 1048576K
}
Event: 3.869 GC heap before
{Heap before GC invocations=6 (full 0):
 garbage-first heap   total 98304K, used 63215K [0x00000000a1000000, 0x0000000100000000)
  region size 1024K, 39 young (39936K), 2 survivors (2048K)
 Metaspace       used 43571K, capacity 44071K, committed 44240K, reserved 1087488K
  class space    used 5199K, capacity 5369K, committed 5376K, reserved 1048576K
}

Deoptimization events (20 events):
Event: 3.846 Thread 0x000001b4a3839800 Uncommon trap: trap_request=0xffffffc6 fr.pc=0x000001b4aef2e2b4 relative=0x0000000000000614
Event: 3.846 Thread 0x000001b4a3839800 Uncommon trap: reason=bimorphic_or_optimized_type_check action=maybe_recompile pc=0x000001b4aef2e2b4 method=java.util.AbstractList$Itr.next()Ljava/lang/Object; @ 14 c2
Event: 3.846 Thread 0x000001b4a3839800 DEOPT PACKING pc=0x000001b4aef2e2b4 sp=0x00000033f0dfbf40
Event: 3.846 Thread 0x000001b4a3839800 DEOPT UNPACKING pc=0x000001b4a73778af sp=0x00000033f0dfbf18 mode 2
Event: 3.846 Thread 0x000001b4a3839800 Uncommon trap: trap_request=0xffffffc6 fr.pc=0x000001b4aef2e2b4 relative=0x0000000000000614
Event: 3.846 Thread 0x000001b4a3839800 Uncommon trap: reason=bimorphic_or_optimized_type_check action=maybe_recompile pc=0x000001b4aef2e2b4 method=java.util.AbstractList$Itr.next()Ljava/lang/Object; @ 14 c2
Event: 3.846 Thread 0x000001b4a3839800 DEOPT PACKING pc=0x000001b4aef2e2b4 sp=0x00000033f0dfbf40
Event: 3.846 Thread 0x000001b4a3839800 DEOPT UNPACKING pc=0x000001b4a73778af sp=0x00000033f0dfbf18 mode 2
Event: 3.846 Thread 0x000001b4a3839800 Uncommon trap: trap_request=0xffffffc6 fr.pc=0x000001b4aef2e2b4 relative=0x0000000000000614
Event: 3.846 Thread 0x000001b4a3839800 Uncommon trap: reason=bimorphic_or_optimized_type_check action=maybe_recompile pc=0x000001b4aef2e2b4 method=java.util.AbstractList$Itr.next()Ljava/lang/Object; @ 14 c2
Event: 3.846 Thread 0x000001b4a3839800 DEOPT PACKING pc=0x000001b4aef2e2b4 sp=0x00000033f0dfbf40
Event: 3.846 Thread 0x000001b4a3839800 DEOPT UNPACKING pc=0x000001b4a73778af sp=0x00000033f0dfbf18 mode 2
Event: 3.847 Thread 0x000001b4a3839800 Uncommon trap: trap_request=0xffffffc6 fr.pc=0x000001b4aef2e2b4 relative=0x0000000000000614
Event: 3.847 Thread 0x000001b4a3839800 Uncommon trap: reason=bimorphic_or_optimized_type_check action=maybe_recompile pc=0x000001b4aef2e2b4 method=java.util.AbstractList$Itr.next()Ljava/lang/Object; @ 14 c2
Event: 3.847 Thread 0x000001b4a3839800 DEOPT PACKING pc=0x000001b4aef2e2b4 sp=0x00000033f0dfbf40
Event: 3.847 Thread 0x000001b4a3839800 DEOPT UNPACKING pc=0x000001b4a73778af sp=0x00000033f0dfbf18 mode 2
Event: 3.868 Thread 0x000001b4a3839800 Uncommon trap: trap_request=0xffffffde fr.pc=0x000001b4aeedb51c relative=0x000000000000023c
Event: 3.868 Thread 0x000001b4a3839800 Uncommon trap: reason=class_check action=maybe_recompile pc=0x000001b4aeedb51c method=gnu.trove.TObjectHash.computeHashCode(Ljava/lang/Object;)I @ 5 c2
Event: 3.868 Thread 0x000001b4a3839800 DEOPT PACKING pc=0x000001b4aeedb51c sp=0x00000033f0dfb6b0
Event: 3.868 Thread 0x000001b4a3839800 DEOPT UNPACKING pc=0x000001b4a73778af sp=0x00000033f0dfb5d8 mode 2

Classes redefined (0 events):
No events

Internal exceptions (20 events):
Event: 1.428 Thread 0x000001b4a3839800 Exception <a 'java/lang/NoSuchMethodError'{0x00000000a42115c0}: 'long java.lang.invoke.DirectMethodHandle$Holder.invokeStatic(java.lang.Object)'> (0x00000000a42115c0) thrown at [./src/hotspot/share/interpreter/linkResolver.cpp, line 773]
Event: 1.429 Thread 0x000001b4a3839800 Exception <a 'java/lang/NoSuchMethodError'{0x00000000a4214418}: 'long java.lang.invoke.DirectMethodHandle$Holder.invokeStaticInit(java.lang.Object)'> (0x00000000a4214418) thrown at [./src/hotspot/share/interpreter/linkResolver.cpp, line 773]
Event: 1.501 Thread 0x000001b4a3839800 Exception <a 'java/lang/NoSuchMethodError'{0x00000000a6f53a28}: 'int java.lang.invoke.DirectMethodHandle$Holder.invokeStaticInit(java.lang.Object, java.lang.Object, java.lang.Object)'> (0x00000000a6f53a28) thrown at [./src/hotspot/share/interpreter/linkResolver.cpp, line 773]
Event: 1.509 Thread 0x000001b4a3839800 Exception <a 'java/lang/NoSuchMethodError'{0x00000000a6f7f420}: 'int java.lang.invoke.DirectMethodHandle$Holder.invokeStaticInit(java.lang.Object, java.lang.Object)'> (0x00000000a6f7f420) thrown at [./src/hotspot/share/interpreter/linkResolver.cpp, line 773]
Event: 1.732 Thread 0x000001b4a3839800 Exception <a 'java/lang/NoSuchMethodError'{0x00000000a657f360}: 'java.lang.Object java.lang.invoke.DirectMethodHandle$Holder.invokeStatic(java.lang.Object, java.lang.Object, java.lang.Object, java.lang.Object, java.lang.Object, java.lang.Object, java.lang.Object, java.lang.Object, java.lang.Object, java.lang.Object, java.lang.Object, java.lang.Object, java.lang.Object, java.lang.Object, java.lang.Object)'> (0x00000000a657f360) thrown at [./src/hotspot/share/interpreter/linkResolver.cpp, line 773]
Event: 1.735 Thread 0x000001b4a3839800 Exception <a 'java/lang/NoSuchMethodError'{0x00000000a658d6d0}: 'java.lang.Object java.lang.invoke.DirectMethodHandle$Holder.invokeStatic(java.lang.Object, java.lang.Object, java.lang.Object, java.lang.Object, java.lang.Object, java.lang.Object, java.lang.Object, java.lang.Object, java.lang.Object, java.lang.Object, java.lang.Object, java.lang.Object, java.lang.Object, java.lang.Object, java.lang.Object, java.lang.Object)'> (0x00000000a658d6d0) thrown at [./src/hotspot/share/interpreter/linkResolver.cpp, l
Event: 1.737 Thread 0x000001b4a3839800 Exception <a 'java/lang/NoSuchMethodError'{0x00000000a659b5e8}: 'java.lang.Object java.lang.invoke.DirectMethodHandle$Holder.invokeSpecial(java.lang.Object, java.lang.Object, int, int, java.lang.Object, java.lang.Object, java.lang.Object)'> (0x00000000a659b5e8) thrown at [./src/hotspot/share/interpreter/linkResolver.cpp, line 773]
Event: 1.737 Thread 0x000001b4a3839800 Exception <a 'java/lang/NoSuchMethodError'{0x00000000a659ee20}: 'java.lang.Object java.lang.invoke.DelegatingMethodHandle$Holder.reinvoke_L(java.lang.Object, int, int, java.lang.Object, java.lang.Object, java.lang.Object)'> (0x00000000a659ee20) thrown at [./src/hotspot/share/interpreter/linkResolver.cpp, line 773]
Event: 1.738 Thread 0x000001b4a3839800 Exception <a 'java/lang/NoSuchMethodError'{0x00000000a65a31a8}: 'java.lang.Object java.lang.invoke.DirectMethodHandle$Holder.invokeStatic(java.lang.Object, java.lang.Object, java.lang.Object, java.lang.Object, int)'> (0x00000000a65a31a8) thrown at [./src/hotspot/share/interpreter/linkResolver.cpp, line 773]
Event: 1.788 Thread 0x000001b4a3839800 Implicit null exception at 0x000001b4aee975ac to 0x000001b4aee9775a
Event: 1.829 Thread 0x000001b4a3839800 Exception <a 'java/lang/NoSuchMethodError'{0x00000000a5f1db08}: 'void java.lang.invoke.DirectMethodHandle$Holder.invokeStatic(java.lang.Object, java.lang.Object, java.lang.Object, java.lang.Object)'> (0x00000000a5f1db08) thrown at [./src/hotspot/share/interpreter/linkResolver.cpp, line 773]
Event: 1.852 Thread 0x000001b4a3839800 Exception <a 'java/lang/NoSuchMethodError'{0x00000000a5e6be50}: 'void java.lang.invoke.DirectMethodHandle$Holder.invokeSpecial(java.lang.Object, java.lang.Object)'> (0x00000000a5e6be50) thrown at [./src/hotspot/share/interpreter/linkResolver.cpp, line 773]
Event: 1.897 Thread 0x000001b4a3839800 Exception <a 'java/lang/NoSuchMethodError'{0x00000000a5b11ce0}: 'void java.lang.invoke.DirectMethodHandle$Holder.invokeStaticInit(java.lang.Object, java.lang.Object)'> (0x00000000a5b11ce0) thrown at [./src/hotspot/share/interpreter/linkResolver.cpp, line 773]
Event: 1.910 Thread 0x000001b4a3839800 Exception <a 'java/lang/NoSuchMethodError'{0x00000000a5b500e8}: 'void java.lang.invoke.DirectMethodHandle$Holder.invokeInterface(java.lang.Object, java.lang.Object)'> (0x00000000a5b500e8) thrown at [./src/hotspot/share/interpreter/linkResolver.cpp, line 773]
Event: 1.995 Thread 0x000001b4a3839800 Exception <a 'java/lang/NoSuchMethodError'{0x00000000a5769e40}: 'void java.lang.invoke.DirectMethodHandle$Holder.invokeVirtual(java.lang.Object, java.lang.Object)'> (0x00000000a5769e40) thrown at [./src/hotspot/share/interpreter/linkResolver.cpp, line 773]
Event: 2.008 Thread 0x000001b4a3839800 Exception <a 'java/lang/NoSuchMethodError'{0x00000000a57e10b0}: 'int java.lang.invoke.DirectMethodHandle$Holder.invokeVirtual(java.lang.Object, java.lang.Object)'> (0x00000000a57e10b0) thrown at [./src/hotspot/share/interpreter/linkResolver.cpp, line 773]
Event: 3.034 Thread 0x000001b4a3839800 Exception <a 'java/lang/NoSuchMethodError'{0x00000000a6517f70}: 'java.lang.Object java.lang.invoke.DirectMethodHandle$Holder.invokeVirtual(java.lang.Object, java.lang.Object, java.lang.Object)'> (0x00000000a6517f70) thrown at [./src/hotspot/share/interpreter/linkResolver.cpp, line 773]
Event: 3.781 Thread 0x000001b4a3839800 Exception <a 'java/lang/NoSuchMethodError'{0x00000000a4c76098}: 'java.lang.Object java.lang.invoke.DirectMethodHandle$Holder.invokeStatic(java.lang.Object, java.lang.Object, java.lang.Object, int)'> (0x00000000a4c76098) thrown at [./src/hotspot/share/interpreter/linkResolver.cpp, line 773]
Event: 3.782 Thread 0x000001b4a3839800 Exception <a 'java/lang/NoSuchMethodError'{0x00000000a4c79d08}: 'java.lang.Object java.lang.invoke.DirectMethodHandle$Holder.invokeSpecial(java.lang.Object, java.lang.Object, java.lang.Object, java.lang.Object, int)'> (0x00000000a4c79d08) thrown at [./src/hotspot/share/interpreter/linkResolver.cpp, line 773]
Event: 3.782 Thread 0x000001b4a3839800 Exception <a 'java/lang/NoSuchMethodError'{0x00000000a4c7d018}: 'java.lang.Object java.lang.invoke.Invokers$Holder.linkToTargetMethod(java.lang.Object, java.lang.Object, int, java.lang.Object)'> (0x00000000a4c7d018) thrown at [./src/hotspot/share/interpreter/linkResolver.cpp, line 773]

Events (20 events):
Event: 3.866 loading class org/jetbrains/kotlin/load/java/lazy/descriptors/LazyJavaPackageScope$knownClassNamesInPackage$1 done
Event: 3.866 loading class org/jetbrains/kotlin/load/java/lazy/descriptors/LazyJavaPackageScope$classes$1
Event: 3.866 loading class org/jetbrains/kotlin/load/java/lazy/descriptors/LazyJavaPackageScope$classes$1 done
Event: 3.867 loading class org/jetbrains/kotlin/load/java/lazy/descriptors/JvmPackageScope$kotlinScopes$2
Event: 3.867 loading class org/jetbrains/kotlin/load/java/lazy/descriptors/JvmPackageScope$kotlinScopes$2 done
Event: 3.867 loading class org/jetbrains/kotlin/load/java/lazy/descriptors/LazyJavaPackageFragment$subPackages$1
Event: 3.867 loading class org/jetbrains/kotlin/load/java/lazy/descriptors/LazyJavaPackageFragment$subPackages$1 done
Event: 3.867 loading class org/jetbrains/kotlin/load/java/lazy/LazyJavaAnnotationsKt
Event: 3.867 loading class org/jetbrains/kotlin/load/java/lazy/LazyJavaAnnotationsKt done
Event: 3.867 loading class org/jetbrains/kotlin/load/java/lazy/LazyJavaAnnotations
Event: 3.867 loading class org/jetbrains/kotlin/load/java/lazy/LazyJavaAnnotations done
Event: 3.867 loading class org/jetbrains/kotlin/load/java/lazy/LazyJavaAnnotations$annotationDescriptors$1
Event: 3.867 loading class org/jetbrains/kotlin/load/java/lazy/LazyJavaAnnotations$annotationDescriptors$1 done
Event: 3.868 loading class org/jetbrains/kotlin/load/java/lazy/descriptors/LazyJavaPackageFragment$partToFacade$2
Event: 3.868 loading class org/jetbrains/kotlin/load/java/lazy/descriptors/LazyJavaPackageFragment$partToFacade$2 done
Event: 3.868 loading class org/jetbrains/kotlin/cli/jvm/compiler/CliVirtualFileFinder$findClass$1
Event: 3.868 loading class org/jetbrains/kotlin/cli/jvm/compiler/CliVirtualFileFinder$findClass$1 done
Event: 3.869 loading class org/jetbrains/kotlin/cli/jvm/index/JvmDependenciesDynamicCompoundIndex$findClass$1$1
Event: 3.869 loading class org/jetbrains/kotlin/cli/jvm/index/JvmDependenciesDynamicCompoundIndex$findClass$1$1 done
Event: 3.869 Executing VM operation: G1CollectForAllocation


Dynamic libraries:
0x00007ff6252c0000 - 0x00007ff6252ca000 	C:\Program Files\Android\Android Studio\jre\bin\java.exe
0x00007ffa1da90000 - 0x00007ffa1dc85000 	C:\WINDOWS\SYSTEM32\ntdll.dll
0x00007ffa1c180000 - 0x00007ffa1c23e000 	C:\WINDOWS\System32\KERNEL32.DLL
0x00007ffa1b5a0000 - 0x00007ffa1b869000 	C:\WINDOWS\System32\KERNELBASE.dll
0x00007ffa1b9e0000 - 0x00007ffa1bae0000 	C:\WINDOWS\System32\ucrtbase.dll
0x00007ff9fde70000 - 0x00007ff9fde87000 	C:\Program Files\Android\Android Studio\jre\bin\VCRUNTIME140.dll
0x00007ff9fec50000 - 0x00007ff9fec69000 	C:\Program Files\Android\Android Studio\jre\bin\jli.dll
0x00007ffa1c7d0000 - 0x00007ffa1c971000 	C:\WINDOWS\System32\USER32.dll
0x00007ffa1b920000 - 0x00007ffa1b942000 	C:\WINDOWS\System32\win32u.dll
0x00007ffa08f30000 - 0x00007ffa091ca000 	C:\WINDOWS\WinSxS\amd64_microsoft.windows.common-controls_6595b64144ccf1df_6.0.19041.1110_none_60b5254171f9507e\COMCTL32.dll
0x00007ffa1c6f0000 - 0x00007ffa1c71b000 	C:\WINDOWS\System32\GDI32.dll
0x00007ffa1b3f0000 - 0x00007ffa1b4fb000 	C:\WINDOWS\System32\gdi32full.dll
0x00007ffa1bf60000 - 0x00007ffa1bffe000 	C:\WINDOWS\System32\msvcrt.dll
0x00007ffa1b500000 - 0x00007ffa1b59d000 	C:\WINDOWS\System32\msvcp_win.dll
0x00007ffa1d6b0000 - 0x00007ffa1d6e0000 	C:\WINDOWS\System32\IMM32.DLL
0x00007ff9c8de0000 - 0x00007ff9c8e7d000 	C:\Program Files\Android\Android Studio\jre\bin\msvcp140.dll
0x00007ff9c26c0000 - 0x00007ff9c318f000 	C:\Program Files\Android\Android Studio\jre\bin\server\jvm.dll
0x00007ffa1c720000 - 0x00007ffa1c7cc000 	C:\WINDOWS\System32\ADVAPI32.dll
0x00007ffa1c990000 - 0x00007ffa1ca2b000 	C:\WINDOWS\System32\sechost.dll
0x00007ffa1cd40000 - 0x00007ffa1ce6a000 	C:\WINDOWS\System32\RPCRT4.dll
0x00007ffa1c2c0000 - 0x00007ffa1c2c8000 	C:\WINDOWS\System32\PSAPI.DLL
0x00007ffa163a0000 - 0x00007ffa163a9000 	C:\WINDOWS\SYSTEM32\WSOCK32.dll
0x00007ffa11ac0000 - 0x00007ffa11ae7000 	C:\WINDOWS\SYSTEM32\WINMM.dll
0x00007ffa1ce70000 - 0x00007ffa1cedb000 	C:\WINDOWS\System32\WS2_32.dll
0x00007ffa13260000 - 0x00007ffa1326a000 	C:\WINDOWS\SYSTEM32\VERSION.dll
0x00007ffa190d0000 - 0x00007ffa190e2000 	C:\WINDOWS\SYSTEM32\kernel.appcore.dll
0x00007ffa15a20000 - 0x00007ffa15a31000 	C:\Program Files\Android\Android Studio\jre\bin\verify.dll
0x00007ffa14410000 - 0x00007ffa145f4000 	C:\WINDOWS\SYSTEM32\DBGHELP.DLL
0x00007ffa0e8e0000 - 0x00007ffa0e90c000 	C:\WINDOWS\SYSTEM32\dbgcore.DLL
0x00007ffa1b950000 - 0x00007ffa1b9d3000 	C:\WINDOWS\System32\bcryptPrimitives.dll
0x00007ffa0b9e0000 - 0x00007ffa0ba09000 	C:\Program Files\Android\Android Studio\jre\bin\java.dll
0x00007ffa15a10000 - 0x00007ffa15a1b000 	C:\Program Files\Android\Android Studio\jre\bin\jimage.dll
0x00007ffa153b0000 - 0x00007ffa153c8000 	C:\Program Files\Android\Android Studio\jre\bin\zip.dll
0x00007ffa1cee0000 - 0x00007ffa1d61f000 	C:\WINDOWS\System32\SHELL32.dll
0x00007ffa192d0000 - 0x00007ffa19a60000 	C:\WINDOWS\SYSTEM32\windows.storage.dll
0x00007ffa1c2d0000 - 0x00007ffa1c625000 	C:\WINDOWS\System32\combase.dll
0x00007ffa1ab30000 - 0x00007ffa1ab5c000 	C:\WINDOWS\SYSTEM32\Wldp.dll
0x00007ffa1d9a0000 - 0x00007ffa1da4d000 	C:\WINDOWS\System32\SHCORE.dll
0x00007ffa1c630000 - 0x00007ffa1c685000 	C:\WINDOWS\System32\shlwapi.dll
0x00007ffa1b0f0000 - 0x00007ffa1b10f000 	C:\WINDOWS\SYSTEM32\profapi.dll
0x00007ffa0cf70000 - 0x00007ffa0cf8a000 	C:\Program Files\Android\Android Studio\jre\bin\net.dll
0x00007ffa0d4f0000 - 0x00007ffa0d5f8000 	C:\WINDOWS\SYSTEM32\WINHTTP.dll
0x00007ffa1a890000 - 0x00007ffa1a8fa000 	C:\WINDOWS\system32\mswsock.dll
0x00007ffa0a500000 - 0x00007ffa0a514000 	C:\Program Files\Android\Android Studio\jre\bin\nio.dll

dbghelp: loaded successfully - version: 4.0.5 - missing functions: none
symbol engine: initialized successfully - sym options: 0x614 - pdb path: .;C:\Program Files\Android\Android Studio\jre\bin;C:\WINDOWS\SYSTEM32;C:\WINDOWS\WinSxS\amd64_microsoft.windows.common-controls_6595b64144ccf1df_6.0.19041.1110_none_60b5254171f9507e;C:\Program Files\Android\Android Studio\jre\bin\server

VM Arguments:
java_command: org.jetbrains.kotlin.cli.jvm.K2JVMCompiler @C:\Users\User\AndroidStudioProjects\RPSChallengechapter4\app\build\20211119_5534648960085844451.compiler.options
java_class_path (initial): C:\Users\User\.gradle\caches\modules-2\files-2.1\org.jetbrains.kotlin\kotlin-compiler-embeddable\1.5.31\cc18c29253541dc57c25c3ef514d63c7953ae1a6\kotlin-compiler-embeddable-1.5.31.jar;C:\Users\User\.gradle\caches\modules-2\files-2.1\org.jetbrains.kotlin\kotlin-reflect\1.5.31\1523fcd842a47da0820cea772b19c51056fec8a9\kotlin-reflect-1.5.31.jar;C:\Users\User\.gradle\caches\modules-2\files-2.1\org.jetbrains.kotlin\kotlin-stdlib\1.5.31\6628d61d0f5603568e72d2d5915d2c034b4f1c55\kotlin-stdlib-1.5.31.jar;C:\Users\User\.gradle\caches\modules-2\files-2.1\org.jetbrains.kotlin\kotlin-script-runtime\1.5.31\aaea854be2cfc06373dfc11be5a6ba9ca5ca84a6\kotlin-script-runtime-1.5.31.jar;C:\Users\User\.gradle\caches\modules-2\files-2.1\org.jetbrains.kotlin\kotlin-daemon-embeddable\1.5.31\d19b549661e28c62781683dc7c7e34bf416974f1\kotlin-daemon-embeddable-1.5.31.jar;C:\Users\User\.gradle\caches\modules-2\files-2.1\org.jetbrains.intellij.deps\trove4j\1.0.20181211\216c2e14b070f334479d800987affe4054cd563f\trove4j-1.0.20181211.jar;C:\Users\User\.gradle\caches\modules-2\files-2.1\org.jetbrains\annotations\13.0\919f0dfe192fb4e063e7dacadee7f8bb9a2672a9\annotations-13.0.jar;C:\Users\User\.gradle\caches\modules-2\files-2.1\org.jetbrains.kotlin\kotlin-stdlib-common\1.5.31\43331609c7de811fed085e0dfd150874b157c32\kotlin-stdlib-common-1.5.31.jar
Launcher Type: SUN_STANDARD

[Global flags]
     intx CICompilerCount                          = 3                                         {product} {ergonomic}
     uint ConcGCThreads                            = 1                                         {product} {ergonomic}
     uint G1ConcRefinementThreads                  = 4                                         {product} {ergonomic}
   size_t G1HeapRegionSize                         = 1048576                                   {product} {ergonomic}
    uintx GCDrainStackTargetSize                   = 64                                        {product} {ergonomic}
   size_t InitialHeapSize                          = 100663296                                 {product} {ergonomic}
   size_t MarkStackSize                            = 4194304                                   {product} {ergonomic}
   size_t MaxHeapSize                              = 1593835520                                {product} {ergonomic}
   size_t MaxNewSize                               = 956301312                                 {product} {ergonomic}
   size_t MinHeapDeltaBytes                        = 1048576                                   {product} {ergonomic}
    uintx NonNMethodCodeHeapSize                   = 5830732                                {pd product} {ergonomic}
    uintx NonProfiledCodeHeapSize                  = 122913754                              {pd product} {ergonomic}
    uintx ProfiledCodeHeapSize                     = 122913754                              {pd product} {ergonomic}
    uintx ReservedCodeCacheSize                    = 251658240                              {pd product} {ergonomic}
     bool SegmentedCodeCache                       = true                                      {product} {ergonomic}
     bool UseCompressedClassPointers               = true                                 {lp64_product} {ergonomic}
     bool UseCompressedOops                        = true                                 {lp64_product} {ergonomic}
     bool UseG1GC                                  = true                                      {product} {ergonomic}
     bool UseLargePagesIndividualAllocation        = false                                  {pd product} {ergonomic}

Logging:
Log output configuration:
 #0: stdout all=warning uptime,level,tags
 #1: stderr all=off uptime,level,tags

Environment Variables:
JAVA_HOME=C:\Users\User\.jdks\azul-13.0.8
CLASSPATH=.;
PATH=C:\Program Files (x86)\Common Files\Oracle\Java\javapath;C:\Python27\;C:\Python27\Scripts;C:\ProgramData\Oracle\Java\javapath;C:\WINDOWS\system32;C:\WINDOWS;C:\WINDOWS\System32\Wbem;C:\WINDOWS\System32\WindowsPowerShell\v1.0\;C:\WINDOWS\System32\OpenSSH\;C:\ProgramData\chocolatey\bin;C:\Program Files\nodejs\;C:\Users\User\AppData\Local\Android\Sdk\platform-tools;C:\Program Files\Java\jdk-15.0.2\bin;C:\Program Files\Java\jdk1.8.0_271\bin;C:\Users\User\.jdks\azul-13.0.8\bin;C:\Program Files\gradle-6.6-all\gradle-6.6\bin;C:\Program Files\Git\cmd;C:\Users\User\AppData\Local\Microsoft\WindowsApps;C:\Users\User\AppData\Local\Programs\Microsoft VS Code\bin;C:\Users\User\AppData\Roaming\npm;C:\Users\User\AppData\Local\Android\Sdk\platform-tools;
USERNAME=User
OS=Windows_NT
PROCESSOR_IDENTIFIER=AMD64 Family 23 Model 24 Stepping 1, AuthenticAMD



---------------  S Y S T E M  ---------------

OS: Windows 10 , 64 bit Build 19041 (10.0.19041.1202)
OS uptime: 2 days 7:16 hours

CPU:total 4 (initial active 4) (4 cores per cpu, 1 threads per core) family 23 model 24 stepping 1 microcode 0x0, cmov, cx8, fxsr, mmx, sse, sse2, sse3, ssse3, sse4.1, sse4.2, popcnt, avx, avx2, aes, clmul, mmxext, 3dnowpref, lzcnt, sse4a, tsc, tscinvbit, tscinv, bmi1, bmi2, adx, sha, 

Memory: 4k page, system-wide physical 6072M (402M free)
TotalPageFile size 14264M (AvailPageFile size 7M)
current process WorkingSet (physical memory assigned to process): 214M, peak: 215M
current process commit charge ("private bytes"): 258M, peak: 278M

vm_info: OpenJDK 64-Bit Server VM (11.0.10+0-b96-7249189) for windows-amd64 JRE (11.0.10+0-b96-7249189), built on Mar 31 2021 21:44:00 by "builder" with MS VC++ 14.0 (VS2015)

END.
