#
# There is insufficient memory for the Java Runtime Environment to continue.
# Native memory allocation (malloc) failed to allocate 1204816 bytes for Chunk::new
# Possible reasons:
#   The system is out of physical RAM or swap space
#   The process is running with CompressedOops enabled, and the Java Heap may be blocking the growth of the native heap
# Possible solutions:
#   Reduce memory load on the system
#   Increase physical memory or swap space
#   Check if swap backing store is full
#   Decrease Java heap size (-Xmx/-Xms)
#   Decrease number of Java threads
#   Decrease Java thread stack sizes (-Xss)
#   Set larger code cache with -XX:ReservedCodeCacheSize=
#   JVM is running with Unscaled Compressed Oops mode in which the Java heap is
#     placed in the first 4GB address space. The Java Heap base address is the
#     maximum limit for the native heap growth. Please use -XX:HeapBaseMinAddress
#     to set the Java Heap base and to place the Java Heap above 4GB virtual address.
# This output file may be truncated or incomplete.
#
#  Out of Memory Error (./src/hotspot/share/memory/arena.cpp:197), pid=2292, tid=11764
#
# JRE version: OpenJDK Runtime Environment (11.0.10) (build 11.0.10+0-b96-7249189)
# Java VM: OpenJDK 64-Bit Server VM (11.0.10+0-b96-7249189, mixed mode, tiered, compressed oops, g1 gc, windows-amd64)
# No core dump will be written. Minidumps are not enabled by default on client versions of Windows
#

---------------  S U M M A R Y ------------

Command Line: --add-opens=java.base/java.util=ALL-UNNAMED --add-opens=java.base/java.lang=ALL-UNNAMED --add-opens=java.base/java.lang.invoke=ALL-UNNAMED --add-opens=java.base/java.util=ALL-UNNAMED --add-opens=java.prefs/java.util.prefs=ALL-UNNAMED --add-opens=java.prefs/java.util.prefs=ALL-UNNAMED --add-opens=java.base/java.nio.charset=ALL-UNNAMED --add-opens=java.base/java.net=ALL-UNNAMED --add-opens=java.base/java.util.concurrent.atomic=ALL-UNNAMED -Xmx2048m -Dfile.encoding=UTF-8 -Duser.country=ID -Duser.language=en -Duser.variant org.gradle.launcher.daemon.bootstrap.GradleDaemon 7.0.2

Host: AMD Ryzen 3 3200G with Radeon Vega Graphics    , 4 cores, 5G,  Windows 10 , 64 bit Build 19041 (10.0.19041.1202)
Time: Wed Jan 19 16:49:19 2022 SE Asia Standard Time elapsed time: 5.753463 seconds (0d 0h 0m 5s)

---------------  T H R E A D  ---------------

Current thread (0x0000029916588000):  JavaThread "C2 CompilerThread1" daemon [_thread_in_native, id=11764, stack(0x000000ed91b00000,0x000000ed91c00000)]


Current CompileTask:
C2:   5753 5143       4       groovy.lang.MetaClassImpl$1MOPIter::methodNameAction (325 bytes)

Stack: [0x000000ed91b00000,0x000000ed91c00000]
Native frames: (J=compiled Java code, j=interpreted, Vv=VM code, C=native code)
V  [jvm.dll+0x5ecfaa]
V  [jvm.dll+0x722bd5]
V  [jvm.dll+0x72412d]
V  [jvm.dll+0x7247e3]
V  [jvm.dll+0x242928]
V  [jvm.dll+0xbc4fc]
V  [jvm.dll+0xbca0c]
V  [jvm.dll+0x352d7d]
V  [jvm.dll+0x197e0c]
V  [jvm.dll+0x1fb70e]
V  [jvm.dll+0x1fa7f4]
V  [jvm.dll+0x18354c]
V  [jvm.dll+0x208ee7]
V  [jvm.dll+0x207731]
V  [jvm.dll+0x6eb1cf]
V  [jvm.dll+0x6e3d45]
V  [jvm.dll+0x5ebe96]
C  [ucrtbase.dll+0x21bb2]
C  [KERNEL32.DLL+0x17034]
C  [ntdll.dll+0x52651]


---------------  P R O C E S S  ---------------

Threads class SMR info:
_java_thread_list=0x000002991a35caf0, length=42, elements={
0x0000029979efd000, 0x000002997eab2000, 0x000002997eab4000, 0x000002997eacd800,
0x000002997eace000, 0x000002997ead2800, 0x000002997ead5000, 0x000002997eada000,
0x000002997eadd800, 0x000002997f574000, 0x0000029916df4800, 0x000002991650c800,
0x0000029916623000, 0x00000299164ab000, 0x000002991636e000, 0x0000029916c5b000,
0x0000029916557000, 0x0000029916588000, 0x0000029917710800, 0x0000029915995800,
0x00000299169cc800, 0x00000299169cd800, 0x00000299169c8000, 0x00000299169ce800,
0x00000299169cb000, 0x00000299169c8800, 0x00000299169c9800, 0x00000299169cc000,
0x00000299169ca800, 0x0000029917ab8800, 0x0000029917ab9800, 0x0000029917aba000,
0x0000029917ab7000, 0x0000029917abb000, 0x0000029917ab6000, 0x0000029917abd800,
0x0000029917abc800, 0x0000029917ab7800, 0x0000029917ac0000, 0x0000029917ac4000,
0x0000029917ac2800, 0x0000029917ac3000
}

Java Threads: ( => current thread )
  0x0000029979efd000 JavaThread "main" [_thread_blocked, id=3228, stack(0x000000ed90200000,0x000000ed90300000)]
  0x000002997eab2000 JavaThread "Reference Handler" daemon [_thread_blocked, id=11304, stack(0x000000ed90900000,0x000000ed90a00000)]
  0x000002997eab4000 JavaThread "Finalizer" daemon [_thread_blocked, id=12184, stack(0x000000ed90a00000,0x000000ed90b00000)]
  0x000002997eacd800 JavaThread "Signal Dispatcher" daemon [_thread_blocked, id=9452, stack(0x000000ed90b00000,0x000000ed90c00000)]
  0x000002997eace000 JavaThread "Attach Listener" daemon [_thread_blocked, id=8684, stack(0x000000ed90c00000,0x000000ed90d00000)]
  0x000002997ead2800 JavaThread "Service Thread" daemon [_thread_blocked, id=3132, stack(0x000000ed90d00000,0x000000ed90e00000)]
  0x000002997ead5000 JavaThread "C2 CompilerThread0" daemon [_thread_in_native, id=12036, stack(0x000000ed90e00000,0x000000ed90f00000)]
  0x000002997eada000 JavaThread "C1 CompilerThread0" daemon [_thread_in_vm, id=6004, stack(0x000000ed90f00000,0x000000ed91000000)]
  0x000002997eadd800 JavaThread "Sweeper thread" daemon [_thread_blocked, id=10952, stack(0x000000ed91000000,0x000000ed91100000)]
  0x000002997f574000 JavaThread "Common-Cleaner" daemon [_thread_blocked, id=9256, stack(0x000000ed91100000,0x000000ed91200000)]
  0x0000029916df4800 JavaThread "Daemon health stats" [_thread_blocked, id=11592, stack(0x000000ed91500000,0x000000ed91600000)]
  0x000002991650c800 JavaThread "Incoming local TCP Connector on port 54108" [_thread_in_native, id=10568, stack(0x000000ed91300000,0x000000ed91400000)]
  0x0000029916623000 JavaThread "Daemon periodic checks" [_thread_blocked, id=5848, stack(0x000000ed91600000,0x000000ed91700000)]
  0x00000299164ab000 JavaThread "Daemon" [_thread_blocked, id=9844, stack(0x000000ed91700000,0x000000ed91800000)]
  0x000002991636e000 JavaThread "Handler for socket connection from /127.0.0.1:54108 to /127.0.0.1:54109" [_thread_in_native, id=11312, stack(0x000000ed91800000,0x000000ed91900000)]
  0x0000029916c5b000 JavaThread "Cancel handler" [_thread_blocked, id=11908, stack(0x000000ed91900000,0x000000ed91a00000)]
  0x0000029916557000 JavaThread "Daemon worker" [_thread_in_vm, id=7524, stack(0x000000ed91a00000,0x000000ed91b00000)]
=>0x0000029916588000 JavaThread "C2 CompilerThread1" daemon [_thread_in_native, id=11764, stack(0x000000ed91b00000,0x000000ed91c00000)]
  0x0000029917710800 JavaThread "Asynchronous log dispatcher for DefaultDaemonConnection: socket connection from /127.0.0.1:54108 to /127.0.0.1:54109" [_thread_blocked, id=3268, stack(0x000000ed91c00000,0x000000ed91d00000)]
  0x0000029915995800 JavaThread "Stdin handler" [_thread_blocked, id=10372, stack(0x000000ed91d00000,0x000000ed91e00000)]
  0x00000299169cc800 JavaThread "Daemon client event forwarder" [_thread_in_vm, id=9756, stack(0x000000ed91e00000,0x000000ed91f00000)]
  0x00000299169cd800 JavaThread "Cache worker for file hash cache (C:\Users\User\.gradle\caches\7.0.2\fileHashes)" [_thread_blocked, id=11788, stack(0x000000ed92100000,0x000000ed92200000)]
  0x00000299169c8000 JavaThread "File lock request listener" [_thread_in_native, id=10592, stack(0x000000ed92200000,0x000000ed92300000)]
  0x00000299169ce800 JavaThread "Cache worker for journal cache (C:\Users\User\.gradle\caches\journal-1)" [_thread_blocked, id=11552, stack(0x000000ed92300000,0x000000ed92400000)]
  0x00000299169cb000 JavaThread "Cache worker for file hash cache (D:\Binar\Challenge\Sciroper\.gradle\7.0.2\fileHashes)" [_thread_blocked, id=10524, stack(0x000000ed92400000,0x000000ed92500000)]
  0x00000299169c8800 JavaThread "File watcher server" daemon [_thread_in_native, id=10336, stack(0x000000ed92500000,0x000000ed92600000)]
  0x00000299169c9800 JavaThread "File watcher consumer" daemon [_thread_blocked, id=8768, stack(0x000000ed92600000,0x000000ed92700000)]
  0x00000299169cc000 JavaThread "Cache worker for checksums cache (D:\Binar\Challenge\Sciroper\.gradle\checksums)" [_thread_blocked, id=11704, stack(0x000000ed92700000,0x000000ed92800000)]
  0x00000299169ca800 JavaThread "Cache worker for cache directory md-supplier (C:\Users\User\.gradle\caches\7.0.2\md-supplier)" [_thread_blocked, id=10704, stack(0x000000ed92800000,0x000000ed92900000)]
  0x0000029917ab8800 JavaThread "Cache worker for cache directory md-rule (C:\Users\User\.gradle\caches\7.0.2\md-rule)" [_thread_blocked, id=6504, stack(0x000000ed92900000,0x000000ed92a00000)]
  0x0000029917ab9800 JavaThread "Cache worker for execution history cache (C:\Users\User\.gradle\caches\7.0.2\executionHistory)" [_thread_blocked, id=12164, stack(0x000000ed92a00000,0x000000ed92b00000)]
  0x0000029917aba000 JavaThread "jar transforms" [_thread_blocked, id=508, stack(0x000000ed92b00000,0x000000ed92c00000)]
  0x0000029917ab7000 JavaThread "jar transforms Thread 2" [_thread_blocked, id=11004, stack(0x000000ed92c00000,0x000000ed92d00000)]
  0x0000029917abb000 JavaThread "Cache worker for file content cache (C:\Users\User\.gradle\caches\7.0.2\fileContent)" [_thread_blocked, id=9016, stack(0x000000ed92d00000,0x000000ed92e00000)]
  0x0000029917ab6000 JavaThread "Cache worker for dependencies-accessors (D:\Binar\Challenge\Sciroper\.gradle\7.0.2\dependencies-accessors)" [_thread_blocked, id=1992, stack(0x000000ed92e00000,0x000000ed92f00000)]
  0x0000029917abd800 JavaThread "jar transforms Thread 3" [_thread_blocked, id=6172, stack(0x000000ed92f00000,0x000000ed93000000)]
  0x0000029917abc800 JavaThread "Cache worker for Build Output Cleanup Cache (D:\Binar\Challenge\Sciroper\.gradle\buildOutputCleanup)" [_thread_blocked, id=8892, stack(0x000000ed93000000,0x000000ed93100000)]
  0x0000029917ab7800 JavaThread "Build operations" [_thread_blocked, id=11784, stack(0x000000ed93100000,0x000000ed93200000)]
  0x0000029917ac0000 JavaThread "Build operations Thread 2" [_thread_blocked, id=2436, stack(0x000000ed93200000,0x000000ed93300000)]
  0x0000029917ac4000 JavaThread "Build operations Thread 3" [_thread_blocked, id=9064, stack(0x000000ed93300000,0x000000ed93400000)]
  0x0000029917ac2800 JavaThread "Build operations Thread 4" [_thread_blocked, id=10260, stack(0x000000ed93400000,0x000000ed93500000)]
  0x0000029917ac3000 JavaThread "jar transforms Thread 4" [_thread_blocked, id=3912, stack(0x000000ed93500000,0x000000ed93600000)]

Other Threads:
  0x000002997eab0000 VMThread "VM Thread" [stack: 0x000000ed90800000,0x000000ed90900000] [id=12200]
  0x000002997f57f800 WatcherThread [stack: 0x000000ed91200000,0x000000ed91300000] [id=9052]
  0x0000029979f16000 GCTaskThread "GC Thread#0" [stack: 0x000000ed90300000,0x000000ed90400000] [id=7280]
  0x000002997f809000 GCTaskThread "GC Thread#1" [stack: 0x000000ed91400000,0x000000ed91500000] [id=9220]
  0x0000029915f38800 GCTaskThread "GC Thread#2" [stack: 0x000000ed91f00000,0x000000ed92000000] [id=11296]
  0x0000029917130800 GCTaskThread "GC Thread#3" [stack: 0x000000ed92000000,0x000000ed92100000] [id=11216]
  0x0000029979f46000 ConcurrentGCThread "G1 Main Marker" [stack: 0x000000ed90400000,0x000000ed90500000] [id=5408]
  0x0000029979f48000 ConcurrentGCThread "G1 Conc#0" [stack: 0x000000ed90500000,0x000000ed90600000] [id=9328]
  0x0000029979fb9000 ConcurrentGCThread "G1 Refine#0" [stack: 0x000000ed90600000,0x000000ed90700000] [id=7060]
  0x0000029979fba000 ConcurrentGCThread "G1 Young RemSet Sampling" [stack: 0x000000ed90700000,0x000000ed90800000] [id=8804]

Threads with active compile tasks:
C2 CompilerThread0   5765 5221       4       java.util.StringJoiner::toString (181 bytes)
C2 CompilerThread1   5765 5143       4       groovy.lang.MetaClassImpl$1MOPIter::methodNameAction (325 bytes)

VM state:not at safepoint (normal execution)

VM Mutex/Monitor currently owned by a thread: None

Heap address: 0x0000000080000000, size: 2048 MB, Compressed Oops mode: 32-bit
Narrow klass base: 0x0000000000000000, Narrow klass shift: 3
Compressed class space size: 1073741824 Address: 0x0000000100000000

Heap:
 garbage-first heap   total 143360K, used 67934K [0x0000000080000000, 0x0000000100000000)
  region size 1024K, 34 young (34816K), 7 survivors (7168K)
 Metaspace       used 47735K, capacity 48981K, committed 49024K, reserved 1091584K
  class space    used 6093K, capacity 6513K, committed 6528K, reserved 1048576K
Heap Regions: E=young(eden), S=young(survivor), O=old, HS=humongous(starts), HC=humongous(continues), CS=collection set, F=free, A=archive, TAMS=top-at-mark-start (previous, next)
|   0|0x0000000080000000, 0x0000000080100000, 0x0000000080100000|100%| O|  |TAMS 0x0000000080100000, 0x0000000080000000| Untracked 
|   1|0x0000000080100000, 0x0000000080200000, 0x0000000080200000|100%| O|  |TAMS 0x0000000080200000, 0x0000000080100000| Untracked 
|   2|0x0000000080200000, 0x0000000080300000, 0x0000000080300000|100%| O|  |TAMS 0x0000000080300000, 0x0000000080200000| Untracked 
|   3|0x0000000080300000, 0x0000000080400000, 0x0000000080400000|100%|HS|  |TAMS 0x0000000080400000, 0x0000000080300000| Complete 
|   4|0x0000000080400000, 0x0000000080500000, 0x0000000080500000|100%|HC|  |TAMS 0x0000000080500000, 0x0000000080400000| Complete 
|   5|0x0000000080500000, 0x0000000080600000, 0x0000000080600000|100%|HC|  |TAMS 0x0000000080600000, 0x0000000080500000| Complete 
|   6|0x0000000080600000, 0x0000000080700000, 0x0000000080700000|100%| O|  |TAMS 0x0000000080700000, 0x0000000080600000| Untracked 
|   7|0x0000000080700000, 0x0000000080800000, 0x0000000080800000|100%| O|  |TAMS 0x0000000080800000, 0x0000000080700000| Untracked 
|   8|0x0000000080800000, 0x0000000080900000, 0x0000000080900000|100%| O|  |TAMS 0x0000000080900000, 0x0000000080800000| Untracked 
|   9|0x0000000080900000, 0x0000000080a00000, 0x0000000080a00000|100%| O|  |TAMS 0x0000000080a00000, 0x0000000080900000| Untracked 
|  10|0x0000000080a00000, 0x0000000080b00000, 0x0000000080b00000|100%| O|  |TAMS 0x0000000080b00000, 0x0000000080a00000| Untracked 
|  11|0x0000000080b00000, 0x0000000080c00000, 0x0000000080c00000|100%| O|  |TAMS 0x0000000080c00000, 0x0000000080b00000| Untracked 
|  12|0x0000000080c00000, 0x0000000080d00000, 0x0000000080d00000|100%| O|  |TAMS 0x0000000080d00000, 0x0000000080c00000| Untracked 
|  13|0x0000000080d00000, 0x0000000080e00000, 0x0000000080e00000|100%| O|  |TAMS 0x0000000080e00000, 0x0000000080d00000| Untracked 
|  14|0x0000000080e00000, 0x0000000080f00000, 0x0000000080f00000|100%| O|  |TAMS 0x0000000080f00000, 0x0000000080e00000| Untracked 
|  15|0x0000000080f00000, 0x0000000081000000, 0x0000000081000000|100%| O|  |TAMS 0x0000000081000000, 0x0000000080f00000| Untracked 
|  16|0x0000000081000000, 0x0000000081100000, 0x0000000081100000|100%| O|  |TAMS 0x0000000081045a00, 0x0000000081000000| Untracked 
|  17|0x0000000081100000, 0x0000000081200000, 0x0000000081200000|100%| O|  |TAMS 0x0000000081100000, 0x0000000081100000| Untracked 
|  18|0x0000000081200000, 0x0000000081300000, 0x0000000081300000|100%| O|  |TAMS 0x0000000081200000, 0x0000000081200000| Untracked 
|  19|0x0000000081300000, 0x0000000081400000, 0x0000000081400000|100%| O|  |TAMS 0x0000000081300000, 0x0000000081300000| Untracked 
|  20|0x0000000081400000, 0x0000000081500000, 0x0000000081500000|100%| O|  |TAMS 0x0000000081400000, 0x0000000081400000| Untracked 
|  21|0x0000000081500000, 0x0000000081600000, 0x0000000081600000|100%| O|  |TAMS 0x0000000081500000, 0x0000000081500000| Untracked 
|  22|0x0000000081600000, 0x0000000081700000, 0x0000000081700000|100%| O|  |TAMS 0x0000000081600000, 0x0000000081600000| Untracked 
|  23|0x0000000081700000, 0x0000000081800000, 0x0000000081800000|100%| O|  |TAMS 0x0000000081700000, 0x0000000081700000| Untracked 
|  24|0x0000000081800000, 0x0000000081900000, 0x0000000081900000|100%| O|  |TAMS 0x0000000081800000, 0x0000000081800000| Untracked 
|  25|0x0000000081900000, 0x0000000081a00000, 0x0000000081a00000|100%| O|  |TAMS 0x0000000081900000, 0x0000000081900000| Untracked 
|  26|0x0000000081a00000, 0x0000000081a57a00, 0x0000000081b00000| 34%| O|  |TAMS 0x0000000081a00000, 0x0000000081a00000| Untracked 
|  27|0x0000000081b00000, 0x0000000081c00000, 0x0000000081c00000|100%|HS|  |TAMS 0x0000000081b00000, 0x0000000081b00000| Complete 
|  28|0x0000000081c00000, 0x0000000081d00000, 0x0000000081d00000|100%|HS|  |TAMS 0x0000000081c00000, 0x0000000081c00000| Complete 
|  29|0x0000000081d00000, 0x0000000081e00000, 0x0000000081e00000|100%|HS|  |TAMS 0x0000000081d00000, 0x0000000081d00000| Complete 
|  30|0x0000000081e00000, 0x0000000081f00000, 0x0000000081f00000|100%|HS|  |TAMS 0x0000000081e00000, 0x0000000081e00000| Complete 
|  31|0x0000000081f00000, 0x0000000082000000, 0x0000000082000000|100%|HC|  |TAMS 0x0000000081f00000, 0x0000000081f00000| Complete 
|  32|0x0000000082000000, 0x0000000082100000, 0x0000000082100000|100%|HC|  |TAMS 0x0000000082000000, 0x0000000082000000| Complete 
|  33|0x0000000082100000, 0x0000000082200000, 0x0000000082200000|100%|HS|  |TAMS 0x0000000082100000, 0x0000000082100000| Complete 
|  34|0x0000000082200000, 0x0000000082300000, 0x0000000082300000|100%|HC|  |TAMS 0x0000000082200000, 0x0000000082200000| Complete 
|  35|0x0000000082300000, 0x0000000082300000, 0x0000000082400000|  0%| F|  |TAMS 0x0000000082300000, 0x0000000082300000| Untracked 
|  36|0x0000000082400000, 0x0000000082400000, 0x0000000082500000|  0%| F|  |TAMS 0x0000000082400000, 0x0000000082400000| Untracked 
|  37|0x0000000082500000, 0x0000000082500000, 0x0000000082600000|  0%| F|  |TAMS 0x0000000082500000, 0x0000000082500000| Untracked 
|  38|0x0000000082600000, 0x0000000082600000, 0x0000000082700000|  0%| F|  |TAMS 0x0000000082600000, 0x0000000082600000| Untracked 
|  39|0x0000000082700000, 0x0000000082700000, 0x0000000082800000|  0%| F|  |TAMS 0x0000000082700000, 0x0000000082700000| Untracked 
|  40|0x0000000082800000, 0x0000000082800000, 0x0000000082900000|  0%| F|  |TAMS 0x0000000082800000, 0x0000000082800000| Untracked 
|  41|0x0000000082900000, 0x0000000082900000, 0x0000000082a00000|  0%| F|  |TAMS 0x0000000082900000, 0x0000000082900000| Untracked 
|  42|0x0000000082a00000, 0x0000000082a00000, 0x0000000082b00000|  0%| F|  |TAMS 0x0000000082a00000, 0x0000000082a00000| Untracked 
|  43|0x0000000082b00000, 0x0000000082b00000, 0x0000000082c00000|  0%| F|  |TAMS 0x0000000082b00000, 0x0000000082b00000| Untracked 
|  44|0x0000000082c00000, 0x0000000082c00000, 0x0000000082d00000|  0%| F|  |TAMS 0x0000000082c00000, 0x0000000082c00000| Untracked 
|  45|0x0000000082d00000, 0x0000000082d00000, 0x0000000082e00000|  0%| F|  |TAMS 0x0000000082d00000, 0x0000000082d00000| Untracked 
|  46|0x0000000082e00000, 0x0000000082e00000, 0x0000000082f00000|  0%| F|  |TAMS 0x0000000082e00000, 0x0000000082e00000| Untracked 
|  47|0x0000000082f00000, 0x0000000082f00000, 0x0000000083000000|  0%| F|  |TAMS 0x0000000082f00000, 0x0000000082f00000| Untracked 
|  48|0x0000000083000000, 0x0000000083000000, 0x0000000083100000|  0%| F|  |TAMS 0x0000000083000000, 0x0000000083000000| Untracked 
|  49|0x0000000083100000, 0x0000000083200000, 0x0000000083200000|100%| S|CS|TAMS 0x0000000083100000, 0x0000000083100000| Complete 
|  50|0x0000000083200000, 0x0000000083200000, 0x0000000083300000|  0%| F|  |TAMS 0x0000000083200000, 0x0000000083200000| Untracked 
|  51|0x0000000083300000, 0x0000000083300000, 0x0000000083400000|  0%| F|  |TAMS 0x0000000083300000, 0x0000000083300000| Untracked 
|  52|0x0000000083400000, 0x0000000083400000, 0x0000000083500000|  0%| F|  |TAMS 0x0000000083400000, 0x0000000083400000| Untracked 
|  53|0x0000000083500000, 0x0000000083600000, 0x0000000083600000|100%| S|CS|TAMS 0x0000000083500000, 0x0000000083500000| Complete 
|  54|0x0000000083600000, 0x0000000083700000, 0x0000000083700000|100%| S|CS|TAMS 0x0000000083600000, 0x0000000083600000| Complete 
|  55|0x0000000083700000, 0x0000000083800000, 0x0000000083800000|100%| S|CS|TAMS 0x0000000083700000, 0x0000000083700000| Complete 
|  56|0x0000000083800000, 0x0000000083900000, 0x0000000083900000|100%| S|CS|TAMS 0x0000000083800000, 0x0000000083800000| Complete 
|  57|0x0000000083900000, 0x0000000083a00000, 0x0000000083a00000|100%| S|CS|TAMS 0x0000000083900000, 0x0000000083900000| Complete 
|  58|0x0000000083a00000, 0x0000000083b00000, 0x0000000083b00000|100%| S|CS|TAMS 0x0000000083a00000, 0x0000000083a00000| Complete 
|  59|0x0000000083b00000, 0x0000000083b00000, 0x0000000083c00000|  0%| F|  |TAMS 0x0000000083b00000, 0x0000000083b00000| Untracked 
|  60|0x0000000083c00000, 0x0000000083c00000, 0x0000000083d00000|  0%| F|  |TAMS 0x0000000083c00000, 0x0000000083c00000| Untracked 
|  61|0x0000000083d00000, 0x0000000083d00000, 0x0000000083e00000|  0%| F|  |TAMS 0x0000000083d00000, 0x0000000083d00000| Untracked 
|  62|0x0000000083e00000, 0x0000000083e00000, 0x0000000083f00000|  0%| F|  |TAMS 0x0000000083e00000, 0x0000000083e00000| Untracked 
|  63|0x0000000083f00000, 0x0000000083f00000, 0x0000000084000000|  0%| F|  |TAMS 0x0000000083f00000, 0x0000000083f00000| Untracked 
|  64|0x0000000084000000, 0x0000000084000000, 0x0000000084100000|  0%| F|  |TAMS 0x0000000084000000, 0x0000000084000000| Untracked 
|  65|0x0000000084100000, 0x0000000084100000, 0x0000000084200000|  0%| F|  |TAMS 0x0000000084100000, 0x0000000084100000| Untracked 
|  66|0x0000000084200000, 0x0000000084200000, 0x0000000084300000|  0%| F|  |TAMS 0x0000000084200000, 0x0000000084200000| Untracked 
|  67|0x0000000084300000, 0x0000000084300000, 0x0000000084400000|  0%| F|  |TAMS 0x0000000084300000, 0x0000000084300000| Untracked 
|  68|0x0000000084400000, 0x0000000084400000, 0x0000000084500000|  0%| F|  |TAMS 0x0000000084400000, 0x0000000084400000| Untracked 
|  69|0x0000000084500000, 0x0000000084500000, 0x0000000084600000|  0%| F|  |TAMS 0x0000000084500000, 0x0000000084500000| Untracked 
|  70|0x0000000084600000, 0x0000000084600000, 0x0000000084700000|  0%| F|  |TAMS 0x0000000084600000, 0x0000000084600000| Untracked 
|  71|0x0000000084700000, 0x0000000084700000, 0x0000000084800000|  0%| F|  |TAMS 0x0000000084700000, 0x0000000084700000| Untracked 
|  72|0x0000000084800000, 0x0000000084800000, 0x0000000084900000|  0%| F|  |TAMS 0x0000000084800000, 0x0000000084800000| Untracked 
|  73|0x0000000084900000, 0x0000000084900000, 0x0000000084a00000|  0%| F|  |TAMS 0x0000000084900000, 0x0000000084900000| Untracked 
|  74|0x0000000084a00000, 0x0000000084a00000, 0x0000000084b00000|  0%| F|  |TAMS 0x0000000084a00000, 0x0000000084a00000| Untracked 
|  75|0x0000000084b00000, 0x0000000084b00000, 0x0000000084c00000|  0%| F|  |TAMS 0x0000000084b00000, 0x0000000084b00000| Untracked 
|  76|0x0000000084c00000, 0x0000000084c00000, 0x0000000084d00000|  0%| F|  |TAMS 0x0000000084c00000, 0x0000000084c00000| Untracked 
|  77|0x0000000084d00000, 0x0000000084d00000, 0x0000000084e00000|  0%| F|  |TAMS 0x0000000084d00000, 0x0000000084d00000| Untracked 
|  78|0x0000000084e00000, 0x0000000084e00000, 0x0000000084f00000|  0%| F|  |TAMS 0x0000000084e00000, 0x0000000084e00000| Untracked 
|  79|0x0000000084f00000, 0x0000000084f00000, 0x0000000085000000|  0%| F|  |TAMS 0x0000000084f00000, 0x0000000084f00000| Untracked 
|  80|0x0000000085000000, 0x0000000085000000, 0x0000000085100000|  0%| F|  |TAMS 0x0000000085000000, 0x0000000085000000| Untracked 
|  81|0x0000000085100000, 0x0000000085100000, 0x0000000085200000|  0%| F|  |TAMS 0x0000000085100000, 0x0000000085100000| Untracked 
|  82|0x0000000085200000, 0x0000000085200000, 0x0000000085300000|  0%| F|  |TAMS 0x0000000085200000, 0x0000000085200000| Untracked 
|  83|0x0000000085300000, 0x0000000085300000, 0x0000000085400000|  0%| F|  |TAMS 0x0000000085300000, 0x0000000085300000| Untracked 
|  84|0x0000000085400000, 0x0000000085400000, 0x0000000085500000|  0%| F|  |TAMS 0x0000000085400000, 0x0000000085400000| Untracked 
|  85|0x0000000085500000, 0x0000000085500000, 0x0000000085600000|  0%| F|  |TAMS 0x0000000085500000, 0x0000000085500000| Untracked 
|  86|0x0000000085600000, 0x0000000085600000, 0x0000000085700000|  0%| F|  |TAMS 0x0000000085600000, 0x0000000085600000| Untracked 
|  87|0x0000000085700000, 0x0000000085700000, 0x0000000085800000|  0%| F|  |TAMS 0x0000000085700000, 0x0000000085700000| Untracked 
|  88|0x0000000085800000, 0x0000000085800000, 0x0000000085900000|  0%| F|  |TAMS 0x0000000085800000, 0x0000000085800000| Untracked 
|  89|0x0000000085900000, 0x0000000085900000, 0x0000000085a00000|  0%| F|  |TAMS 0x0000000085900000, 0x0000000085900000| Untracked 
|  90|0x0000000085a00000, 0x0000000085a00000, 0x0000000085b00000|  0%| F|  |TAMS 0x0000000085a00000, 0x0000000085a00000| Untracked 
|  91|0x0000000085b00000, 0x0000000085b00000, 0x0000000085c00000|  0%| F|  |TAMS 0x0000000085b00000, 0x0000000085b00000| Untracked 
|  92|0x0000000085c00000, 0x0000000085c00000, 0x0000000085d00000|  0%| F|  |TAMS 0x0000000085c00000, 0x0000000085c00000| Untracked 
|  93|0x0000000085d00000, 0x0000000085d00000, 0x0000000085e00000|  0%| F|  |TAMS 0x0000000085d00000, 0x0000000085d00000| Untracked 
|  94|0x0000000085e00000, 0x0000000085e00000, 0x0000000085f00000|  0%| F|  |TAMS 0x0000000085e00000, 0x0000000085e00000| Untracked 
|  95|0x0000000085f00000, 0x0000000085f00000, 0x0000000086000000|  0%| F|  |TAMS 0x0000000085f00000, 0x0000000085f00000| Untracked 
|  96|0x0000000086000000, 0x0000000086000000, 0x0000000086100000|  0%| F|  |TAMS 0x0000000086000000, 0x0000000086000000| Untracked 
|  97|0x0000000086100000, 0x0000000086100000, 0x0000000086200000|  0%| F|  |TAMS 0x0000000086100000, 0x0000000086100000| Untracked 
|  98|0x0000000086200000, 0x0000000086200000, 0x0000000086300000|  0%| F|  |TAMS 0x0000000086200000, 0x0000000086200000| Untracked 
|  99|0x0000000086300000, 0x0000000086300000, 0x0000000086400000|  0%| F|  |TAMS 0x0000000086300000, 0x0000000086300000| Untracked 
| 100|0x0000000086400000, 0x0000000086400000, 0x0000000086500000|  0%| F|  |TAMS 0x0000000086400000, 0x0000000086400000| Untracked 
| 101|0x0000000086500000, 0x0000000086500000, 0x0000000086600000|  0%| F|  |TAMS 0x0000000086500000, 0x0000000086500000| Untracked 
| 102|0x0000000086600000, 0x0000000086600000, 0x0000000086700000|  0%| F|  |TAMS 0x0000000086600000, 0x0000000086600000| Untracked 
| 103|0x0000000086700000, 0x0000000086700000, 0x0000000086800000|  0%| F|  |TAMS 0x0000000086700000, 0x0000000086700000| Untracked 
| 104|0x0000000086800000, 0x0000000086800000, 0x0000000086900000|  0%| F|  |TAMS 0x0000000086800000, 0x0000000086800000| Untracked 
| 105|0x0000000086900000, 0x0000000086900000, 0x0000000086a00000|  0%| F|  |TAMS 0x0000000086900000, 0x0000000086900000| Untracked 
| 106|0x0000000086a00000, 0x0000000086a00000, 0x0000000086b00000|  0%| F|  |TAMS 0x0000000086a00000, 0x0000000086a00000| Untracked 
| 107|0x0000000086b00000, 0x0000000086b00000, 0x0000000086c00000|  0%| F|  |TAMS 0x0000000086b00000, 0x0000000086b00000| Untracked 
| 108|0x0000000086c00000, 0x0000000086c00000, 0x0000000086d00000|  0%| F|  |TAMS 0x0000000086c00000, 0x0000000086c00000| Untracked 
| 109|0x0000000086d00000, 0x0000000086d00000, 0x0000000086e00000|  0%| F|  |TAMS 0x0000000086d00000, 0x0000000086d00000| Untracked 
| 110|0x0000000086e00000, 0x0000000086e00000, 0x0000000086f00000|  0%| F|  |TAMS 0x0000000086e00000, 0x0000000086e00000| Untracked 
| 111|0x0000000086f00000, 0x0000000086f00000, 0x0000000087000000|  0%| F|  |TAMS 0x0000000086f00000, 0x0000000086f00000| Untracked 
| 112|0x0000000087000000, 0x0000000087000000, 0x0000000087100000|  0%| F|  |TAMS 0x0000000087000000, 0x0000000087000000| Untracked 
| 113|0x0000000087100000, 0x00000000871405a8, 0x0000000087200000| 25%| E|  |TAMS 0x0000000087100000, 0x0000000087100000| Complete 
| 114|0x0000000087200000, 0x0000000087300000, 0x0000000087300000|100%| E|CS|TAMS 0x0000000087200000, 0x0000000087200000| Complete 
| 115|0x0000000087300000, 0x0000000087400000, 0x0000000087400000|100%| E|CS|TAMS 0x0000000087300000, 0x0000000087300000| Complete 
| 116|0x0000000087400000, 0x0000000087500000, 0x0000000087500000|100%| E|CS|TAMS 0x0000000087400000, 0x0000000087400000| Complete 
| 117|0x0000000087500000, 0x0000000087600000, 0x0000000087600000|100%| E|CS|TAMS 0x0000000087500000, 0x0000000087500000| Complete 
| 118|0x0000000087600000, 0x0000000087700000, 0x0000000087700000|100%| E|CS|TAMS 0x0000000087600000, 0x0000000087600000| Complete 
| 119|0x0000000087700000, 0x0000000087800000, 0x0000000087800000|100%| E|CS|TAMS 0x0000000087700000, 0x0000000087700000| Complete 
| 120|0x0000000087800000, 0x0000000087900000, 0x0000000087900000|100%| E|CS|TAMS 0x0000000087800000, 0x0000000087800000| Complete 
| 121|0x0000000087900000, 0x0000000087a00000, 0x0000000087a00000|100%| E|CS|TAMS 0x0000000087900000, 0x0000000087900000| Complete 
| 122|0x0000000087a00000, 0x0000000087b00000, 0x0000000087b00000|100%| E|CS|TAMS 0x0000000087a00000, 0x0000000087a00000| Complete 
| 123|0x0000000087b00000, 0x0000000087c00000, 0x0000000087c00000|100%| E|CS|TAMS 0x0000000087b00000, 0x0000000087b00000| Complete 
| 124|0x0000000087c00000, 0x0000000087d00000, 0x0000000087d00000|100%| E|CS|TAMS 0x0000000087c00000, 0x0000000087c00000| Complete 
| 125|0x0000000087d00000, 0x0000000087e00000, 0x0000000087e00000|100%| E|  |TAMS 0x0000000087d00000, 0x0000000087d00000| Complete 
| 126|0x0000000087e00000, 0x0000000087f00000, 0x0000000087f00000|100%| E|CS|TAMS 0x0000000087e00000, 0x0000000087e00000| Complete 
| 127|0x0000000087f00000, 0x0000000088000000, 0x0000000088000000|100%| E|CS|TAMS 0x0000000087f00000, 0x0000000087f00000| Complete 
| 128|0x0000000088000000, 0x0000000088100000, 0x0000000088100000|100%| E|CS|TAMS 0x0000000088000000, 0x0000000088000000| Complete 
| 129|0x0000000088100000, 0x0000000088200000, 0x0000000088200000|100%| E|CS|TAMS 0x0000000088100000, 0x0000000088100000| Complete 
| 130|0x0000000088200000, 0x0000000088300000, 0x0000000088300000|100%| E|CS|TAMS 0x0000000088200000, 0x0000000088200000| Complete 
| 131|0x0000000088300000, 0x0000000088400000, 0x0000000088400000|100%| E|CS|TAMS 0x0000000088300000, 0x0000000088300000| Complete 
| 132|0x0000000088400000, 0x0000000088500000, 0x0000000088500000|100%| E|CS|TAMS 0x0000000088400000, 0x0000000088400000| Complete 
| 133|0x0000000088500000, 0x0000000088600000, 0x0000000088600000|100%| E|CS|TAMS 0x0000000088500000, 0x0000000088500000| Complete 
| 134|0x0000000088600000, 0x0000000088700000, 0x0000000088700000|100%| E|CS|TAMS 0x0000000088600000, 0x0000000088600000| Complete 
| 135|0x0000000088700000, 0x0000000088800000, 0x0000000088800000|100%| E|CS|TAMS 0x0000000088700000, 0x0000000088700000| Complete 
| 136|0x0000000088800000, 0x0000000088900000, 0x0000000088900000|100%| E|CS|TAMS 0x0000000088800000, 0x0000000088800000| Complete 
| 137|0x0000000088900000, 0x0000000088a00000, 0x0000000088a00000|100%| E|CS|TAMS 0x0000000088900000, 0x0000000088900000| Complete 
| 138|0x0000000088a00000, 0x0000000088b00000, 0x0000000088b00000|100%| E|CS|TAMS 0x0000000088a00000, 0x0000000088a00000| Complete 
| 139|0x0000000088b00000, 0x0000000088c00000, 0x0000000088c00000|100%| E|CS|TAMS 0x0000000088b00000, 0x0000000088b00000| Complete 

Card table byte_map: [0x000002997ddf0000,0x000002997e1f0000] _byte_map_base: 0x000002997d9f0000

Marking Bits (Prev, Next): (CMBitMap*) 0x0000029979f3d388, (CMBitMap*) 0x0000029979f3d3c0
 Prev Bits: [0x000002990f000000, 0x0000029911000000)
 Next Bits: [0x0000029911000000, 0x0000029913000000)

Polling page: 0x0000029977ce0000

Metaspace:

Usage:
  Non-class:     41.48 MB capacity,    40.68 MB ( 98%) used,   695.98 KB (  2%) free+waste,   125.00 KB ( <1%) overhead. 
      Class:      6.36 MB capacity,     5.95 MB ( 94%) used,   360.28 KB (  6%) free+waste,    59.44 KB ( <1%) overhead. 
       Both:     47.85 MB capacity,    46.63 MB ( 97%) used,     1.03 MB (  2%) free+waste,   184.44 KB ( <1%) overhead. 

Virtual space:
  Non-class space:       42.00 MB reserved,      41.50 MB ( 99%) committed 
      Class space:        1.00 GB reserved,       6.38 MB ( <1%) committed 
             Both:        1.04 GB reserved,      47.88 MB (  4%) committed 

Chunk freelists:
   Non-Class:  1.00 KB
       Class:  13.00 KB
        Both:  14.00 KB

MaxMetaspaceSize: 17179869184.00 GB
CompressedClassSpaceSize: 1.00 GB

CodeHeap 'non-profiled nmethods': size=120064Kb used=2812Kb max_used=2812Kb free=117252Kb
 bounds [0x0000029907ac0000, 0x0000029907d80000, 0x000002990f000000]
CodeHeap 'profiled nmethods': size=120000Kb used=10744Kb max_used=10744Kb free=109255Kb
 bounds [0x0000029900590000, 0x0000029901010000, 0x0000029907ac0000]
CodeHeap 'non-nmethods': size=5696Kb used=2215Kb max_used=2261Kb free=3480Kb
 bounds [0x0000029900000000, 0x0000029900270000, 0x0000029900590000]
 total_blobs=6041 nmethods=5254 adapters=698
 compilation: enabled
              stopped_count=0, restarted_count=0
 full_count=0

Compilation events (20 events):
Event: 5.738 Thread 0x000002997eada000 5231       3       java.util.TreeMap::rotateRight (96 bytes)
Event: 5.738 Thread 0x000002997eada000 nmethod 5231 0x0000029900ffce90 code [0x0000029900ffd080, 0x0000029900ffd598]
Event: 5.739 Thread 0x000002997eada000 5232       3       java.util.Collections$SynchronizedCollection::iterator (10 bytes)
Event: 5.739 Thread 0x000002997eada000 nmethod 5232 0x0000029900ffd710 code [0x0000029900ffd8c0, 0x0000029900ffda88]
Event: 5.739 Thread 0x000002997eada000 5233  s    3       java.util.Hashtable::isEmpty (13 bytes)
Event: 5.739 Thread 0x000002997eada000 nmethod 5233 0x0000029900ffdb90 code [0x0000029900ffdd40, 0x0000029900ffdff8]
Event: 5.739 Thread 0x000002997eada000 5234       3       java.util.Hashtable$Enumerator::<init> (51 bytes)
Event: 5.739 Thread 0x000002997eada000 nmethod 5234 0x0000029900ffe090 code [0x0000029900ffe240, 0x0000029900ffe478]
Event: 5.739 Thread 0x000002997eada000 5235       3       java.util.Hashtable::entrySet (28 bytes)
Event: 5.740 Thread 0x000002997eada000 nmethod 5235 0x0000029900ffe590 code [0x0000029900ffe7a0, 0x0000029900ffeed8]
Event: 5.740 Thread 0x000002997eada000 5236       3       java.util.Hashtable$EntrySet::iterator (9 bytes)
Event: 5.740 Thread 0x000002997eada000 nmethod 5236 0x0000029900fff110 code [0x0000029900fff2e0, 0x0000029900fff5a8]
Event: 5.740 Thread 0x000002997eada000 5237       3       java.util.Hashtable::getIterator (22 bytes)
Event: 5.740 Thread 0x000002997eada000 nmethod 5237 0x0000029900fff710 code [0x0000029900fff8e0, 0x0000029900fffb48]
Event: 5.746 Thread 0x000002997ead5000 nmethod 5182 0x0000029907d7b990 code [0x0000029907d7bca0, 0x0000029907d7d110]
Event: 5.746 Thread 0x000002997ead5000 5221       4       java.util.StringJoiner::toString (181 bytes)
Event: 5.747 Thread 0x000002997eada000 5239       3       groovy.lang.MetaClassImpl$$Lambda$272/0x0000000100468c40::apply (12 bytes)
Event: 5.747 Thread 0x000002997eada000 nmethod 5239 0x0000029900fffc10 code [0x0000029900fffe20, 0x0000029901000218]
Event: 5.747 Thread 0x000002997eada000 5240       3       groovy.lang.MetaClassImpl::lambda$getPropName$1 (27 bytes)
Event: 5.747 Thread 0x000002997eada000 nmethod 5240 0x0000029901000390 code [0x0000029901000580, 0x00000299010007f8]

GC Heap History (20 events):
Event: 0.849 GC heap before
{Heap before GC invocations=1 (full 0):
 garbage-first heap   total 98304K, used 20288K [0x0000000080000000, 0x0000000100000000)
  region size 1024K, 14 young (14336K), 2 survivors (2048K)
 Metaspace       used 10216K, capacity 10428K, committed 10624K, reserved 1058816K
  class space    used 1063K, capacity 1140K, committed 1152K, reserved 1048576K
}
Event: 0.852 GC heap after
{Heap after GC invocations=2 (full 0):
 garbage-first heap   total 98304K, used 9404K [0x0000000080000000, 0x0000000100000000)
  region size 1024K, 2 young (2048K), 2 survivors (2048K)
 Metaspace       used 10216K, capacity 10428K, committed 10624K, reserved 1058816K
  class space    used 1063K, capacity 1140K, committed 1152K, reserved 1048576K
}
Event: 1.176 GC heap before
{Heap before GC invocations=2 (full 0):
 garbage-first heap   total 98304K, used 40124K [0x0000000080000000, 0x0000000100000000)
  region size 1024K, 32 young (32768K), 2 survivors (2048K)
 Metaspace       used 11158K, capacity 11381K, committed 11520K, reserved 1058816K
  class space    used 1165K, capacity 1244K, committed 1280K, reserved 1048576K
}
Event: 1.179 GC heap after
{Heap after GC invocations=3 (full 0):
 garbage-first heap   total 98304K, used 11819K [0x0000000080000000, 0x0000000100000000)
  region size 1024K, 4 young (4096K), 4 survivors (4096K)
 Metaspace       used 11158K, capacity 11381K, committed 11520K, reserved 1058816K
  class space    used 1165K, capacity 1244K, committed 1280K, reserved 1048576K
}
Event: 2.122 GC heap before
{Heap before GC invocations=3 (full 0):
 garbage-first heap   total 98304K, used 59947K [0x0000000080000000, 0x0000000100000000)
  region size 1024K, 51 young (52224K), 4 survivors (4096K)
 Metaspace       used 18881K, capacity 19296K, committed 19328K, reserved 1067008K
  class space    used 2258K, capacity 2404K, committed 2432K, reserved 1048576K
}
Event: 2.128 GC heap after
{Heap after GC invocations=4 (full 0):
 garbage-first heap   total 98304K, used 16336K [0x0000000080000000, 0x0000000100000000)
  region size 1024K, 7 young (7168K), 7 survivors (7168K)
 Metaspace       used 18881K, capacity 19296K, committed 19328K, reserved 1067008K
  class space    used 2258K, capacity 2404K, committed 2432K, reserved 1048576K
}
Event: 2.253 GC heap before
{Heap before GC invocations=4 (full 0):
 garbage-first heap   total 98304K, used 30672K [0x0000000080000000, 0x0000000100000000)
  region size 1024K, 22 young (22528K), 7 survivors (7168K)
 Metaspace       used 20575K, capacity 21093K, committed 21248K, reserved 1067008K
  class space    used 2501K, capacity 2689K, committed 2816K, reserved 1048576K
}
Event: 2.258 GC heap after
{Heap after GC invocations=5 (full 0):
 garbage-first heap   total 118784K, used 17523K [0x0000000080000000, 0x0000000100000000)
  region size 1024K, 1 young (1024K), 1 survivors (1024K)
 Metaspace       used 20575K, capacity 21093K, committed 21248K, reserved 1067008K
  class space    used 2501K, capacity 2689K, committed 2816K, reserved 1048576K
}
Event: 2.743 GC heap before
{Heap before GC invocations=6 (full 0):
 garbage-first heap   total 118784K, used 61555K [0x0000000080000000, 0x0000000100000000)
  region size 1024K, 44 young (45056K), 1 survivors (1024K)
 Metaspace       used 25127K, capacity 25706K, committed 25856K, reserved 1071104K
  class space    used 3250K, capacity 3486K, committed 3584K, reserved 1048576K
}
Event: 2.746 GC heap after
{Heap after GC invocations=7 (full 0):
 garbage-first heap   total 118784K, used 18784K [0x0000000080000000, 0x0000000100000000)
  region size 1024K, 3 young (3072K), 3 survivors (3072K)
 Metaspace       used 25127K, capacity 25706K, committed 25856K, reserved 1071104K
  class space    used 3250K, capacity 3486K, committed 3584K, reserved 1048576K
}
Event: 3.222 GC heap before
{Heap before GC invocations=7 (full 0):
 garbage-first heap   total 118784K, used 65888K [0x0000000080000000, 0x0000000100000000)
  region size 1024K, 49 young (50176K), 3 survivors (3072K)
 Metaspace       used 29436K, capacity 30168K, committed 30336K, reserved 1075200K
  class space    used 3952K, capacity 4209K, committed 4224K, reserved 1048576K
}
Event: 3.225 GC heap after
{Heap after GC invocations=8 (full 0):
 garbage-first heap   total 118784K, used 20100K [0x0000000080000000, 0x0000000100000000)
  region size 1024K, 4 young (4096K), 4 survivors (4096K)
 Metaspace       used 29436K, capacity 30168K, committed 30336K, reserved 1075200K
  class space    used 3952K, capacity 4209K, committed 4224K, reserved 1048576K
}
Event: 3.651 GC heap before
{Heap before GC invocations=8 (full 0):
 garbage-first heap   total 118784K, used 39556K [0x0000000080000000, 0x0000000100000000)
  region size 1024K, 24 young (24576K), 4 survivors (4096K)
 Metaspace       used 35005K, capacity 35805K, committed 35840K, reserved 1081344K
  class space    used 4538K, capacity 4833K, committed 4864K, reserved 1048576K
}
Event: 3.658 GC heap after
{Heap after GC invocations=9 (full 0):
 garbage-first heap   total 118784K, used 23223K [0x0000000080000000, 0x0000000100000000)
  region size 1024K, 7 young (7168K), 7 survivors (7168K)
 Metaspace       used 35005K, capacity 35805K, committed 35840K, reserved 1081344K
  class space    used 4538K, capacity 4833K, committed 4864K, reserved 1048576K
}
Event: 4.133 GC heap before
{Heap before GC invocations=10 (full 0):
 garbage-first heap   total 118784K, used 76471K [0x0000000080000000, 0x0000000100000000)
  region size 1024K, 56 young (57344K), 7 survivors (7168K)
 Metaspace       used 38735K, capacity 39702K, committed 39936K, reserved 1083392K
  class space    used 4931K, capacity 5252K, committed 5376K, reserved 1048576K
}
Event: 4.142 GC heap after
{Heap after GC invocations=11 (full 0):
 garbage-first heap   total 118784K, used 27568K [0x0000000080000000, 0x0000000100000000)
  region size 1024K, 7 young (7168K), 7 survivors (7168K)
 Metaspace       used 38735K, capacity 39702K, committed 39936K, reserved 1083392K
  class space    used 4931K, capacity 5252K, committed 5376K, reserved 1048576K
}
Event: 4.715 GC heap before
{Heap before GC invocations=11 (full 0):
 garbage-first heap   total 118784K, used 80816K [0x0000000080000000, 0x0000000100000000)
  region size 1024K, 59 young (60416K), 7 survivors (7168K)
 Metaspace       used 43594K, capacity 44632K, committed 44928K, reserved 1087488K
  class space    used 5566K, capacity 5930K, committed 6016K, reserved 1048576K
}
Event: 4.722 GC heap after
{Heap after GC invocations=12 (full 0):
 garbage-first heap   total 118784K, used 29496K [0x0000000080000000, 0x0000000100000000)
  region size 1024K, 7 young (7168K), 7 survivors (7168K)
 Metaspace       used 43594K, capacity 44632K, committed 44928K, reserved 1087488K
  class space    used 5566K, capacity 5930K, committed 6016K, reserved 1048576K
}
Event: 5.430 GC heap before
{Heap before GC invocations=12 (full 0):
 garbage-first heap   total 118784K, used 83768K [0x0000000080000000, 0x0000000100000000)
  region size 1024K, 60 young (61440K), 7 survivors (7168K)
 Metaspace       used 46913K, capacity 48171K, committed 48512K, reserved 1091584K
  class space    used 5994K, capacity 6425K, committed 6528K, reserved 1048576K
}
Event: 5.440 GC heap after
{Heap after GC invocations=13 (full 0):
 garbage-first heap   total 143360K, used 34142K [0x0000000080000000, 0x0000000100000000)
  region size 1024K, 7 young (7168K), 7 survivors (7168K)
 Metaspace       used 46913K, capacity 48171K, committed 48512K, reserved 1091584K
  class space    used 5994K, capacity 6425K, committed 6528K, reserved 1048576K
}

Deoptimization events (20 events):
Event: 5.622 Thread 0x0000029916557000 DEOPT PACKING pc=0x0000029900fb9a2a sp=0x000000ed91af2050
Event: 5.622 Thread 0x0000029916557000 DEOPT UNPACKING pc=0x00000299000276ce sp=0x000000ed91af1628 mode 0
Event: 5.624 Thread 0x0000029916557000 Uncommon trap: trap_request=0xffffff4d fr.pc=0x0000029907b254d4 relative=0x00000000000012d4
Event: 5.624 Thread 0x0000029916557000 Uncommon trap: reason=unstable_if action=reinterpret pc=0x0000029907b254d4 method=java.util.jar.JarFile.checkForSpecialAttributes()V @ 53 c2
Event: 5.624 Thread 0x0000029916557000 DEOPT PACKING pc=0x0000029907b254d4 sp=0x000000ed91af2660
Event: 5.624 Thread 0x0000029916557000 DEOPT UNPACKING pc=0x00000299000278af sp=0x000000ed91af25c0 mode 2
Event: 5.634 Thread 0x0000029916557000 DEOPT PACKING pc=0x0000029900fb9a2a sp=0x000000ed91af2050
Event: 5.634 Thread 0x0000029916557000 DEOPT UNPACKING pc=0x00000299000276ce sp=0x000000ed91af1628 mode 0
Event: 5.642 Thread 0x0000029916557000 DEOPT PACKING pc=0x0000029900fb9a2a sp=0x000000ed91af2050
Event: 5.642 Thread 0x0000029916557000 DEOPT UNPACKING pc=0x00000299000276ce sp=0x000000ed91af1628 mode 0
Event: 5.652 Thread 0x0000029916557000 DEOPT PACKING pc=0x0000029900fb9a2a sp=0x000000ed91af1ed0
Event: 5.652 Thread 0x0000029916557000 DEOPT UNPACKING pc=0x00000299000276ce sp=0x000000ed91af14a8 mode 0
Event: 5.666 Thread 0x0000029916557000 DEOPT PACKING pc=0x0000029900fb9a2a sp=0x000000ed91af1ed0
Event: 5.666 Thread 0x0000029916557000 DEOPT UNPACKING pc=0x00000299000276ce sp=0x000000ed91af14a8 mode 0
Event: 5.674 Thread 0x0000029916557000 DEOPT PACKING pc=0x00000299007f1997 sp=0x000000ed91af2020
Event: 5.674 Thread 0x0000029916557000 DEOPT UNPACKING pc=0x00000299000276ce sp=0x000000ed91af15a8 mode 0
Event: 5.702 Thread 0x0000029916557000 Uncommon trap: trap_request=0xffffff4d fr.pc=0x0000029907d55a90 relative=0x0000000000000530
Event: 5.702 Thread 0x0000029916557000 Uncommon trap: reason=unstable_if action=reinterpret pc=0x0000029907d55a90 method=com.google.common.collect.RegularImmutableMap.get([I[Ljava/lang/Object;IILjava/lang/Object;)Ljava/lang/Object; @ 34 c2
Event: 5.702 Thread 0x0000029916557000 DEOPT PACKING pc=0x0000029907d55a90 sp=0x000000ed91af81c0
Event: 5.702 Thread 0x0000029916557000 DEOPT UNPACKING pc=0x00000299000278af sp=0x000000ed91af80e8 mode 2

Classes redefined (0 events):
No events

Internal exceptions (20 events):
Event: 5.625 Thread 0x0000029916557000 Exception <a 'java/security/PrivilegedActionException'{0x0000000087f33220}> (0x0000000087f33220) thrown at [./src/hotspot/share/prims/jvm.cpp, line 1306]
Event: 5.625 Thread 0x0000029916557000 Exception <a 'java/security/PrivilegedActionException'{0x0000000087f35bf8}> (0x0000000087f35bf8) thrown at [./src/hotspot/share/prims/jvm.cpp, line 1306]
Event: 5.625 Thread 0x0000029916557000 Exception <a 'java/security/PrivilegedActionException'{0x0000000087f36c10}> (0x0000000087f36c10) thrown at [./src/hotspot/share/prims/jvm.cpp, line 1306]
Event: 5.625 Thread 0x0000029916557000 Exception <a 'java/security/PrivilegedActionException'{0x0000000087f39640}> (0x0000000087f39640) thrown at [./src/hotspot/share/prims/jvm.cpp, line 1306]
Event: 5.625 Thread 0x0000029916557000 Exception <a 'java/security/PrivilegedActionException'{0x0000000087f3a658}> (0x0000000087f3a658) thrown at [./src/hotspot/share/prims/jvm.cpp, line 1306]
Event: 5.677 Thread 0x0000029916557000 Exception <a 'java/lang/ClassNotFoundException'{0x0000000087ae4e20}: org/gradle/api/internal/project/DefaultProject_DecoratedBeanInfo> (0x0000000087ae4e20) thrown at [./src/hotspot/share/classfile/systemDictionary.cpp, line 231]
Event: 5.678 Thread 0x0000029916557000 Exception <a 'java/lang/ClassNotFoundException'{0x0000000087912078}: org/gradle/api/internal/project/DefaultProjectBeanInfo> (0x0000000087912078) thrown at [./src/hotspot/share/classfile/systemDictionary.cpp, line 231]
Event: 5.679 Thread 0x0000029916557000 Exception <a 'java/lang/ClassNotFoundException'{0x000000008793ef30}: org/gradle/api/internal/project/DefaultProjectCustomizer> (0x000000008793ef30) thrown at [./src/hotspot/share/classfile/systemDictionary.cpp, line 231]
Event: 5.683 Thread 0x0000029916557000 Exception <a 'java/lang/ClassNotFoundException'{0x00000000879f94c0}: org/gradle/api/internal/project/DefaultProject_DecoratedCustomizer> (0x00000000879f94c0) thrown at [./src/hotspot/share/classfile/systemDictionary.cpp, line 231]
Event: 5.702 Thread 0x0000029916557000 Implicit null exception at 0x0000029907d555b5 to 0x0000029907d55a74
Event: 5.725 Thread 0x0000029916557000 Exception <a 'java/lang/ClassNotFoundException'{0x00000000875177a8}: org/gradle/api/tasks/Delete_DecoratedBeanInfo> (0x00000000875177a8) thrown at [./src/hotspot/share/classfile/systemDictionary.cpp, line 231]
Event: 5.726 Thread 0x0000029916557000 Exception <a 'java/lang/ClassNotFoundException'{0x00000000875409b8}: org/gradle/api/tasks/DeleteBeanInfo> (0x00000000875409b8) thrown at [./src/hotspot/share/classfile/systemDictionary.cpp, line 231]
Event: 5.727 Thread 0x0000029916557000 Exception <a 'java/lang/ClassNotFoundException'{0x000000008756cae8}: org/gradle/api/internal/ConventionTaskBeanInfo> (0x000000008756cae8) thrown at [./src/hotspot/share/classfile/systemDictionary.cpp, line 231]
Event: 5.727 Thread 0x0000029916557000 Exception <a 'java/lang/ClassNotFoundException'{0x0000000087595118}: org/gradle/api/DefaultTaskBeanInfo> (0x0000000087595118) thrown at [./src/hotspot/share/classfile/systemDictionary.cpp, line 231]
Event: 5.729 Thread 0x0000029916557000 Exception <a 'java/lang/ClassNotFoundException'{0x00000000875c1ef0}: org/gradle/api/internal/AbstractTaskBeanInfo> (0x00000000875c1ef0) thrown at [./src/hotspot/share/classfile/systemDictionary.cpp, line 231]
Event: 5.730 Thread 0x0000029916557000 Exception <a 'java/lang/ClassNotFoundException'{0x00000000875eea98}: org/gradle/api/internal/AbstractTaskCustomizer> (0x00000000875eea98) thrown at [./src/hotspot/share/classfile/systemDictionary.cpp, line 231]
Event: 5.732 Thread 0x0000029916557000 Exception <a 'java/lang/ClassNotFoundException'{0x0000000087460030}: org/gradle/api/DefaultTaskCustomizer> (0x0000000087460030) thrown at [./src/hotspot/share/classfile/systemDictionary.cpp, line 231]
Event: 5.736 Thread 0x0000029916557000 Exception <a 'java/lang/ClassNotFoundException'{0x00000000874e0d30}: org/gradle/api/internal/ConventionTaskCustomizer> (0x00000000874e0d30) thrown at [./src/hotspot/share/classfile/systemDictionary.cpp, line 231]
Event: 5.737 Thread 0x0000029916557000 Exception <a 'java/lang/ClassNotFoundException'{0x0000000087318f20}: org/gradle/api/tasks/DeleteCustomizer> (0x0000000087318f20) thrown at [./src/hotspot/share/classfile/systemDictionary.cpp, line 231]
Event: 5.738 Thread 0x0000029916557000 Exception <a 'java/lang/ClassNotFoundException'{0x0000000087358160}: org/gradle/api/tasks/Delete_DecoratedCustomizer> (0x0000000087358160) thrown at [./src/hotspot/share/classfile/systemDictionary.cpp, line 231]

Events (20 events):
Event: 5.743 loading class org/codehaus/groovy/syntax/Token
Event: 5.743 loading class org/codehaus/groovy/syntax/Token done
Event: 5.743 loading class org/codehaus/groovy/syntax/CSTNode
Event: 5.743 loading class org/codehaus/groovy/syntax/CSTNode done
Event: 5.744 loading class org/codehaus/groovy/syntax/Types
Event: 5.744 loading class org/codehaus/groovy/syntax/Types done
Event: 5.748 loading class jdk/internal/reflect/UnsafeObjectFieldAccessorImpl
Event: 5.748 loading class jdk/internal/reflect/UnsafeObjectFieldAccessorImpl done
Event: 5.749 loading class org/gradle/api/internal/file/DefaultFilePropertyFactory$FixedDirectory
Event: 5.749 loading class org/gradle/api/internal/file/DefaultFilePropertyFactory$FixedDirectory done
Event: 5.749 loading class org/gradle/api/internal/file/DefaultFilePropertyFactory$DefaultDirectoryVar
Event: 5.749 loading class org/gradle/api/internal/file/DefaultFilePropertyFactory$DefaultDirectoryVar done
Event: 5.750 loading class org/gradle/api/internal/provider/MappingProvider
Event: 5.750 loading class org/gradle/api/internal/provider/MappingProvider done
Event: 5.751 loading class org/gradle/api/internal/file/DefaultFilePropertyFactory$ToFileTransformer
Event: 5.751 loading class org/gradle/api/internal/file/DefaultFilePropertyFactory$ToFileTransformer done
Event: 5.751 loading class org/gradle/api/internal/file/collections/DefaultConfigurableFileCollection$UnresolvedItemsCollector
Event: 5.751 loading class org/gradle/api/internal/file/collections/DefaultConfigurableFileCollection$UnresolvedItemsCollector done
Event: 5.752 loading class org/gradle/configuration/project/DefaultProjectConfigurationActionContainer
Event: 5.752 loading class org/gradle/configuration/project/DefaultProjectConfigurationActionContainer done


Dynamic libraries:
0x00007ff79d900000 - 0x00007ff79d90a000 	C:\Program Files\Android\Android Studio\jre\bin\java.exe
0x00007ffd5c9f0000 - 0x00007ffd5cbe5000 	C:\WINDOWS\SYSTEM32\ntdll.dll
0x00007ffd5c680000 - 0x00007ffd5c73e000 	C:\WINDOWS\System32\KERNEL32.DLL
0x00007ffd5a410000 - 0x00007ffd5a6d9000 	C:\WINDOWS\System32\KERNELBASE.dll
0x00007ffd5a940000 - 0x00007ffd5aa40000 	C:\WINDOWS\System32\ucrtbase.dll
0x00007ffd4d1b0000 - 0x00007ffd4d1c9000 	C:\Program Files\Android\Android Studio\jre\bin\jli.dll
0x00007ffd4cd90000 - 0x00007ffd4cda7000 	C:\Program Files\Android\Android Studio\jre\bin\VCRUNTIME140.dll
0x00007ffd5ab40000 - 0x00007ffd5ace1000 	C:\WINDOWS\System32\USER32.dll
0x00007ffd5a270000 - 0x00007ffd5a292000 	C:\WINDOWS\System32\win32u.dll
0x00007ffd5bff0000 - 0x00007ffd5c01b000 	C:\WINDOWS\System32\GDI32.dll
0x00007ffd47840000 - 0x00007ffd47ada000 	C:\WINDOWS\WinSxS\amd64_microsoft.windows.common-controls_6595b64144ccf1df_6.0.19041.1110_none_60b5254171f9507e\COMCTL32.dll
0x00007ffd5a6e0000 - 0x00007ffd5a7eb000 	C:\WINDOWS\System32\gdi32full.dll
0x00007ffd5bee0000 - 0x00007ffd5bf7e000 	C:\WINDOWS\System32\msvcrt.dll
0x00007ffd5a7f0000 - 0x00007ffd5a88d000 	C:\WINDOWS\System32\msvcp_win.dll
0x00007ffd5acf0000 - 0x00007ffd5ad20000 	C:\WINDOWS\System32\IMM32.DLL
0x00007ffd47be0000 - 0x00007ffd47c7d000 	C:\Program Files\Android\Android Studio\jre\bin\msvcp140.dll
0x00007ffcfdcd0000 - 0x00007ffcfe79f000 	C:\Program Files\Android\Android Studio\jre\bin\server\jvm.dll
0x00007ffd5c5d0000 - 0x00007ffd5c67c000 	C:\WINDOWS\System32\ADVAPI32.dll
0x00007ffd5aa40000 - 0x00007ffd5aadb000 	C:\WINDOWS\System32\sechost.dll
0x00007ffd5c870000 - 0x00007ffd5c99a000 	C:\WINDOWS\System32\RPCRT4.dll
0x00007ffd5c9a0000 - 0x00007ffd5c9a8000 	C:\WINDOWS\System32\PSAPI.DLL
0x00007ffd54d50000 - 0x00007ffd54d59000 	C:\WINDOWS\SYSTEM32\WSOCK32.dll
0x00007ffd509c0000 - 0x00007ffd509e7000 	C:\WINDOWS\SYSTEM32\WINMM.dll
0x00007ffd51a50000 - 0x00007ffd51a5a000 	C:\WINDOWS\SYSTEM32\VERSION.dll
0x00007ffd5bf80000 - 0x00007ffd5bfeb000 	C:\WINDOWS\System32\WS2_32.dll
0x00007ffd58030000 - 0x00007ffd58042000 	C:\WINDOWS\SYSTEM32\kernel.appcore.dll
0x00007ffd54320000 - 0x00007ffd54331000 	C:\Program Files\Android\Android Studio\jre\bin\verify.dll
0x00007ffd52a80000 - 0x00007ffd52c64000 	C:\WINDOWS\SYSTEM32\DBGHELP.DLL
0x00007ffd4ca70000 - 0x00007ffd4ca9c000 	C:\WINDOWS\SYSTEM32\dbgcore.DLL
0x00007ffd5a2d0000 - 0x00007ffd5a353000 	C:\WINDOWS\System32\bcryptPrimitives.dll
0x00007ffd542f0000 - 0x00007ffd54319000 	C:\Program Files\Android\Android Studio\jre\bin\java.dll
0x00007ffd54d40000 - 0x00007ffd54d4b000 	C:\Program Files\Android\Android Studio\jre\bin\jimage.dll
0x00007ffd53b20000 - 0x00007ffd53b38000 	C:\Program Files\Android\Android Studio\jre\bin\zip.dll
0x00007ffd5b7a0000 - 0x00007ffd5bedf000 	C:\WINDOWS\System32\SHELL32.dll
0x00007ffd58230000 - 0x00007ffd589c0000 	C:\WINDOWS\SYSTEM32\windows.storage.dll
0x00007ffd5b070000 - 0x00007ffd5b3c5000 	C:\WINDOWS\System32\combase.dll
0x00007ffd59a90000 - 0x00007ffd59abc000 	C:\WINDOWS\SYSTEM32\Wldp.dll
0x00007ffd5aef0000 - 0x00007ffd5af9d000 	C:\WINDOWS\System32\SHCORE.dll
0x00007ffd5aae0000 - 0x00007ffd5ab35000 	C:\WINDOWS\System32\shlwapi.dll
0x00007ffd5a050000 - 0x00007ffd5a06f000 	C:\WINDOWS\SYSTEM32\profapi.dll
0x00007ffd53b00000 - 0x00007ffd53b1a000 	C:\Program Files\Android\Android Studio\jre\bin\net.dll
0x00007ffd4c7d0000 - 0x00007ffd4c8d8000 	C:\WINDOWS\SYSTEM32\WINHTTP.dll
0x00007ffd597f0000 - 0x00007ffd5985a000 	C:\WINDOWS\system32\mswsock.dll
0x00007ffd53ae0000 - 0x00007ffd53af4000 	C:\Program Files\Android\Android Studio\jre\bin\nio.dll
0x00007ffd54d80000 - 0x00007ffd54da7000 	C:\Users\User\.gradle\native\8bec1ad78214c89d9ad589b4d07fe93259594b29d510b10fafb7a158f7737e5d\windows-amd64\native-platform.dll
0x00007ffd08870000 - 0x00007ffd089ad000 	C:\Users\User\.gradle\native\53dbd7edfb1c66fb8903c78663c9afc45aea4f116125fa6feffd364cf09443e8\windows-amd64\native-platform-file-events.dll
0x00007ffd54390000 - 0x00007ffd5439a000 	C:\Program Files\Android\Android Studio\jre\bin\management.dll
0x00007ffd542e0000 - 0x00007ffd542ec000 	C:\Program Files\Android\Android Studio\jre\bin\management_ext.dll
0x00007ffd599e0000 - 0x00007ffd599f8000 	C:\WINDOWS\SYSTEM32\CRYPTSP.dll
0x00007ffd59170000 - 0x00007ffd591a4000 	C:\WINDOWS\system32\rsaenh.dll
0x00007ffd5a2a0000 - 0x00007ffd5a2c7000 	C:\WINDOWS\System32\bcrypt.dll
0x00007ffd5a010000 - 0x00007ffd5a03e000 	C:\WINDOWS\SYSTEM32\USERENV.dll
0x00007ffd59a00000 - 0x00007ffd59a0c000 	C:\WINDOWS\SYSTEM32\CRYPTBASE.dll
0x00007ffd594e0000 - 0x00007ffd5951b000 	C:\WINDOWS\SYSTEM32\IPHLPAPI.DLL
0x00007ffd5ae20000 - 0x00007ffd5ae28000 	C:\WINDOWS\System32\NSI.dll
0x00007ffd52540000 - 0x00007ffd52557000 	C:\WINDOWS\SYSTEM32\dhcpcsvc6.DLL
0x00007ffd52740000 - 0x00007ffd5275d000 	C:\WINDOWS\SYSTEM32\dhcpcsvc.DLL
0x00007ffd59520000 - 0x00007ffd595ec000 	C:\WINDOWS\SYSTEM32\DNSAPI.dll

dbghelp: loaded successfully - version: 4.0.5 - missing functions: none
symbol engine: initialized successfully - sym options: 0x614 - pdb path: .;C:\Program Files\Android\Android Studio\jre\bin;C:\WINDOWS\SYSTEM32;C:\WINDOWS\WinSxS\amd64_microsoft.windows.common-controls_6595b64144ccf1df_6.0.19041.1110_none_60b5254171f9507e;C:\Program Files\Android\Android Studio\jre\bin\server;C:\Users\User\.gradle\native\8bec1ad78214c89d9ad589b4d07fe93259594b29d510b10fafb7a158f7737e5d\windows-amd64;C:\Users\User\.gradle\native\53dbd7edfb1c66fb8903c78663c9afc45aea4f116125fa6feffd364cf09443e8\windows-amd64

VM Arguments:
jvm_args: --add-opens=java.base/java.util=ALL-UNNAMED --add-opens=java.base/java.lang=ALL-UNNAMED --add-opens=java.base/java.lang.invoke=ALL-UNNAMED --add-opens=java.base/java.util=ALL-UNNAMED --add-opens=java.prefs/java.util.prefs=ALL-UNNAMED --add-opens=java.prefs/java.util.prefs=ALL-UNNAMED --add-opens=java.base/java.nio.charset=ALL-UNNAMED --add-opens=java.base/java.net=ALL-UNNAMED --add-opens=java.base/java.util.concurrent.atomic=ALL-UNNAMED -Xmx2048m -Dfile.encoding=UTF-8 -Duser.country=ID -Duser.language=en -Duser.variant 
java_command: org.gradle.launcher.daemon.bootstrap.GradleDaemon 7.0.2
java_class_path (initial): C:\Users\User\.gradle\wrapper\dists\gradle-7.0.2-bin\857tjihv64xamwrf0h14cai3r\gradle-7.0.2\lib\gradle-launcher-7.0.2.jar
Launcher Type: SUN_STANDARD

[Global flags]
     intx CICompilerCount                          = 3                                         {product} {ergonomic}
     uint ConcGCThreads                            = 1                                         {product} {ergonomic}
     uint G1ConcRefinementThreads                  = 4                                         {product} {ergonomic}
   size_t G1HeapRegionSize                         = 1048576                                   {product} {ergonomic}
    uintx GCDrainStackTargetSize                   = 64                                        {product} {ergonomic}
   size_t InitialHeapSize                          = 100663296                                 {product} {ergonomic}
   size_t MarkStackSize                            = 4194304                                   {product} {ergonomic}
   size_t MaxHeapSize                              = 2147483648                                {product} {command line}
   size_t MaxNewSize                               = 1287651328                                {product} {ergonomic}
   size_t MinHeapDeltaBytes                        = 1048576                                   {product} {ergonomic}
    uintx NonNMethodCodeHeapSize                   = 5830732                                {pd product} {ergonomic}
    uintx NonProfiledCodeHeapSize                  = 122913754                              {pd product} {ergonomic}
    uintx ProfiledCodeHeapSize                     = 122913754                              {pd product} {ergonomic}
    uintx ReservedCodeCacheSize                    = 251658240                              {pd product} {ergonomic}
     bool SegmentedCodeCache                       = true                                      {product} {ergonomic}
     bool UseCompressedClassPointers               = true                                 {lp64_product} {ergonomic}
     bool UseCompressedOops                        = true                                 {lp64_product} {ergonomic}
     bool UseG1GC                                  = true                                      {product} {ergonomic}
     bool UseLargePagesIndividualAllocation        = false                                  {pd product} {ergonomic}

Logging:
Log output configuration:
 #0: stdout all=warning uptime,level,tags
 #1: stderr all=off uptime,level,tags

Environment Variables:
JAVA_HOME=C:\Users\User\.jdks\azul-13.0.8
CLASSPATH=.;
PATH=C:\Program Files\gradle-7.3.3-bin\gradle-7.3.3\bin;C:\Program Files (x86)\Common Files\Oracle\Java\javapath;C:\Python27\;C:\Python27\Scripts;C:\ProgramData\Oracle\Java\javapath;C:\WINDOWS\system32;C:\WINDOWS;C:\WINDOWS\System32\Wbem;C:\WINDOWS\System32\WindowsPowerShell\v1.0\;C:\WINDOWS\System32\OpenSSH\;C:\ProgramData\chocolatey\bin;C:\Program Files\nodejs\;C:\Users\User\AppData\Local\Android\Sdk\platform-tools;C:\Program Files\Java\jdk-15.0.2\bin;C:\Program Files\Java\jdk1.8.0_271\bin;C:\Users\User\.jdks\azul-13.0.8\bin;C:\Program Files\Git\cmd;C:\flutter\bin;C:\Users\User\AppData\Local\Microsoft\WindowsApps;C:\Users\User\AppData\Local\Programs\Microsoft VS Code\bin;C:\Users\User\AppData\Roaming\npm;C:\Users\User\AppData\Local\Android\Sdk\platform-tools;
USERNAME=User
OS=Windows_NT
PROCESSOR_IDENTIFIER=AMD64 Family 23 Model 24 Stepping 1, AuthenticAMD



---------------  S Y S T E M  ---------------

OS: Windows 10 , 64 bit Build 19041 (10.0.19041.1202)
OS uptime: 0 days 17:41 hours

CPU:total 4 (initial active 4) (4 cores per cpu, 1 threads per core) family 23 model 24 stepping 1 microcode 0x0, cmov, cx8, fxsr, mmx, sse, sse2, sse3, ssse3, sse4.1, sse4.2, popcnt, avx, avx2, aes, clmul, mmxext, 3dnowpref, lzcnt, sse4a, tsc, tscinvbit, tscinv, bmi1, bmi2, adx, sha, 

Memory: 4k page, system-wide physical 6072M (411M free)
TotalPageFile size 14264M (AvailPageFile size 5M)
current process WorkingSet (physical memory assigned to process): 296M, peak: 296M
current process commit charge ("private bytes"): 334M, peak: 336M

vm_info: OpenJDK 64-Bit Server VM (11.0.10+0-b96-7249189) for windows-amd64 JRE (11.0.10+0-b96-7249189), built on Mar 31 2021 21:44:00 by "builder" with MS VC++ 14.0 (VS2015)

END.
