#
# There is insufficient memory for the Java Runtime Environment to continue.
# Native memory allocation (malloc) failed to allocate 1688176 bytes for Chunk::new
# Possible reasons:
#   The system is out of physical RAM or swap space
#   The process is running with CompressedOops enabled, and the Java Heap may be blocking the growth of the native heap
# Possible solutions:
#   Reduce memory load on the system
#   Increase physical memory or swap space
#   Check if swap backing store is full
#   Decrease Java heap size (-Xmx/-Xms)
#   Decrease number of Java threads
#   Decrease Java thread stack sizes (-Xss)
#   Set larger code cache with -XX:ReservedCodeCacheSize=
#   JVM is running with Unscaled Compressed Oops mode in which the Java heap is
#     placed in the first 4GB address space. The Java Heap base address is the
#     maximum limit for the native heap growth. Please use -XX:HeapBaseMinAddress
#     to set the Java Heap base and to place the Java Heap above 4GB virtual address.
# This output file may be truncated or incomplete.
#
#  Out of Memory Error (./src/hotspot/share/memory/arena.cpp:197), pid=880, tid=2740
#
# JRE version: OpenJDK Runtime Environment (11.0.10) (build 11.0.10+0-b96-7249189)
# Java VM: OpenJDK 64-Bit Server VM (11.0.10+0-b96-7249189, mixed mode, tiered, compressed oops, g1 gc, windows-amd64)
# No core dump will be written. Minidumps are not enabled by default on client versions of Windows
#

---------------  S U M M A R Y ------------

Command Line: --add-opens=java.base/java.util=ALL-UNNAMED --add-opens=java.base/java.lang=ALL-UNNAMED --add-opens=java.base/java.lang.invoke=ALL-UNNAMED --add-opens=java.base/java.util=ALL-UNNAMED --add-opens=java.prefs/java.util.prefs=ALL-UNNAMED --add-opens=java.prefs/java.util.prefs=ALL-UNNAMED --add-opens=java.base/java.nio.charset=ALL-UNNAMED --add-opens=java.base/java.net=ALL-UNNAMED --add-opens=java.base/java.util.concurrent.atomic=ALL-UNNAMED -Xmx2048m -Dfile.encoding=UTF-8 -Duser.country=ID -Duser.language=en -Duser.variant org.gradle.launcher.daemon.bootstrap.GradleDaemon 7.0.2

Host: AMD Ryzen 3 3200G with Radeon Vega Graphics    , 4 cores, 5G,  Windows 10 , 64 bit Build 19041 (10.0.19041.1202)
Time: Wed Jan 19 16:47:59 2022 SE Asia Standard Time elapsed time: 11.574996 seconds (0d 0h 0m 11s)

---------------  T H R E A D  ---------------

Current thread (0x00000295d4b02000):  JavaThread "C2 CompilerThread1" daemon [_thread_in_native, id=2740, stack(0x000000b29c400000,0x000000b29c500000)]


Current CompileTask:
C2:  11575 6447   !   4       java.net.URLClassLoader$1::run (63 bytes)

Stack: [0x000000b29c400000,0x000000b29c500000]
Native frames: (J=compiled Java code, j=interpreted, Vv=VM code, C=native code)
V  [jvm.dll+0x5ecfaa]
V  [jvm.dll+0x722bd5]
V  [jvm.dll+0x72412d]
V  [jvm.dll+0x7247e3]
V  [jvm.dll+0x242928]
V  [jvm.dll+0xbc4fc]
V  [jvm.dll+0xbca0c]
V  [jvm.dll+0x352d7d]
V  [jvm.dll+0x197e0c]
V  [jvm.dll+0x1fb70e]
V  [jvm.dll+0x1fa7f4]
V  [jvm.dll+0x18354c]
V  [jvm.dll+0x208ee7]
V  [jvm.dll+0x207731]
V  [jvm.dll+0x6eb1cf]
V  [jvm.dll+0x6e3d45]
V  [jvm.dll+0x5ebe96]
C  [ucrtbase.dll+0x21bb2]
C  [KERNEL32.DLL+0x17034]
C  [ntdll.dll+0x52651]


---------------  P R O C E S S  ---------------

Threads class SMR info:
_java_thread_list=0x00000295d11b55f0, length=44, elements={
0x00000295b5ecc000, 0x00000295d0234800, 0x00000295d023e800, 0x00000295d0251000,
0x00000295d0252000, 0x00000295d0254800, 0x00000295d0258000, 0x00000295d025d000,
0x00000295d0261800, 0x00000295d0d0b000, 0x00000295d2249000, 0x00000295d2a3c800,
0x00000295d21d8800, 0x00000295d23d2800, 0x00000295d1ca5800, 0x00000295d1c2f800,
0x00000295d35da000, 0x00000295d29f2800, 0x00000295d352e800, 0x00000295d35d3000,
0x00000295d35d4000, 0x00000295d35d5800, 0x00000295d35d0000, 0x00000295d35d0800,
0x00000295d35d5000, 0x00000295d35d6800, 0x00000295d35d1800, 0x00000295d35d2800,
0x00000295d422d800, 0x00000295d422a800, 0x00000295d422c000, 0x00000295d4228800,
0x00000295d422f000, 0x00000295d4230000, 0x00000295d4231000, 0x00000295d422b000,
0x00000295d4232800, 0x00000295d4234000, 0x00000295d4237800, 0x00000295d4231800,
0x00000295d4233800, 0x00000295d4b02000, 0x00000295d4235000, 0x00000295d4236000
}

Java Threads: ( => current thread )
  0x00000295b5ecc000 JavaThread "main" [_thread_blocked, id=4292, stack(0x000000b299e00000,0x000000b299f00000)]
  0x00000295d0234800 JavaThread "Reference Handler" daemon [_thread_blocked, id=2912, stack(0x000000b29a500000,0x000000b29a600000)]
  0x00000295d023e800 JavaThread "Finalizer" daemon [_thread_blocked, id=10936, stack(0x000000b29a600000,0x000000b29a700000)]
  0x00000295d0251000 JavaThread "Signal Dispatcher" daemon [_thread_blocked, id=1380, stack(0x000000b29a700000,0x000000b29a800000)]
  0x00000295d0252000 JavaThread "Attach Listener" daemon [_thread_blocked, id=11412, stack(0x000000b29a800000,0x000000b29a900000)]
  0x00000295d0254800 JavaThread "Service Thread" daemon [_thread_blocked, id=9736, stack(0x000000b29a900000,0x000000b29aa00000)]
  0x00000295d0258000 JavaThread "C2 CompilerThread0" daemon [_thread_in_native, id=12048, stack(0x000000b29aa00000,0x000000b29ab00000)]
  0x00000295d025d000 JavaThread "C1 CompilerThread0" daemon [_thread_blocked, id=10124, stack(0x000000b29ab00000,0x000000b29ac00000)]
  0x00000295d0261800 JavaThread "Sweeper thread" daemon [_thread_blocked, id=7940, stack(0x000000b29ac00000,0x000000b29ad00000)]
  0x00000295d0d0b000 JavaThread "Common-Cleaner" daemon [_thread_blocked, id=8372, stack(0x000000b29ad00000,0x000000b29ae00000)]
  0x00000295d2249000 JavaThread "Daemon health stats" [_thread_blocked, id=3208, stack(0x000000b29b100000,0x000000b29b200000)]
  0x00000295d2a3c800 JavaThread "Incoming local TCP Connector on port 54069" [_thread_in_native, id=10604, stack(0x000000b29af00000,0x000000b29b000000)]
  0x00000295d21d8800 JavaThread "Daemon periodic checks" [_thread_blocked, id=8024, stack(0x000000b29b200000,0x000000b29b300000)]
  0x00000295d23d2800 JavaThread "Daemon" [_thread_blocked, id=6688, stack(0x000000b29b300000,0x000000b29b400000)]
  0x00000295d1ca5800 JavaThread "Handler for socket connection from /127.0.0.1:54069 to /127.0.0.1:54070" [_thread_in_native, id=1192, stack(0x000000b29b400000,0x000000b29b500000)]
  0x00000295d1c2f800 JavaThread "Cancel handler" [_thread_blocked, id=1152, stack(0x000000b29b600000,0x000000b29b700000)]
  0x00000295d35da000 JavaThread "Daemon worker" [_thread_in_vm, id=6064, stack(0x000000b29b700000,0x000000b29b800000)]
  0x00000295d29f2800 JavaThread "Asynchronous log dispatcher for DefaultDaemonConnection: socket connection from /127.0.0.1:54069 to /127.0.0.1:54070" [_thread_blocked, id=1500, stack(0x000000b29b800000,0x000000b29b900000)]
  0x00000295d352e800 JavaThread "Stdin handler" [_thread_blocked, id=10948, stack(0x000000b29b900000,0x000000b29ba00000)]
  0x00000295d35d3000 JavaThread "Daemon client event forwarder" [_thread_blocked, id=9864, stack(0x000000b29ba00000,0x000000b29bb00000)]
  0x00000295d35d4000 JavaThread "Cache worker for file hash cache (C:\Users\User\.gradle\caches\7.0.2\fileHashes)" [_thread_blocked, id=8316, stack(0x000000b29bd00000,0x000000b29be00000)]
  0x00000295d35d5800 JavaThread "File lock request listener" [_thread_in_native, id=6540, stack(0x000000b29be00000,0x000000b29bf00000)]
  0x00000295d35d0000 JavaThread "Cache worker for journal cache (C:\Users\User\.gradle\caches\journal-1)" [_thread_blocked, id=10012, stack(0x000000b29bf00000,0x000000b29c000000)]
  0x00000295d35d0800 JavaThread "Cache worker for file hash cache (D:\Binar\Challenge\Sciroper\.gradle\7.0.2\fileHashes)" [_thread_blocked, id=6252, stack(0x000000b29b500000,0x000000b29b600000)]
  0x00000295d35d5000 JavaThread "File watcher server" daemon [_thread_in_native, id=6944, stack(0x000000b29c000000,0x000000b29c100000)]
  0x00000295d35d6800 JavaThread "File watcher consumer" daemon [_thread_blocked, id=6592, stack(0x000000b29c100000,0x000000b29c200000)]
  0x00000295d35d1800 JavaThread "Cache worker for checksums cache (D:\Binar\Challenge\Sciroper\.gradle\checksums)" [_thread_blocked, id=11476, stack(0x000000b29c200000,0x000000b29c300000)]
  0x00000295d35d2800 JavaThread "Cache worker for cache directory md-supplier (C:\Users\User\.gradle\caches\7.0.2\md-supplier)" [_thread_blocked, id=3404, stack(0x000000b29c300000,0x000000b29c400000)]
  0x00000295d422d800 JavaThread "Cache worker for cache directory md-rule (C:\Users\User\.gradle\caches\7.0.2\md-rule)" [_thread_blocked, id=6020, stack(0x000000b29c500000,0x000000b29c600000)]
  0x00000295d422a800 JavaThread "Cache worker for execution history cache (C:\Users\User\.gradle\caches\7.0.2\executionHistory)" [_thread_blocked, id=10388, stack(0x000000b29c600000,0x000000b29c700000)]
  0x00000295d422c000 JavaThread "jar transforms" [_thread_blocked, id=3572, stack(0x000000b29c700000,0x000000b29c800000)]
  0x00000295d4228800 JavaThread "jar transforms Thread 2" [_thread_blocked, id=1140, stack(0x000000b29c800000,0x000000b29c900000)]
  0x00000295d422f000 JavaThread "Cache worker for file content cache (C:\Users\User\.gradle\caches\7.0.2\fileContent)" [_thread_blocked, id=2384, stack(0x000000b29c900000,0x000000b29ca00000)]
  0x00000295d4230000 JavaThread "Cache worker for dependencies-accessors (D:\Binar\Challenge\Sciroper\.gradle\7.0.2\dependencies-accessors)" [_thread_blocked, id=10076, stack(0x000000b29ca00000,0x000000b29cb00000)]
  0x00000295d4231000 JavaThread "jar transforms Thread 3" [_thread_blocked, id=760, stack(0x000000b29cb00000,0x000000b29cc00000)]
  0x00000295d422b000 JavaThread "Cache worker for Build Output Cleanup Cache (D:\Binar\Challenge\Sciroper\.gradle\buildOutputCleanup)" [_thread_blocked, id=10176, stack(0x000000b29cc00000,0x000000b29cd00000)]
  0x00000295d4232800 JavaThread "Build operations" [_thread_blocked, id=6884, stack(0x000000b29cd00000,0x000000b29ce00000)]
  0x00000295d4234000 JavaThread "Build operations Thread 2" [_thread_blocked, id=11852, stack(0x000000b29ce00000,0x000000b29cf00000)]
  0x00000295d4237800 JavaThread "Build operations Thread 3" [_thread_blocked, id=7960, stack(0x000000b29cf00000,0x000000b29d000000)]
  0x00000295d4231800 JavaThread "Build operations Thread 4" [_thread_blocked, id=8740, stack(0x000000b29d000000,0x000000b29d100000)]
  0x00000295d4233800 JavaThread "jar transforms Thread 4" [_thread_blocked, id=12244, stack(0x000000b29d100000,0x000000b29d200000)]
=>0x00000295d4b02000 JavaThread "C2 CompilerThread1" daemon [_thread_in_native, id=2740, stack(0x000000b29c400000,0x000000b29c500000)]
  0x00000295d4235000 JavaThread "Memory manager" [_thread_blocked, id=7404, stack(0x000000b29d200000,0x000000b29d300000)]
  0x00000295d4236000 JavaThread "build event listener" [_thread_blocked, id=9084, stack(0x000000b29d300000,0x000000b29d400000)]

Other Threads:
  0x00000295d022e800 VMThread "VM Thread" [stack: 0x000000b29a400000,0x000000b29a500000] [id=5440]
  0x00000295d0d69000 WatcherThread [stack: 0x000000b29ae00000,0x000000b29af00000] [id=6324]
  0x00000295b5ee5800 GCTaskThread "GC Thread#0" [stack: 0x000000b299f00000,0x000000b29a000000] [id=5668]
  0x00000295d10fc000 GCTaskThread "GC Thread#1" [stack: 0x000000b29b000000,0x000000b29b100000] [id=6660]
  0x00000295d1e8d800 GCTaskThread "GC Thread#2" [stack: 0x000000b29bb00000,0x000000b29bc00000] [id=2572]
  0x00000295d23d3000 GCTaskThread "GC Thread#3" [stack: 0x000000b29bc00000,0x000000b29bd00000] [id=8328]
  0x00000295b5f15800 ConcurrentGCThread "G1 Main Marker" [stack: 0x000000b29a000000,0x000000b29a100000] [id=10204]
  0x00000295b5f17000 ConcurrentGCThread "G1 Conc#0" [stack: 0x000000b29a100000,0x000000b29a200000] [id=904]
  0x00000295b5f8a000 ConcurrentGCThread "G1 Refine#0" [stack: 0x000000b29a200000,0x000000b29a300000] [id=2100]
  0x00000295b5f8b000 ConcurrentGCThread "G1 Young RemSet Sampling" [stack: 0x000000b29a300000,0x000000b29a400000] [id=2144]

Threads with active compile tasks:
C2 CompilerThread0  11603 6688       4       groovy.lang.MetaClassImpl$1MOPIter::methodNameAction (325 bytes)
C2 CompilerThread1  11603 6447   !   4       java.net.URLClassLoader$1::run (63 bytes)

VM state:not at safepoint (normal execution)

VM Mutex/Monitor currently owned by a thread: None

Heap address: 0x0000000080000000, size: 2048 MB, Compressed Oops mode: 32-bit
Narrow klass base: 0x0000000000000000, Narrow klass shift: 3
Compressed class space size: 1073741824 Address: 0x0000000100000000

Heap:
 garbage-first heap   total 118784K, used 81633K [0x0000000080000000, 0x0000000100000000)
  region size 1024K, 26 young (26624K), 5 survivors (5120K)
 Metaspace       used 67174K, capacity 68774K, committed 69120K, reserved 1110016K
  class space    used 8494K, capacity 9114K, committed 9216K, reserved 1048576K
Heap Regions: E=young(eden), S=young(survivor), O=old, HS=humongous(starts), HC=humongous(continues), CS=collection set, F=free, A=archive, TAMS=top-at-mark-start (previous, next)
|   0|0x0000000080000000, 0x0000000080100000, 0x0000000080100000|100%| O|  |TAMS 0x0000000080100000, 0x0000000080000000| Untracked 
|   1|0x0000000080100000, 0x0000000080200000, 0x0000000080200000|100%| O|  |TAMS 0x0000000080200000, 0x0000000080100000| Untracked 
|   2|0x0000000080200000, 0x0000000080300000, 0x0000000080300000|100%| O|  |TAMS 0x0000000080300000, 0x0000000080200000| Untracked 
|   3|0x0000000080300000, 0x0000000080400000, 0x0000000080400000|100%|HS|  |TAMS 0x0000000080400000, 0x0000000080300000| Complete 
|   4|0x0000000080400000, 0x0000000080500000, 0x0000000080500000|100%|HC|  |TAMS 0x0000000080500000, 0x0000000080400000| Complete 
|   5|0x0000000080500000, 0x0000000080600000, 0x0000000080600000|100%|HC|  |TAMS 0x0000000080600000, 0x0000000080500000| Complete 
|   6|0x0000000080600000, 0x0000000080700000, 0x0000000080700000|100%| O|  |TAMS 0x0000000080700000, 0x0000000080600000| Untracked 
|   7|0x0000000080700000, 0x0000000080800000, 0x0000000080800000|100%| O|  |TAMS 0x0000000080800000, 0x0000000080700000| Untracked 
|   8|0x0000000080800000, 0x0000000080900000, 0x0000000080900000|100%| O|  |TAMS 0x0000000080900000, 0x0000000080800000| Untracked 
|   9|0x0000000080900000, 0x0000000080a00000, 0x0000000080a00000|100%| O|  |TAMS 0x0000000080a00000, 0x0000000080900000| Untracked 
|  10|0x0000000080a00000, 0x0000000080b00000, 0x0000000080b00000|100%| O|  |TAMS 0x0000000080b00000, 0x0000000080a00000| Untracked 
|  11|0x0000000080b00000, 0x0000000080c00000, 0x0000000080c00000|100%| O|  |TAMS 0x0000000080c00000, 0x0000000080b00000| Untracked 
|  12|0x0000000080c00000, 0x0000000080d00000, 0x0000000080d00000|100%| O|  |TAMS 0x0000000080d00000, 0x0000000080c00000| Untracked 
|  13|0x0000000080d00000, 0x0000000080e00000, 0x0000000080e00000|100%| O|  |TAMS 0x0000000080e00000, 0x0000000080d00000| Untracked 
|  14|0x0000000080e00000, 0x0000000080f00000, 0x0000000080f00000|100%| O|  |TAMS 0x0000000080f00000, 0x0000000080e00000| Untracked 
|  15|0x0000000080f00000, 0x0000000081000000, 0x0000000081000000|100%| O|  |TAMS 0x0000000081000000, 0x0000000080f00000| Untracked 
|  16|0x0000000081000000, 0x0000000081100000, 0x0000000081100000|100%|HS|  |TAMS 0x0000000081100000, 0x0000000081000000| Complete 
|  17|0x0000000081100000, 0x0000000081200000, 0x0000000081200000|100%| O|  |TAMS 0x0000000081200000, 0x0000000081100000| Untracked 
|  18|0x0000000081200000, 0x0000000081300000, 0x0000000081300000|100%| O|  |TAMS 0x0000000081300000, 0x0000000081200000| Untracked 
|  19|0x0000000081300000, 0x0000000081400000, 0x0000000081400000|100%| O|  |TAMS 0x0000000081400000, 0x0000000081300000| Untracked 
|  20|0x0000000081400000, 0x0000000081500000, 0x0000000081500000|100%| O|  |TAMS 0x0000000081500000, 0x0000000081400000| Untracked 
|  21|0x0000000081500000, 0x0000000081600000, 0x0000000081600000|100%| O|  |TAMS 0x0000000081600000, 0x0000000081500000| Untracked 
|  22|0x0000000081600000, 0x0000000081700000, 0x0000000081700000|100%| O|  |TAMS 0x0000000081700000, 0x0000000081600000| Untracked 
|  23|0x0000000081700000, 0x0000000081800000, 0x0000000081800000|100%| O|  |TAMS 0x0000000081800000, 0x0000000081700000| Untracked 
|  24|0x0000000081800000, 0x0000000081900000, 0x0000000081900000|100%| O|  |TAMS 0x0000000081900000, 0x0000000081800000| Untracked 
|  25|0x0000000081900000, 0x0000000081a00000, 0x0000000081a00000|100%| O|  |TAMS 0x0000000081a00000, 0x0000000081900000| Untracked 
|  26|0x0000000081a00000, 0x0000000081b00000, 0x0000000081b00000|100%| O|  |TAMS 0x0000000081b00000, 0x0000000081a00000| Untracked 
|  27|0x0000000081b00000, 0x0000000081c00000, 0x0000000081c00000|100%|HS|  |TAMS 0x0000000081c00000, 0x0000000081b00000| Complete 
|  28|0x0000000081c00000, 0x0000000081d00000, 0x0000000081d00000|100%|HS|  |TAMS 0x0000000081d00000, 0x0000000081c00000| Complete 
|  29|0x0000000081d00000, 0x0000000081e00000, 0x0000000081e00000|100%|HS|  |TAMS 0x0000000081e00000, 0x0000000081d00000| Complete 
|  30|0x0000000081e00000, 0x0000000081f00000, 0x0000000081f00000|100%|HC|  |TAMS 0x0000000081f00000, 0x0000000081e00000| Complete 
|  31|0x0000000081f00000, 0x0000000082000000, 0x0000000082000000|100%|HC|  |TAMS 0x0000000082000000, 0x0000000081f00000| Complete 
|  32|0x0000000082000000, 0x0000000082100000, 0x0000000082100000|100%|HS|  |TAMS 0x0000000082100000, 0x0000000082000000| Complete 
|  33|0x0000000082100000, 0x0000000082200000, 0x0000000082200000|100%|HC|  |TAMS 0x0000000082200000, 0x0000000082100000| Complete 
|  34|0x0000000082200000, 0x0000000082300000, 0x0000000082300000|100%| O|  |TAMS 0x0000000082300000, 0x0000000082200000| Untracked 
|  35|0x0000000082300000, 0x0000000082400000, 0x0000000082400000|100%| O|  |TAMS 0x0000000082400000, 0x0000000082300000| Untracked 
|  36|0x0000000082400000, 0x0000000082500000, 0x0000000082500000|100%| O|  |TAMS 0x0000000082500000, 0x0000000082400000| Untracked 
|  37|0x0000000082500000, 0x0000000082600000, 0x0000000082600000|100%| O|  |TAMS 0x0000000082600000, 0x0000000082500000| Untracked 
|  38|0x0000000082600000, 0x0000000082700000, 0x0000000082700000|100%| O|  |TAMS 0x0000000082700000, 0x0000000082600000| Untracked 
|  39|0x0000000082700000, 0x0000000082800000, 0x0000000082800000|100%| O|  |TAMS 0x0000000082800000, 0x0000000082700000| Untracked 
|  40|0x0000000082800000, 0x0000000082900000, 0x0000000082900000|100%| O|  |TAMS 0x0000000082900000, 0x0000000082800000| Untracked 
|  41|0x0000000082900000, 0x0000000082a00000, 0x0000000082a00000|100%| O|  |TAMS 0x0000000082a00000, 0x0000000082900000| Untracked 
|  42|0x0000000082a00000, 0x0000000082b00000, 0x0000000082b00000|100%| O|  |TAMS 0x0000000082b00000, 0x0000000082a00000| Untracked 
|  43|0x0000000082b00000, 0x0000000082c00000, 0x0000000082c00000|100%| O|  |TAMS 0x0000000082c00000, 0x0000000082b00000| Untracked 
|  44|0x0000000082c00000, 0x0000000082d00000, 0x0000000082d00000|100%| O|  |TAMS 0x0000000082d00000, 0x0000000082c00000| Untracked 
|  45|0x0000000082d00000, 0x0000000082e00000, 0x0000000082e00000|100%| O|  |TAMS 0x0000000082e00000, 0x0000000082d00000| Untracked 
|  46|0x0000000082e00000, 0x0000000082f00000, 0x0000000082f00000|100%| O|  |TAMS 0x0000000082f00000, 0x0000000082e00000| Untracked 
|  47|0x0000000082f00000, 0x0000000083000000, 0x0000000083000000|100%| O|  |TAMS 0x0000000083000000, 0x0000000082f00000| Untracked 
|  48|0x0000000083000000, 0x0000000083100000, 0x0000000083100000|100%| O|  |TAMS 0x0000000083100000, 0x0000000083000000| Untracked 
|  49|0x0000000083100000, 0x0000000083200000, 0x0000000083200000|100%| O|  |TAMS 0x0000000083200000, 0x0000000083100000| Untracked 
|  50|0x0000000083200000, 0x0000000083300000, 0x0000000083300000|100%| O|  |TAMS 0x0000000083300000, 0x0000000083200000| Untracked 
|  51|0x0000000083300000, 0x0000000083300000, 0x0000000083400000|  0%| F|  |TAMS 0x0000000083300000, 0x0000000083300000| Untracked 
|  52|0x0000000083400000, 0x0000000083500000, 0x0000000083500000|100%| O|  |TAMS 0x0000000083500000, 0x0000000083400000| Untracked 
|  53|0x0000000083500000, 0x0000000083600000, 0x0000000083600000|100%| O|  |TAMS 0x0000000083600000, 0x0000000083500000| Untracked 
|  54|0x0000000083600000, 0x0000000083700000, 0x0000000083700000|100%| O|  |TAMS 0x0000000083700000, 0x0000000083600000| Untracked 
|  55|0x0000000083700000, 0x0000000083800000, 0x0000000083800000|100%| O|  |TAMS 0x0000000083800000, 0x0000000083700000| Untracked 
|  56|0x0000000083800000, 0x000000008383f600, 0x0000000083900000| 24%| O|  |TAMS 0x000000008383f600, 0x0000000083800000| Untracked 
|  57|0x0000000083900000, 0x0000000083900000, 0x0000000083a00000|  0%| F|  |TAMS 0x0000000083900000, 0x0000000083900000| Untracked 
|  58|0x0000000083a00000, 0x0000000083a00000, 0x0000000083b00000|  0%| F|  |TAMS 0x0000000083a00000, 0x0000000083a00000| Untracked 
|  59|0x0000000083b00000, 0x0000000083b00000, 0x0000000083c00000|  0%| F|  |TAMS 0x0000000083b00000, 0x0000000083b00000| Untracked 
|  60|0x0000000083c00000, 0x0000000083c00000, 0x0000000083d00000|  0%| F|  |TAMS 0x0000000083c00000, 0x0000000083c00000| Untracked 
|  61|0x0000000083d00000, 0x0000000083d00000, 0x0000000083e00000|  0%| F|  |TAMS 0x0000000083d00000, 0x0000000083d00000| Untracked 
|  62|0x0000000083e00000, 0x0000000083e00000, 0x0000000083f00000|  0%| F|  |TAMS 0x0000000083e00000, 0x0000000083e00000| Untracked 
|  63|0x0000000083f00000, 0x0000000083f00000, 0x0000000084000000|  0%| F|  |TAMS 0x0000000083f00000, 0x0000000083f00000| Untracked 
|  64|0x0000000084000000, 0x0000000084000000, 0x0000000084100000|  0%| F|  |TAMS 0x0000000084000000, 0x0000000084000000| Untracked 
|  65|0x0000000084100000, 0x0000000084100000, 0x0000000084200000|  0%| F|  |TAMS 0x0000000084100000, 0x0000000084100000| Untracked 
|  66|0x0000000084200000, 0x0000000084200000, 0x0000000084300000|  0%| F|  |TAMS 0x0000000084200000, 0x0000000084200000| Untracked 
|  67|0x0000000084300000, 0x0000000084300000, 0x0000000084400000|  0%| F|  |TAMS 0x0000000084300000, 0x0000000084300000| Untracked 
|  68|0x0000000084400000, 0x0000000084400000, 0x0000000084500000|  0%| F|  |TAMS 0x0000000084400000, 0x0000000084400000| Untracked 
|  69|0x0000000084500000, 0x0000000084500000, 0x0000000084600000|  0%| F|  |TAMS 0x0000000084500000, 0x0000000084500000| Untracked 
|  70|0x0000000084600000, 0x0000000084600000, 0x0000000084700000|  0%| F|  |TAMS 0x0000000084600000, 0x0000000084600000| Untracked 
|  71|0x0000000084700000, 0x0000000084700000, 0x0000000084800000|  0%| F|  |TAMS 0x0000000084700000, 0x0000000084700000| Untracked 
|  72|0x0000000084800000, 0x0000000084800000, 0x0000000084900000|  0%| F|  |TAMS 0x0000000084800000, 0x0000000084800000| Untracked 
|  73|0x0000000084900000, 0x0000000084900000, 0x0000000084a00000|  0%| F|  |TAMS 0x0000000084900000, 0x0000000084900000| Untracked 
|  74|0x0000000084a00000, 0x0000000084a00000, 0x0000000084b00000|  0%| F|  |TAMS 0x0000000084a00000, 0x0000000084a00000| Untracked 
|  75|0x0000000084b00000, 0x0000000084b79090, 0x0000000084c00000| 47%| S|CS|TAMS 0x0000000084b00000, 0x0000000084b00000| Complete 
|  76|0x0000000084c00000, 0x0000000084d00000, 0x0000000084d00000|100%| S|CS|TAMS 0x0000000084c00000, 0x0000000084c00000| Complete 
|  77|0x0000000084d00000, 0x0000000084e00000, 0x0000000084e00000|100%| S|CS|TAMS 0x0000000084d00000, 0x0000000084d00000| Complete 
|  78|0x0000000084e00000, 0x0000000084f00000, 0x0000000084f00000|100%| S|CS|TAMS 0x0000000084e00000, 0x0000000084e00000| Complete 
|  79|0x0000000084f00000, 0x0000000085000000, 0x0000000085000000|100%| S|CS|TAMS 0x0000000084f00000, 0x0000000084f00000| Complete 
|  80|0x0000000085000000, 0x0000000085000000, 0x0000000085100000|  0%| F|  |TAMS 0x0000000085000000, 0x0000000085000000| Untracked 
|  81|0x0000000085100000, 0x0000000085100000, 0x0000000085200000|  0%| F|  |TAMS 0x0000000085100000, 0x0000000085100000| Untracked 
|  82|0x0000000085200000, 0x0000000085200000, 0x0000000085300000|  0%| F|  |TAMS 0x0000000085200000, 0x0000000085200000| Untracked 
|  83|0x0000000085300000, 0x0000000085300000, 0x0000000085400000|  0%| F|  |TAMS 0x0000000085300000, 0x0000000085300000| Untracked 
|  84|0x0000000085400000, 0x0000000085400000, 0x0000000085500000|  0%| F|  |TAMS 0x0000000085400000, 0x0000000085400000| Untracked 
|  85|0x0000000085500000, 0x0000000085500000, 0x0000000085600000|  0%| F|  |TAMS 0x0000000085500000, 0x0000000085500000| Untracked 
|  86|0x0000000085600000, 0x0000000085600000, 0x0000000085700000|  0%| F|  |TAMS 0x0000000085600000, 0x0000000085600000| Untracked 
|  87|0x0000000085700000, 0x0000000085700000, 0x0000000085800000|  0%| F|  |TAMS 0x0000000085700000, 0x0000000085700000| Untracked 
|  88|0x0000000085800000, 0x0000000085800000, 0x0000000085900000|  0%| F|  |TAMS 0x0000000085800000, 0x0000000085800000| Untracked 
|  89|0x0000000085900000, 0x0000000085900000, 0x0000000085a00000|  0%| F|  |TAMS 0x0000000085900000, 0x0000000085900000| Untracked 
|  90|0x0000000085a00000, 0x0000000085a00000, 0x0000000085b00000|  0%| F|  |TAMS 0x0000000085a00000, 0x0000000085a00000| Untracked 
|  91|0x0000000085b00000, 0x0000000085b00000, 0x0000000085c00000|  0%| F|  |TAMS 0x0000000085b00000, 0x0000000085b00000| Untracked 
|  92|0x0000000085c00000, 0x0000000085c00000, 0x0000000085d00000|  0%| F|  |TAMS 0x0000000085c00000, 0x0000000085c00000| Untracked 
|  93|0x0000000085d00000, 0x0000000085d00000, 0x0000000085e00000|  0%| F|  |TAMS 0x0000000085d00000, 0x0000000085d00000| Untracked 
|  94|0x0000000085e00000, 0x0000000085e00000, 0x0000000085f00000|  0%| F|  |TAMS 0x0000000085e00000, 0x0000000085e00000| Untracked 
|  95|0x0000000085f00000, 0x0000000086000000, 0x0000000086000000|100%| E|  |TAMS 0x0000000085f00000, 0x0000000085f00000| Complete 
|  96|0x0000000086000000, 0x0000000086100000, 0x0000000086100000|100%| E|CS|TAMS 0x0000000086000000, 0x0000000086000000| Complete 
|  97|0x0000000086100000, 0x0000000086200000, 0x0000000086200000|100%| E|CS|TAMS 0x0000000086100000, 0x0000000086100000| Complete 
|  98|0x0000000086200000, 0x0000000086300000, 0x0000000086300000|100%| E|CS|TAMS 0x0000000086200000, 0x0000000086200000| Complete 
|  99|0x0000000086300000, 0x0000000086400000, 0x0000000086400000|100%| E|CS|TAMS 0x0000000086300000, 0x0000000086300000| Complete 
| 100|0x0000000086400000, 0x0000000086500000, 0x0000000086500000|100%| E|CS|TAMS 0x0000000086400000, 0x0000000086400000| Complete 
| 101|0x0000000086500000, 0x0000000086600000, 0x0000000086600000|100%| E|CS|TAMS 0x0000000086500000, 0x0000000086500000| Complete 
| 102|0x0000000086600000, 0x0000000086700000, 0x0000000086700000|100%| E|CS|TAMS 0x0000000086600000, 0x0000000086600000| Complete 
| 103|0x0000000086700000, 0x0000000086800000, 0x0000000086800000|100%| E|CS|TAMS 0x0000000086700000, 0x0000000086700000| Complete 
| 104|0x0000000086800000, 0x0000000086900000, 0x0000000086900000|100%| E|CS|TAMS 0x0000000086800000, 0x0000000086800000| Complete 
| 105|0x0000000086900000, 0x0000000086a00000, 0x0000000086a00000|100%| E|CS|TAMS 0x0000000086900000, 0x0000000086900000| Complete 
| 106|0x0000000086a00000, 0x0000000086b00000, 0x0000000086b00000|100%| E|CS|TAMS 0x0000000086a00000, 0x0000000086a00000| Complete 
| 107|0x0000000086b00000, 0x0000000086c00000, 0x0000000086c00000|100%| E|CS|TAMS 0x0000000086b00000, 0x0000000086b00000| Complete 
| 108|0x0000000086c00000, 0x0000000086d00000, 0x0000000086d00000|100%| E|CS|TAMS 0x0000000086c00000, 0x0000000086c00000| Complete 
| 109|0x0000000086d00000, 0x0000000086e00000, 0x0000000086e00000|100%| E|CS|TAMS 0x0000000086d00000, 0x0000000086d00000| Complete 
| 110|0x0000000086e00000, 0x0000000086f00000, 0x0000000086f00000|100%| E|CS|TAMS 0x0000000086e00000, 0x0000000086e00000| Complete 
| 111|0x0000000086f00000, 0x0000000087000000, 0x0000000087000000|100%| E|CS|TAMS 0x0000000086f00000, 0x0000000086f00000| Complete 
| 112|0x0000000087000000, 0x0000000087100000, 0x0000000087100000|100%| E|CS|TAMS 0x0000000087000000, 0x0000000087000000| Complete 
| 113|0x0000000087100000, 0x0000000087200000, 0x0000000087200000|100%| E|CS|TAMS 0x0000000087100000, 0x0000000087100000| Complete 
| 114|0x0000000087200000, 0x0000000087300000, 0x0000000087300000|100%| E|CS|TAMS 0x0000000087200000, 0x0000000087200000| Complete 
| 115|0x0000000087300000, 0x0000000087400000, 0x0000000087400000|100%| E|CS|TAMS 0x0000000087300000, 0x0000000087300000| Complete 

Card table byte_map: [0x00000295c9410000,0x00000295c9810000] _byte_map_base: 0x00000295c9010000

Marking Bits (Prev, Next): (CMBitMap*) 0x00000295b5f0cbb0, (CMBitMap*) 0x00000295b5f0cb78
 Prev Bits: [0x00000295cbc10000, 0x00000295cdc10000)
 Next Bits: [0x00000295c9c10000, 0x00000295cbc10000)

Polling page: 0x00000295b99c0000

Metaspace:

Usage:
  Non-class:     58.26 MB capacity,    57.31 MB ( 98%) used,   809.87 KB (  1%) free+waste,   167.56 KB ( <1%) overhead. 
      Class:      8.90 MB capacity,     8.30 MB ( 93%) used,   541.35 KB (  6%) free+waste,    77.69 KB ( <1%) overhead. 
       Both:     67.16 MB capacity,    65.60 MB ( 98%) used,     1.32 MB (  2%) free+waste,   245.25 KB ( <1%) overhead. 

Virtual space:
  Non-class space:       60.00 MB reserved,      58.50 MB ( 98%) committed 
      Class space:        1.00 GB reserved,       9.00 MB ( <1%) committed 
             Both:        1.06 GB reserved,      67.50 MB (  6%) committed 

Chunk freelists:
   Non-Class:  52.00 KB
       Class:  6.00 KB
        Both:  58.00 KB

MaxMetaspaceSize: 17179869184.00 GB
CompressedClassSpaceSize: 1.00 GB

CodeHeap 'non-profiled nmethods': size=120064Kb used=3808Kb max_used=3808Kb free=116255Kb
 bounds [0x00000295c14a0000, 0x00000295c1860000, 0x00000295c89e0000]
CodeHeap 'profiled nmethods': size=120000Kb used=14496Kb max_used=14496Kb free=105504Kb
 bounds [0x00000295b9f70000, 0x00000295bada0000, 0x00000295c14a0000]
CodeHeap 'non-nmethods': size=5696Kb used=2263Kb max_used=2322Kb free=3432Kb
 bounds [0x00000295b99e0000, 0x00000295b9c50000, 0x00000295b9f70000]
 total_blobs=7577 nmethods=6723 adapters=765
 compilation: enabled
              stopped_count=0, restarted_count=0
 full_count=0

Compilation events (20 events):
Event: 11.548 Thread 0x00000295d025d000 6733       3       org.gradle.api.internal.DefaultDomainObjectSet::beforeCollectionChanges (13 bytes)
Event: 11.548 Thread 0x00000295d025d000 nmethod 6733 0x00000295bad93890 code [0x00000295bad93a40, 0x00000295bad93c48]
Event: 11.548 Thread 0x00000295d025d000 6732       1       org.gradle.api.internal.artifacts.configurations.DefaultConfiguration::getIncoming (5 bytes)
Event: 11.548 Thread 0x00000295d025d000 nmethod 6732 0x00000295c1856590 code [0x00000295c1856740, 0x00000295c18567f8]
Event: 11.548 Thread 0x00000295d025d000 6734       1       org.gradle.api.internal.artifacts.configurations.DefaultConfiguration::access$1000 (5 bytes)
Event: 11.548 Thread 0x00000295d025d000 nmethod 6734 0x00000295c1856890 code [0x00000295c1856a40, 0x00000295c1856ad8]
Event: 11.549 Thread 0x00000295d025d000 6735       3       org.gradle.api.internal.artifacts.configurations.DefaultConfigurationContainer_Decorated::getMutationGuard (39 bytes)
Event: 11.549 Thread 0x00000295d025d000 nmethod 6735 0x00000295bad93d10 code [0x00000295bad93f60, 0x00000295bad948a8]
Event: 11.550 Thread 0x00000295d025d000 6736       1       org.gradle.api.internal.artifacts.ivyservice.moduleconverter.DefaultRootComponentMetadataBuilder::getValidator (5 bytes)
Event: 11.551 Thread 0x00000295d025d000 nmethod 6736 0x00000295c1856b90 code [0x00000295c1856d40, 0x00000295c1856df8]
Event: 11.551 Thread 0x00000295d025d000 6737       1       org.gradle.api.internal.artifacts.configurations.DefaultConfiguration::access$2300 (5 bytes)
Event: 11.551 Thread 0x00000295d025d000 nmethod 6737 0x00000295c1856e90 code [0x00000295c1857040, 0x00000295c18570d8]
Event: 11.551 Thread 0x00000295d025d000 6738       1       org.gradle.api.internal.artifacts.configurations.DefaultConfiguration::getArtifacts (5 bytes)
Event: 11.551 Thread 0x00000295d025d000 nmethod 6738 0x00000295c1857190 code [0x00000295c1857340, 0x00000295c18573f8]
Event: 11.551 Thread 0x00000295d025d000 6739       3       org.gradle.internal.event.ListenerBroadcast::add (14 bytes)
Event: 11.551 Thread 0x00000295d025d000 nmethod 6739 0x00000295bad94b90 code [0x00000295bad94da0, 0x00000295bad95458]
Event: 11.551 Thread 0x00000295d025d000 6740       3       org.gradle.internal.event.BroadcastDispatch::add (26 bytes)
Event: 11.552 Thread 0x00000295d025d000 nmethod 6740 0x00000295bad95690 code [0x00000295bad95880, 0x00000295bad95db8]
Event: 11.552 Thread 0x00000295d025d000 6741       3       org.gradle.api.internal.collections.DefaultDomainObjectCollectionFactory::newDomainObjectSet (40 bytes)
Event: 11.552 Thread 0x00000295d025d000 nmethod 6741 0x00000295bad95f90 code [0x00000295bad961a0, 0x00000295bad968e8]

GC Heap History (20 events):
Event: 4.909 GC heap before
{Heap before GC invocations=8 (full 0):
 garbage-first heap   total 118784K, used 42109K [0x0000000080000000, 0x0000000100000000)
  region size 1024K, 27 young (27648K), 4 survivors (4096K)
 Metaspace       used 35046K, capacity 35809K, committed 35840K, reserved 1081344K
  class space    used 4538K, capacity 4833K, committed 4864K, reserved 1048576K
}
Event: 4.918 GC heap after
{Heap after GC invocations=9 (full 0):
 garbage-first heap   total 118784K, used 22305K [0x0000000080000000, 0x0000000100000000)
  region size 1024K, 6 young (6144K), 6 survivors (6144K)
 Metaspace       used 35046K, capacity 35809K, committed 35840K, reserved 1081344K
  class space    used 4538K, capacity 4833K, committed 4864K, reserved 1048576K
}
Event: 5.996 GC heap before
{Heap before GC invocations=10 (full 0):
 garbage-first heap   total 118784K, used 75553K [0x0000000080000000, 0x0000000100000000)
  region size 1024K, 55 young (56320K), 6 survivors (6144K)
 Metaspace       used 38699K, capacity 39642K, committed 39936K, reserved 1083392K
  class space    used 4926K, capacity 5252K, committed 5376K, reserved 1048576K
}
Event: 6.009 GC heap after
{Heap after GC invocations=11 (full 0):
 garbage-first heap   total 118784K, used 26615K [0x0000000080000000, 0x0000000100000000)
  region size 1024K, 7 young (7168K), 7 survivors (7168K)
 Metaspace       used 38699K, capacity 39642K, committed 39936K, reserved 1083392K
  class space    used 4926K, capacity 5252K, committed 5376K, reserved 1048576K
}
Event: 7.334 GC heap before
{Heap before GC invocations=11 (full 0):
 garbage-first heap   total 118784K, used 76791K [0x0000000080000000, 0x0000000100000000)
  region size 1024K, 56 young (57344K), 7 survivors (7168K)
 Metaspace       used 43334K, capacity 44405K, committed 44672K, reserved 1087488K
  class space    used 5528K, capacity 5896K, committed 6016K, reserved 1048576K
}
Event: 7.344 GC heap after
{Heap after GC invocations=12 (full 0):
 garbage-first heap   total 118784K, used 28852K [0x0000000080000000, 0x0000000100000000)
  region size 1024K, 3 young (3072K), 3 survivors (3072K)
 Metaspace       used 43334K, capacity 44405K, committed 44672K, reserved 1087488K
  class space    used 5528K, capacity 5896K, committed 6016K, reserved 1048576K
}
Event: 8.358 GC heap before
{Heap before GC invocations=12 (full 0):
 garbage-first heap   total 118784K, used 80052K [0x0000000080000000, 0x0000000100000000)
  region size 1024K, 53 young (54272K), 3 survivors (3072K)
 Metaspace       used 46762K, capacity 47931K, committed 48256K, reserved 1091584K
  class space    used 5975K, capacity 6409K, committed 6528K, reserved 1048576K
}
Event: 8.362 GC heap after
{Heap after GC invocations=13 (full 0):
 garbage-first heap   total 118784K, used 30933K [0x0000000080000000, 0x0000000100000000)
  region size 1024K, 5 young (5120K), 5 survivors (5120K)
 Metaspace       used 46762K, capacity 47931K, committed 48256K, reserved 1091584K
  class space    used 5975K, capacity 6409K, committed 6528K, reserved 1048576K
}
Event: 9.262 GC heap before
{Heap before GC invocations=13 (full 0):
 garbage-first heap   total 118784K, used 93397K [0x0000000080000000, 0x0000000100000000)
  region size 1024K, 58 young (59392K), 5 survivors (5120K)
 Metaspace       used 50307K, capacity 51563K, committed 51712K, reserved 1093632K
  class space    used 6402K, capacity 6856K, committed 6912K, reserved 1048576K
}
Event: 9.270 GC heap after
{Heap after GC invocations=14 (full 0):
 garbage-first heap   total 118784K, used 49968K [0x0000000080000000, 0x0000000100000000)
  region size 1024K, 8 young (8192K), 8 survivors (8192K)
 Metaspace       used 50307K, capacity 51563K, committed 51712K, reserved 1093632K
  class space    used 6402K, capacity 6856K, committed 6912K, reserved 1048576K
}
Event: 9.841 GC heap before
{Heap before GC invocations=14 (full 0):
 garbage-first heap   total 118784K, used 89904K [0x0000000080000000, 0x0000000100000000)
  region size 1024K, 47 young (48128K), 8 survivors (8192K)
 Metaspace       used 56261K, capacity 57689K, committed 57856K, reserved 1099776K
  class space    used 7114K, capacity 7612K, committed 7680K, reserved 1048576K
}
Event: 9.848 GC heap after
{Heap after GC invocations=15 (full 0):
 garbage-first heap   total 118784K, used 52748K [0x0000000080000000, 0x0000000100000000)
  region size 1024K, 2 young (2048K), 2 survivors (2048K)
 Metaspace       used 56261K, capacity 57689K, committed 57856K, reserved 1099776K
  class space    used 7114K, capacity 7612K, committed 7680K, reserved 1048576K
}
Event: 10.114 GC heap before
{Heap before GC invocations=15 (full 0):
 garbage-first heap   total 118784K, used 66060K [0x0000000080000000, 0x0000000100000000)
  region size 1024K, 16 young (16384K), 2 survivors (2048K)
 Metaspace       used 58558K, capacity 60015K, committed 60160K, reserved 1101824K
  class space    used 7418K, capacity 7963K, committed 8064K, reserved 1048576K
}
Event: 10.118 GC heap after
{Heap after GC invocations=16 (full 0):
 garbage-first heap   total 118784K, used 53644K [0x0000000080000000, 0x0000000100000000)
  region size 1024K, 3 young (3072K), 3 survivors (3072K)
 Metaspace       used 58558K, capacity 60015K, committed 60160K, reserved 1101824K
  class space    used 7418K, capacity 7963K, committed 8064K, reserved 1048576K
}
Event: 10.568 GC heap before
{Heap before GC invocations=17 (full 0):
 garbage-first heap   total 118784K, used 87436K [0x0000000080000000, 0x0000000100000000)
  region size 1024K, 37 young (37888K), 3 survivors (3072K)
 Metaspace       used 61774K, capacity 63367K, committed 63488K, reserved 1103872K
  class space    used 7817K, capacity 8390K, committed 8448K, reserved 1048576K
}
Event: 10.575 GC heap after
{Heap after GC invocations=18 (full 0):
 garbage-first heap   total 118784K, used 56562K [0x0000000080000000, 0x0000000100000000)
  region size 1024K, 5 young (5120K), 5 survivors (5120K)
 Metaspace       used 61774K, capacity 63367K, committed 63488K, reserved 1103872K
  class space    used 7817K, capacity 8390K, committed 8448K, reserved 1048576K
}
Event: 11.063 GC heap before
{Heap before GC invocations=19 (full 0):
 garbage-first heap   total 118784K, used 90354K [0x0000000080000000, 0x0000000100000000)
  region size 1024K, 38 young (38912K), 5 survivors (5120K)
 Metaspace       used 65108K, capacity 66641K, committed 66688K, reserved 1107968K
  class space    used 8253K, capacity 8813K, committed 8832K, reserved 1048576K
}
Event: 11.068 GC heap after
{Heap after GC invocations=20 (full 0):
 garbage-first heap   total 118784K, used 58177K [0x0000000080000000, 0x0000000100000000)
  region size 1024K, 2 young (2048K), 2 survivors (2048K)
 Metaspace       used 65108K, capacity 66641K, committed 66688K, reserved 1107968K
  class space    used 8253K, capacity 8813K, committed 8832K, reserved 1048576K
}
Event: 11.360 GC heap before
{Heap before GC invocations=20 (full 0):
 garbage-first heap   total 118784K, used 92993K [0x0000000080000000, 0x0000000100000000)
  region size 1024K, 36 young (36864K), 2 survivors (2048K)
 Metaspace       used 65970K, capacity 67642K, committed 67840K, reserved 1107968K
  class space    used 8359K, capacity 8951K, committed 8960K, reserved 1048576K
}
Event: 11.365 GC heap after
{Heap after GC invocations=21 (full 0):
 garbage-first heap   total 118784K, used 61153K [0x0000000080000000, 0x0000000100000000)
  region size 1024K, 5 young (5120K), 5 survivors (5120K)
 Metaspace       used 65970K, capacity 67642K, committed 67840K, reserved 1107968K
  class space    used 8359K, capacity 8951K, committed 8960K, reserved 1048576K
}

Deoptimization events (20 events):
Event: 11.002 Thread 0x00000295d35da000 DEOPT PACKING pc=0x00000295c160c6ac sp=0x000000b29b7f85c0
Event: 11.002 Thread 0x00000295d35da000 DEOPT UNPACKING pc=0x00000295b9a078af sp=0x000000b29b7f84b8 mode 2
Event: 11.214 Thread 0x00000295d35da000 Uncommon trap: trap_request=0xffffff4d fr.pc=0x00000295c179d430 relative=0x00000000000015b0
Event: 11.214 Thread 0x00000295d35da000 Uncommon trap: reason=unstable_if action=reinterpret pc=0x00000295c179d430 method=java.util.concurrent.ConcurrentHashMap.putVal(Ljava/lang/Object;Ljava/lang/Object;Z)Ljava/lang/Object; @ 245 c2
Event: 11.214 Thread 0x00000295d35da000 DEOPT PACKING pc=0x00000295c179d430 sp=0x000000b29b7f8e80
Event: 11.214 Thread 0x00000295d35da000 DEOPT UNPACKING pc=0x00000295b9a078af sp=0x000000b29b7f8e08 mode 2
Event: 11.272 Thread 0x00000295d35da000 Uncommon trap: trap_request=0xffffff4d fr.pc=0x00000295c16632f8 relative=0x0000000000000338
Event: 11.272 Thread 0x00000295d35da000 Uncommon trap: reason=unstable_if action=reinterpret pc=0x00000295c16632f8 method=java.util.StringJoiner.add(Ljava/lang/CharSequence;)Ljava/util/StringJoiner; @ 33 c2
Event: 11.272 Thread 0x00000295d35da000 DEOPT PACKING pc=0x00000295c16632f8 sp=0x000000b29b7f6320
Event: 11.272 Thread 0x00000295d35da000 DEOPT UNPACKING pc=0x00000295b9a078af sp=0x000000b29b7f62d0 mode 2
Event: 11.339 Thread 0x00000295d35da000 Uncommon trap: trap_request=0xffffff4d fr.pc=0x00000295c1775cf0 relative=0x0000000000000bb0
Event: 11.339 Thread 0x00000295d35da000 Uncommon trap: reason=unstable_if action=reinterpret pc=0x00000295c1775cf0 method=java.lang.ClassLoader.loadClass(Ljava/lang/String;Z)Ljava/lang/Class; @ 29 c2
Event: 11.339 Thread 0x00000295d35da000 DEOPT PACKING pc=0x00000295c1775cf0 sp=0x000000b29b7f0d60
Event: 11.339 Thread 0x00000295d35da000 DEOPT UNPACKING pc=0x00000295b9a078af sp=0x000000b29b7f0d28 mode 2
Event: 11.402 Thread 0x00000295d35da000 Uncommon trap: trap_request=0xffffff4d fr.pc=0x00000295c15f68c4 relative=0x0000000000000964
Event: 11.402 Thread 0x00000295d35da000 Uncommon trap: reason=unstable_if action=reinterpret pc=0x00000295c15f68c4 method=java.util.WeakHashMap.eq(Ljava/lang/Object;Ljava/lang/Object;)Z @ 2 c2
Event: 11.402 Thread 0x00000295d35da000 DEOPT PACKING pc=0x00000295c15f68c4 sp=0x000000b29b7f4450
Event: 11.403 Thread 0x00000295d35da000 DEOPT UNPACKING pc=0x00000295b9a078af sp=0x000000b29b7f43c0 mode 2
Event: 11.494 Thread 0x00000295d35da000 DEOPT PACKING pc=0x00000295ba430f91 sp=0x000000b29b7f87e0
Event: 11.494 Thread 0x00000295d35da000 DEOPT UNPACKING pc=0x00000295b9a076ce sp=0x000000b29b7f7cb8 mode 0

Classes redefined (0 events):
No events

Internal exceptions (20 events):
Event: 11.426 Thread 0x00000295d35da000 Exception <a 'java/lang/ClassNotFoundException'{0x0000000086c11df0}: com/android/build/gradle/internal/dsl/BuildType_DecoratedBeanInfo> (0x0000000086c11df0) thrown at [./src/hotspot/share/classfile/systemDictionary.cpp, line 231]
Event: 11.426 Thread 0x00000295d35da000 Exception <a 'java/lang/ClassNotFoundException'{0x0000000086c2c478}: com/android/build/gradle/internal/dsl/BuildTypeBeanInfo> (0x0000000086c2c478) thrown at [./src/hotspot/share/classfile/systemDictionary.cpp, line 231]
Event: 11.427 Thread 0x00000295d35da000 Exception <a 'java/lang/ClassNotFoundException'{0x0000000086c45e08}: com/android/builder/core/AbstractBuildTypeBeanInfo> (0x0000000086c45e08) thrown at [./src/hotspot/share/classfile/systemDictionary.cpp, line 231]
Event: 11.434 Thread 0x00000295d35da000 Exception <a 'java/lang/ClassNotFoundException'{0x0000000086c60058}: com/android/builder/core/AbstractBuildTypeCustomizer> (0x0000000086c60058) thrown at [./src/hotspot/share/classfile/systemDictionary.cpp, line 231]
Event: 11.435 Thread 0x00000295d35da000 Exception <a 'java/lang/ClassNotFoundException'{0x0000000086c96e88}: com/android/build/gradle/internal/dsl/BuildTypeCustomizer> (0x0000000086c96e88) thrown at [./src/hotspot/share/classfile/systemDictionary.cpp, line 231]
Event: 11.442 Thread 0x00000295d35da000 Exception <a 'java/lang/ClassNotFoundException'{0x0000000086b263a0}: com/android/build/gradle/internal/dsl/BuildType_DecoratedCustomizer> (0x0000000086b263a0) thrown at [./src/hotspot/share/classfile/systemDictionary.cpp, line 231]
Event: 11.449 Thread 0x00000295d35da000 Exception <a 'java/lang/ClassNotFoundException'{0x0000000086bfe020}: build_gozrp1h6uc8rbr4vzikqumg1$_run_closure1$_closure4BeanInfo> (0x0000000086bfe020) thrown at [./src/hotspot/share/classfile/systemDictionary.cpp, line 231]
Event: 11.449 Thread 0x00000295d35da000 Exception <a 'java/lang/ClassNotFoundException'{0x0000000086a0fd80}: build_gozrp1h6uc8rbr4vzikqumg1$_run_closure1$_closure4Customizer> (0x0000000086a0fd80) thrown at [./src/hotspot/share/classfile/systemDictionary.cpp, line 231]
Event: 11.451 Thread 0x00000295d35da000 Exception <a 'java/lang/ClassNotFoundException'{0x0000000086a3f7f0}: build_gozrp1h6uc8rbr4vzikqumg1$_run_closure1BeanInfo> (0x0000000086a3f7f0) thrown at [./src/hotspot/share/classfile/systemDictionary.cpp, line 231]
Event: 11.451 Thread 0x00000295d35da000 Exception <a 'java/lang/ClassNotFoundException'{0x0000000086a50580}: build_gozrp1h6uc8rbr4vzikqumg1$_run_closure1Customizer> (0x0000000086a50580) thrown at [./src/hotspot/share/classfile/systemDictionary.cpp, line 231]
Event: 11.458 Thread 0x00000295d35da000 Exception <a 'java/lang/ClassNotFoundException'{0x0000000086aae7b8}: org/gradle/api/JavaVersionBeanInfo> (0x0000000086aae7b8) thrown at [./src/hotspot/share/classfile/systemDictionary.cpp, line 231]
Event: 11.458 Thread 0x00000295d35da000 Exception <a 'java/lang/ClassNotFoundException'{0x0000000086ad9750}: org/gradle/api/JavaVersionCustomizer> (0x0000000086ad9750) thrown at [./src/hotspot/share/classfile/systemDictionary.cpp, line 231]
Event: 11.463 Thread 0x00000295d35da000 Exception <a 'java/lang/ClassNotFoundException'{0x0000000086934410}: com/android/build/gradle/internal/CompileOptions_DecoratedBeanInfo> (0x0000000086934410) thrown at [./src/hotspot/share/classfile/systemDictionary.cpp, line 231]
Event: 11.463 Thread 0x00000295d35da000 Exception <a 'java/lang/ClassNotFoundException'{0x000000008694d808}: com/android/build/gradle/internal/CompileOptionsBeanInfo> (0x000000008694d808) thrown at [./src/hotspot/share/classfile/systemDictionary.cpp, line 231]
Event: 11.464 Thread 0x00000295d35da000 Exception <a 'java/lang/ClassNotFoundException'{0x0000000086967500}: com/android/build/gradle/internal/CompileOptionsCustomizer> (0x0000000086967500) thrown at [./src/hotspot/share/classfile/systemDictionary.cpp, line 231]
Event: 11.464 Thread 0x00000295d35da000 Exception <a 'java/lang/ClassNotFoundException'{0x000000008698e2b0}: com/android/build/gradle/internal/CompileOptions_DecoratedCustomizer> (0x000000008698e2b0) thrown at [./src/hotspot/share/classfile/systemDictionary.cpp, line 231]
Event: 11.483 Thread 0x00000295d35da000 Exception <a 'java/lang/ClassNotFoundException'{0x00000000868fe148}: org/jetbrains/kotlin/gradle/dsl/KotlinJvmOptionsImplBeanInfo> (0x00000000868fe148) thrown at [./src/hotspot/share/classfile/systemDictionary.cpp, line 231]
Event: 11.484 Thread 0x00000295d35da000 Exception <a 'java/lang/ClassNotFoundException'{0x0000000086718b80}: org/jetbrains/kotlin/gradle/dsl/KotlinJvmOptionsBaseBeanInfo> (0x0000000086718b80) thrown at [./src/hotspot/share/classfile/systemDictionary.cpp, line 231]
Event: 11.484 Thread 0x00000295d35da000 Exception <a 'java/lang/ClassNotFoundException'{0x0000000086733308}: org/jetbrains/kotlin/gradle/dsl/KotlinJvmOptionsBaseCustomizer> (0x0000000086733308) thrown at [./src/hotspot/share/classfile/systemDictionary.cpp, line 231]
Event: 11.486 Thread 0x00000295d35da000 Exception <a 'java/lang/ClassNotFoundException'{0x0000000086765aa8}: org/jetbrains/kotlin/gradle/dsl/KotlinJvmOptionsImplCustomizer> (0x0000000086765aa8) thrown at [./src/hotspot/share/classfile/systemDictionary.cpp, line 231]

Events (20 events):
Event: 11.561 loading class com/android/build/api/variant/VariantInfo
Event: 11.561 loading class com/android/build/api/variant/VariantInfo done
Event: 11.561 loading class com/android/build/gradle/internal/pipeline/TransformTask$CreationAction
Event: 11.561 loading class com/android/build/gradle/internal/pipeline/TransformTask$CreationAction done
Event: 11.562 loading class com/android/build/api/transform/QualifiedContent$DefaultContentType
Event: 11.562 loading class com/android/build/api/transform/QualifiedContent$DefaultContentType done
Event: 11.562 loading class com/android/build/api/transform/QualifiedContent$ContentType
Event: 11.562 loading class com/android/build/api/transform/QualifiedContent$ContentType done
Event: 11.562 loading class com/android/build/gradle/internal/pipeline/ExtendedContentType
Event: 11.562 loading class com/android/build/gradle/internal/pipeline/ExtendedContentType done
Event: 11.563 loading class com/android/build/api/transform/QualifiedContent$Scope
Event: 11.563 loading class com/android/build/api/transform/QualifiedContent$Scope done
Event: 11.563 loading class com/android/build/api/transform/QualifiedContent$ScopeType
Event: 11.563 loading class com/android/build/api/transform/QualifiedContent$ScopeType done
Event: 11.563 loading class com/android/build/gradle/internal/InternalScope
Event: 11.563 loading class com/android/build/gradle/internal/InternalScope done
Event: 11.564 loading class com/android/build/gradle/internal/scope/VariantScopeImpl
Event: 11.564 loading class com/android/build/gradle/internal/scope/VariantScopeImpl done
Event: 11.565 loading class com/android/build/gradle/internal/scope/VariantScope
Event: 11.565 loading class com/android/build/gradle/internal/scope/VariantScope done


Dynamic libraries:
0x00007ff79d900000 - 0x00007ff79d90a000 	C:\Program Files\Android\Android Studio\jre\bin\java.exe
0x00007ffd5c9f0000 - 0x00007ffd5cbe5000 	C:\WINDOWS\SYSTEM32\ntdll.dll
0x00007ffd5c680000 - 0x00007ffd5c73e000 	C:\WINDOWS\System32\KERNEL32.DLL
0x00007ffd5a410000 - 0x00007ffd5a6d9000 	C:\WINDOWS\System32\KERNELBASE.dll
0x00007ffd5a940000 - 0x00007ffd5aa40000 	C:\WINDOWS\System32\ucrtbase.dll
0x00007ffd4d1b0000 - 0x00007ffd4d1c7000 	C:\Program Files\Android\Android Studio\jre\bin\VCRUNTIME140.dll
0x00007ffd4b4e0000 - 0x00007ffd4b4f9000 	C:\Program Files\Android\Android Studio\jre\bin\jli.dll
0x00007ffd47840000 - 0x00007ffd47ada000 	C:\WINDOWS\WinSxS\amd64_microsoft.windows.common-controls_6595b64144ccf1df_6.0.19041.1110_none_60b5254171f9507e\COMCTL32.dll
0x00007ffd5ab40000 - 0x00007ffd5ace1000 	C:\WINDOWS\System32\USER32.dll
0x00007ffd5bee0000 - 0x00007ffd5bf7e000 	C:\WINDOWS\System32\msvcrt.dll
0x00007ffd5a270000 - 0x00007ffd5a292000 	C:\WINDOWS\System32\win32u.dll
0x00007ffd5bff0000 - 0x00007ffd5c01b000 	C:\WINDOWS\System32\GDI32.dll
0x00007ffd5a6e0000 - 0x00007ffd5a7eb000 	C:\WINDOWS\System32\gdi32full.dll
0x00007ffd5a7f0000 - 0x00007ffd5a88d000 	C:\WINDOWS\System32\msvcp_win.dll
0x00007ffd5acf0000 - 0x00007ffd5ad20000 	C:\WINDOWS\System32\IMM32.DLL
0x00007ffd47be0000 - 0x00007ffd47c7d000 	C:\Program Files\Android\Android Studio\jre\bin\msvcp140.dll
0x00007ffcfdcd0000 - 0x00007ffcfe79f000 	C:\Program Files\Android\Android Studio\jre\bin\server\jvm.dll
0x00007ffd5c5d0000 - 0x00007ffd5c67c000 	C:\WINDOWS\System32\ADVAPI32.dll
0x00007ffd5aa40000 - 0x00007ffd5aadb000 	C:\WINDOWS\System32\sechost.dll
0x00007ffd5c870000 - 0x00007ffd5c99a000 	C:\WINDOWS\System32\RPCRT4.dll
0x00007ffd5c9a0000 - 0x00007ffd5c9a8000 	C:\WINDOWS\System32\PSAPI.DLL
0x00007ffd54d50000 - 0x00007ffd54d59000 	C:\WINDOWS\SYSTEM32\WSOCK32.dll
0x00007ffd5bf80000 - 0x00007ffd5bfeb000 	C:\WINDOWS\System32\WS2_32.dll
0x00007ffd509c0000 - 0x00007ffd509e7000 	C:\WINDOWS\SYSTEM32\WINMM.dll
0x00007ffd51a50000 - 0x00007ffd51a5a000 	C:\WINDOWS\SYSTEM32\VERSION.dll
0x00007ffd58030000 - 0x00007ffd58042000 	C:\WINDOWS\SYSTEM32\kernel.appcore.dll
0x00007ffd54320000 - 0x00007ffd54331000 	C:\Program Files\Android\Android Studio\jre\bin\verify.dll
0x00007ffd52a80000 - 0x00007ffd52c64000 	C:\WINDOWS\SYSTEM32\DBGHELP.DLL
0x00007ffd4ca70000 - 0x00007ffd4ca9c000 	C:\WINDOWS\SYSTEM32\dbgcore.DLL
0x00007ffd5a2d0000 - 0x00007ffd5a353000 	C:\WINDOWS\System32\bcryptPrimitives.dll
0x00007ffd542f0000 - 0x00007ffd54319000 	C:\Program Files\Android\Android Studio\jre\bin\java.dll
0x00007ffd54d40000 - 0x00007ffd54d4b000 	C:\Program Files\Android\Android Studio\jre\bin\jimage.dll
0x00007ffd53b20000 - 0x00007ffd53b38000 	C:\Program Files\Android\Android Studio\jre\bin\zip.dll
0x00007ffd5b7a0000 - 0x00007ffd5bedf000 	C:\WINDOWS\System32\SHELL32.dll
0x00007ffd58230000 - 0x00007ffd589c0000 	C:\WINDOWS\SYSTEM32\windows.storage.dll
0x00007ffd5b070000 - 0x00007ffd5b3c5000 	C:\WINDOWS\System32\combase.dll
0x00007ffd59a90000 - 0x00007ffd59abc000 	C:\WINDOWS\SYSTEM32\Wldp.dll
0x00007ffd5aef0000 - 0x00007ffd5af9d000 	C:\WINDOWS\System32\SHCORE.dll
0x00007ffd5aae0000 - 0x00007ffd5ab35000 	C:\WINDOWS\System32\shlwapi.dll
0x00007ffd5a050000 - 0x00007ffd5a06f000 	C:\WINDOWS\SYSTEM32\profapi.dll
0x00007ffd53b00000 - 0x00007ffd53b1a000 	C:\Program Files\Android\Android Studio\jre\bin\net.dll
0x00007ffd4c7d0000 - 0x00007ffd4c8d8000 	C:\WINDOWS\SYSTEM32\WINHTTP.dll
0x00007ffd597f0000 - 0x00007ffd5985a000 	C:\WINDOWS\system32\mswsock.dll
0x00007ffd53ae0000 - 0x00007ffd53af4000 	C:\Program Files\Android\Android Studio\jre\bin\nio.dll
0x00007ffd54d80000 - 0x00007ffd54da7000 	C:\Users\User\.gradle\native\8bec1ad78214c89d9ad589b4d07fe93259594b29d510b10fafb7a158f7737e5d\windows-amd64\native-platform.dll
0x00007ffd08870000 - 0x00007ffd089ad000 	C:\Users\User\.gradle\native\53dbd7edfb1c66fb8903c78663c9afc45aea4f116125fa6feffd364cf09443e8\windows-amd64\native-platform-file-events.dll
0x00007ffd54390000 - 0x00007ffd5439a000 	C:\Program Files\Android\Android Studio\jre\bin\management.dll
0x00007ffd542e0000 - 0x00007ffd542ec000 	C:\Program Files\Android\Android Studio\jre\bin\management_ext.dll
0x00007ffd599e0000 - 0x00007ffd599f8000 	C:\WINDOWS\SYSTEM32\CRYPTSP.dll
0x00007ffd59170000 - 0x00007ffd591a4000 	C:\WINDOWS\system32\rsaenh.dll
0x00007ffd5a2a0000 - 0x00007ffd5a2c7000 	C:\WINDOWS\System32\bcrypt.dll
0x00007ffd5a010000 - 0x00007ffd5a03e000 	C:\WINDOWS\SYSTEM32\USERENV.dll
0x00007ffd59a00000 - 0x00007ffd59a0c000 	C:\WINDOWS\SYSTEM32\CRYPTBASE.dll
0x00007ffd594e0000 - 0x00007ffd5951b000 	C:\WINDOWS\SYSTEM32\IPHLPAPI.DLL
0x00007ffd5ae20000 - 0x00007ffd5ae28000 	C:\WINDOWS\System32\NSI.dll
0x00007ffd52540000 - 0x00007ffd52557000 	C:\WINDOWS\SYSTEM32\dhcpcsvc6.DLL
0x00007ffd52740000 - 0x00007ffd5275d000 	C:\WINDOWS\SYSTEM32\dhcpcsvc.DLL
0x00007ffd59520000 - 0x00007ffd595ec000 	C:\WINDOWS\SYSTEM32\DNSAPI.dll

dbghelp: loaded successfully - version: 4.0.5 - missing functions: none
symbol engine: initialized successfully - sym options: 0x614 - pdb path: .;C:\Program Files\Android\Android Studio\jre\bin;C:\WINDOWS\SYSTEM32;C:\WINDOWS\WinSxS\amd64_microsoft.windows.common-controls_6595b64144ccf1df_6.0.19041.1110_none_60b5254171f9507e;C:\Program Files\Android\Android Studio\jre\bin\server;C:\Users\User\.gradle\native\8bec1ad78214c89d9ad589b4d07fe93259594b29d510b10fafb7a158f7737e5d\windows-amd64;C:\Users\User\.gradle\native\53dbd7edfb1c66fb8903c78663c9afc45aea4f116125fa6feffd364cf09443e8\windows-amd64

VM Arguments:
jvm_args: --add-opens=java.base/java.util=ALL-UNNAMED --add-opens=java.base/java.lang=ALL-UNNAMED --add-opens=java.base/java.lang.invoke=ALL-UNNAMED --add-opens=java.base/java.util=ALL-UNNAMED --add-opens=java.prefs/java.util.prefs=ALL-UNNAMED --add-opens=java.prefs/java.util.prefs=ALL-UNNAMED --add-opens=java.base/java.nio.charset=ALL-UNNAMED --add-opens=java.base/java.net=ALL-UNNAMED --add-opens=java.base/java.util.concurrent.atomic=ALL-UNNAMED -Xmx2048m -Dfile.encoding=UTF-8 -Duser.country=ID -Duser.language=en -Duser.variant 
java_command: org.gradle.launcher.daemon.bootstrap.GradleDaemon 7.0.2
java_class_path (initial): C:\Users\User\.gradle\wrapper\dists\gradle-7.0.2-bin\857tjihv64xamwrf0h14cai3r\gradle-7.0.2\lib\gradle-launcher-7.0.2.jar
Launcher Type: SUN_STANDARD

[Global flags]
     intx CICompilerCount                          = 3                                         {product} {ergonomic}
     uint ConcGCThreads                            = 1                                         {product} {ergonomic}
     uint G1ConcRefinementThreads                  = 4                                         {product} {ergonomic}
   size_t G1HeapRegionSize                         = 1048576                                   {product} {ergonomic}
    uintx GCDrainStackTargetSize                   = 64                                        {product} {ergonomic}
   size_t InitialHeapSize                          = 100663296                                 {product} {ergonomic}
   size_t MarkStackSize                            = 4194304                                   {product} {ergonomic}
   size_t MaxHeapSize                              = 2147483648                                {product} {command line}
   size_t MaxNewSize                               = 1287651328                                {product} {ergonomic}
   size_t MinHeapDeltaBytes                        = 1048576                                   {product} {ergonomic}
    uintx NonNMethodCodeHeapSize                   = 5830732                                {pd product} {ergonomic}
    uintx NonProfiledCodeHeapSize                  = 122913754                              {pd product} {ergonomic}
    uintx ProfiledCodeHeapSize                     = 122913754                              {pd product} {ergonomic}
    uintx ReservedCodeCacheSize                    = 251658240                              {pd product} {ergonomic}
     bool SegmentedCodeCache                       = true                                      {product} {ergonomic}
     bool UseCompressedClassPointers               = true                                 {lp64_product} {ergonomic}
     bool UseCompressedOops                        = true                                 {lp64_product} {ergonomic}
     bool UseG1GC                                  = true                                      {product} {ergonomic}
     bool UseLargePagesIndividualAllocation        = false                                  {pd product} {ergonomic}

Logging:
Log output configuration:
 #0: stdout all=warning uptime,level,tags
 #1: stderr all=off uptime,level,tags

Environment Variables:
JAVA_HOME=C:\Users\User\.jdks\azul-13.0.8
CLASSPATH=.;
PATH=C:\Program Files\gradle-7.3.3-bin\gradle-7.3.3\bin;C:\Program Files (x86)\Common Files\Oracle\Java\javapath;C:\Python27\;C:\Python27\Scripts;C:\ProgramData\Oracle\Java\javapath;C:\WINDOWS\system32;C:\WINDOWS;C:\WINDOWS\System32\Wbem;C:\WINDOWS\System32\WindowsPowerShell\v1.0\;C:\WINDOWS\System32\OpenSSH\;C:\ProgramData\chocolatey\bin;C:\Program Files\nodejs\;C:\Users\User\AppData\Local\Android\Sdk\platform-tools;C:\Program Files\Java\jdk-15.0.2\bin;C:\Program Files\Java\jdk1.8.0_271\bin;C:\Users\User\.jdks\azul-13.0.8\bin;C:\Program Files\Git\cmd;C:\flutter\bin;C:\Users\User\AppData\Local\Microsoft\WindowsApps;C:\Users\User\AppData\Local\Programs\Microsoft VS Code\bin;C:\Users\User\AppData\Roaming\npm;C:\Users\User\AppData\Local\Android\Sdk\platform-tools;
USERNAME=User
OS=Windows_NT
PROCESSOR_IDENTIFIER=AMD64 Family 23 Model 24 Stepping 1, AuthenticAMD



---------------  S Y S T E M  ---------------

OS: Windows 10 , 64 bit Build 19041 (10.0.19041.1202)
OS uptime: 0 days 17:39 hours

CPU:total 4 (initial active 4) (4 cores per cpu, 1 threads per core) family 23 model 24 stepping 1 microcode 0x0, cmov, cx8, fxsr, mmx, sse, sse2, sse3, ssse3, sse4.1, sse4.2, popcnt, avx, avx2, aes, clmul, mmxext, 3dnowpref, lzcnt, sse4a, tsc, tscinvbit, tscinv, bmi1, bmi2, adx, sha, 

Memory: 4k page, system-wide physical 6072M (463M free)
TotalPageFile size 14264M (AvailPageFile size 6M)
current process WorkingSet (physical memory assigned to process): 328M, peak: 329M
current process commit charge ("private bytes"): 358M, peak: 359M

vm_info: OpenJDK 64-Bit Server VM (11.0.10+0-b96-7249189) for windows-amd64 JRE (11.0.10+0-b96-7249189), built on Mar 31 2021 21:44:00 by "builder" with MS VC++ 14.0 (VS2015)

END.
